<?xml version="1.0" encoding="UTF-8"?>
<coverage generated="1708405689238" clover="3.2.0">
  <project timestamp="1708405689238" name="All files">
    <metrics statements="23" coveredstatements="21" conditionals="14" coveredconditionals="12" methods="3" coveredmethods="3" elements="40" coveredelements="36" complexity="0" loc="23" ncloc="23" packages="1" files="2" classes="2"/>
    <file name="key-service.ts" path="/users/jenkins/workspace/AAF_aaf-js-sdk_master/packages/components/key-service/src/key-service.ts">
      <metrics statements="22" coveredstatements="20" conditionals="14" coveredconditionals="12" methods="3" coveredmethods="3"/>
      <line num="1" count="1" type="stmt"/>
      <line num="2" count="1" type="stmt"/>
      <line num="4" count="1" type="stmt"/>
      <line num="5" count="1" type="stmt"/>
      <line num="6" count="4" type="cond" truecount="4" falsecount="0"/>
      <line num="7" count="1" type="stmt"/>
      <line num="10" count="3" type="cond" truecount="4" falsecount="0"/>
      <line num="11" count="1" type="stmt"/>
      <line num="14" count="2" type="stmt"/>
      <line num="15" count="2" type="cond" truecount="2" falsecount="0"/>
      <line num="17" count="2" type="cond" truecount="1" falsecount="1"/>
      <line num="18" count="0" type="stmt"/>
      <line num="21" count="2" type="stmt"/>
      <line num="22" count="2" type="stmt"/>
      <line num="23" count="2" type="stmt"/>
      <line num="25" count="1" type="stmt"/>
      <line num="29" count="1" type="stmt"/>
      <line num="30" count="1" type="cond" truecount="1" falsecount="1"/>
      <line num="31" count="1" type="stmt"/>
      <line num="32" count="1" type="stmt"/>
      <line num="34" count="0" type="stmt"/>
      <line num="37" count="1" type="stmt"/>
    </file>
    <file name="public-keys.ts" path="/users/jenkins/workspace/AAF_aaf-js-sdk_master/packages/components/key-service/src/public-keys.ts">
      <metrics statements="1" coveredstatements="1" conditionals="0" coveredconditionals="0" methods="0" coveredmethods="0"/>
      <line num="1" count="1" type="stmt"/>
    </file>
  </project>
</coverage>
