{"/users/jenkins/workspace/AAF_aaf-js-sdk_master/packages/components/key-service/src/key-service.ts": {"path":"/users/jenkins/workspace/AAF_aaf-js-sdk_master/packages/components/key-service/src/key-service.ts","statementMap":{"0":{"start":{"line":1,"column":0},"end":{"line":1,"column":null}},"1":{"start":{"line":2,"column":0},"end":{"line":2,"column":null}},"2":{"start":{"line":4,"column":0},"end":{"line":4,"column":null}},"3":{"start":{"line":5,"column":4},"end":{"line":5,"column":11}},"4":{"start":{"line":6,"column":8},"end":{"line":8,"column":null}},"5":{"start":{"line":7,"column":12},"end":{"line":7,"column":19}},"6":{"start":{"line":10,"column":8},"end":{"line":12,"column":null}},"7":{"start":{"line":11,"column":12},"end":{"line":11,"column":19}},"8":{"start":{"line":14,"column":31},"end":{"line":14,"column":42}},"9":{"start":{"line":15,"column":47},"end":{"line":15,"column":94}},"10":{"start":{"line":17,"column":8},"end":{"line":19,"column":null}},"11":{"start":{"line":18,"column":12},"end":{"line":18,"column":19}},"12":{"start":{"line":21,"column":8},"end":{"line":26,"column":null}},"13":{"start":{"line":22,"column":35},"end":{"line":22,"column":43}},"14":{"start":{"line":23,"column":12},"end":{"line":23,"column":19}},"15":{"start":{"line":25,"column":12},"end":{"line":25,"column":19}},"16":{"start":{"line":29,"column":4},"end":{"line":29,"column":14}},"17":{"start":{"line":30,"column":8},"end":{"line":35,"column":null}},"18":{"start":{"line":31,"column":50},"end":{"line":31,"column":19}},"19":{"start":{"line":32,"column":12},"end":{"line":32,"column":19}},"20":{"start":{"line":34,"column":12},"end":{"line":34,"column":18}},"21":{"start":{"line":37,"column":0},"end":{"line":37,"column":1}}},"fnMap":{"0":{"name":"(anonymous_0)","decl":{"start":{"line":4,"column":0},"end":{"line":4,"column":null}},"loc":{"start":{"line":4,"column":0},"end":{"line":37,"column":null}}},"1":{"name":"(anonymous_2)","decl":{"start":{"line":5,"column":4},"end":{"line":5,"column":11}},"loc":{"start":{"line":5,"column":46},"end":{"line":27,"column":null}}},"2":{"name":"(anonymous_3)","decl":{"start":{"line":29,"column":4},"end":{"line":29,"column":14}},"loc":{"start":{"line":29,"column":27},"end":{"line":36,"column":null}}}},"branchMap":{"0":{"loc":{"start":{"line":6,"column":8},"end":{"line":8,"column":null}},"type":"if","locations":[{"start":{"line":6,"column":8},"end":{"line":8,"column":null}},{"start":{"line":6,"column":8},"end":{"line":8,"column":null}}]},"1":{"loc":{"start":{"line":6,"column":12},"end":{"line":6,"column":23}},"type":"binary-expr","locations":[{"start":{"line":6,"column":12},"end":{"line":6,"column":23}},{"start":{"line":6,"column":23},"end":{"line":6,"column":44}}]},"2":{"loc":{"start":{"line":10,"column":8},"end":{"line":12,"column":null}},"type":"if","locations":[{"start":{"line":10,"column":8},"end":{"line":12,"column":null}},{"start":{"line":10,"column":8},"end":{"line":12,"column":null}}]},"3":{"loc":{"start":{"line":10,"column":12},"end":{"line":10,"column":28}},"type":"binary-expr","locations":[{"start":{"line":10,"column":12},"end":{"line":10,"column":28}},{"start":{"line":10,"column":28},"end":{"line":10,"column":54}}]},"4":{"loc":{"start":{"line":15,"column":55},"end":{"line":15,"column":66}},"type":"cond-expr","locations":[{"start":{"line":15,"column":55},"end":{"line":15,"column":66}},{"start":{"line":15,"column":83},"end":{"line":15,"column":94}}]},"5":{"loc":{"start":{"line":17,"column":8},"end":{"line":19,"column":null}},"type":"if","locations":[{"start":{"line":17,"column":8},"end":{"line":19,"column":null}},{"start":{"line":17,"column":8},"end":{"line":19,"column":null}}]},"6":{"loc":{"start":{"line":30,"column":8},"end":{"line":35,"column":null}},"type":"if","locations":[{"start":{"line":30,"column":8},"end":{"line":35,"column":null}},{"start":{"line":30,"column":8},"end":{"line":35,"column":null}}]}},"s":{"0":1,"1":1,"2":1,"3":1,"4":4,"5":1,"6":3,"7":1,"8":2,"9":2,"10":2,"11":0,"12":2,"13":2,"14":2,"15":1,"16":1,"17":1,"18":1,"19":1,"20":0,"21":1},"f":{"0":2,"1":4,"2":1},"b":{"0":[1,3],"1":[4,3],"2":[1,2],"3":[3,2],"4":[1,1],"5":[0,2],"6":[1,0]}}
,"/users/jenkins/workspace/AAF_aaf-js-sdk_master/packages/components/key-service/src/public-keys.ts": {"path":"/users/jenkins/workspace/AAF_aaf-js-sdk_master/packages/components/key-service/src/public-keys.ts","statementMap":{"0":{"start":{"line":1,"column":47},"end":{"line":1,"column":51}}},"fnMap":{},"branchMap":{},"s":{"0":1},"f":{},"b":{}}
}
