TN:
SF:src/key-service.ts
FN:4,(anonymous_0)
FN:5,(anonymous_2)
FN:29,(anonymous_3)
FNF:3
FNH:3
FNDA:2,(anonymous_0)
FNDA:4,(anonymous_2)
FNDA:1,(anonymous_3)
DA:1,1
DA:2,1
DA:4,1
DA:5,1
DA:6,4
DA:7,1
DA:10,3
DA:11,1
DA:14,2
DA:15,2
DA:17,2
DA:18,0
DA:21,2
DA:22,2
DA:23,2
DA:25,1
DA:29,1
DA:30,1
DA:31,1
DA:32,1
DA:34,0
DA:37,1
LF:22
LH:20
BRDA:6,0,0,1
BRDA:6,0,1,3
BRDA:6,1,0,4
BRDA:6,1,1,3
BRDA:10,2,0,1
BRDA:10,2,1,2
BRDA:10,3,0,3
BRDA:10,3,1,2
BRDA:15,4,0,1
BRDA:15,4,1,1
BRDA:17,5,0,0
BRDA:17,5,1,2
BRDA:30,6,0,1
BRDA:30,6,1,0
BRF:14
BRH:12
end_of_record
TN:
SF:src/public-keys.ts
FNF:0
FNH:0
DA:1,1
LF:1
LH:1
BRF:0
BRH:0
end_of_record
