{"/users/jenkins/workspace/AAF_aaf-js-sdk_master/packages/frameworks/aaf-rn-sdk/src/interceptors/http-interceptor.ts": {"path":"/users/jenkins/workspace/AAF_aaf-js-sdk_master/packages/frameworks/aaf-rn-sdk/src/interceptors/http-interceptor.ts","statementMap":{"0":{"start":{"line":1,"column":0},"end":{"line":1,"column":null}},"1":{"start":{"line":2,"column":0},"end":{"line":2,"column":null}},"2":{"start":{"line":3,"column":0},"end":{"line":3,"column":null}},"3":{"start":{"line":5,"column":26},"end":{"line":20,"column":null}},"4":{"start":{"line":5,"column":26},"end":{"line":5,"column":null}},"5":{"start":{"line":6,"column":10},"end":{"line":6,"column":12}},"6":{"start":{"line":7,"column":8},"end":{"line":7,"column":18}},"7":{"start":{"line":8,"column":8},"end":{"line":8,"column":20}},"8":{"start":{"line":10,"column":21},"end":{"line":10,"column":27}},"9":{"start":{"line":10,"column":8},"end":{"line":10,"column":18}},"10":{"start":{"line":11,"column":23},"end":{"line":11,"column":29}},"11":{"start":{"line":11,"column":8},"end":{"line":11,"column":20}},"12":{"start":{"line":13,"column":8},"end":{"line":13,"column":18}},"13":{"start":{"line":14,"column":8},"end":{"line":14,"column":20}},"14":{"start":{"line":16,"column":10},"end":{"line":16,"column":20}},"15":{"start":{"line":17,"column":10},"end":{"line":17,"column":24}},"16":{"start":{"line":18,"column":4},"end":{"line":18,"column":18}},"17":{"start":{"line":19,"column":4},"end":{"line":19,"column":11}},"18":{"start":{"line":23,"column":25},"end":{"line":23,"column":29}},"19":{"start":{"line":24,"column":4},"end":{"line":24,"column":16}},"20":{"start":{"line":25,"column":8},"end":{"line":27,"column":null}},"21":{"start":{"line":26,"column":12},"end":{"line":26,"column":19}},"22":{"start":{"line":28,"column":8},"end":{"line":28,"column":15}}},"fnMap":{"0":{"name":"retrieveUserAgent","decl":{"start":{"line":5,"column":6},"end":{"line":5,"column":23}},"loc":{"start":{"line":5,"column":26},"end":{"line":20,"column":null}}},"1":{"name":"(anonymous_14)","decl":{"start":{"line":5,"column":26},"end":{"line":5,"column":null}},"loc":{"start":{"line":5,"column":26},"end":{"line":5,"column":null}}},"2":{"name":"setInterceptor","decl":{"start":{"line":22,"column":16},"end":{"line":22,"column":30}},"loc":{"start":{"line":22,"column":30},"end":{"line":30,"column":null}}},"3":{"name":"(anonymous_17)","decl":{"start":{"line":24,"column":44},"end":{"line":24,"column":45}},"loc":{"start":{"line":24,"column":52},"end":{"line":29,"column":null}}}},"branchMap":{"0":{"loc":{"start":{"line":25,"column":8},"end":{"line":27,"column":null}},"type":"if","locations":[{"start":{"line":25,"column":8},"end":{"line":27,"column":null}},{"start":{"line":25,"column":8},"end":{"line":27,"column":null}}]}},"s":{"0":1,"1":1,"2":1,"3":1,"4":0,"5":0,"6":0,"7":0,"8":0,"9":0,"10":0,"11":0,"12":0,"13":0,"14":0,"15":0,"16":0,"17":0,"18":1,"19":1,"20":0,"21":0,"22":0},"f":{"0":0,"1":0,"2":1,"3":0},"b":{"0":[0,0]}}
,"/users/jenkins/workspace/AAF_aaf-js-sdk_master/packages/frameworks/aaf-rn-sdk/src/sdk/xaaf-sdk.ts": {"path":"/users/jenkins/workspace/AAF_aaf-js-sdk_master/packages/frameworks/aaf-rn-sdk/src/sdk/xaaf-sdk.ts","statementMap":{"0":{"start":{"line":1,"column":0},"end":{"line":1,"column":null}},"1":{"start":{"line":2,"column":0},"end":{"line":2,"column":null}},"2":{"start":{"line":3,"column":0},"end":{"line":3,"column":null}},"3":{"start":{"line":4,"column":0},"end":{"line":4,"column":null}},"4":{"start":{"line":5,"column":0},"end":{"line":5,"column":null}},"5":{"start":{"line":6,"column":0},"end":{"line":6,"column":null}},"6":{"start":{"line":8,"column":0},"end":{"line":8,"column":4}},"7":{"start":{"line":10,"column":0},"end":{"line":10,"column":null}},"8":{"start":{"line":11,"column":0},"end":{"line":11,"column":4}},"9":{"start":{"line":12,"column":0},"end":{"line":12,"column":null}},"10":{"start":{"line":18,"column":12},"end":{"line":18,"column":31}},"11":{"start":{"line":19,"column":12},"end":{"line":19,"column":34}},"12":{"start":{"line":20,"column":12},"end":{"line":20,"column":36}},"13":{"start":{"line":24,"column":8},"end":{"line":24,"column":13}},"14":{"start":{"line":25,"column":8},"end":{"line":25,"column":13}},"15":{"start":{"line":28,"column":11},"end":{"line":28,"column":null}},"16":{"start":{"line":29,"column":8},"end":{"line":31,"column":null}},"17":{"start":{"line":30,"column":12},"end":{"line":30,"column":23}},"18":{"start":{"line":32,"column":8},"end":{"line":32,"column":15}},"19":{"start":{"line":35,"column":25},"end":{"line":35,"column":null}},"20":{"start":{"line":36,"column":14},"end":{"line":36,"column":28}},"21":{"start":{"line":37,"column":14},"end":{"line":37,"column":30}},"22":{"start":{"line":39,"column":12},"end":{"line":39,"column":18}},"23":{"start":{"line":40,"column":12},"end":{"line":40,"column":26}},"24":{"start":{"line":42,"column":12},"end":{"line":42,"column":26}},"25":{"start":{"line":44,"column":8},"end":{"line":44,"column":15}},"26":{"start":{"line":47,"column":25},"end":{"line":47,"column":null}},"27":{"start":{"line":48,"column":14},"end":{"line":48,"column":28}},"28":{"start":{"line":49,"column":12},"end":{"line":49,"column":22}},"29":{"start":{"line":51,"column":25},"end":{"line":51,"column":31}},"30":{"start":{"line":51,"column":12},"end":{"line":51,"column":22}},"31":{"start":{"line":52,"column":12},"end":{"line":54,"column":null}},"32":{"start":{"line":53,"column":16},"end":{"line":53,"column":23}},"33":{"start":{"line":56,"column":12},"end":{"line":56,"column":26}},"34":{"start":{"line":58,"column":8},"end":{"line":58,"column":15}},"35":{"start":{"line":61,"column":4},"end":{"line":61,"column":8}},"36":{"start":{"line":62,"column":8},"end":{"line":62,"column":15}},"37":{"start":{"line":65,"column":4},"end":{"line":65,"column":8}},"38":{"start":{"line":66,"column":8},"end":{"line":66,"column":13}},"39":{"start":{"line":69,"column":4},"end":{"line":69,"column":15}},"40":{"start":{"line":70,"column":8},"end":{"line":70,"column":9}},"41":{"start":{"line":70,"column":9},"end":{"line":70,"column":null}},"42":{"start":{"line":71,"column":18},"end":{"line":71,"column":32}},"43":{"start":{"line":72,"column":12},"end":{"line":72,"column":17}},"44":{"start":{"line":73,"column":18},"end":{"line":73,"column":null}},"45":{"start":{"line":82,"column":35},"end":{"line":82,"column":41}},"46":{"start":{"line":82,"column":22},"end":{"line":82,"column":32}},"47":{"start":{"line":83,"column":16},"end":{"line":83,"column":30}},"48":{"start":{"line":84,"column":43},"end":{"line":84,"column":49}},"49":{"start":{"line":84,"column":22},"end":{"line":84,"column":40}},"50":{"start":{"line":85,"column":16},"end":{"line":85,"column":21}},"51":{"start":{"line":101,"column":20},"end":{"line":101,"column":30}},"52":{"start":{"line":104,"column":16},"end":{"line":104,"column":21}},"53":{"start":{"line":107,"column":33},"end":{"line":107,"column":39}},"54":{"start":{"line":107,"column":20},"end":{"line":107,"column":30}},"55":{"start":{"line":108,"column":20},"end":{"line":108,"column":25}},"56":{"start":{"line":110,"column":20},"end":{"line":110,"column":34}},"57":{"start":{"line":113,"column":16},"end":{"line":117,"column":null}},"58":{"start":{"line":114,"column":20},"end":{"line":114,"column":25}},"59":{"start":{"line":116,"column":20},"end":{"line":116,"column":34}},"60":{"start":{"line":119,"column":16},"end":{"line":119,"column":21}},"61":{"start":{"line":120,"column":16},"end":{"line":120,"column":23}},"62":{"start":{"line":122,"column":16},"end":{"line":122,"column":30}},"63":{"start":{"line":127,"column":4},"end":{"line":127,"column":20}},"64":{"start":{"line":129,"column":8},"end":{"line":129,"column":15}},"65":{"start":{"line":132,"column":12},"end":{"line":132,"column":38}},"66":{"start":{"line":133,"column":8},"end":{"line":133,"column":12}},"67":{"start":{"line":137,"column":8},"end":{"line":137,"column":13}},"68":{"start":{"line":154,"column":12},"end":{"line":154,"column":31}},"69":{"start":{"line":156,"column":8},"end":{"line":166,"column":null}},"70":{"start":{"line":158,"column":33},"end":{"line":158,"column":40}},"71":{"start":{"line":160,"column":12},"end":{"line":163,"column":null}},"72":{"start":{"line":162,"column":16},"end":{"line":162,"column":28}},"73":{"start":{"line":165,"column":12},"end":{"line":165,"column":19}},"74":{"start":{"line":168,"column":8},"end":{"line":168,"column":15}},"75":{"start":{"line":13,"column":19},"end":{"line":13,"column":48}},"76":{"start":{"line":170,"column":0},"end":{"line":170,"column":1}}},"fnMap":{"0":{"name":"(anonymous_15)","decl":{"start":{"line":12,"column":0},"end":{"line":12,"column":null}},"loc":{"start":{"line":12,"column":0},"end":{"line":170,"column":null}}},"1":{"name":"YouIXaafSDK","decl":{"start":{"line":23,"column":4},"end":{"line":23,"column":null}},"loc":{"start":{"line":23,"column":4},"end":{"line":26,"column":null}}},"2":{"name":"(anonymous_17)","decl":{"start":{"line":28,"column":4},"end":{"line":28,"column":11}},"loc":{"start":{"line":28,"column":4},"end":{"line":33,"column":null}}},"3":{"name":"(anonymous_18)","decl":{"start":{"line":35,"column":4},"end":{"line":35,"column":25}},"loc":{"start":{"line":35,"column":4},"end":{"line":45,"column":null}}},"4":{"name":"(anonymous_21)","decl":{"start":{"line":47,"column":4},"end":{"line":47,"column":25}},"loc":{"start":{"line":47,"column":4},"end":{"line":59,"column":null}}},"5":{"name":"get","decl":{"start":{"line":61,"column":4},"end":{"line":61,"column":8}},"loc":{"start":{"line":61,"column":4},"end":{"line":63,"column":null}}},"6":{"name":"set","decl":{"start":{"line":65,"column":4},"end":{"line":65,"column":8}},"loc":{"start":{"line":65,"column":64},"end":{"line":67,"column":null}}},"7":{"name":"(anonymous_26)","decl":{"start":{"line":69,"column":4},"end":{"line":69,"column":15}},"loc":{"start":{"line":69,"column":62},"end":{"line":125,"column":null}}},"8":{"name":"(anonymous_27)","decl":{"start":{"line":70,"column":9},"end":{"line":70,"column":null}},"loc":{"start":{"line":70,"column":9},"end":{"line":124,"column":null}}},"9":{"name":"(anonymous_30)","decl":{"start":{"line":127,"column":4},"end":{"line":127,"column":20}},"loc":{"start":{"line":127,"column":57},"end":{"line":130,"column":null}}},"10":{"name":"(anonymous_31)","decl":{"start":{"line":132,"column":4},"end":{"line":132,"column":12}},"loc":{"start":{"line":132,"column":89},"end":{"line":146,"column":null}}},"11":{"name":"(anonymous_32)","decl":{"start":{"line":154,"column":4},"end":{"line":154,"column":12}},"loc":{"start":{"line":154,"column":46},"end":{"line":169,"column":null}}}},"branchMap":{"0":{"loc":{"start":{"line":29,"column":8},"end":{"line":31,"column":null}},"type":"if","locations":[{"start":{"line":29,"column":8},"end":{"line":31,"column":null}},{"start":{"line":29,"column":8},"end":{"line":31,"column":null}}]},"1":{"loc":{"start":{"line":52,"column":12},"end":{"line":54,"column":null}},"type":"if","locations":[{"start":{"line":52,"column":12},"end":{"line":54,"column":null}},{"start":{"line":52,"column":12},"end":{"line":54,"column":null}}]},"2":{"loc":{"start":{"line":156,"column":8},"end":{"line":166,"column":null}},"type":"if","locations":[{"start":{"line":156,"column":8},"end":{"line":166,"column":null}},{"start":{"line":156,"column":8},"end":{"line":166,"column":null}}]},"3":{"loc":{"start":{"line":160,"column":12},"end":{"line":163,"column":null}},"type":"if","locations":[{"start":{"line":160,"column":12},"end":{"line":163,"column":null}},{"start":{"line":160,"column":12},"end":{"line":163,"column":null}}]}},"s":{"0":1,"1":1,"2":1,"3":1,"4":1,"5":1,"6":1,"7":1,"8":1,"9":1,"10":4,"11":4,"12":4,"13":4,"14":4,"15":1,"16":0,"17":0,"18":0,"19":1,"20":2,"21":2,"22":2,"23":0,"24":2,"25":2,"26":1,"27":2,"28":2,"29":2,"30":0,"31":0,"32":0,"33":2,"34":2,"35":1,"36":0,"37":1,"38":0,"39":3,"40":2,"41":2,"42":2,"43":2,"44":2,"45":2,"46":2,"47":2,"48":2,"49":2,"50":2,"51":2,"52":2,"53":2,"54":2,"55":2,"56":0,"57":2,"58":2,"59":0,"60":2,"61":2,"62":0,"63":1,"64":0,"65":1,"66":2,"67":2,"68":1,"69":2,"70":0,"71":0,"72":0,"73":0,"74":2,"75":1,"76":1},"f":{"0":1,"1":4,"2":0,"3":2,"4":2,"5":0,"6":0,"7":2,"8":4,"9":0,"10":2,"11":2},"b":{"0":[0,0],"1":[0,0],"2":[0,2],"3":[0,0]}}
,"/users/jenkins/workspace/AAF_aaf-js-sdk_master/packages/frameworks/aaf-rn-sdk/src/services/in-memory-report-service/in-memory-report-service.ts": {"path":"/users/jenkins/workspace/AAF_aaf-js-sdk_master/packages/frameworks/aaf-rn-sdk/src/services/in-memory-report-service/in-memory-report-service.ts","statementMap":{"0":{"start":{"line":1,"column":0},"end":{"line":1,"column":null}},"1":{"start":{"line":3,"column":0},"end":{"line":3,"column":null}},"2":{"start":{"line":4,"column":12},"end":{"line":4,"column":22}},"3":{"start":{"line":6,"column":21},"end":{"line":6,"column":50}},"4":{"start":{"line":7,"column":12},"end":{"line":7,"column":42}},"5":{"start":{"line":9,"column":12},"end":{"line":9,"column":31}},"6":{"start":{"line":11,"column":11},"end":{"line":11,"column":null}},"7":{"start":{"line":12,"column":8},"end":{"line":14,"column":null}},"8":{"start":{"line":13,"column":12},"end":{"line":13,"column":33}},"9":{"start":{"line":15,"column":8},"end":{"line":15,"column":15}},"10":{"start":{"line":18,"column":4},"end":{"line":18,"column":9}},"11":{"start":{"line":19,"column":8},"end":{"line":19,"column":13}},"12":{"start":{"line":20,"column":8},"end":{"line":20,"column":13}},"13":{"start":{"line":21,"column":8},"end":{"line":21,"column":13}},"14":{"start":{"line":22,"column":8},"end":{"line":22,"column":13}},"15":{"start":{"line":23,"column":8},"end":{"line":25,"column":null}},"16":{"start":{"line":24,"column":12},"end":{"line":24,"column":17}},"17":{"start":{"line":26,"column":8},"end":{"line":26,"column":13}},"18":{"start":{"line":29,"column":4},"end":{"line":29,"column":null}},"19":{"start":{"line":30,"column":8},"end":{"line":30,"column":15}},"20":{"start":{"line":33,"column":10},"end":{"line":33,"column":27}},"21":{"start":{"line":34,"column":14},"end":{"line":34,"column":23}},"22":{"start":{"line":35,"column":14},"end":{"line":35,"column":24}},"23":{"start":{"line":36,"column":8},"end":{"line":36,"column":13}},"24":{"start":{"line":37,"column":8},"end":{"line":37,"column":13}},"25":{"start":{"line":38,"column":12},"end":{"line":38,"column":17}},"26":{"start":{"line":39,"column":12},"end":{"line":39,"column":18}},"27":{"start":{"line":41,"column":8},"end":{"line":41,"column":15}},"28":{"start":{"line":44,"column":4},"end":{"line":44,"column":15}},"29":{"start":{"line":45,"column":8},"end":{"line":45,"column":13}},"30":{"start":{"line":48,"column":4},"end":{"line":48,"column":20}},"31":{"start":{"line":49,"column":8},"end":{"line":49,"column":13}},"32":{"start":{"line":52,"column":18},"end":{"line":52,"column":null}},"33":{"start":{"line":53,"column":8},"end":{"line":59,"column":null}},"34":{"start":{"line":54,"column":12},"end":{"line":54,"column":17}},"35":{"start":{"line":58,"column":12},"end":{"line":58,"column":null}},"36":{"start":{"line":61,"column":8},"end":{"line":61,"column":13}},"37":{"start":{"line":62,"column":8},"end":{"line":62,"column":13}},"38":{"start":{"line":65,"column":12},"end":{"line":65,"column":18}},"39":{"start":{"line":67,"column":12},"end":{"line":67,"column":17}},"40":{"start":{"line":69,"column":12},"end":{"line":69,"column":17}},"41":{"start":{"line":70,"column":12},"end":{"line":70,"column":17}},"42":{"start":{"line":74,"column":18},"end":{"line":74,"column":null}},"43":{"start":{"line":75,"column":8},"end":{"line":78,"column":null}},"44":{"start":{"line":76,"column":12},"end":{"line":76,"column":17}},"45":{"start":{"line":77,"column":12},"end":{"line":77,"column":null}},"46":{"start":{"line":81,"column":14},"end":{"line":81,"column":27}},"47":{"start":{"line":82,"column":14},"end":{"line":82,"column":27}},"48":{"start":{"line":82,"column":66},"end":{"line":82,"column":71}},"49":{"start":{"line":83,"column":8},"end":{"line":83,"column":13}},"50":{"start":{"line":84,"column":33},"end":{"line":84,"column":39}},"51":{"start":{"line":84,"column":14},"end":{"line":84,"column":30}},"52":{"start":{"line":86,"column":8},"end":{"line":89,"column":null}},"53":{"start":{"line":87,"column":12},"end":{"line":87,"column":17}},"54":{"start":{"line":88,"column":12},"end":{"line":88,"column":null}},"55":{"start":{"line":91,"column":8},"end":{"line":91,"column":13}},"56":{"start":{"line":92,"column":8},"end":{"line":92,"column":21}},"57":{"start":{"line":92,"column":41},"end":{"line":92,"column":45}},"58":{"start":{"line":95,"column":4},"end":{"line":95,"column":null}},"59":{"start":{"line":96,"column":8},"end":{"line":99,"column":null}},"60":{"start":{"line":97,"column":12},"end":{"line":97,"column":25}},"61":{"start":{"line":98,"column":12},"end":{"line":98,"column":17}},"62":{"start":{"line":101,"column":0},"end":{"line":101,"column":1}}},"fnMap":{"0":{"name":"(anonymous_13)","decl":{"start":{"line":3,"column":0},"end":{"line":3,"column":null}},"loc":{"start":{"line":3,"column":0},"end":{"line":101,"column":null}}},"1":{"name":"(anonymous_15)","decl":{"start":{"line":11,"column":4},"end":{"line":11,"column":11}},"loc":{"start":{"line":11,"column":4},"end":{"line":16,"column":null}}},"2":{"name":"(anonymous_16)","decl":{"start":{"line":18,"column":4},"end":{"line":18,"column":9}},"loc":{"start":{"line":18,"column":80},"end":{"line":27,"column":null}}},"3":{"name":"(anonymous_17)","decl":{"start":{"line":29,"column":4},"end":{"line":29,"column":null}},"loc":{"start":{"line":29,"column":4},"end":{"line":31,"column":null}}},"4":{"name":"(anonymous_18)","decl":{"start":{"line":33,"column":4},"end":{"line":33,"column":10}},"loc":{"start":{"line":33,"column":38},"end":{"line":42,"column":null}}},"5":{"name":"(anonymous_21)","decl":{"start":{"line":44,"column":4},"end":{"line":44,"column":15}},"loc":{"start":{"line":44,"column":46},"end":{"line":46,"column":null}}},"6":{"name":"(anonymous_22)","decl":{"start":{"line":48,"column":4},"end":{"line":48,"column":20}},"loc":{"start":{"line":48,"column":51},"end":{"line":50,"column":null}}},"7":{"name":"(anonymous_23)","decl":{"start":{"line":52,"column":4},"end":{"line":52,"column":18}},"loc":{"start":{"line":52,"column":4},"end":{"line":72,"column":null}}},"8":{"name":"(anonymous_26)","decl":{"start":{"line":74,"column":4},"end":{"line":74,"column":18}},"loc":{"start":{"line":74,"column":4},"end":{"line":93,"column":null}}},"9":{"name":"(anonymous_29)","decl":{"start":{"line":82,"column":55},"end":{"line":82,"column":56}},"loc":{"start":{"line":82,"column":61},"end":{"line":82,"column":null}}},"10":{"name":"(anonymous_30)","decl":{"start":{"line":92,"column":30},"end":{"line":92,"column":31}},"loc":{"start":{"line":92,"column":36},"end":{"line":92,"column":null}}},"11":{"name":"(anonymous_31)","decl":{"start":{"line":95,"column":4},"end":{"line":95,"column":null}},"loc":{"start":{"line":95,"column":4},"end":{"line":100,"column":null}}}},"branchMap":{"0":{"loc":{"start":{"line":12,"column":8},"end":{"line":14,"column":null}},"type":"if","locations":[{"start":{"line":12,"column":8},"end":{"line":14,"column":null}},{"start":{"line":12,"column":8},"end":{"line":14,"column":null}}]},"1":{"loc":{"start":{"line":23,"column":8},"end":{"line":25,"column":null}},"type":"if","locations":[{"start":{"line":23,"column":8},"end":{"line":25,"column":null}},{"start":{"line":23,"column":8},"end":{"line":25,"column":null}}]},"2":{"loc":{"start":{"line":38,"column":12},"end":{"line":38,"column":17}},"type":"if","locations":[{"start":{"line":38,"column":12},"end":{"line":38,"column":17}},{"start":{"line":38,"column":12},"end":{"line":38,"column":17}}]},"3":{"loc":{"start":{"line":53,"column":8},"end":{"line":59,"column":null}},"type":"if","locations":[{"start":{"line":53,"column":8},"end":{"line":59,"column":null}},{"start":{"line":53,"column":8},"end":{"line":59,"column":null}}]},"4":{"loc":{"start":{"line":75,"column":8},"end":{"line":78,"column":null}},"type":"if","locations":[{"start":{"line":75,"column":8},"end":{"line":78,"column":null}},{"start":{"line":75,"column":8},"end":{"line":78,"column":null}}]},"5":{"loc":{"start":{"line":86,"column":8},"end":{"line":89,"column":null}},"type":"if","locations":[{"start":{"line":86,"column":8},"end":{"line":89,"column":null}},{"start":{"line":86,"column":8},"end":{"line":89,"column":null}}]},"6":{"loc":{"start":{"line":96,"column":8},"end":{"line":99,"column":null}},"type":"if","locations":[{"start":{"line":96,"column":8},"end":{"line":99,"column":null}},{"start":{"line":96,"column":8},"end":{"line":99,"column":null}}]}},"s":{"0":2,"1":2,"2":6,"3":6,"4":6,"5":6,"6":2,"7":14,"8":2,"9":14,"10":2,"11":13,"12":13,"13":13,"14":13,"15":13,"16":12,"17":13,"18":2,"19":3,"20":2,"21":30,"22":30,"23":30,"24":30,"25":53,"26":14,"27":30,"28":2,"29":116,"30":2,"31":2,"32":2,"33":18,"34":1,"35":1,"36":17,"37":17,"38":34,"39":1,"40":17,"41":17,"42":2,"43":17,"44":7,"45":7,"46":10,"47":10,"48":40,"49":10,"50":10,"51":10,"52":9,"53":1,"54":1,"55":8,"56":8,"57":30,"58":2,"59":24,"60":11,"61":11,"62":2},"f":{"0":8,"1":14,"2":13,"3":3,"4":30,"5":116,"6":2,"7":18,"8":17,"9":40,"10":30,"11":24},"b":{"0":[2,12],"1":[12,1],"2":[23,7],"3":[1,17],"4":[7,10],"5":[1,8],"6":[11,13]}}
,"/users/jenkins/workspace/AAF_aaf-js-sdk_master/packages/frameworks/aaf-rn-sdk/src/services/persistent-report-service/persistent-report-service.ts": {"path":"/users/jenkins/workspace/AAF_aaf-js-sdk_master/packages/frameworks/aaf-rn-sdk/src/services/persistent-report-service/persistent-report-service.ts","statementMap":{"0":{"start":{"line":1,"column":0},"end":{"line":1,"column":null}},"1":{"start":{"line":2,"column":0},"end":{"line":2,"column":null}},"2":{"start":{"line":8,"column":0},"end":{"line":8,"column":null}},"3":{"start":{"line":14,"column":12},"end":{"line":14,"column":29}},"4":{"start":{"line":17,"column":11},"end":{"line":17,"column":null}},"5":{"start":{"line":18,"column":8},"end":{"line":20,"column":null}},"6":{"start":{"line":19,"column":12},"end":{"line":19,"column":35}},"7":{"start":{"line":21,"column":8},"end":{"line":21,"column":15}},"8":{"start":{"line":24,"column":4},"end":{"line":24,"column":9}},"9":{"start":{"line":25,"column":23},"end":{"line":25,"column":null}},"10":{"start":{"line":26,"column":8},"end":{"line":26,"column":31}},"11":{"start":{"line":27,"column":8},"end":{"line":27,"column":14}},"12":{"start":{"line":28,"column":8},"end":{"line":31,"column":null}},"13":{"start":{"line":29,"column":12},"end":{"line":29,"column":25}},"14":{"start":{"line":30,"column":12},"end":{"line":30,"column":17}},"15":{"start":{"line":32,"column":8},"end":{"line":32,"column":13}},"16":{"start":{"line":33,"column":8},"end":{"line":33,"column":14}},"17":{"start":{"line":38,"column":18},"end":{"line":38,"column":null}},"18":{"start":{"line":39,"column":14},"end":{"line":39,"column":20}},"19":{"start":{"line":40,"column":8},"end":{"line":40,"column":14}},"20":{"start":{"line":41,"column":14},"end":{"line":41,"column":22}},"21":{"start":{"line":42,"column":8},"end":{"line":42,"column":14}},"22":{"start":{"line":43,"column":8},"end":{"line":43,"column":13}},"23":{"start":{"line":50,"column":4},"end":{"line":50,"column":null}},"24":{"start":{"line":51,"column":8},"end":{"line":51,"column":15}},"25":{"start":{"line":54,"column":25},"end":{"line":54,"column":null}},"26":{"start":{"line":55,"column":14},"end":{"line":55,"column":20}},"27":{"start":{"line":56,"column":8},"end":{"line":56,"column":14}},"28":{"start":{"line":58,"column":12},"end":{"line":58,"column":22}},"29":{"start":{"line":60,"column":26},"end":{"line":60,"column":32}},"30":{"start":{"line":60,"column":12},"end":{"line":60,"column":22}},"31":{"start":{"line":61,"column":16},"end":{"line":61,"column":19}},"32":{"start":{"line":63,"column":12},"end":{"line":63,"column":18}},"33":{"start":{"line":67,"column":12},"end":{"line":67,"column":18}},"34":{"start":{"line":72,"column":8},"end":{"line":72,"column":15}},"35":{"start":{"line":75,"column":19},"end":{"line":75,"column":34}},"36":{"start":{"line":76,"column":23},"end":{"line":76,"column":null}},"37":{"start":{"line":77,"column":8},"end":{"line":83,"column":null}},"38":{"start":{"line":78,"column":12},"end":{"line":78,"column":18}},"39":{"start":{"line":79,"column":16},"end":{"line":79,"column":22}},"40":{"start":{"line":86,"column":25},"end":{"line":86,"column":42}},"41":{"start":{"line":87,"column":14},"end":{"line":87,"column":20}},"42":{"start":{"line":88,"column":14},"end":{"line":88,"column":26}},"43":{"start":{"line":89,"column":8},"end":{"line":93,"column":null}},"44":{"start":{"line":90,"column":12},"end":{"line":90,"column":26}},"45":{"start":{"line":91,"column":16},"end":{"line":91,"column":28}},"46":{"start":{"line":94,"column":8},"end":{"line":94,"column":14}},"47":{"start":{"line":95,"column":8},"end":{"line":95,"column":14}},"48":{"start":{"line":96,"column":12},"end":{"line":100,"column":null}},"49":{"start":{"line":97,"column":16},"end":{"line":97,"column":22}},"50":{"start":{"line":98,"column":20},"end":{"line":98,"column":26}},"51":{"start":{"line":104,"column":18},"end":{"line":104,"column":null}},"52":{"start":{"line":105,"column":14},"end":{"line":105,"column":20}},"53":{"start":{"line":106,"column":8},"end":{"line":112,"column":null}},"54":{"start":{"line":107,"column":12},"end":{"line":107,"column":18}},"55":{"start":{"line":111,"column":12},"end":{"line":111,"column":null}},"56":{"start":{"line":113,"column":8},"end":{"line":113,"column":14}},"57":{"start":{"line":114,"column":8},"end":{"line":114,"column":31}},"58":{"start":{"line":116,"column":12},"end":{"line":116,"column":18}},"59":{"start":{"line":119,"column":47},"end":{"line":119,"column":53}},"60":{"start":{"line":119,"column":18},"end":{"line":119,"column":44}},"61":{"start":{"line":120,"column":12},"end":{"line":120,"column":18}},"62":{"start":{"line":123,"column":47},"end":{"line":123,"column":53}},"63":{"start":{"line":123,"column":18},"end":{"line":123,"column":32}},"64":{"start":{"line":127,"column":18},"end":{"line":127,"column":28}},"65":{"start":{"line":128,"column":12},"end":{"line":132,"column":null}},"66":{"start":{"line":129,"column":16},"end":{"line":129,"column":30}},"67":{"start":{"line":130,"column":20},"end":{"line":130,"column":27}},"68":{"start":{"line":133,"column":16},"end":{"line":133,"column":23}},"69":{"start":{"line":134,"column":16},"end":{"line":134,"column":22}},"70":{"start":{"line":136,"column":16},"end":{"line":136,"column":22}},"71":{"start":{"line":140,"column":31},"end":{"line":140,"column":37}},"72":{"start":{"line":140,"column":22},"end":{"line":140,"column":28}},"73":{"start":{"line":141,"column":20},"end":{"line":141,"column":null}},"74":{"start":{"line":142,"column":20},"end":{"line":142,"column":26}},"75":{"start":{"line":143,"column":20},"end":{"line":143,"column":43}},"76":{"start":{"line":145,"column":20},"end":{"line":145,"column":26}},"77":{"start":{"line":152,"column":12},"end":{"line":152,"column":18}},"78":{"start":{"line":157,"column":8},"end":{"line":157,"column":14}},"79":{"start":{"line":158,"column":8},"end":{"line":158,"column":31}},"80":{"start":{"line":161,"column":10},"end":{"line":161,"column":27}},"81":{"start":{"line":162,"column":14},"end":{"line":162,"column":28}},"82":{"start":{"line":164,"column":18},"end":{"line":164,"column":27}},"83":{"start":{"line":165,"column":18},"end":{"line":165,"column":28}},"84":{"start":{"line":166,"column":12},"end":{"line":166,"column":26}},"85":{"start":{"line":169,"column":12},"end":{"line":169,"column":18}},"86":{"start":{"line":170,"column":12},"end":{"line":170,"column":35}},"87":{"start":{"line":171,"column":12},"end":{"line":171,"column":26}},"88":{"start":{"line":174,"column":16},"end":{"line":174,"column":39}},"89":{"start":{"line":175,"column":16},"end":{"line":175,"column":30}},"90":{"start":{"line":179,"column":16},"end":{"line":179,"column":22}},"91":{"start":{"line":182,"column":12},"end":{"line":182,"column":26}},"92":{"start":{"line":186,"column":12},"end":{"line":186,"column":19}},"93":{"start":{"line":188,"column":8},"end":{"line":188,"column":15}},"94":{"start":{"line":191,"column":4},"end":{"line":191,"column":null}},"95":{"start":{"line":192,"column":8},"end":{"line":195,"column":null}},"96":{"start":{"line":193,"column":12},"end":{"line":193,"column":25}},"97":{"start":{"line":194,"column":12},"end":{"line":194,"column":17}},"98":{"start":{"line":11,"column":19},"end":{"line":11,"column":37}},"99":{"start":{"line":12,"column":19},"end":{"line":12,"column":40}},"100":{"start":{"line":13,"column":19},"end":{"line":13,"column":29}},"101":{"start":{"line":15,"column":19},"end":{"line":15,"column":35}},"102":{"start":{"line":197,"column":0},"end":{"line":197,"column":1}}},"fnMap":{"0":{"name":"(anonymous_13)","decl":{"start":{"line":8,"column":0},"end":{"line":8,"column":null}},"loc":{"start":{"line":8,"column":0},"end":{"line":197,"column":null}}},"1":{"name":"(anonymous_15)","decl":{"start":{"line":17,"column":4},"end":{"line":17,"column":11}},"loc":{"start":{"line":17,"column":4},"end":{"line":22,"column":null}}},"2":{"name":"(anonymous_16)","decl":{"start":{"line":24,"column":4},"end":{"line":24,"column":9}},"loc":{"start":{"line":24,"column":80},"end":{"line":36,"column":null}}},"3":{"name":"(anonymous_17)","decl":{"start":{"line":38,"column":4},"end":{"line":38,"column":18}},"loc":{"start":{"line":38,"column":4},"end":{"line":48,"column":null}}},"4":{"name":"(anonymous_20)","decl":{"start":{"line":50,"column":4},"end":{"line":50,"column":null}},"loc":{"start":{"line":50,"column":4},"end":{"line":52,"column":null}}},"5":{"name":"(anonymous_21)","decl":{"start":{"line":54,"column":4},"end":{"line":54,"column":25}},"loc":{"start":{"line":54,"column":4},"end":{"line":73,"column":null}}},"6":{"name":"(anonymous_24)","decl":{"start":{"line":60,"column":72},"end":{"line":60,"column":73}},"loc":{"start":{"line":60,"column":76},"end":{"line":61,"column":null}}},"7":{"name":"(anonymous_25)","decl":{"start":{"line":75,"column":4},"end":{"line":75,"column":19}},"loc":{"start":{"line":75,"column":79},"end":{"line":84,"column":null}}},"8":{"name":"(anonymous_26)","decl":{"start":{"line":78,"column":27},"end":{"line":78,"column":28}},"loc":{"start":{"line":78,"column":33},"end":{"line":82,"column":null}}},"9":{"name":"(anonymous_27)","decl":{"start":{"line":86,"column":4},"end":{"line":86,"column":25}},"loc":{"start":{"line":86,"column":56},"end":{"line":102,"column":null}}},"10":{"name":"(anonymous_30)","decl":{"start":{"line":90,"column":35},"end":{"line":90,"column":36}},"loc":{"start":{"line":90,"column":48},"end":{"line":92,"column":null}}},"11":{"name":"(anonymous_31)","decl":{"start":{"line":95,"column":59},"end":{"line":95,"column":60}},"loc":{"start":{"line":95,"column":66},"end":{"line":101,"column":null}}},"12":{"name":"(anonymous_32)","decl":{"start":{"line":97,"column":31},"end":{"line":97,"column":32}},"loc":{"start":{"line":97,"column":37},"end":{"line":98,"column":null}}},"13":{"name":"(anonymous_33)","decl":{"start":{"line":104,"column":4},"end":{"line":104,"column":18}},"loc":{"start":{"line":104,"column":4},"end":{"line":159,"column":null}}},"14":{"name":"(anonymous_36)","decl":{"start":{"line":129,"column":39},"end":{"line":129,"column":40}},"loc":{"start":{"line":129,"column":52},"end":{"line":131,"column":null}}},"15":{"name":"(anonymous_37)","decl":{"start":{"line":161,"column":4},"end":{"line":161,"column":10}},"loc":{"start":{"line":161,"column":58},"end":{"line":189,"column":null}}},"16":{"name":"(anonymous_40)","decl":{"start":{"line":191,"column":4},"end":{"line":191,"column":null}},"loc":{"start":{"line":191,"column":4},"end":{"line":196,"column":null}}}},"branchMap":{"0":{"loc":{"start":{"line":18,"column":8},"end":{"line":20,"column":null}},"type":"if","locations":[{"start":{"line":18,"column":8},"end":{"line":20,"column":null}},{"start":{"line":18,"column":8},"end":{"line":20,"column":null}}]},"1":{"loc":{"start":{"line":28,"column":8},"end":{"line":31,"column":null}},"type":"if","locations":[{"start":{"line":28,"column":8},"end":{"line":31,"column":null}},{"start":{"line":28,"column":8},"end":{"line":31,"column":null}}]},"2":{"loc":{"start":{"line":77,"column":8},"end":{"line":83,"column":null}},"type":"if","locations":[{"start":{"line":77,"column":8},"end":{"line":83,"column":null}},{"start":{"line":77,"column":8},"end":{"line":83,"column":null}}]},"3":{"loc":{"start":{"line":89,"column":8},"end":{"line":93,"column":null}},"type":"if","locations":[{"start":{"line":89,"column":8},"end":{"line":93,"column":null}},{"start":{"line":89,"column":8},"end":{"line":93,"column":null}}]},"4":{"loc":{"start":{"line":96,"column":12},"end":{"line":100,"column":null}},"type":"if","locations":[{"start":{"line":96,"column":12},"end":{"line":100,"column":null}},{"start":{"line":96,"column":12},"end":{"line":100,"column":null}}]},"5":{"loc":{"start":{"line":106,"column":8},"end":{"line":112,"column":null}},"type":"if","locations":[{"start":{"line":106,"column":8},"end":{"line":112,"column":null}},{"start":{"line":106,"column":8},"end":{"line":112,"column":null}}]},"6":{"loc":{"start":{"line":128,"column":12},"end":{"line":132,"column":null}},"type":"if","locations":[{"start":{"line":128,"column":12},"end":{"line":132,"column":null}},{"start":{"line":128,"column":12},"end":{"line":132,"column":null}}]},"7":{"loc":{"start":{"line":133,"column":16},"end":{"line":133,"column":23}},"type":"if","locations":[{"start":{"line":133,"column":16},"end":{"line":133,"column":23}},{"start":{"line":133,"column":16},"end":{"line":133,"column":23}}]},"8":{"loc":{"start":{"line":141,"column":20},"end":{"line":141,"column":null}},"type":"if","locations":[{"start":{"line":141,"column":20},"end":{"line":141,"column":null}},{"start":{"line":141,"column":20},"end":{"line":141,"column":null}}]},"9":{"loc":{"start":{"line":174,"column":16},"end":{"line":174,"column":39}},"type":"if","locations":[{"start":{"line":174,"column":16},"end":{"line":174,"column":39}},{"start":{"line":174,"column":16},"end":{"line":174,"column":39}}]},"10":{"loc":{"start":{"line":192,"column":8},"end":{"line":195,"column":null}},"type":"if","locations":[{"start":{"line":192,"column":8},"end":{"line":195,"column":null}},{"start":{"line":192,"column":8},"end":{"line":195,"column":null}}]}},"s":{"0":2,"1":2,"2":2,"3":1,"4":2,"5":8,"6":1,"7":8,"8":2,"9":21,"10":21,"11":21,"12":21,"13":16,"14":16,"15":21,"16":21,"17":2,"18":13,"19":13,"20":13,"21":26,"22":13,"23":2,"24":0,"25":2,"26":8,"27":8,"28":8,"29":8,"30":8,"31":41,"32":8,"33":0,"34":8,"35":2,"36":8,"37":8,"38":0,"39":0,"40":2,"41":8,"42":8,"43":8,"44":8,"45":41,"46":8,"47":16,"48":0,"49":0,"50":0,"51":2,"52":15,"53":15,"54":7,"55":7,"56":8,"57":8,"58":8,"59":8,"60":8,"61":8,"62":8,"63":8,"64":8,"65":8,"66":8,"67":41,"68":16,"69":0,"70":8,"71":8,"72":8,"73":8,"74":16,"75":8,"76":0,"77":0,"78":8,"79":8,"80":2,"81":42,"82":42,"83":42,"84":42,"85":84,"86":42,"87":42,"88":71,"89":13,"90":26,"91":0,"92":0,"93":42,"94":2,"95":4,"96":4,"97":4,"98":2,"99":2,"100":2,"101":2,"102":2},"f":{"0":3,"1":8,"2":21,"3":13,"4":0,"5":8,"6":41,"7":8,"8":0,"9":8,"10":41,"11":0,"12":0,"13":15,"14":41,"15":42,"16":4},"b":{"0":[1,7],"1":[16,5],"2":[0,8],"3":[8,0],"4":[0,0],"5":[7,8],"6":[8,0],"7":[8,0],"8":[0,8],"9":[29,13],"10":[4,0]}}
,"/users/jenkins/workspace/AAF_aaf-js-sdk_master/packages/frameworks/aaf-rn-sdk/src/utils/DeviceInfo.ts": {"path":"/users/jenkins/workspace/AAF_aaf-js-sdk_master/packages/frameworks/aaf-rn-sdk/src/utils/DeviceInfo.ts","statementMap":{"0":{"start":{"line":1,"column":0},"end":{"line":1,"column":null}},"1":{"start":{"line":3,"column":26},"end":{"line":37,"column":null}},"2":{"start":{"line":4,"column":24},"end":{"line":4,"column":null}},"3":{"start":{"line":4,"column":30},"end":{"line":4,"column":52}},"4":{"start":{"line":5,"column":27},"end":{"line":5,"column":null}},"5":{"start":{"line":5,"column":33},"end":{"line":5,"column":55}},"6":{"start":{"line":6,"column":26},"end":{"line":6,"column":null}},"7":{"start":{"line":6,"column":32},"end":{"line":6,"column":54}},"8":{"start":{"line":7,"column":26},"end":{"line":7,"column":null}},"9":{"start":{"line":7,"column":32},"end":{"line":7,"column":54}},"10":{"start":{"line":8,"column":29},"end":{"line":8,"column":null}},"11":{"start":{"line":8,"column":35},"end":{"line":8,"column":57}},"12":{"start":{"line":10,"column":26},"end":{"line":17,"column":null}},"13":{"start":{"line":10,"column":26},"end":{"line":10,"column":null}},"14":{"start":{"line":12,"column":31},"end":{"line":12,"column":37}},"15":{"start":{"line":12,"column":18},"end":{"line":12,"column":28}},"16":{"start":{"line":13,"column":12},"end":{"line":13,"column":19}},"17":{"start":{"line":15,"column":12},"end":{"line":15,"column":19}},"18":{"start":{"line":19,"column":34},"end":{"line":26,"column":null}},"19":{"start":{"line":19,"column":34},"end":{"line":19,"column":null}},"20":{"start":{"line":21,"column":33},"end":{"line":21,"column":39}},"21":{"start":{"line":21,"column":18},"end":{"line":21,"column":30}},"22":{"start":{"line":22,"column":12},"end":{"line":22,"column":19}},"23":{"start":{"line":24,"column":12},"end":{"line":24,"column":19}},"24":{"start":{"line":28,"column":4},"end":{"line":28,"column":11}}},"fnMap":{"0":{"name":"DeviceInfo","decl":{"start":{"line":3,"column":13},"end":{"line":3,"column":23}},"loc":{"start":{"line":3,"column":26},"end":{"line":37,"column":null}}},"1":{"name":"getDeviceId","decl":{"start":{"line":4,"column":10},"end":{"line":4,"column":21}},"loc":{"start":{"line":4,"column":24},"end":{"line":4,"column":null}}},"2":{"name":"getDeviceModel","decl":{"start":{"line":5,"column":10},"end":{"line":5,"column":24}},"loc":{"start":{"line":5,"column":27},"end":{"line":5,"column":null}}},"3":{"name":"getDeviceType","decl":{"start":{"line":6,"column":10},"end":{"line":6,"column":23}},"loc":{"start":{"line":6,"column":26},"end":{"line":6,"column":null}}},"4":{"name":"getSystemName","decl":{"start":{"line":7,"column":10},"end":{"line":7,"column":23}},"loc":{"start":{"line":7,"column":26},"end":{"line":7,"column":null}}},"5":{"name":"getSystemVersion","decl":{"start":{"line":8,"column":10},"end":{"line":8,"column":26}},"loc":{"start":{"line":8,"column":29},"end":{"line":8,"column":null}}},"6":{"name":"getDeviceName","decl":{"start":{"line":10,"column":10},"end":{"line":10,"column":23}},"loc":{"start":{"line":10,"column":26},"end":{"line":17,"column":null}}},"7":{"name":"(anonymous_20)","decl":{"start":{"line":10,"column":26},"end":{"line":10,"column":null}},"loc":{"start":{"line":10,"column":26},"end":{"line":10,"column":null}}},"8":{"name":"getDeviceManufacturer","decl":{"start":{"line":19,"column":10},"end":{"line":19,"column":31}},"loc":{"start":{"line":19,"column":34},"end":{"line":26,"column":null}}},"9":{"name":"(anonymous_23)","decl":{"start":{"line":19,"column":34},"end":{"line":19,"column":null}},"loc":{"start":{"line":19,"column":34},"end":{"line":19,"column":null}}}},"branchMap":{"0":{"loc":{"start":{"line":4,"column":65},"end":{"line":4,"column":69}},"type":"cond-expr","locations":[{"start":{"line":4,"column":65},"end":{"line":4,"column":69}},{"start":{"line":4,"column":69},"end":{"line":4,"column":71}}]},"1":{"loc":{"start":{"line":4,"column":30},"end":{"line":4,"column":69}},"type":"binary-expr","locations":[{"start":{"line":4,"column":30},"end":{"line":4,"column":69}},{"start":{"line":4,"column":65},"end":{"line":4,"column":69}}]},"2":{"loc":{"start":{"line":5,"column":65},"end":{"line":5,"column":69}},"type":"cond-expr","locations":[{"start":{"line":5,"column":65},"end":{"line":5,"column":69}},{"start":{"line":5,"column":69},"end":{"line":5,"column":71}}]},"3":{"loc":{"start":{"line":5,"column":33},"end":{"line":5,"column":69}},"type":"binary-expr","locations":[{"start":{"line":5,"column":33},"end":{"line":5,"column":69}},{"start":{"line":5,"column":65},"end":{"line":5,"column":69}}]},"4":{"loc":{"start":{"line":6,"column":69},"end":{"line":6,"column":73}},"type":"cond-expr","locations":[{"start":{"line":6,"column":69},"end":{"line":6,"column":73}},{"start":{"line":6,"column":73},"end":{"line":6,"column":75}}]},"5":{"loc":{"start":{"line":6,"column":32},"end":{"line":6,"column":73}},"type":"binary-expr","locations":[{"start":{"line":6,"column":32},"end":{"line":6,"column":73}},{"start":{"line":6,"column":69},"end":{"line":6,"column":73}}]},"6":{"loc":{"start":{"line":7,"column":69},"end":{"line":7,"column":73}},"type":"cond-expr","locations":[{"start":{"line":7,"column":69},"end":{"line":7,"column":73}},{"start":{"line":7,"column":73},"end":{"line":7,"column":75}}]},"7":{"loc":{"start":{"line":7,"column":32},"end":{"line":7,"column":73}},"type":"binary-expr","locations":[{"start":{"line":7,"column":32},"end":{"line":7,"column":73}},{"start":{"line":7,"column":69},"end":{"line":7,"column":73}}]},"8":{"loc":{"start":{"line":8,"column":75},"end":{"line":8,"column":79}},"type":"cond-expr","locations":[{"start":{"line":8,"column":75},"end":{"line":8,"column":79}},{"start":{"line":8,"column":79},"end":{"line":8,"column":81}}]},"9":{"loc":{"start":{"line":8,"column":35},"end":{"line":8,"column":79}},"type":"binary-expr","locations":[{"start":{"line":8,"column":35},"end":{"line":8,"column":79}},{"start":{"line":8,"column":75},"end":{"line":8,"column":79}}]},"10":{"loc":{"start":{"line":13,"column":19},"end":{"line":13,"column":29}},"type":"cond-expr","locations":[{"start":{"line":13,"column":19},"end":{"line":13,"column":29}},{"start":{"line":13,"column":33},"end":{"line":13,"column":null}}]},"11":{"loc":{"start":{"line":13,"column":19},"end":{"line":13,"column":33}},"type":"binary-expr","locations":[{"start":{"line":13,"column":19},"end":{"line":13,"column":33}},{"start":{"line":13,"column":19},"end":{"line":13,"column":33}}]},"12":{"loc":{"start":{"line":22,"column":19},"end":{"line":22,"column":31}},"type":"cond-expr","locations":[{"start":{"line":22,"column":19},"end":{"line":22,"column":31}},{"start":{"line":22,"column":35},"end":{"line":22,"column":null}}]},"13":{"loc":{"start":{"line":22,"column":19},"end":{"line":22,"column":35}},"type":"binary-expr","locations":[{"start":{"line":22,"column":19},"end":{"line":22,"column":35}},{"start":{"line":22,"column":19},"end":{"line":22,"column":35}}]}},"s":{"0":0,"1":0,"2":0,"3":0,"4":0,"5":0,"6":0,"7":0,"8":0,"9":0,"10":0,"11":0,"12":0,"13":0,"14":0,"15":0,"16":0,"17":0,"18":0,"19":0,"20":0,"21":0,"22":0,"23":0,"24":0},"f":{"0":0,"1":0,"2":0,"3":0,"4":0,"5":0,"6":0,"7":0,"8":0,"9":0},"b":{"0":[0,0],"1":[0,0],"2":[0,0],"3":[0,0],"4":[0,0],"5":[0,0],"6":[0,0],"7":[0,0],"8":[0,0],"9":[0,0],"10":[0,0],"11":[0,0],"12":[0,0],"13":[0,0]}}
,"/users/jenkins/workspace/AAF_aaf-js-sdk_master/packages/frameworks/aaf-rn-sdk/src/utils/SecureAsyncStorage.ts": {"path":"/users/jenkins/workspace/AAF_aaf-js-sdk_master/packages/frameworks/aaf-rn-sdk/src/utils/SecureAsyncStorage.ts","statementMap":{"0":{"start":{"line":1,"column":0},"end":{"line":1,"column":null}},"1":{"start":{"line":3,"column":0},"end":{"line":3,"column":21}},"2":{"start":{"line":4,"column":11},"end":{"line":4,"column":21}},"3":{"start":{"line":4,"column":53},"end":{"line":4,"column":null}},"4":{"start":{"line":5,"column":15},"end":{"line":5,"column":21}},"5":{"start":{"line":6,"column":32},"end":{"line":6,"column":40}},"6":{"start":{"line":7,"column":26},"end":{"line":7,"column":27}},"7":{"start":{"line":5,"column":8},"end":{"line":5,"column":15}},"8":{"start":{"line":11,"column":11},"end":{"line":11,"column":21}},"9":{"start":{"line":11,"column":38},"end":{"line":11,"column":null}},"10":{"start":{"line":12,"column":15},"end":{"line":12,"column":21}},"11":{"start":{"line":13,"column":25},"end":{"line":13,"column":30}},"12":{"start":{"line":14,"column":26},"end":{"line":14,"column":31}},"13":{"start":{"line":12,"column":8},"end":{"line":12,"column":15}},"14":{"start":{"line":17,"column":11},"end":{"line":17,"column":24}},"15":{"start":{"line":17,"column":41},"end":{"line":17,"column":null}},"16":{"start":{"line":18,"column":15},"end":{"line":18,"column":21}},"17":{"start":{"line":19,"column":32},"end":{"line":19,"column":40}},"18":{"start":{"line":20,"column":26},"end":{"line":20,"column":27}},"19":{"start":{"line":18,"column":8},"end":{"line":18,"column":15}},"20":{"start":{"line":23,"column":11},"end":{"line":23,"column":24}},"21":{"start":{"line":23,"column":24},"end":{"line":23,"column":null}},"22":{"start":{"line":24,"column":15},"end":{"line":24,"column":21}},"23":{"start":{"line":25,"column":28},"end":{"line":25,"column":32}},"24":{"start":{"line":26,"column":26},"end":{"line":26,"column":27}},"25":{"start":{"line":24,"column":8},"end":{"line":24,"column":15}},"26":{"start":{"line":29,"column":11},"end":{"line":29,"column":22}},"27":{"start":{"line":31,"column":74},"end":{"line":31,"column":null}},"28":{"start":{"line":33,"column":15},"end":{"line":33,"column":21}},"29":{"start":{"line":34,"column":31},"end":{"line":34,"column":38}},"30":{"start":{"line":35,"column":26},"end":{"line":35,"column":27}},"31":{"start":{"line":33,"column":8},"end":{"line":33,"column":15}},"32":{"start":{"line":38,"column":11},"end":{"line":38,"column":25}},"33":{"start":{"line":38,"column":84},"end":{"line":38,"column":null}},"34":{"start":{"line":39,"column":15},"end":{"line":39,"column":21}},"35":{"start":{"line":40,"column":27},"end":{"line":40,"column":30}},"36":{"start":{"line":41,"column":26},"end":{"line":41,"column":27}},"37":{"start":{"line":39,"column":8},"end":{"line":39,"column":15}},"38":{"start":{"line":43,"column":0},"end":{"line":43,"column":1}},"39":{"start":{"line":3,"column":21},"end":{"line":3,"column":null}}},"fnMap":{"0":{"name":"(anonymous_13)","decl":{"start":{"line":3,"column":0},"end":{"line":3,"column":21}},"loc":{"start":{"line":3,"column":0},"end":{"line":43,"column":null}}},"1":{"name":"(anonymous_15)","decl":{"start":{"line":4,"column":21},"end":{"line":4,"column":27}},"loc":{"start":{"line":4,"column":53},"end":{"line":8,"column":null}}},"2":{"name":"(anonymous_16)","decl":{"start":{"line":4,"column":53},"end":{"line":4,"column":null}},"loc":{"start":{"line":4,"column":53},"end":{"line":4,"column":null}}},"3":{"name":"(anonymous_18)","decl":{"start":{"line":6,"column":18},"end":{"line":6,"column":19}},"loc":{"start":{"line":6,"column":27},"end":{"line":6,"column":null}}},"4":{"name":"(anonymous_19)","decl":{"start":{"line":7,"column":19},"end":{"line":7,"column":20}},"loc":{"start":{"line":7,"column":21},"end":{"line":7,"column":null}}},"5":{"name":"(anonymous_20)","decl":{"start":{"line":11,"column":21},"end":{"line":11,"column":27}},"loc":{"start":{"line":11,"column":38},"end":{"line":15,"column":null}}},"6":{"name":"(anonymous_21)","decl":{"start":{"line":11,"column":38},"end":{"line":11,"column":null}},"loc":{"start":{"line":11,"column":38},"end":{"line":11,"column":null}}},"7":{"name":"(anonymous_23)","decl":{"start":{"line":13,"column":14},"end":{"line":13,"column":15}},"loc":{"start":{"line":13,"column":20},"end":{"line":13,"column":null}}},"8":{"name":"(anonymous_24)","decl":{"start":{"line":14,"column":15},"end":{"line":14,"column":16}},"loc":{"start":{"line":14,"column":21},"end":{"line":14,"column":null}}},"9":{"name":"(anonymous_25)","decl":{"start":{"line":17,"column":24},"end":{"line":17,"column":30}},"loc":{"start":{"line":17,"column":41},"end":{"line":21,"column":null}}},"10":{"name":"(anonymous_26)","decl":{"start":{"line":17,"column":41},"end":{"line":17,"column":null}},"loc":{"start":{"line":17,"column":41},"end":{"line":17,"column":null}}},"11":{"name":"(anonymous_28)","decl":{"start":{"line":19,"column":18},"end":{"line":19,"column":19}},"loc":{"start":{"line":19,"column":27},"end":{"line":19,"column":null}}},"12":{"name":"(anonymous_29)","decl":{"start":{"line":20,"column":19},"end":{"line":20,"column":20}},"loc":{"start":{"line":20,"column":21},"end":{"line":20,"column":null}}},"13":{"name":"(anonymous_30)","decl":{"start":{"line":23,"column":24},"end":{"line":23,"column":null}},"loc":{"start":{"line":23,"column":24},"end":{"line":27,"column":null}}},"14":{"name":"(anonymous_33)","decl":{"start":{"line":25,"column":18},"end":{"line":25,"column":19}},"loc":{"start":{"line":25,"column":23},"end":{"line":25,"column":null}}},"15":{"name":"(anonymous_34)","decl":{"start":{"line":26,"column":19},"end":{"line":26,"column":20}},"loc":{"start":{"line":26,"column":21},"end":{"line":26,"column":null}}},"16":{"name":"(anonymous_35)","decl":{"start":{"line":29,"column":22},"end":{"line":29,"column":null}},"loc":{"start":{"line":31,"column":74},"end":{"line":36,"column":null}}},"17":{"name":"(anonymous_36)","decl":{"start":{"line":31,"column":74},"end":{"line":31,"column":null}},"loc":{"start":{"line":31,"column":74},"end":{"line":31,"column":null}}},"18":{"name":"(anonymous_38)","decl":{"start":{"line":34,"column":18},"end":{"line":34,"column":19}},"loc":{"start":{"line":34,"column":26},"end":{"line":34,"column":null}}},"19":{"name":"(anonymous_39)","decl":{"start":{"line":35,"column":19},"end":{"line":35,"column":20}},"loc":{"start":{"line":35,"column":21},"end":{"line":35,"column":null}}},"20":{"name":"(anonymous_40)","decl":{"start":{"line":38,"column":25},"end":{"line":38,"column":31}},"loc":{"start":{"line":38,"column":84},"end":{"line":42,"column":null}}},"21":{"name":"(anonymous_41)","decl":{"start":{"line":38,"column":84},"end":{"line":38,"column":null}},"loc":{"start":{"line":38,"column":84},"end":{"line":38,"column":null}}},"22":{"name":"(anonymous_43)","decl":{"start":{"line":40,"column":18},"end":{"line":40,"column":19}},"loc":{"start":{"line":40,"column":22},"end":{"line":40,"column":null}}},"23":{"name":"(anonymous_44)","decl":{"start":{"line":41,"column":19},"end":{"line":41,"column":20}},"loc":{"start":{"line":41,"column":21},"end":{"line":41,"column":null}}}},"branchMap":{},"s":{"0":0,"1":0,"2":0,"3":0,"4":0,"5":0,"6":0,"7":0,"8":0,"9":0,"10":0,"11":0,"12":0,"13":0,"14":0,"15":0,"16":0,"17":0,"18":0,"19":0,"20":0,"21":0,"22":0,"23":0,"24":0,"25":0,"26":0,"27":0,"28":0,"29":0,"30":0,"31":0,"32":0,"33":0,"34":0,"35":0,"36":0,"37":0,"38":0,"39":0},"f":{"0":0,"1":0,"2":0,"3":0,"4":0,"5":0,"6":0,"7":0,"8":0,"9":0,"10":0,"11":0,"12":0,"13":0,"14":0,"15":0,"16":0,"17":0,"18":0,"19":0,"20":0,"21":0,"22":0,"23":0},"b":{}}
}
