TN:
SF:src/interceptors/http-interceptor.ts
FN:5,retrieveUserAgent
FN:5,(anonymous_14)
FN:22,setInterceptor
FN:24,(anonymous_17)
FNF:4
FNH:1
FNDA:0,retrieveUserAgent
FNDA:0,(anonymous_14)
FNDA:1,setInterceptor
FNDA:0,(anonymous_17)
DA:1,1
DA:2,1
DA:3,1
DA:5,1
DA:6,0
DA:7,0
DA:8,0
DA:10,0
DA:11,0
DA:13,0
DA:14,0
DA:16,0
DA:17,0
DA:18,0
DA:19,0
DA:23,1
DA:24,1
DA:25,0
DA:26,0
DA:28,0
LF:20
LH:6
BRDA:25,0,0,0
BRDA:25,0,1,0
BRF:2
BRH:0
end_of_record
TN:
SF:src/sdk/xaaf-sdk.ts
FN:12,(anonymous_15)
FN:23,YouIXaafSDK
FN:28,(anonymous_17)
FN:35,(anonymous_18)
FN:47,(anonymous_21)
FN:61,get
FN:65,set
FN:69,(anonymous_26)
FN:70,(anonymous_27)
FN:127,(anonymous_30)
FN:132,(anonymous_31)
FN:154,(anonymous_32)
FNF:12
FNH:8
FNDA:1,(anonymous_15)
FNDA:4,YouIXaafSDK
FNDA:0,(anonymous_17)
FNDA:2,(anonymous_18)
FNDA:2,(anonymous_21)
FNDA:0,get
FNDA:0,set
FNDA:2,(anonymous_26)
FNDA:4,(anonymous_27)
FNDA:0,(anonymous_30)
FNDA:2,(anonymous_31)
FNDA:2,(anonymous_32)
DA:1,1
DA:2,1
DA:3,1
DA:4,1
DA:5,1
DA:6,1
DA:8,1
DA:10,1
DA:11,1
DA:12,1
DA:13,1
DA:18,4
DA:19,4
DA:20,4
DA:24,4
DA:25,4
DA:28,1
DA:29,0
DA:30,0
DA:32,0
DA:35,1
DA:36,2
DA:37,2
DA:39,2
DA:40,0
DA:42,2
DA:44,2
DA:47,1
DA:48,2
DA:49,2
DA:51,2
DA:52,0
DA:53,0
DA:56,2
DA:58,2
DA:61,1
DA:62,0
DA:65,1
DA:66,0
DA:69,3
DA:70,2
DA:71,2
DA:72,2
DA:73,2
DA:82,2
DA:83,2
DA:84,2
DA:85,2
DA:101,2
DA:104,2
DA:107,2
DA:108,2
DA:110,0
DA:113,2
DA:114,2
DA:116,0
DA:119,2
DA:120,2
DA:122,0
DA:127,1
DA:129,0
DA:132,1
DA:133,2
DA:137,2
DA:154,1
DA:156,2
DA:158,0
DA:160,0
DA:162,0
DA:165,0
DA:168,2
DA:170,1
LF:72
LH:56
BRDA:29,0,0,0
BRDA:29,0,1,0
BRDA:52,1,0,0
BRDA:52,1,1,0
BRDA:156,2,0,0
BRDA:156,2,1,2
BRDA:160,3,0,0
BRDA:160,3,1,0
BRF:8
BRH:1
end_of_record
TN:
SF:src/services/in-memory-report-service/in-memory-report-service.ts
FN:3,(anonymous_13)
FN:11,(anonymous_15)
FN:18,(anonymous_16)
FN:29,(anonymous_17)
FN:33,(anonymous_18)
FN:44,(anonymous_21)
FN:48,(anonymous_22)
FN:52,(anonymous_23)
FN:74,(anonymous_26)
FN:82,(anonymous_29)
FN:92,(anonymous_30)
FN:95,(anonymous_31)
FNF:12
FNH:12
FNDA:8,(anonymous_13)
FNDA:14,(anonymous_15)
FNDA:13,(anonymous_16)
FNDA:3,(anonymous_17)
FNDA:30,(anonymous_18)
FNDA:116,(anonymous_21)
FNDA:2,(anonymous_22)
FNDA:18,(anonymous_23)
FNDA:17,(anonymous_26)
FNDA:40,(anonymous_29)
FNDA:30,(anonymous_30)
FNDA:24,(anonymous_31)
DA:1,2
DA:3,2
DA:4,6
DA:6,6
DA:7,6
DA:9,6
DA:11,2
DA:12,14
DA:13,2
DA:15,14
DA:18,2
DA:19,13
DA:20,13
DA:21,13
DA:22,13
DA:23,13
DA:24,12
DA:26,13
DA:29,2
DA:30,3
DA:33,2
DA:34,30
DA:35,30
DA:36,30
DA:37,30
DA:38,53
DA:39,14
DA:41,30
DA:44,2
DA:45,116
DA:48,2
DA:49,2
DA:52,2
DA:53,18
DA:54,1
DA:58,1
DA:61,17
DA:62,17
DA:65,34
DA:67,1
DA:69,17
DA:70,17
DA:74,2
DA:75,17
DA:76,7
DA:77,7
DA:81,10
DA:82,40
DA:83,10
DA:84,10
DA:86,9
DA:87,1
DA:88,1
DA:91,8
DA:92,30
DA:95,2
DA:96,24
DA:97,11
DA:98,11
DA:101,2
LF:60
LH:60
BRDA:12,0,0,2
BRDA:12,0,1,12
BRDA:23,1,0,12
BRDA:23,1,1,1
BRDA:38,2,0,23
BRDA:38,2,1,7
BRDA:53,3,0,1
BRDA:53,3,1,17
BRDA:75,4,0,7
BRDA:75,4,1,10
BRDA:86,5,0,1
BRDA:86,5,1,8
BRDA:96,6,0,11
BRDA:96,6,1,13
BRF:14
BRH:14
end_of_record
TN:
SF:src/services/persistent-report-service/persistent-report-service.ts
FN:8,(anonymous_13)
FN:17,(anonymous_15)
FN:24,(anonymous_16)
FN:38,(anonymous_17)
FN:50,(anonymous_20)
FN:54,(anonymous_21)
FN:60,(anonymous_24)
FN:75,(anonymous_25)
FN:78,(anonymous_26)
FN:86,(anonymous_27)
FN:90,(anonymous_30)
FN:95,(anonymous_31)
FN:97,(anonymous_32)
FN:104,(anonymous_33)
FN:129,(anonymous_36)
FN:161,(anonymous_37)
FN:191,(anonymous_40)
FNF:17
FNH:13
FNDA:3,(anonymous_13)
FNDA:8,(anonymous_15)
FNDA:21,(anonymous_16)
FNDA:13,(anonymous_17)
FNDA:0,(anonymous_20)
FNDA:8,(anonymous_21)
FNDA:41,(anonymous_24)
FNDA:8,(anonymous_25)
FNDA:0,(anonymous_26)
FNDA:8,(anonymous_27)
FNDA:41,(anonymous_30)
FNDA:0,(anonymous_31)
FNDA:0,(anonymous_32)
FNDA:15,(anonymous_33)
FNDA:41,(anonymous_36)
FNDA:42,(anonymous_37)
FNDA:4,(anonymous_40)
DA:1,2
DA:2,2
DA:8,2
DA:11,2
DA:12,2
DA:13,2
DA:14,1
DA:15,2
DA:17,2
DA:18,8
DA:19,1
DA:21,8
DA:24,2
DA:25,21
DA:26,21
DA:27,21
DA:28,21
DA:29,16
DA:30,16
DA:32,21
DA:33,21
DA:38,2
DA:39,13
DA:40,13
DA:41,13
DA:42,26
DA:43,13
DA:50,2
DA:51,0
DA:54,2
DA:55,8
DA:56,8
DA:58,8
DA:60,8
DA:61,41
DA:63,8
DA:67,0
DA:72,8
DA:75,2
DA:76,8
DA:77,8
DA:78,0
DA:79,0
DA:86,2
DA:87,8
DA:88,8
DA:89,8
DA:90,8
DA:91,41
DA:94,8
DA:95,16
DA:96,0
DA:97,0
DA:98,0
DA:104,2
DA:105,15
DA:106,15
DA:107,7
DA:111,7
DA:113,8
DA:114,8
DA:116,8
DA:119,8
DA:120,8
DA:123,8
DA:127,8
DA:128,8
DA:129,8
DA:130,41
DA:133,16
DA:134,0
DA:136,8
DA:140,8
DA:141,8
DA:142,16
DA:143,8
DA:145,0
DA:152,0
DA:157,8
DA:158,8
DA:161,2
DA:162,42
DA:164,42
DA:165,42
DA:166,42
DA:169,84
DA:170,42
DA:171,42
DA:174,71
DA:175,13
DA:179,26
DA:182,0
DA:186,0
DA:188,42
DA:191,2
DA:192,4
DA:193,4
DA:194,4
DA:197,2
LF:99
LH:87
BRDA:18,0,0,1
BRDA:18,0,1,7
BRDA:28,1,0,16
BRDA:28,1,1,5
BRDA:77,2,0,0
BRDA:77,2,1,8
BRDA:89,3,0,8
BRDA:89,3,1,0
BRDA:96,4,0,0
BRDA:96,4,1,0
BRDA:106,5,0,7
BRDA:106,5,1,8
BRDA:128,6,0,8
BRDA:128,6,1,0
BRDA:133,7,0,8
BRDA:133,7,1,0
BRDA:141,8,0,0
BRDA:141,8,1,8
BRDA:174,9,0,29
BRDA:174,9,1,13
BRDA:192,10,0,4
BRDA:192,10,1,0
BRF:22
BRH:14
end_of_record
TN:
SF:src/utils/DeviceInfo.ts
FN:3,DeviceInfo
FN:4,getDeviceId
FN:5,getDeviceModel
FN:6,getDeviceType
FN:7,getSystemName
FN:8,getSystemVersion
FN:10,getDeviceName
FN:10,(anonymous_20)
FN:19,getDeviceManufacturer
FN:19,(anonymous_23)
FNF:10
FNH:0
FNDA:0,DeviceInfo
FNDA:0,getDeviceId
FNDA:0,getDeviceModel
FNDA:0,getDeviceType
FNDA:0,getSystemName
FNDA:0,getSystemVersion
FNDA:0,getDeviceName
FNDA:0,(anonymous_20)
FNDA:0,getDeviceManufacturer
FNDA:0,(anonymous_23)
DA:1,0
DA:3,0
DA:4,0
DA:5,0
DA:6,0
DA:7,0
DA:8,0
DA:10,0
DA:12,0
DA:13,0
DA:15,0
DA:19,0
DA:21,0
DA:22,0
DA:24,0
DA:28,0
LF:16
LH:0
BRDA:4,0,0,0
BRDA:4,0,1,0
BRDA:4,1,0,0
BRDA:4,1,1,0
BRDA:5,2,0,0
BRDA:5,2,1,0
BRDA:5,3,0,0
BRDA:5,3,1,0
BRDA:6,4,0,0
BRDA:6,4,1,0
BRDA:6,5,0,0
BRDA:6,5,1,0
BRDA:7,6,0,0
BRDA:7,6,1,0
BRDA:7,7,0,0
BRDA:7,7,1,0
BRDA:8,8,0,0
BRDA:8,8,1,0
BRDA:8,9,0,0
BRDA:8,9,1,0
BRDA:13,10,0,0
BRDA:13,10,1,0
BRDA:13,11,0,0
BRDA:13,11,1,0
BRDA:22,12,0,0
BRDA:22,12,1,0
BRDA:22,13,0,0
BRDA:22,13,1,0
BRF:28
BRH:0
end_of_record
TN:
SF:src/utils/SecureAsyncStorage.ts
FN:3,(anonymous_13)
FN:4,(anonymous_15)
FN:4,(anonymous_16)
FN:6,(anonymous_18)
FN:7,(anonymous_19)
FN:11,(anonymous_20)
FN:11,(anonymous_21)
FN:13,(anonymous_23)
FN:14,(anonymous_24)
FN:17,(anonymous_25)
FN:17,(anonymous_26)
FN:19,(anonymous_28)
FN:20,(anonymous_29)
FN:23,(anonymous_30)
FN:25,(anonymous_33)
FN:26,(anonymous_34)
FN:29,(anonymous_35)
FN:31,(anonymous_36)
FN:34,(anonymous_38)
FN:35,(anonymous_39)
FN:38,(anonymous_40)
FN:38,(anonymous_41)
FN:40,(anonymous_43)
FN:41,(anonymous_44)
FNF:24
FNH:0
FNDA:0,(anonymous_13)
FNDA:0,(anonymous_15)
FNDA:0,(anonymous_16)
FNDA:0,(anonymous_18)
FNDA:0,(anonymous_19)
FNDA:0,(anonymous_20)
FNDA:0,(anonymous_21)
FNDA:0,(anonymous_23)
FNDA:0,(anonymous_24)
FNDA:0,(anonymous_25)
FNDA:0,(anonymous_26)
FNDA:0,(anonymous_28)
FNDA:0,(anonymous_29)
FNDA:0,(anonymous_30)
FNDA:0,(anonymous_33)
FNDA:0,(anonymous_34)
FNDA:0,(anonymous_35)
FNDA:0,(anonymous_36)
FNDA:0,(anonymous_38)
FNDA:0,(anonymous_39)
FNDA:0,(anonymous_40)
FNDA:0,(anonymous_41)
FNDA:0,(anonymous_43)
FNDA:0,(anonymous_44)
DA:1,0
DA:3,0
DA:4,0
DA:5,0
DA:6,0
DA:7,0
DA:11,0
DA:12,0
DA:13,0
DA:14,0
DA:17,0
DA:18,0
DA:19,0
DA:20,0
DA:23,0
DA:24,0
DA:25,0
DA:26,0
DA:29,0
DA:31,0
DA:33,0
DA:34,0
DA:35,0
DA:38,0
DA:39,0
DA:40,0
DA:41,0
DA:43,0
LF:28
LH:0
BRF:0
BRH:0
end_of_record
