TN:
SF:src/xaaf-js-sdk.ts
FN:20,(anonymous_19)
FN:23,(anonymous_21)
FN:27,(anonymous_22)
FN:31,(anonymous_23)
FN:35,(anonymous_24)
FN:39,(anonymous_25)
FN:43,(anonymous_26)
FN:47,(anonymous_27)
FN:51,(anonymous_28)
FN:52,(anonymous_29)
FN:89,(anonymous_32)
FN:100,(anonymous_33)
FN:117,(anonymous_34)
FN:123,(anonymous_35)
FN:133,(anonymous_38)
FN:141,(anonymous_39)
FN:150,(anonymous_40)
FN:165,(anonymous_43)
FN:169,(anonymous_44)
FNF:19
FNH:17
FNDA:37,(anonymous_19)
FNDA:140,(anonymous_21)
FNDA:105,(anonymous_22)
FNDA:77,(anonymous_23)
FNDA:0,(anonymous_24)
FNDA:169,(anonymous_25)
FNDA:76,(anonymous_26)
FNDA:0,(anonymous_27)
FNDA:28,(anonymous_28)
FNDA:56,(anonymous_29)
FNDA:24,(anonymous_32)
FNDA:28,(anonymous_33)
FNDA:28,(anonymous_34)
FNDA:22,(anonymous_35)
FNDA:25,(anonymous_38)
FNDA:28,(anonymous_39)
FNDA:8,(anonymous_40)
FNDA:30,(anonymous_43)
FNDA:45,(anonymous_44)
DA:1,3
DA:2,3
DA:3,3
DA:4,3
DA:5,3
DA:6,3
DA:7,3
DA:8,3
DA:9,3
DA:10,3
DA:11,3
DA:12,3
DA:20,3
DA:23,3
DA:24,140
DA:27,3
DA:28,105
DA:31,3
DA:32,77
DA:35,3
DA:36,0
DA:39,3
DA:40,169
DA:43,3
DA:44,76
DA:47,3
DA:48,0
DA:51,31
DA:52,28
DA:53,28
DA:54,28
DA:57,28
DA:58,44
DA:59,23
DA:61,42
DA:62,16
DA:69,5
DA:72,5
DA:73,5
DA:74,2
DA:75,2
DA:77,3
DA:82,20
DA:84,16
DA:89,3
DA:90,24
DA:91,24
DA:92,19
DA:93,19
DA:95,5
DA:96,5
DA:100,3
DA:101,28
DA:102,28
DA:112,28
DA:114,28
DA:117,3
DA:118,28
DA:119,28
DA:120,28
DA:123,3
DA:124,22
DA:127,22
DA:128,22
DA:129,1
DA:133,3
DA:134,25
DA:135,25
DA:136,3
DA:137,3
DA:141,3
DA:142,28
DA:143,28
DA:144,28
DA:145,25
DA:146,25
DA:147,22
DA:150,3
DA:151,8
DA:153,8
DA:159,8
DA:161,8
DA:162,8
DA:165,3
DA:166,30
DA:169,3
DA:170,45
DA:171,45
DA:173,45
DA:175,3
LF:90
LH:88
BRDA:54,0,0,0
BRDA:54,0,1,28
BRDA:54,1,0,28
BRDA:54,1,1,28
BRDA:59,2,0,1
BRDA:59,2,1,21
BRDA:73,3,0,2
BRDA:73,3,1,3
BRDA:73,4,0,5
BRDA:73,4,1,3
BRDA:91,5,0,19
BRDA:91,5,1,5
BRDA:91,6,0,24
BRDA:91,6,1,23
BRDA:127,7,0,2
BRDA:127,7,1,20
BRDA:127,8,0,22
BRDA:127,8,1,20
BRDA:128,9,0,1
BRDA:128,9,1,21
BRDA:128,10,0,22
BRDA:128,10,1,1
BRDA:128,11,0,2
BRDA:128,11,1,20
BRDA:128,12,0,22
BRDA:128,12,1,20
BRDA:129,13,0,0
BRDA:129,13,1,1
BRDA:129,14,0,1
BRDA:129,14,1,1
BRDA:135,15,0,3
BRDA:135,15,1,22
BRDA:146,16,0,1
BRDA:146,16,1,24
BRDA:146,17,0,25
BRDA:146,17,1,24
BRDA:154,18,0,3
BRDA:154,18,1,5
BRDA:154,19,0,8
BRDA:154,19,1,8
BRDA:155,20,0,1
BRDA:155,20,1,7
BRDA:155,21,0,8
BRDA:155,21,1,8
BRDA:157,22,0,3
BRDA:157,22,1,5
BRDA:157,23,0,8
BRDA:157,23,1,8
BRDA:166,24,0,30
BRDA:166,24,1,21
BRDA:173,25,0,45
BRDA:173,25,1,7
BRF:52
BRH:50
end_of_record
TN:
SF:src/executable-ad/dummy-executable-ad.ts
FN:8,(anonymous_19)
FN:9,DummyExecutableAd
FN:13,(anonymous_21)
FN:23,(anonymous_24)
FN:32,(anonymous_25)
FN:36,(anonymous_26)
FN:41,(anonymous_27)
FN:45,(anonymous_28)
FN:49,(anonymous_29)
FN:53,(anonymous_30)
FNF:10
FNH:9
FNDA:4,(anonymous_19)
FNDA:13,DummyExecutableAd
FNDA:0,(anonymous_21)
FNDA:6,(anonymous_24)
FNDA:1,(anonymous_25)
FNDA:1,(anonymous_26)
FNDA:1,(anonymous_27)
FNDA:1,(anonymous_28)
FNDA:1,(anonymous_29)
FNDA:1,(anonymous_30)
DA:1,4
DA:2,4
DA:4,4
DA:6,4
DA:8,4
DA:9,13
DA:10,13
DA:13,4
DA:14,0
DA:23,4
DA:24,6
DA:25,6
DA:26,6
DA:28,0
DA:32,4
DA:33,1
DA:36,4
DA:37,1
DA:38,1
DA:41,4
DA:42,1
DA:45,4
DA:46,1
DA:49,4
DA:50,1
DA:53,4
DA:55,1
DA:56,1
DA:57,1
DA:59,4
LF:30
LH:28
BRDA:10,0,0,13
BRDA:10,0,1,13
BRF:2
BRH:2
end_of_record
TN:
SF:src/executable-ad/executable-ad.ts
FN:65,(anonymous_15)
FN:72,(anonymous_16)
FN:133,ExecutableAd
FN:153,(anonymous_18)
FN:83,(anonymous_19)
FN:88,(anonymous_20)
FN:121,(anonymous_21)
FN:165,(anonymous_22)
FN:210,(anonymous_25)
FN:218,(anonymous_26)
FN:223,(anonymous_27)
FN:240,(anonymous_28)
FN:245,(anonymous_29)
FN:247,(anonymous_30)
FN:254,(anonymous_31)
FN:256,(anonymous_32)
FN:263,(anonymous_33)
FN:264,(anonymous_34)
FN:273,(anonymous_35)
FN:283,(anonymous_36)
FN:309,(anonymous_37)
FN:316,(anonymous_38)
FN:322,(anonymous_39)
FN:328,(anonymous_40)
FN:333,(anonymous_41)
FN:339,(anonymous_42)
FN:349,(anonymous_45)
FN:358,(anonymous_46)
FN:362,(anonymous_47)
FN:366,(anonymous_48)
FN:384,(anonymous_49)
FN:400,(anonymous_52)
FN:404,(anonymous_53)
FN:488,(anonymous_56)
FN:505,(anonymous_59)
FN:534,(anonymous_62)
FN:569,(anonymous_65)
FN:573,(anonymous_66)
FN:596,(anonymous_69)
FN:597,(anonymous_70)
FN:602,(anonymous_71)
FN:605,(anonymous_72)
FN:610,(anonymous_73)
FN:613,(anonymous_74)
FN:618,(anonymous_75)
FN:619,(anonymous_76)
FN:624,(anonymous_77)
FN:627,(anonymous_78)
FN:630,(anonymous_79)
FN:643,(anonymous_80)
FN:648,(anonymous_81)
FN:651,(anonymous_82)
FN:660,(anonymous_83)
FN:730,(anonymous_84)
FN:739,(anonymous_85)
FN:753,(anonymous_86)
FN:754,(anonymous_87)
FN:757,(anonymous_88)
FN:761,(anonymous_89)
FN:762,(anonymous_90)
FN:766,(anonymous_91)
FN:784,(anonymous_92)
FN:789,(anonymous_93)
FN:795,(anonymous_94)
FN:799,(anonymous_95)
FN:805,(anonymous_96)
FN:811,(anonymous_97)
FN:817,(anonymous_98)
FN:823,(anonymous_99)
FN:850,(anonymous_100)
FN:851,(anonymous_101)
FN:857,(anonymous_102)
FN:858,(anonymous_103)
FN:864,(anonymous_104)
FN:879,(anonymous_105)
FN:895,(anonymous_106)
FN:899,(anonymous_107)
FN:900,(anonymous_108)
FN:905,(anonymous_109)
FN:919,(anonymous_110)
FN:988,(anonymous_111)
FN:1036,(anonymous_112)
FN:1040,(anonymous_113)
FN:1047,(anonymous_114)
FN:1060,(anonymous_115)
FN:1067,(anonymous_116)
FN:1078,(anonymous_117)
FN:1082,(anonymous_118)
FN:1086,(anonymous_119)
FN:1104,(anonymous_120)
FNF:90
FNH:82
FNDA:16,(anonymous_15)
FNDA:16,(anonymous_16)
FNDA:163,ExecutableAd
FNDA:349,(anonymous_18)
FNDA:316,(anonymous_19)
FNDA:279,(anonymous_20)
FNDA:163,(anonymous_21)
FNDA:68,(anonymous_22)
FNDA:40,(anonymous_25)
FNDA:74,(anonymous_26)
FNDA:23,(anonymous_27)
FNDA:16,(anonymous_28)
FNDA:0,(anonymous_29)
FNDA:0,(anonymous_30)
FNDA:0,(anonymous_31)
FNDA:0,(anonymous_32)
FNDA:28,(anonymous_33)
FNDA:30,(anonymous_34)
FNDA:2,(anonymous_35)
FNDA:33,(anonymous_36)
FNDA:68,(anonymous_37)
FNDA:68,(anonymous_38)
FNDA:68,(anonymous_39)
FNDA:38,(anonymous_40)
FNDA:53,(anonymous_41)
FNDA:68,(anonymous_42)
FNDA:38,(anonymous_45)
FNDA:46,(anonymous_46)
FNDA:46,(anonymous_47)
FNDA:38,(anonymous_48)
FNDA:40,(anonymous_49)
FNDA:12,(anonymous_52)
FNDA:8,(anonymous_53)
FNDA:4,(anonymous_56)
FNDA:35,(anonymous_59)
FNDA:38,(anonymous_62)
FNDA:41,(anonymous_65)
FNDA:54,(anonymous_66)
FNDA:61,(anonymous_69)
FNDA:125,(anonymous_70)
FNDA:61,(anonymous_71)
FNDA:36,(anonymous_72)
FNDA:61,(anonymous_73)
FNDA:3,(anonymous_74)
FNDA:61,(anonymous_75)
FNDA:126,(anonymous_76)
FNDA:61,(anonymous_77)
FNDA:125,(anonymous_78)
FNDA:62,(anonymous_79)
FNDA:159,(anonymous_80)
FNDA:39,(anonymous_81)
FNDA:0,(anonymous_82)
FNDA:40,(anonymous_83)
FNDA:2,(anonymous_84)
FNDA:25,(anonymous_85)
FNDA:30,(anonymous_86)
FNDA:3,(anonymous_87)
FNDA:31,(anonymous_88)
FNDA:27,(anonymous_89)
FNDA:71,(anonymous_90)
FNDA:12,(anonymous_91)
FNDA:33,(anonymous_92)
FNDA:103,(anonymous_93)
FNDA:0,(anonymous_94)
FNDA:67,(anonymous_95)
FNDA:9,(anonymous_96)
FNDA:67,(anonymous_97)
FNDA:2,(anonymous_98)
FNDA:135,(anonymous_99)
FNDA:10,(anonymous_100)
FNDA:10,(anonymous_101)
FNDA:2,(anonymous_102)
FNDA:2,(anonymous_103)
FNDA:34,(anonymous_104)
FNDA:0,(anonymous_105)
FNDA:1,(anonymous_106)
FNDA:40,(anonymous_107)
FNDA:0,(anonymous_108)
FNDA:173,(anonymous_109)
FNDA:178,(anonymous_110)
FNDA:174,(anonymous_111)
FNDA:61,(anonymous_112)
FNDA:185,(anonymous_113)
FNDA:1,(anonymous_114)
FNDA:29,(anonymous_115)
FNDA:32,(anonymous_116)
FNDA:29,(anonymous_117)
FNDA:29,(anonymous_118)
FNDA:39,(anonymous_119)
FNDA:38,(anonymous_120)
DA:2,16
DA:3,16
DA:37,16
DA:42,16
DA:54,16
DA:55,16
DA:57,16
DA:65,16
DA:66,16
DA:67,16
DA:72,16
DA:74,163
DA:75,163
DA:76,163
DA:77,163
DA:78,163
DA:83,16
DA:85,316
DA:88,16
DA:90,279
DA:93,163
DA:94,163
DA:95,163
DA:96,163
DA:97,163
DA:98,163
DA:99,163
DA:100,163
DA:102,163
DA:103,163
DA:109,163
DA:111,163
DA:112,163
DA:113,163
DA:114,163
DA:115,163
DA:116,163
DA:117,163
DA:118,163
DA:119,163
DA:121,16
DA:122,163
DA:123,163
DA:124,13
DA:126,150
DA:127,140
DA:130,163
DA:133,163
DA:134,163
DA:136,163
DA:137,163
DA:138,163
DA:140,163
DA:142,163
DA:144,163
DA:145,17
DA:148,163
DA:150,163
DA:152,163
DA:153,163
DA:154,349
DA:156,173
DA:157,173
DA:158,173
DA:159,173
DA:162,163
DA:165,16
DA:171,68
DA:172,68
DA:173,68
DA:174,68
DA:175,68
DA:176,119
DA:178,46
DA:179,0
DA:180,0
DA:183,87
DA:184,5
DA:185,10
DA:186,3
DA:189,41
DA:190,3
DA:191,3
DA:194,38
DA:195,0
DA:196,0
DA:199,38
DA:200,38
DA:201,38
DA:202,76
DA:203,38
DA:205,10
DA:206,10
DA:210,16
DA:211,40
DA:212,7
DA:214,33
DA:218,16
DA:219,74
DA:223,16
DA:224,23
DA:225,23
DA:226,23
DA:227,23
DA:228,0
DA:229,0
DA:231,23
DA:233,0
DA:236,0
DA:240,16
DA:241,16
DA:242,16
DA:245,16
DA:246,0
DA:247,0
DA:248,0
DA:250,0
DA:254,16
DA:255,0
DA:256,0
DA:257,0
DA:259,0
DA:263,44
DA:264,28
DA:265,30
DA:266,30
DA:267,2
DA:272,2
DA:273,2
DA:276,2
DA:278,28
DA:283,16
DA:284,33
DA:288,33
DA:289,22
DA:292,22
DA:295,33
DA:296,33
DA:299,33
DA:300,33
DA:302,33
DA:305,33
DA:306,33
DA:309,16
DA:310,68
DA:316,16
DA:317,68
DA:318,0
DA:322,16
DA:323,68
DA:328,16
DA:329,38
DA:330,38
DA:333,16
DA:334,53
DA:335,53
DA:336,53
DA:339,16
DA:340,83
DA:341,53
DA:342,89
DA:343,36
DA:344,5
DA:349,16
DA:350,38
DA:352,38
DA:353,38
DA:354,27
DA:358,16
DA:359,46
DA:362,16
DA:363,46
DA:366,16
DA:374,38
DA:375,38
DA:377,0
DA:380,0
DA:384,16
DA:386,40
DA:388,12
DA:392,15
DA:393,9
DA:395,3
DA:400,16
DA:401,12
DA:404,16
DA:405,8
DA:406,0
DA:407,0
DA:408,0
DA:409,0
DA:410,0
DA:411,0
DA:412,0
DA:422,0
DA:423,0
DA:424,0
DA:431,0
DA:432,0
DA:433,0
DA:434,0
DA:438,0
DA:446,0
DA:447,0
DA:448,0
DA:449,0
DA:455,0
DA:456,0
DA:457,0
DA:459,8
DA:460,5
DA:471,5
DA:473,3
DA:488,16
DA:490,4
DA:492,4
DA:505,16
DA:506,35
DA:507,35
DA:508,33
DA:509,33
DA:511,33
DA:512,0
DA:513,0
DA:517,0
DA:518,0
DA:519,2
DA:520,2
DA:524,2
DA:525,4
DA:527,2
DA:528,2
DA:530,0
DA:534,16
DA:535,38
DA:536,38
DA:537,35
DA:538,70
DA:539,35
DA:540,0
DA:541,0
DA:544,0
DA:547,0
DA:548,0
DA:549,3
DA:550,3
DA:553,6
DA:555,0
DA:556,0
DA:560,6
DA:561,3
DA:564,3
DA:569,16
DA:570,41
DA:573,16
DA:574,54
DA:579,54
DA:584,40
DA:585,40
DA:586,40
DA:587,40
DA:589,40
DA:591,40
DA:593,40
DA:596,77
DA:597,61
DA:598,125
DA:602,77
DA:603,61
DA:606,36
DA:610,77
DA:611,61
DA:614,3
DA:618,77
DA:619,61
DA:620,126
DA:624,77
DA:625,61
DA:627,125
DA:630,62
DA:631,62
DA:632,1
DA:634,1
DA:637,61
DA:638,61
DA:639,61
DA:640,61
DA:641,61
DA:643,61
DA:644,159
DA:647,159
DA:648,159
DA:651,61
DA:652,0
DA:653,0
DA:656,61
DA:657,61
DA:660,16
DA:661,40
DA:663,14
DA:664,14
DA:665,14
DA:666,14
DA:667,14
DA:670,3
DA:671,3
DA:672,3
DA:673,3
DA:675,14
DA:676,14
DA:681,14
DA:682,14
DA:683,13
DA:685,1
DA:690,14
DA:692,1
DA:693,1
DA:694,1
DA:695,1
DA:697,1
DA:699,0
DA:700,0
DA:701,0
DA:702,0
DA:704,0
DA:706,2
DA:711,2
DA:712,2
DA:714,6
DA:719,6
DA:720,2
DA:722,4
DA:724,6
DA:726,0
DA:730,16
DA:731,2
DA:732,2
DA:733,2
DA:735,2
DA:739,16
DA:740,25
DA:741,25
DA:742,25
DA:743,25
DA:745,25
DA:746,25
DA:748,0
DA:749,0
DA:753,16
DA:754,30
DA:757,16
DA:758,31
DA:761,16
DA:762,71
DA:763,27
DA:766,16
DA:769,12
DA:770,12
DA:772,12
DA:784,16
DA:785,33
DA:786,33
DA:789,16
DA:790,103
DA:791,49
DA:795,16
DA:796,0
DA:799,67
DA:800,67
DA:806,9
DA:811,67
DA:812,67
DA:818,2
DA:823,16
DA:830,135
DA:831,135
DA:832,135
DA:833,113
DA:836,113
DA:839,22
DA:840,22
DA:841,10
DA:844,10
DA:847,12
DA:850,16
DA:851,10
DA:852,10
DA:853,10
DA:857,16
DA:858,2
DA:859,2
DA:860,2
DA:864,16
DA:865,34
DA:866,34
DA:867,34
DA:868,5
DA:869,5
DA:870,5
DA:871,5
DA:872,1
DA:876,34
DA:879,16
DA:880,0
DA:881,0
DA:882,0
DA:883,0
DA:884,0
DA:885,0
DA:886,0
DA:887,0
DA:888,0
DA:892,0
DA:895,16
DA:896,1
DA:899,16
DA:900,40
DA:901,40
DA:905,16
DA:906,173
DA:907,173
DA:908,173
DA:909,162
DA:911,11
DA:915,11
DA:919,16
DA:920,178
DA:922,29
DA:923,29
DA:926,29
DA:927,29
DA:930,10
DA:931,10
DA:934,11
DA:935,11
DA:936,11
DA:939,0
DA:940,0
DA:943,0
DA:944,0
DA:947,0
DA:948,0
DA:951,0
DA:952,0
DA:955,30
DA:956,30
DA:957,30
DA:960,31
DA:961,31
DA:962,31
DA:965,27
DA:969,27
DA:970,27
DA:973,27
DA:974,27
DA:975,27
DA:978,0
DA:979,0
DA:983,11
DA:988,16
DA:989,174
DA:991,29
DA:992,29
DA:993,29
DA:996,10
DA:997,10
DA:1000,10
DA:1001,10
DA:1004,8
DA:1005,8
DA:1008,30
DA:1012,30
DA:1015,31
DA:1019,31
DA:1022,27
DA:1025,27
DA:1026,27
DA:1027,27
DA:1031,29
DA:1036,16
DA:1037,61
DA:1040,16
DA:1041,185
DA:1042,47
DA:1044,138
DA:1047,16
DA:1048,1
DA:1054,1
DA:1060,29
DA:1061,29
DA:1063,29
DA:1064,29
DA:1065,27
DA:1066,27
DA:1067,16
DA:1068,32
DA:1073,29
DA:1074,29
DA:1078,16
DA:1079,29
DA:1082,16
DA:1083,29
DA:1086,16
DA:1087,39
DA:1104,16
DA:1105,38
DA:1107,16
LF:507
LH:423
BRDA:65,0,0,16
BRDA:65,0,1,16
BRDA:136,1,0,163
BRDA:136,1,1,163
BRDA:136,2,0,8
BRDA:136,2,1,155
BRDA:136,3,0,163
BRDA:136,3,1,163
BRDA:136,4,0,8
BRDA:136,4,1,155
BRDA:136,5,0,163
BRDA:136,5,1,163
BRDA:144,6,0,17
BRDA:144,6,1,146
BRDA:144,7,0,8
BRDA:144,7,1,155
BRDA:144,8,0,163
BRDA:144,8,1,163
BRDA:154,9,0,173
BRDA:154,9,1,176
BRDA:123,10,0,13
BRDA:123,10,1,150
BRDA:123,11,0,8
BRDA:123,11,1,155
BRDA:123,12,0,163
BRDA:123,12,1,163
BRDA:124,13,0,0
BRDA:124,13,1,13
BRDA:124,14,0,13
BRDA:124,14,1,13
BRDA:126,15,0,140
BRDA:126,15,1,10
BRDA:126,16,0,8
BRDA:126,16,1,142
BRDA:126,17,0,150
BRDA:126,17,1,150
BRDA:178,18,0,0
BRDA:178,18,1,46
BRDA:183,19,0,41
BRDA:183,19,1,5
BRDA:189,20,0,3
BRDA:189,20,1,38
BRDA:194,21,0,0
BRDA:194,21,1,38
BRDA:211,22,0,7
BRDA:211,22,1,33
BRDA:227,23,0,0
BRDA:227,23,1,23
BRDA:247,24,0,0
BRDA:247,24,1,0
BRDA:247,25,0,0
BRDA:247,25,1,0
BRDA:256,26,0,0
BRDA:256,26,1,0
BRDA:256,27,0,0
BRDA:256,27,1,0
BRDA:266,28,0,2
BRDA:266,28,1,28
BRDA:288,29,0,22
BRDA:288,29,1,11
BRDA:317,30,0,0
BRDA:317,30,1,68
BRDA:324,31,0,68
BRDA:324,31,1,67
BRDA:324,32,0,0
BRDA:324,32,1,68
BRDA:324,33,0,68
BRDA:324,33,1,68
BRDA:334,34,0,53
BRDA:334,34,1,51
BRDA:334,35,0,0
BRDA:334,35,1,53
BRDA:334,36,0,53
BRDA:334,36,1,53
BRDA:340,37,0,15
BRDA:340,37,1,53
BRDA:343,38,0,5
BRDA:343,38,1,31
BRDA:350,39,0,11
BRDA:350,39,1,27
BRDA:353,40,0,27
BRDA:353,40,1,11
BRDA:353,41,0,38
BRDA:353,41,1,27
BRDA:374,42,0,38
BRDA:374,42,1,0
BRDA:392,43,0,3
BRDA:392,43,1,9
BRDA:401,44,0,12
BRDA:401,44,1,9
BRDA:405,45,0,0
BRDA:405,45,1,8
BRDA:405,46,0,8
BRDA:405,46,1,8
BRDA:406,47,0,0
BRDA:406,47,1,0
BRDA:406,47,2,0
BRDA:406,47,3,0
BRDA:406,47,4,0
BRDA:406,47,5,0
BRDA:415,48,0,0
BRDA:415,48,1,0
BRDA:415,49,0,0
BRDA:415,49,1,0
BRDA:459,50,0,5
BRDA:459,50,1,3
BRDA:463,51,0,0
BRDA:463,51,1,5
BRDA:463,52,0,5
BRDA:463,52,1,5
BRDA:476,53,0,0
BRDA:476,53,1,3
BRDA:476,54,0,3
BRDA:476,54,1,3
BRDA:494,55,0,4
BRDA:494,55,1,0
BRDA:494,56,0,4
BRDA:494,56,1,4
BRDA:508,57,0,33
BRDA:508,57,1,0
BRDA:508,57,2,2
BRDA:537,58,0,35
BRDA:537,58,1,0
BRDA:537,58,2,3
BRDA:553,59,0,3
BRDA:553,59,1,0
BRDA:619,60,0,61
BRDA:619,60,1,0
BRDA:619,61,0,0
BRDA:619,61,1,61
BRDA:619,62,0,61
BRDA:619,62,1,61
BRDA:631,63,0,1
BRDA:631,63,1,61
BRDA:662,64,0,14
BRDA:662,64,1,3
BRDA:662,64,2,14
BRDA:662,64,3,1
BRDA:662,64,4,0
BRDA:662,64,5,2
BRDA:662,64,6,6
BRDA:662,64,7,0
BRDA:675,65,0,14
BRDA:675,65,1,0
BRDA:678,66,0,0
BRDA:678,66,1,14
BRDA:678,67,0,14
BRDA:678,67,1,14
BRDA:678,68,0,0
BRDA:678,68,1,14
BRDA:678,69,0,14
BRDA:678,69,1,14
BRDA:682,70,0,13
BRDA:682,70,1,1
BRDA:692,71,0,1
BRDA:692,71,1,0
BRDA:699,72,0,0
BRDA:699,72,1,0
BRDA:708,73,0,2
BRDA:708,73,1,0
BRDA:708,74,0,2
BRDA:708,74,1,2
BRDA:708,75,0,2
BRDA:708,75,1,0
BRDA:708,76,0,2
BRDA:708,76,1,2
BRDA:716,77,0,0
BRDA:716,77,1,6
BRDA:716,78,0,6
BRDA:716,78,1,6
BRDA:716,79,0,0
BRDA:716,79,1,6
BRDA:716,80,0,6
BRDA:716,80,1,6
BRDA:719,81,0,2
BRDA:719,81,1,4
BRDA:733,82,0,2
BRDA:733,82,1,0
BRDA:742,83,0,25
BRDA:742,83,1,0
BRDA:743,84,0,25
BRDA:743,84,1,22
BRDA:754,85,0,0
BRDA:754,85,1,30
BRDA:754,86,0,30
BRDA:754,86,1,30
BRDA:762,87,0,0
BRDA:762,87,1,27
BRDA:762,88,0,27
BRDA:762,88,1,27
BRDA:769,89,0,12
BRDA:769,89,1,0
BRDA:770,90,0,12
BRDA:770,90,1,0
BRDA:775,91,0,12
BRDA:775,91,1,0
BRDA:775,92,0,0
BRDA:775,92,1,12
BRDA:775,93,0,12
BRDA:775,93,1,12
BRDA:790,94,0,49
BRDA:790,94,1,54
BRDA:831,95,0,135
BRDA:831,95,1,22
BRDA:832,96,0,113
BRDA:832,96,1,22
BRDA:839,97,0,22
BRDA:839,97,1,10
BRDA:840,98,0,10
BRDA:840,98,1,12
BRDA:867,99,0,5
BRDA:867,99,1,29
BRDA:869,100,0,5
BRDA:869,100,1,0
BRDA:871,101,0,1
BRDA:871,101,1,4
BRDA:883,102,0,0
BRDA:883,102,1,0
BRDA:885,103,0,0
BRDA:885,103,1,0
BRDA:887,104,0,0
BRDA:887,104,1,0
BRDA:887,105,0,0
BRDA:887,105,1,0
BRDA:908,106,0,162
BRDA:908,106,1,11
BRDA:921,107,0,29
BRDA:921,107,1,29
BRDA:921,107,2,10
BRDA:921,107,3,11
BRDA:921,107,4,0
BRDA:921,107,5,0
BRDA:921,107,6,0
BRDA:921,107,7,0
BRDA:921,107,8,30
BRDA:921,107,9,31
BRDA:921,107,10,27
BRDA:921,107,11,0
BRDA:921,107,12,11
BRDA:990,108,0,29
BRDA:990,108,1,10
BRDA:990,108,2,10
BRDA:990,108,3,8
BRDA:990,108,4,30
BRDA:990,108,5,31
BRDA:990,108,6,27
BRDA:990,108,7,29
BRDA:1009,109,0,30
BRDA:1009,109,1,0
BRDA:1010,110,0,30
BRDA:1010,110,1,0
BRDA:1016,111,0,31
BRDA:1016,111,1,0
BRDA:1017,112,0,31
BRDA:1017,112,1,0
BRDA:1025,113,0,27
BRDA:1025,113,1,0
BRDA:1041,114,0,47
BRDA:1041,114,1,138
BRDA:1044,115,0,138
BRDA:1044,115,1,115
BRDA:1044,116,0,0
BRDA:1044,116,1,138
BRDA:1044,117,0,138
BRDA:1044,117,1,138
BRDA:1064,118,0,27
BRDA:1064,118,1,2
BRDA:1066,119,0,16
BRDA:1066,119,1,11
BRDA:1066,120,0,11
BRDA:1066,120,1,16
BRDA:1066,121,0,27
BRDA:1066,121,1,27
BRDA:1066,122,0,0
BRDA:1066,122,1,27
BRDA:1066,123,0,27
BRDA:1066,123,1,27
BRDA:1068,124,0,0
BRDA:1068,124,1,32
BRDA:1068,125,0,32
BRDA:1068,125,1,32
BRDA:1068,126,0,0
BRDA:1068,126,1,32
BRDA:1068,127,0,32
BRDA:1068,127,1,32
BRDA:1068,128,0,0
BRDA:1068,128,1,32
BRDA:1068,129,0,32
BRDA:1068,129,1,32
BRDA:1068,130,0,0
BRDA:1068,130,1,32
BRDA:1068,131,0,32
BRDA:1068,131,1,32
BRDA:1073,132,0,29
BRDA:1073,132,1,0
BRDA:1079,133,0,2
BRDA:1079,133,1,27
BRDA:1079,134,0,29
BRDA:1079,134,1,29
BRDA:1079,135,0,0
BRDA:1079,135,1,29
BRDA:1079,136,0,29
BRDA:1079,136,1,29
BRDA:1079,137,0,0
BRDA:1079,137,1,29
BRDA:1079,138,0,29
BRDA:1079,138,1,29
BRDA:1079,139,0,0
BRDA:1079,139,1,29
BRDA:1079,140,0,29
BRDA:1079,140,1,29
BRDA:1083,141,0,2
BRDA:1083,141,1,27
BRDA:1083,142,0,29
BRDA:1083,142,1,29
BRDA:1097,143,0,27
BRDA:1097,143,1,12
BRDA:1097,144,0,39
BRDA:1097,144,1,39
BRF:319
BRH:235
end_of_record
TN:
SF:src/executable-ad/attributes/attributes.ts
FN:1,(anonymous_0)
FNF:1
FNH:1
FNDA:16,(anonymous_0)
DA:1,16
DA:2,16
DA:3,16
DA:4,16
DA:5,16
LF:5
LH:5
BRDA:1,0,0,16
BRDA:1,0,1,16
BRF:2
BRH:2
end_of_record
TN:
SF:src/executable-ad/commands/command.ts
FN:21,(anonymous_19)
FN:29,(anonymous_21)
FN:30,(anonymous_22)
FN:31,(anonymous_23)
FN:32,(anonymous_24)
FN:35,(anonymous_25)
FN:49,(anonymous_26)
FN:53,(anonymous_27)
FN:57,(anonymous_28)
FN:61,(anonymous_29)
FN:62,(anonymous_30)
FN:73,(anonymous_31)
FN:77,(anonymous_32)
FN:82,(anonymous_33)
FN:84,(anonymous_36)
FN:85,(anonymous_37)
FN:85,(anonymous_38)
FN:91,(anonymous_40)
FN:95,(anonymous_41)
FN:105,(anonymous_42)
FN:114,(anonymous_45)
FN:167,(anonymous_48)
FN:173,(anonymous_49)
FN:175,(anonymous_50)
FN:186,(anonymous_51)
FN:193,(anonymous_52)
FN:194,(anonymous_53)
FNF:27
FNH:24
FNDA:321,(anonymous_19)
FNDA:162,(anonymous_21)
FNDA:30,(anonymous_22)
FNDA:29,(anonymous_23)
FNDA:71,(anonymous_24)
FNDA:63,(anonymous_25)
FNDA:0,(anonymous_26)
FNDA:0,(anonymous_27)
FNDA:76,(anonymous_28)
FNDA:76,(anonymous_29)
FNDA:19,(anonymous_30)
FNDA:317,(anonymous_31)
FNDA:0,(anonymous_32)
FNDA:33,(anonymous_33)
FNDA:38,(anonymous_36)
FNDA:54,(anonymous_37)
FNDA:54,(anonymous_38)
FNDA:48,(anonymous_40)
FNDA:38,(anonymous_41)
FNDA:48,(anonymous_42)
FNDA:39,(anonymous_45)
FNDA:39,(anonymous_48)
FNDA:57,(anonymous_49)
FNDA:57,(anonymous_50)
FNDA:13,(anonymous_51)
FNDA:2,(anonymous_52)
FNDA:2,(anonymous_53)
DA:1,37
DA:2,37
DA:12,37
DA:13,37
DA:18,37
DA:21,321
DA:24,284
DA:25,284
DA:26,284
DA:27,284
DA:29,284
DA:30,284
DA:31,284
DA:32,284
DA:33,71
DA:35,284
DA:36,63
DA:49,37
DA:53,37
DA:57,113
DA:58,76
DA:59,76
DA:60,76
DA:61,76
DA:63,19
DA:66,19
DA:69,76
DA:73,37
DA:74,317
DA:77,37
DA:78,0
DA:79,0
DA:82,37
DA:83,33
DA:84,33
DA:85,54
DA:86,108
DA:91,37
DA:92,48
DA:93,48
DA:95,48
DA:96,38
DA:97,19
DA:98,19
DA:99,19
DA:102,29
DA:105,48
DA:107,48
DA:108,38
DA:110,78
DA:114,37
DA:120,39
DA:122,39
DA:124,39
DA:125,0
DA:128,39
DA:130,39
DA:131,35
DA:137,35
DA:138,35
DA:140,35
DA:141,6
DA:142,6
DA:144,29
DA:145,29
DA:150,35
DA:151,35
DA:154,35
DA:155,35
DA:158,70
DA:159,8
DA:160,8
DA:163,16
DA:167,37
DA:168,39
DA:173,57
DA:174,57
DA:175,57
DA:176,57
DA:177,30
DA:180,30
DA:183,57
DA:186,37
DA:191,13
DA:192,2
DA:193,2
DA:194,2
DA:195,2
DA:197,2
DA:199,2
DA:200,2
DA:202,11
DA:204,37
LF:93
LH:90
BRDA:29,0,0,84
BRDA:29,0,1,78
BRDA:29,1,0,162
BRDA:29,1,1,162
BRDA:59,2,0,76
BRDA:59,2,1,0
BRDA:59,3,0,76
BRDA:59,3,1,76
BRDA:95,4,0,48
BRDA:95,4,1,29
BRDA:97,5,0,19
BRDA:97,5,1,0
BRDA:98,6,0,0
BRDA:98,6,1,19
BRDA:105,7,0,40
BRDA:105,7,1,8
BRDA:120,8,0,39
BRDA:120,8,1,29
BRDA:122,9,0,39
BRDA:122,9,1,26
BRDA:124,10,0,0
BRDA:124,10,1,39
BRDA:124,11,0,39
BRDA:124,11,1,0
BRDA:130,12,0,35
BRDA:130,12,1,4
BRDA:137,13,0,12
BRDA:137,13,1,23
BRDA:140,14,0,6
BRDA:140,14,1,29
BRDA:146,15,0,4
BRDA:146,15,1,25
BRDA:158,16,0,31
BRDA:158,16,1,8
BRDA:169,17,0,39
BRDA:169,17,1,35
BRDA:169,17,2,14
BRDA:176,18,0,30
BRDA:176,18,1,27
BRDA:191,19,0,2
BRDA:191,19,1,11
BRF:41
BRH:36
end_of_record
TN:
SF:src/executable-ad/elements/elements.ts
FN:6,(anonymous_0)
FNF:1
FNH:1
FNDA:36,(anonymous_0)
DA:6,36
DA:7,36
DA:8,36
DA:9,36
DA:10,36
LF:5
LH:5
BRDA:6,0,0,36
BRDA:6,0,1,36
BRF:2
BRH:2
end_of_record
TN:
SF:src/executable-ad/elements/squeeze.ts
FN:33,(anonymous_0)
FN:38,(anonymous_1)
FNF:2
FNH:2
FNDA:36,(anonymous_0)
FNDA:36,(anonymous_1)
DA:33,36
DA:34,36
DA:35,36
DA:38,36
DA:39,36
DA:40,36
LF:6
LH:6
BRDA:33,0,0,36
BRDA:33,0,1,36
BRDA:38,1,0,36
BRDA:38,1,1,36
BRF:4
BRH:4
end_of_record
TN:
SF:src/executable-ad/elements/video.ts
FN:46,(anonymous_0)
FNF:1
FNH:1
FNDA:36,(anonymous_0)
DA:46,36
DA:47,36
DA:48,36
LF:3
LH:3
BRDA:46,0,0,36
BRDA:46,0,1,36
BRF:2
BRH:2
end_of_record
TN:
SF:src/executable-ad/events/command-events/command-event-creator.ts
FN:18,(anonymous_0)
FN:19,(anonymous_2)
FN:23,(anonymous_3)
FN:27,(anonymous_4)
FN:34,(anonymous_5)
FN:41,(anonymous_6)
FN:48,(anonymous_7)
FN:55,(anonymous_8)
FN:62,(anonymous_9)
FN:69,(anonymous_10)
FN:76,(anonymous_11)
FN:84,(anonymous_12)
FNF:12
FNH:11
FNDA:330,(anonymous_0)
FNDA:2,(anonymous_2)
FNDA:11,(anonymous_3)
FNDA:34,(anonymous_4)
FNDA:0,(anonymous_5)
FNDA:31,(anonymous_6)
FNDA:8,(anonymous_7)
FNDA:3,(anonymous_8)
FNDA:72,(anonymous_9)
FNDA:4,(anonymous_10)
FNDA:6,(anonymous_11)
FNDA:13,(anonymous_12)
DA:1,37
DA:18,37
DA:19,37
DA:20,2
DA:23,37
DA:24,11
DA:27,37
DA:28,34
DA:34,37
DA:35,0
DA:41,37
DA:42,31
DA:48,37
DA:49,8
DA:55,37
DA:56,3
DA:62,37
DA:63,72
DA:69,37
DA:70,4
DA:76,37
DA:77,6
DA:84,37
DA:85,13
DA:87,37
LF:25
LH:24
BRF:0
BRH:0
end_of_record
TN:
SF:src/executable-ad/opportunity/opportunity.ts
FN:1,(anonymous_0)
FNF:1
FNH:1
FNDA:14,(anonymous_0)
DA:1,14
DA:2,14
DA:3,14
DA:4,14
DA:5,14
DA:6,14
DA:7,14
DA:8,14
LF:8
LH:8
BRDA:1,0,0,14
BRDA:1,0,1,14
BRF:2
BRH:2
end_of_record
TN:
SF:src/executable-ad/structures/commands-data-structures-creator.ts
FN:15,(anonymous_4)
FN:18,(anonymous_6)
FN:22,(anonymous_7)
FN:25,(anonymous_8)
FN:26,(anonymous_9)
FN:40,(anonymous_10)
FN:46,(anonymous_11)
FN:61,(anonymous_12)
FN:85,(anonymous_13)
FN:99,(anonymous_14)
FN:105,(anonymous_15)
FN:114,(anonymous_16)
FN:125,(anonymous_17)
FNF:13
FNH:13
FNDA:333,(anonymous_4)
FNDA:296,(anonymous_6)
FNDA:79,(anonymous_7)
FNDA:168,(anonymous_8)
FNDA:169,(anonymous_9)
FNDA:133,(anonymous_10)
FNDA:264,(anonymous_11)
FNDA:78,(anonymous_12)
FNDA:264,(anonymous_13)
FNDA:67,(anonymous_14)
FNDA:66,(anonymous_15)
FNDA:61,(anonymous_16)
FNDA:286,(anonymous_17)
DA:4,36
DA:6,36
DA:15,36
DA:16,297
DA:18,36
DA:19,296
DA:22,115
DA:23,79
DA:24,79
DA:25,79
DA:26,168
DA:27,169
DA:28,169
DA:29,169
DA:33,78
DA:35,1
DA:36,1
DA:40,133
DA:44,133
DA:45,133
DA:46,133
DA:47,264
DA:51,264
DA:52,215
DA:55,215
DA:59,49
DA:61,49
DA:62,78
DA:67,78
DA:68,78
DA:72,78
DA:75,49
DA:78,131
DA:80,2
DA:81,2
DA:85,36
DA:89,264
DA:91,133
DA:94,131
DA:99,36
DA:102,67
DA:105,36
DA:108,66
DA:114,36
DA:115,61
DA:117,159
DA:118,159
DA:119,159
DA:122,61
DA:125,36
DA:126,286
DA:128,36
DA:130,36
LF:53
LH:53
BRDA:27,0,0,169
BRDA:27,0,1,155
BRDA:51,1,0,215
BRDA:51,1,1,49
BRDA:59,2,0,49
BRDA:59,2,1,49
BRDA:62,3,0,78
BRDA:62,3,1,66
BRDA:90,4,0,133
BRDA:90,4,1,131
BRDA:126,5,0,286
BRDA:126,5,1,71
BRF:12
BRH:12
end_of_record
TN:
SF:src/fsm/fsm.ts
FN:6,(anonymous_4)
FN:9,FSM
FN:20,(anonymous_6)
FN:24,(anonymous_7)
FN:28,(anonymous_8)
FN:32,(anonymous_9)
FN:36,(anonymous_10)
FN:150,(anonymous_11)
FN:153,(anonymous_12)
FNF:9
FNH:9
FNDA:17,(anonymous_4)
FNDA:309,FSM
FNDA:309,(anonymous_6)
FNDA:58,(anonymous_7)
FNDA:1482,(anonymous_8)
FNDA:309,(anonymous_9)
FNDA:309,(anonymous_10)
FNDA:4326,(anonymous_11)
FNDA:11124,(anonymous_12)
DA:1,17
DA:3,17
DA:4,17
DA:6,17
DA:10,309
DA:17,309
DA:20,17
DA:21,309
DA:24,17
DA:25,58
DA:28,17
DA:29,1482
DA:32,17
DA:33,309
DA:36,17
DA:37,309
DA:43,309
DA:49,309
DA:55,309
DA:61,309
DA:67,309
DA:73,309
DA:79,309
DA:85,309
DA:91,309
DA:97,309
DA:103,309
DA:109,309
DA:115,309
DA:117,309
DA:147,309
DA:150,17
DA:151,4326
DA:153,4326
DA:154,11124
DA:160,4326
DA:164,4326
DA:166,17
LF:38
LH:38
BRF:0
BRH:0
end_of_record
TN:
SF:src/fsm/state.ts
FN:1,(anonymous_0)
FNF:1
FNH:1
FNDA:20,(anonymous_0)
DA:1,20
DA:2,20
DA:3,20
DA:4,20
DA:5,20
DA:6,20
DA:7,20
DA:8,20
DA:9,20
DA:10,20
DA:11,20
DA:12,20
DA:13,20
DA:14,20
DA:15,20
LF:15
LH:15
BRDA:1,0,0,20
BRDA:1,0,1,20
BRF:2
BRH:2
end_of_record
TN:
SF:src/fsm/trigger.ts
FN:10,(anonymous_2)
FNF:1
FNH:1
FNDA:18,(anonymous_2)
DA:1,18
DA:3,18
DA:10,18
DA:11,18
DA:12,18
DA:13,18
LF:6
LH:6
BRDA:10,0,0,18
BRDA:10,0,1,18
BRF:2
BRH:2
end_of_record
TN:
SF:src/renderer/adscript-command.ts
FN:6,(anonymous_21)
FN:9,AdScriptCommand
FN:16,(anonymous_23)
FN:20,(anonymous_24)
FN:37,(anonymous_25)
FN:41,(anonymous_26)
FN:48,(anonymous_29)
FN:52,(anonymous_32)
FN:61,(anonymous_33)
FNF:9
FNH:4
FNDA:37,(anonymous_21)
FNDA:12,AdScriptCommand
FNDA:0,(anonymous_23)
FNDA:11,(anonymous_24)
FNDA:0,(anonymous_25)
FNDA:9,(anonymous_26)
FNDA:0,(anonymous_29)
FNDA:0,(anonymous_32)
FNDA:0,(anonymous_33)
DA:1,37
DA:2,37
DA:3,37
DA:4,37
DA:6,37
DA:10,12
DA:11,12
DA:12,12
DA:16,37
DA:20,37
DA:21,11
DA:23,11
DA:25,11
DA:27,11
DA:28,11
DA:29,10
DA:30,10
DA:31,10
DA:32,10
DA:37,37
DA:38,0
DA:41,37
DA:42,9
DA:43,9
DA:44,9
DA:45,18
DA:48,37
DA:49,0
DA:52,37
DA:53,0
DA:54,0
DA:55,0
DA:57,0
DA:61,37
DA:62,0
DA:64,37
LF:36
LH:29
BRDA:10,0,0,12
BRDA:10,0,1,12
BRDA:28,1,0,10
BRDA:28,1,1,1
BRDA:28,2,0,11
BRDA:28,2,1,11
BRDA:28,2,2,11
BRF:7
BRH:7
end_of_record
TN:
SF:src/renderer/empty-command.ts
FN:3,(anonymous_19)
FN:4,EmptyCommand
FN:8,(anonymous_21)
FN:13,(anonymous_24)
FN:17,(anonymous_25)
FNF:5
FNH:5
FNDA:36,(anonymous_19)
FNDA:1,EmptyCommand
FNDA:1,(anonymous_21)
FNDA:1,(anonymous_24)
FNDA:1,(anonymous_25)
DA:1,36
DA:3,36
DA:8,36
DA:9,1
DA:10,1
DA:13,36
DA:14,1
DA:17,36
DA:18,1
DA:20,36
LF:10
LH:10
BRDA:5,0,0,1
BRDA:5,0,1,1
BRF:2
BRH:2
end_of_record
TN:
SF:src/renderer/host-request-command.ts
FN:13,(anonymous_19)
FN:14,HostRequestCommand
FN:20,(anonymous_21)
FN:24,(anonymous_22)
FN:29,(anonymous_23)
FN:33,(anonymous_24)
FN:42,(anonymous_27)
FN:51,(anonymous_28)
FN:57,(anonymous_29)
FN:73,(anonymous_30)
FN:78,(anonymous_31)
FN:82,(anonymous_34)
FN:88,(anonymous_35)
FN:97,(anonymous_36)
FNF:14
FNH:12
FNDA:36,(anonymous_19)
FNDA:7,HostRequestCommand
FNDA:6,(anonymous_21)
FNDA:7,(anonymous_22)
FNDA:3,(anonymous_23)
FNDA:0,(anonymous_24)
FNDA:4,(anonymous_27)
FNDA:2,(anonymous_28)
FNDA:3,(anonymous_29)
FNDA:6,(anonymous_30)
FNDA:3,(anonymous_31)
FNDA:3,(anonymous_34)
FNDA:0,(anonymous_35)
FNDA:3,(anonymous_36)
DA:1,36
DA:9,36
DA:10,36
DA:11,36
DA:13,36
DA:15,7
DA:16,7
DA:20,36
DA:24,36
DA:25,7
DA:26,7
DA:29,36
DA:30,3
DA:33,36
DA:34,0
DA:35,0
DA:36,0
DA:37,0
DA:38,0
DA:42,40
DA:43,4
DA:44,4
DA:45,4
DA:46,4
DA:49,4
DA:50,4
DA:51,4
DA:52,2
DA:53,2
DA:57,4
DA:58,3
DA:59,3
DA:61,3
DA:62,1
DA:64,2
DA:65,2
DA:67,0
DA:73,36
DA:74,6
DA:75,6
DA:78,36
DA:79,3
DA:82,36
DA:83,3
DA:84,3
DA:85,3
DA:88,36
DA:89,0
DA:90,0
DA:91,0
DA:93,0
DA:97,36
DA:98,3
DA:100,36
LF:54
LH:44
BRDA:15,0,0,7
BRDA:15,0,1,7
BRDA:37,1,0,0
BRDA:37,1,1,0
BRDA:44,2,0,4
BRDA:44,2,1,0
BRDA:50,3,0,4
BRDA:50,3,1,0
BRDA:58,4,0,3
BRDA:58,4,1,0
BRDA:61,5,0,1
BRDA:61,5,1,2
BRDA:64,6,0,2
BRDA:64,6,1,0
BRDA:75,7,0,3
BRDA:75,7,1,3
BRDA:75,8,0,6
BRDA:75,8,1,0
BRDA:75,9,0,6
BRDA:75,9,1,6
BRF:20
BRH:13
end_of_record
TN:
SF:src/renderer/renderer.ts
FN:16,(anonymous_6)
FN:19,(anonymous_8)
FNF:2
FNH:2
FNDA:338,(anonymous_6)
FNDA:152,(anonymous_8)
DA:1,36
DA:3,36
DA:4,36
DA:5,36
DA:6,36
DA:7,36
DA:8,36
DA:9,36
DA:10,36
DA:11,36
DA:12,36
DA:13,36
DA:14,36
DA:16,36
DA:17,302
DA:19,36
DA:20,152
DA:22,64
DA:24,1
DA:26,41
DA:28,0
DA:30,39
DA:32,0
DA:34,0
DA:36,6
DA:38,1
DA:44,1
DA:45,1
DA:49,36
LF:29
LH:26
BRDA:21,0,0,64
BRDA:21,0,1,1
BRDA:21,0,2,41
BRDA:21,0,3,0
BRDA:21,0,4,39
BRDA:21,0,5,0
BRDA:21,0,6,0
BRDA:21,0,7,6
BRDA:21,0,8,1
BRF:9
BRH:6
end_of_record
TN:
SF:src/renderer/report-command.ts
FN:7,(anonymous_19)
FN:11,ReportCommand
FN:18,(anonymous_21)
FN:22,(anonymous_22)
FN:36,(anonymous_25)
FNF:5
FNH:5
FNDA:36,(anonymous_19)
FNDA:57,ReportCommand
FNDA:38,(anonymous_21)
FNDA:14,(anonymous_22)
FNDA:22,(anonymous_25)
DA:1,36
DA:7,36
DA:12,57
DA:13,57
DA:14,57
DA:15,57
DA:18,36
DA:19,38
DA:22,36
DA:27,15
DA:28,13
DA:29,26
DA:30,13
DA:31,13
DA:32,13
DA:36,36
DA:37,22
DA:39,36
LF:18
LH:18
BRDA:12,0,0,57
BRDA:12,0,1,57
BRDA:27,1,0,1
BRDA:27,1,1,13
BRF:4
BRH:4
end_of_record
TN:
SF:src/renderer/show-dynamic-view-command.ts
FN:7,(anonymous_19)
FN:15,(anonymous_20)
FN:19,ShowDynamicViewCommand
FN:23,(anonymous_22)
FN:30,(anonymous_25)
FN:39,(anonymous_26)
FN:49,(anonymous_27)
FN:53,(anonymous_30)
FN:57,(anonymous_31)
FN:66,(anonymous_32)
FN:74,(anonymous_33)
FN:93,(anonymous_34)
FN:106,(anonymous_35)
FN:110,(anonymous_36)
FNF:14
FNH:13
FNDA:36,(anonymous_19)
FNDA:36,(anonymous_20)
FNDA:10,ShowDynamicViewCommand
FNDA:1,(anonymous_22)
FNDA:8,(anonymous_25)
FNDA:8,(anonymous_26)
FNDA:1,(anonymous_27)
FNDA:1,(anonymous_30)
FNDA:0,(anonymous_31)
FNDA:8,(anonymous_32)
FNDA:6,(anonymous_33)
FNDA:6,(anonymous_34)
FNDA:1,(anonymous_35)
FNDA:6,(anonymous_36)
DA:2,36
DA:4,36
DA:5,36
DA:7,36
DA:8,36
DA:9,36
DA:10,36
DA:11,36
DA:12,36
DA:15,36
DA:16,36
DA:18,10
DA:20,10
DA:23,36
DA:24,1
DA:26,1
DA:27,2
DA:30,36
DA:31,8
DA:32,8
DA:34,0
DA:35,0
DA:39,36
DA:40,8
DA:41,8
DA:42,8
DA:44,1
DA:45,1
DA:49,36
DA:50,1
DA:53,36
DA:54,1
DA:57,36
DA:58,0
DA:59,0
DA:60,0
DA:62,0
DA:66,36
DA:70,8
DA:74,36
DA:75,6
DA:76,6
DA:77,6
DA:78,6
DA:79,0
DA:80,0
DA:81,0
DA:83,6
DA:84,4
DA:86,2
DA:87,2
DA:93,36
DA:94,6
DA:95,0
DA:98,0
DA:99,0
DA:101,6
DA:103,5
DA:106,36
DA:107,1
DA:110,36
DA:111,6
DA:114,6
DA:115,6
DA:117,36
LF:65
LH:53
BRDA:7,0,0,36
BRDA:7,0,1,36
BRDA:20,1,0,10
BRDA:20,1,1,0
BRDA:78,2,0,0
BRDA:78,2,1,6
BRDA:94,3,0,0
BRDA:94,3,1,6
BRF:8
BRH:5
end_of_record
TN:
SF:src/renderer/show-image-command.ts
FN:17,(anonymous_25)
FN:25,(anonymous_26)
FN:42,ShowImageCommand
FN:29,(anonymous_28)
FN:33,(anonymous_29)
FN:37,(anonymous_30)
FN:46,(anonymous_31)
FN:54,(anonymous_32)
FN:61,(anonymous_33)
FN:67,(anonymous_34)
FN:72,(anonymous_35)
FN:89,(anonymous_36)
FN:102,(anonymous_37)
FN:106,(anonymous_38)
FN:125,(anonymous_41)
FNF:15
FNH:15
FNDA:36,(anonymous_25)
FNDA:36,(anonymous_26)
FNDA:15,ShowImageCommand
FNDA:2,(anonymous_28)
FNDA:3,(anonymous_29)
FNDA:3,(anonymous_30)
FNDA:17,(anonymous_31)
FNDA:14,(anonymous_32)
FNDA:11,(anonymous_33)
FNDA:11,(anonymous_34)
FNDA:2,(anonymous_35)
FNDA:3,(anonymous_36)
FNDA:5,(anonymous_37)
FNDA:3,(anonymous_38)
FNDA:1,(anonymous_41)
DA:2,36
DA:12,36
DA:13,36
DA:14,36
DA:15,36
DA:17,36
DA:18,36
DA:19,36
DA:20,36
DA:21,36
DA:22,36
DA:25,36
DA:26,15
DA:27,15
DA:28,15
DA:30,2
DA:34,3
DA:38,3
DA:43,15
DA:46,36
DA:47,17
DA:50,17
DA:51,17
DA:54,36
DA:58,14
DA:61,36
DA:62,11
DA:63,11
DA:64,11
DA:67,36
DA:68,11
DA:69,11
DA:72,36
DA:73,2
DA:74,2
DA:76,2
DA:82,1
DA:84,1
DA:85,1
DA:89,36
DA:90,3
DA:91,3
DA:92,3
DA:93,3
DA:94,1
DA:97,0
DA:98,0
DA:102,36
DA:103,5
DA:106,36
DA:108,3
DA:109,5
DA:110,1
DA:111,1
DA:112,1
DA:113,1
DA:114,1
DA:115,2
DA:116,1
DA:120,0
DA:121,0
DA:125,36
DA:126,1
DA:127,1
DA:129,36
LF:65
LH:61
BRDA:17,0,0,36
BRDA:17,0,1,36
BRDA:43,1,0,15
BRDA:43,1,1,0
BRDA:93,2,0,1
BRDA:93,2,1,2
BRDA:109,3,0,2
BRDA:109,3,1,1
BRDA:113,4,0,0
BRDA:113,4,1,1
BRF:10
BRH:8
end_of_record
TN:
SF:src/renderer/show-video-command.ts
FN:40,(anonymous_21)
FN:50,(anonymous_22)
FN:67,ShowVideoCommand
FN:79,(anonymous_24)
FN:87,(anonymous_25)
FN:100,(anonymous_26)
FN:112,(anonymous_27)
FN:125,(anonymous_28)
FN:146,(anonymous_29)
FN:163,(anonymous_32)
FN:170,(anonymous_35)
FN:182,(anonymous_36)
FN:188,(anonymous_39)
FN:196,(anonymous_40)
FN:218,(anonymous_43)
FN:225,(anonymous_44)
FN:228,(anonymous_47)
FN:230,(anonymous_48)
FN:236,(anonymous_49)
FN:246,(anonymous_52)
FN:257,(anonymous_55)
FN:259,(anonymous_56)
FN:270,(anonymous_57)
FN:274,(anonymous_60)
FN:287,(anonymous_61)
FN:289,(anonymous_62)
FN:289,(anonymous_63)
FN:297,(anonymous_65)
FN:301,(anonymous_66)
FN:305,(anonymous_67)
FN:311,(anonymous_68)
FN:321,(anonymous_69)
FN:331,(anonymous_72)
FN:347,(anonymous_73)
FN:368,(anonymous_76)
FN:380,(anonymous_77)
FN:387,(anonymous_78)
FN:399,(anonymous_79)
FN:408,(anonymous_82)
FN:422,(anonymous_85)
FN:436,(anonymous_86)
FN:441,(anonymous_87)
FN:449,(anonymous_90)
FN:460,(anonymous_93)
FNF:44
FNH:40
FNDA:36,(anonymous_21)
FNDA:36,(anonymous_22)
FNDA:114,ShowVideoCommand
FNDA:63,(anonymous_24)
FNDA:6,(anonymous_25)
FNDA:24,(anonymous_26)
FNDA:22,(anonymous_27)
FNDA:16,(anonymous_28)
FNDA:2,(anonymous_29)
FNDA:1,(anonymous_32)
FNDA:125,(anonymous_35)
FNDA:6,(anonymous_36)
FNDA:1,(anonymous_39)
FNDA:2,(anonymous_40)
FNDA:4,(anonymous_43)
FNDA:4,(anonymous_44)
FNDA:4,(anonymous_47)
FNDA:2,(anonymous_48)
FNDA:8,(anonymous_49)
FNDA:1,(anonymous_52)
FNDA:114,(anonymous_55)
FNDA:204,(anonymous_56)
FNDA:8,(anonymous_57)
FNDA:20,(anonymous_60)
FNDA:109,(anonymous_61)
FNDA:436,(anonymous_62)
FNDA:436,(anonymous_63)
FNDA:3,(anonymous_65)
FNDA:3,(anonymous_66)
FNDA:0,(anonymous_67)
FNDA:1,(anonymous_68)
FNDA:0,(anonymous_69)
FNDA:2,(anonymous_72)
FNDA:5,(anonymous_73)
FNDA:15,(anonymous_76)
FNDA:2,(anonymous_77)
FNDA:0,(anonymous_78)
FNDA:1,(anonymous_79)
FNDA:4,(anonymous_82)
FNDA:109,(anonymous_85)
FNDA:2,(anonymous_86)
FNDA:1,(anonymous_87)
FNDA:3,(anonymous_90)
FNDA:0,(anonymous_93)
DA:2,36
DA:14,36
DA:29,36
DA:31,36
DA:32,36
DA:40,36
DA:41,36
DA:42,36
DA:50,36
DA:52,114
DA:55,114
DA:59,114
DA:60,114
DA:61,114
DA:67,114
DA:68,114
DA:69,114
DA:74,114
DA:75,114
DA:76,114
DA:79,36
DA:83,63
DA:87,36
DA:88,6
DA:89,6
DA:91,6
DA:92,6
DA:93,6
DA:96,0
DA:100,36
DA:101,24
DA:102,24
DA:103,24
DA:104,24
DA:105,24
DA:111,24
DA:112,24
DA:113,22
DA:116,24
DA:125,36
DA:126,16
DA:127,16
DA:128,16
DA:133,16
DA:134,15
DA:135,13
DA:136,13
DA:138,13
DA:146,36
DA:148,2
DA:149,0
DA:150,0
DA:153,0
DA:154,0
DA:155,0
DA:156,0
DA:160,4
DA:163,36
DA:164,1
DA:165,1
DA:166,1
DA:167,2
DA:170,36
DA:171,125
DA:175,125
DA:177,125
DA:178,125
DA:179,125
DA:182,36
DA:183,6
DA:184,6
DA:185,6
DA:188,36
DA:189,1
DA:190,1
DA:191,1
DA:196,36
DA:197,5
DA:198,1
DA:199,1
DA:201,1
DA:203,2
DA:204,0
DA:205,0
DA:208,1
DA:209,1
DA:210,1
DA:212,0
DA:218,36
DA:219,4
DA:220,4
DA:221,4
DA:225,36
DA:228,4
DA:229,4
DA:230,3
DA:231,2
DA:232,2
DA:236,4
DA:237,4
DA:238,2
DA:239,2
DA:240,2
DA:246,36
DA:247,1
DA:250,1
DA:251,1
DA:252,2
DA:253,0
DA:254,0
DA:257,114
DA:258,114
DA:259,51
DA:260,204
DA:261,204
DA:262,204
DA:267,114
DA:270,36
DA:271,8
DA:273,8
DA:274,8
DA:275,20
DA:279,8
DA:280,16
DA:281,8
DA:283,0
DA:287,109
DA:288,109
DA:289,436
DA:290,436
DA:291,864
DA:292,16
DA:297,36
DA:298,3
DA:301,36
DA:302,3
DA:305,36
DA:306,0
DA:307,0
DA:308,0
DA:311,36
DA:312,1
DA:317,1
DA:318,1
DA:321,36
DA:322,0
DA:323,0
DA:324,0
DA:331,36
DA:332,2
DA:333,2
DA:335,2
DA:341,2
DA:343,1
DA:347,36
DA:348,5
DA:349,5
DA:350,5
DA:364,1
DA:368,36
DA:369,15
DA:370,15
DA:371,10
DA:372,9
DA:373,9
DA:376,5
DA:380,38
DA:381,2
DA:382,2
DA:383,2
DA:385,2
DA:386,2
DA:387,2
DA:388,0
DA:390,2
DA:395,1
DA:399,36
DA:401,1
DA:402,2
DA:404,0
DA:408,36
DA:410,4
DA:411,4
DA:412,4
DA:413,5
DA:414,6
DA:415,3
DA:418,0
DA:422,36
DA:423,109
DA:424,109
DA:425,109
DA:428,109
DA:429,109
DA:432,0
DA:436,36
DA:437,2
DA:438,2
DA:441,36
DA:443,2
DA:445,0
DA:449,36
DA:450,6
DA:451,0
DA:452,0
DA:455,0
DA:456,0
DA:460,36
DA:461,0
DA:462,0
DA:463,0
DA:464,0
DA:465,0
DA:466,0
DA:469,0
DA:471,0
DA:474,0
DA:475,0
DA:478,0
DA:479,0
DA:480,0
DA:483,0
DA:488,0
DA:489,0
DA:490,0
DA:494,0
DA:499,0
DA:500,0
DA:503,36
LF:229
LH:181
BRDA:40,0,0,36
BRDA:40,0,1,36
BRDA:68,1,0,114
BRDA:68,1,1,0
BRDA:74,2,0,38
BRDA:74,2,1,76
BRDA:74,3,0,114
BRDA:74,3,1,114
BRDA:74,4,0,26
BRDA:74,4,1,88
BRDA:74,5,0,114
BRDA:74,5,1,114
BRDA:75,6,0,0
BRDA:75,6,1,114
BRDA:75,7,0,114
BRDA:75,7,1,114
BRDA:75,8,0,26
BRDA:75,8,1,88
BRDA:75,9,0,114
BRDA:75,9,1,114
BRDA:91,10,0,6
BRDA:91,10,1,0
BRDA:101,11,0,0
BRDA:101,11,1,24
BRDA:102,12,0,16
BRDA:102,12,1,8
BRDA:103,13,0,6
BRDA:103,13,1,18
BRDA:104,14,0,16
BRDA:104,14,1,8
BRDA:105,15,0,10
BRDA:105,15,1,14
BRDA:126,16,0,1
BRDA:126,16,1,15
BRDA:148,17,0,0
BRDA:148,17,1,2
BRDA:183,18,0,0
BRDA:183,18,1,6
BRDA:183,19,0,6
BRDA:183,19,1,6
BRDA:190,20,0,1
BRDA:190,20,1,0
BRDA:190,21,0,0
BRDA:190,21,1,1
BRDA:190,22,0,1
BRDA:190,22,1,1
BRDA:197,23,0,1
BRDA:197,23,1,1
BRDA:204,24,0,0
BRDA:204,24,1,0
BRDA:209,25,0,1
BRDA:209,25,1,0
BRDA:219,26,0,4
BRDA:219,26,1,0
BRDA:229,27,0,3
BRDA:229,27,1,1
BRDA:237,28,0,2
BRDA:237,28,1,2
BRDA:258,29,0,51
BRDA:258,29,1,63
BRDA:261,30,0,204
BRDA:261,30,1,0
BRDA:273,31,0,8
BRDA:273,31,1,0
BRDA:279,32,0,0
BRDA:279,32,1,8
BRDA:291,33,0,428
BRDA:291,33,1,8
BRDA:291,34,0,436
BRDA:291,34,1,88
BRDA:370,35,0,10
BRDA:370,35,1,5
BRDA:371,36,0,9
BRDA:371,36,1,1
BRDA:385,37,0,2
BRDA:385,37,1,0
BRDA:413,38,0,1
BRDA:413,38,1,3
BRDA:428,39,0,109
BRDA:428,39,1,0
BRDA:450,40,0,3
BRDA:450,40,1,0
BRDA:463,41,0,0
BRDA:463,41,1,0
BRDA:470,42,0,0
BRDA:470,42,1,0
BRDA:470,42,2,0
BRF:87
BRH:64
end_of_record
TN:
SF:src/renderer/squeeze-command.ts
FN:8,(anonymous_14)
FN:22,SqueezeCommand
FN:11,(anonymous_16)
FN:14,(anonymous_17)
FN:17,(anonymous_18)
FN:27,(anonymous_19)
FN:40,(anonymous_20)
FN:47,(anonymous_21)
FN:51,(anonymous_22)
FN:57,(anonymous_23)
FN:62,(anonymous_24)
FN:84,(anonymous_25)
FNF:12
FNH:8
FNDA:36,(anonymous_14)
FNDA:3,SqueezeCommand
FNDA:1,(anonymous_16)
FNDA:0,(anonymous_17)
FNDA:1,(anonymous_18)
FNDA:2,(anonymous_19)
FNDA:1,(anonymous_20)
FNDA:0,(anonymous_21)
FNDA:1,(anonymous_22)
FNDA:0,(anonymous_23)
FNDA:3,(anonymous_24)
FNDA:0,(anonymous_25)
DA:2,36
DA:5,36
DA:6,36
DA:8,36
DA:10,3
DA:12,1
DA:15,0
DA:18,1
DA:23,3
DA:24,3
DA:27,36
DA:28,2
DA:29,2
DA:40,36
DA:41,1
DA:42,1
DA:43,1
DA:47,36
DA:51,36
DA:52,1
DA:53,1
DA:57,36
DA:62,36
DA:63,3
DA:64,3
DA:67,2
DA:68,2
DA:69,2
DA:71,1
DA:74,1
DA:80,1
DA:84,36
DA:85,0
DA:89,36
LF:34
LH:32
BRDA:23,0,0,3
BRDA:23,0,1,3
BRF:2
BRH:2
end_of_record
TN:
SF:src/renderer/stop-experience-command.ts
FN:6,(anonymous_19)
FN:9,StopExperienceCommand
FN:15,(anonymous_21)
FN:19,(anonymous_22)
FN:34,(anonymous_25)
FNF:5
FNH:5
FNDA:36,(anonymous_19)
FNDA:40,StopExperienceCommand
FNDA:38,(anonymous_21)
FNDA:4,(anonymous_22)
FNDA:22,(anonymous_25)
DA:1,36
DA:6,36
DA:10,40
DA:11,40
DA:12,40
DA:15,36
DA:16,38
DA:19,36
DA:20,4
DA:26,4
DA:34,36
DA:35,22
DA:37,36
LF:13
LH:13
BRDA:10,0,0,40
BRDA:10,0,1,40
BRF:2
BRH:2
end_of_record
TN:
SF:src/renderer/xaaf-element-command.ts
FN:12,(anonymous_6)
FN:21,XaafElementCommand
FN:16,(anonymous_8)
FN:26,(anonymous_9)
FN:41,(anonymous_10)
FN:53,(anonymous_11)
FN:72,(anonymous_12)
FN:76,(anonymous_13)
FN:86,(anonymous_14)
FN:103,(anonymous_15)
FNF:10
FNH:8
FNDA:36,(anonymous_6)
FNDA:139,XaafElementCommand
FNDA:23,(anonymous_8)
FNDA:77,(anonymous_9)
FNDA:23,(anonymous_10)
FNDA:11,(anonymous_11)
FNDA:0,(anonymous_12)
FNDA:0,(anonymous_13)
FNDA:3,(anonymous_14)
FNDA:28,(anonymous_15)
DA:1,36
DA:8,36
DA:12,36
DA:15,139
DA:17,23
DA:22,139
DA:23,139
DA:26,36
DA:27,77
DA:28,77
DA:29,77
DA:31,51
DA:32,51
DA:41,36
DA:42,23
DA:43,23
DA:44,23
DA:46,2
DA:47,2
DA:53,36
DA:54,11
DA:55,11
DA:56,11
DA:57,4
DA:58,4
DA:59,4
DA:62,7
DA:63,6
DA:65,1
DA:66,1
DA:72,36
DA:73,0
DA:76,0
DA:77,0
DA:79,0
DA:80,0
DA:82,0
DA:86,36
DA:87,3
DA:88,3
DA:89,3
DA:91,3
DA:92,3
DA:93,3
DA:95,3
DA:96,3
DA:99,0
DA:103,36
DA:104,28
DA:105,3
DA:110,36
LF:51
LH:44
BRDA:22,0,0,139
BRDA:22,0,1,139
BRDA:56,1,0,4
BRDA:56,1,1,7
BRDA:86,2,0,2
BRDA:86,2,1,1
BRDA:88,3,0,3
BRDA:88,3,1,0
BRDA:91,4,0,3
BRDA:91,4,1,0
BRDA:95,5,0,3
BRDA:95,5,1,0
BRDA:104,6,0,3
BRDA:104,6,1,25
BRF:14
BRH:11
end_of_record
TN:
SF:src/services/config-service/config-service.ts
FN:12,(anonymous_8)
FN:17,(anonymous_9)
FN:23,(anonymous_11)
FN:27,(anonymous_12)
FN:34,(anonymous_13)
FN:38,(anonymous_14)
FN:42,(anonymous_15)
FN:47,(anonymous_16)
FN:65,(anonymous_17)
FN:70,(anonymous_18)
FN:74,(anonymous_19)
FN:78,(anonymous_20)
FN:82,(anonymous_21)
FN:87,(anonymous_22)
FN:91,(anonymous_23)
FN:96,(anonymous_24)
FN:100,(anonymous_25)
FN:105,(anonymous_26)
FN:110,(anonymous_27)
FN:114,(anonymous_28)
FN:118,(anonymous_29)
FN:122,(anonymous_30)
FN:126,(anonymous_31)
FN:131,(anonymous_32)
FN:135,(anonymous_33)
FN:139,(anonymous_34)
FN:143,(anonymous_35)
FN:147,(anonymous_36)
FN:151,(anonymous_37)
FN:155,(anonymous_38)
FN:159,(anonymous_39)
FN:163,(anonymous_40)
FN:167,(anonymous_41)
FN:171,(anonymous_42)
FN:175,(anonymous_43)
FN:179,(anonymous_44)
FN:183,(anonymous_45)
FN:187,(anonymous_46)
FN:191,(anonymous_47)
FN:195,(anonymous_48)
FN:199,(anonymous_49)
FN:203,(anonymous_50)
FN:207,(anonymous_51)
FN:211,(anonymous_52)
FN:215,(anonymous_53)
FN:219,(anonymous_54)
FN:223,(anonymous_55)
FN:227,(anonymous_56)
FN:231,(anonymous_57)
FN:235,(anonymous_58)
FN:248,(anonymous_59)
FN:256,(anonymous_60)
FN:268,(anonymous_61)
FN:273,(anonymous_62)
FN:277,(anonymous_63)
FN:281,(anonymous_64)
FN:285,(anonymous_65)
FN:289,(anonymous_66)
FN:293,(anonymous_67)
FN:298,(anonymous_68)
FNF:60
FNH:59
FNDA:39,(anonymous_8)
FNDA:318,(anonymous_9)
FNDA:1356,(anonymous_11)
FNDA:384,(anonymous_12)
FNDA:862,(anonymous_13)
FNDA:80,(anonymous_14)
FNDA:119,(anonymous_15)
FNDA:142,(anonymous_16)
FNDA:2,(anonymous_17)
FNDA:55,(anonymous_18)
FNDA:26,(anonymous_19)
FNDA:42,(anonymous_20)
FNDA:2,(anonymous_21)
FNDA:57,(anonymous_22)
FNDA:732,(anonymous_23)
FNDA:66,(anonymous_24)
FNDA:47,(anonymous_25)
FNDA:1,(anonymous_26)
FNDA:38,(anonymous_27)
FNDA:26,(anonymous_28)
FNDA:1,(anonymous_29)
FNDA:1,(anonymous_30)
FNDA:47,(anonymous_31)
FNDA:3,(anonymous_32)
FNDA:361,(anonymous_33)
FNDA:361,(anonymous_34)
FNDA:361,(anonymous_35)
FNDA:361,(anonymous_36)
FNDA:361,(anonymous_37)
FNDA:361,(anonymous_38)
FNDA:14,(anonymous_39)
FNDA:1,(anonymous_40)
FNDA:1,(anonymous_41)
FNDA:1,(anonymous_42)
FNDA:1,(anonymous_43)
FNDA:361,(anonymous_44)
FNDA:1,(anonymous_45)
FNDA:361,(anonymous_46)
FNDA:361,(anonymous_47)
FNDA:361,(anonymous_48)
FNDA:360,(anonymous_49)
FNDA:361,(anonymous_50)
FNDA:361,(anonymous_51)
FNDA:360,(anonymous_52)
FNDA:334,(anonymous_53)
FNDA:362,(anonymous_54)
FNDA:28,(anonymous_55)
FNDA:27,(anonymous_56)
FNDA:0,(anonymous_57)
FNDA:44,(anonymous_58)
FNDA:105,(anonymous_59)
FNDA:45,(anonymous_60)
FNDA:53,(anonymous_61)
FNDA:7,(anonymous_62)
FNDA:5,(anonymous_63)
FNDA:7,(anonymous_64)
FNDA:33,(anonymous_65)
FNDA:47,(anonymous_66)
FNDA:54,(anonymous_67)
FNDA:3,(anonymous_68)
DA:1,39
DA:2,39
DA:3,39
DA:12,39
DA:13,39
DA:14,39
DA:17,39
DA:18,279
DA:21,279
DA:23,39
DA:24,1356
DA:27,39
DA:28,384
DA:34,39
DA:35,862
DA:38,39
DA:39,80
DA:42,39
DA:43,119
DA:47,39
DA:51,142
DA:52,142
DA:53,142
DA:56,142
DA:57,12
DA:62,142
DA:66,2
DA:70,39
DA:71,55
DA:74,39
DA:75,26
DA:78,39
DA:79,42
DA:82,39
DA:83,2
DA:87,39
DA:88,57
DA:91,39
DA:92,732
DA:96,39
DA:97,66
DA:100,39
DA:101,47
DA:105,39
DA:106,1
DA:110,39
DA:111,38
DA:114,39
DA:115,26
DA:118,39
DA:119,1
DA:122,39
DA:123,1
DA:126,39
DA:127,47
DA:131,39
DA:132,3
DA:135,39
DA:136,361
DA:139,39
DA:140,361
DA:143,39
DA:144,361
DA:147,39
DA:148,361
DA:151,39
DA:152,361
DA:155,39
DA:156,361
DA:159,39
DA:160,14
DA:163,39
DA:164,1
DA:167,39
DA:168,1
DA:171,39
DA:172,1
DA:175,39
DA:176,1
DA:179,39
DA:180,361
DA:183,39
DA:184,1
DA:187,39
DA:188,361
DA:191,39
DA:192,361
DA:195,39
DA:196,361
DA:199,39
DA:200,360
DA:203,39
DA:204,361
DA:207,39
DA:208,361
DA:211,39
DA:212,360
DA:215,39
DA:216,334
DA:219,39
DA:220,362
DA:223,39
DA:224,28
DA:227,39
DA:228,27
DA:231,39
DA:232,0
DA:235,39
DA:236,44
DA:238,21
DA:240,13
DA:242,7
DA:244,3
DA:248,39
DA:249,105
DA:250,105
DA:256,39
DA:257,45
DA:258,45
DA:268,39
DA:269,53
DA:270,53
DA:273,39
DA:274,7
DA:278,5
DA:281,39
DA:282,7
DA:286,33
DA:289,39
DA:290,47
DA:294,54
DA:298,39
DA:300,3
DA:302,39
DA:303,39
LF:135
LH:134
BRDA:12,0,0,39
BRDA:12,0,1,39
BRDA:43,1,0,0
BRDA:43,1,1,119
BRDA:43,2,0,119
BRDA:43,2,1,119
BRDA:56,3,0,12
BRDA:56,3,1,130
BRDA:56,4,0,0
BRDA:56,4,1,142
BRDA:56,5,0,142
BRDA:56,5,1,142
BRDA:62,6,0,142
BRDA:62,6,1,0
BRDA:62,7,0,142
BRDA:62,7,1,142
BRDA:66,8,0,2
BRDA:66,8,1,0
BRDA:66,9,0,2
BRDA:66,9,1,2
BRDA:71,10,0,4
BRDA:71,10,1,51
BRDA:71,11,0,55
BRDA:71,11,1,55
BRDA:75,12,0,2
BRDA:75,12,1,24
BRDA:75,13,0,26
BRDA:75,13,1,26
BRDA:79,14,0,0
BRDA:79,14,1,42
BRDA:79,15,0,42
BRDA:79,15,1,42
BRDA:79,16,0,0
BRDA:79,16,1,42
BRDA:79,17,0,42
BRDA:79,17,1,42
BRDA:83,18,0,2
BRDA:83,18,1,0
BRDA:83,19,0,2
BRDA:83,19,1,2
BRDA:83,20,0,1
BRDA:83,20,1,1
BRDA:83,21,0,2
BRDA:83,21,1,2
BRDA:83,22,0,1
BRDA:83,22,1,1
BRDA:83,23,0,2
BRDA:83,23,1,2
BRDA:88,24,0,0
BRDA:88,24,1,57
BRDA:88,25,0,57
BRDA:88,25,1,57
BRDA:88,26,0,0
BRDA:88,26,1,57
BRDA:88,27,0,57
BRDA:88,27,1,57
BRDA:92,28,0,50
BRDA:92,28,1,682
BRDA:92,29,0,732
BRDA:92,29,1,732
BRDA:92,30,0,50
BRDA:92,30,1,682
BRDA:92,31,0,732
BRDA:92,31,1,732
BRDA:97,32,0,26
BRDA:97,32,1,40
BRDA:97,33,0,66
BRDA:97,33,1,66
BRDA:97,34,0,26
BRDA:97,34,1,40
BRDA:97,35,0,66
BRDA:97,35,1,66
BRDA:101,36,0,0
BRDA:101,36,1,47
BRDA:101,37,0,47
BRDA:101,37,1,47
BRDA:101,38,0,0
BRDA:101,38,1,47
BRDA:101,39,0,47
BRDA:101,39,1,47
BRDA:111,40,0,0
BRDA:111,40,1,38
BRDA:111,41,0,38
BRDA:111,41,1,38
BRDA:111,42,0,0
BRDA:111,42,1,38
BRDA:111,43,0,38
BRDA:111,43,1,38
BRDA:115,44,0,4
BRDA:115,44,1,22
BRDA:115,45,0,26
BRDA:115,45,1,26
BRDA:119,46,0,0
BRDA:119,46,1,1
BRDA:119,47,0,1
BRDA:119,47,1,1
BRDA:119,48,0,0
BRDA:119,48,1,1
BRDA:119,49,0,1
BRDA:119,49,1,1
BRDA:119,50,0,0
BRDA:119,50,1,1
BRDA:119,51,0,1
BRDA:119,51,1,1
BRDA:123,52,0,0
BRDA:123,52,1,1
BRDA:123,53,0,1
BRDA:123,53,1,1
BRDA:123,54,0,0
BRDA:123,54,1,1
BRDA:123,55,0,1
BRDA:123,55,1,1
BRDA:123,56,0,0
BRDA:123,56,1,1
BRDA:123,57,0,1
BRDA:123,57,1,1
BRDA:127,58,0,47
BRDA:127,58,1,2
BRDA:127,59,0,2
BRDA:127,59,1,45
BRDA:127,60,0,47
BRDA:127,60,1,47
BRDA:127,61,0,2
BRDA:127,61,1,45
BRDA:127,62,0,47
BRDA:127,62,1,47
BRDA:237,63,0,21
BRDA:237,63,1,13
BRDA:237,63,2,7
BRDA:237,63,3,3
BRDA:249,64,0,2
BRDA:249,64,1,103
BRDA:249,65,0,105
BRDA:249,65,1,105
BRDA:251,66,0,84
BRDA:251,66,1,21
BRDA:251,67,0,105
BRDA:251,67,1,105
BRDA:251,68,0,2
BRDA:251,68,1,103
BRDA:251,69,0,105
BRDA:251,69,1,105
BRDA:252,70,0,84
BRDA:252,70,1,21
BRDA:252,71,0,105
BRDA:252,71,1,105
BRDA:252,72,0,2
BRDA:252,72,1,103
BRDA:252,73,0,105
BRDA:252,73,1,105
BRDA:257,74,0,3
BRDA:257,74,1,42
BRDA:257,75,0,45
BRDA:257,75,1,45
BRDA:259,76,0,42
BRDA:259,76,1,3
BRDA:259,77,0,45
BRDA:259,77,1,45
BRDA:259,78,0,3
BRDA:259,78,1,42
BRDA:259,79,0,45
BRDA:259,79,1,45
BRDA:260,80,0,42
BRDA:260,80,1,3
BRDA:260,81,0,45
BRDA:260,81,1,45
BRDA:260,82,0,3
BRDA:260,82,1,42
BRDA:260,83,0,45
BRDA:260,83,1,45
BRDA:261,84,0,42
BRDA:261,84,1,3
BRDA:261,85,0,45
BRDA:261,85,1,45
BRDA:261,86,0,3
BRDA:261,86,1,42
BRDA:261,87,0,45
BRDA:261,87,1,45
BRDA:262,88,0,42
BRDA:262,88,1,3
BRDA:262,89,0,45
BRDA:262,89,1,45
BRDA:262,90,0,3
BRDA:262,90,1,42
BRDA:262,91,0,45
BRDA:262,91,1,45
BRDA:263,92,0,42
BRDA:263,92,1,3
BRDA:263,93,0,45
BRDA:263,93,1,45
BRDA:263,94,0,3
BRDA:263,94,1,42
BRDA:263,95,0,45
BRDA:263,95,1,45
BRDA:264,96,0,42
BRDA:264,96,1,3
BRDA:264,97,0,45
BRDA:264,97,1,45
BRDA:264,98,0,3
BRDA:264,98,1,42
BRDA:264,99,0,45
BRDA:264,99,1,45
BRDA:270,100,0,53
BRDA:270,100,1,0
BRDA:270,101,0,53
BRDA:270,101,1,53
BRDA:270,102,0,0
BRDA:270,102,1,53
BRDA:270,103,0,53
BRDA:270,103,1,53
BRDA:270,104,0,0
BRDA:270,104,1,53
BRDA:270,105,0,53
BRDA:270,105,1,53
BRDA:300,106,0,0
BRDA:300,106,1,3
BRDA:300,107,0,3
BRDA:300,107,1,3
BRDA:300,108,0,0
BRDA:300,108,1,3
BRDA:300,109,0,3
BRDA:300,109,1,3
BRF:222
BRH:198
end_of_record
TN:
SF:src/services/content-toggle-list-service/content-toggle-list-service.ts
FN:5,(anonymous_0)
FN:21,(anonymous_1)
FN:24,ContentToggleListService
FN:28,(anonymous_3)
FN:35,(anonymous_4)
FN:58,(anonymous_5)
FN:77,(anonymous_6)
FN:84,(anonymous_7)
FN:91,(anonymous_8)
FN:98,(anonymous_9)
FN:105,(anonymous_10)
FN:113,(anonymous_11)
FN:162,(anonymous_12)
FNF:13
FNH:12
FNDA:38,(anonymous_0)
FNDA:38,(anonymous_1)
FNDA:16,ContentToggleListService
FNDA:176,(anonymous_3)
FNDA:47,(anonymous_4)
FNDA:68,(anonymous_5)
FNDA:38,(anonymous_6)
FNDA:41,(anonymous_7)
FNDA:36,(anonymous_8)
FNDA:35,(anonymous_9)
FNDA:34,(anonymous_10)
FNDA:0,(anonymous_11)
FNDA:42,(anonymous_12)
DA:3,38
DA:4,38
DA:5,38
DA:6,38
DA:7,38
DA:8,38
DA:9,38
DA:10,38
DA:11,38
DA:12,38
DA:13,38
DA:14,38
DA:17,38
DA:18,38
DA:19,38
DA:21,38
DA:25,16
DA:28,38
DA:29,176
DA:30,16
DA:32,176
DA:35,38
DA:36,47
DA:37,47
DA:38,47
DA:39,2
DA:42,2
DA:45,45
DA:46,42
DA:47,42
DA:48,3
DA:49,2
DA:50,2
DA:52,1
DA:55,1
DA:58,38
DA:59,68
DA:60,40
DA:61,40
DA:62,9
DA:65,9
DA:67,31
DA:70,28
DA:74,59
DA:77,38
DA:78,38
DA:79,6
DA:81,32
DA:84,38
DA:85,41
DA:86,9
DA:88,32
DA:91,38
DA:92,36
DA:93,35
DA:95,1
DA:98,38
DA:99,35
DA:100,34
DA:102,1
DA:105,38
DA:106,34
DA:107,32
DA:109,2
DA:113,38
DA:117,0
DA:118,0
DA:119,0
DA:120,0
DA:121,0
DA:122,0
DA:123,0
DA:124,0
DA:127,0
DA:130,0
DA:133,0
DA:137,0
DA:138,0
DA:141,0
DA:144,0
DA:147,0
DA:151,0
DA:153,0
DA:156,0
DA:159,0
DA:162,38
DA:166,42
DA:168,42
DA:169,42
DA:170,2
DA:171,1
DA:175,1
DA:178,1
DA:180,1
DA:185,41
DA:188,3
DA:192,3
DA:195,3
DA:197,38
DA:202,38
DA:205,2
DA:209,2
DA:212,2
DA:214,36
DA:219,36
DA:222,1
DA:226,1
DA:229,1
DA:231,35
DA:236,35
DA:242,1
DA:246,1
DA:249,1
DA:251,34
DA:256,34
DA:259,2
DA:263,2
DA:266,2
DA:268,32
DA:273,32
DA:276,32
DA:278,38
LF:122
LH:102
BRDA:5,0,0,38
BRDA:5,0,1,38
BRDA:29,1,0,16
BRDA:29,1,1,160
BRDA:38,2,0,2
BRDA:38,2,1,45
BRDA:38,3,0,47
BRDA:38,3,1,47
BRDA:45,4,0,42
BRDA:45,4,1,3
BRDA:48,5,0,2
BRDA:48,5,1,1
BRDA:59,6,0,40
BRDA:59,6,1,28
BRDA:59,7,0,68
BRDA:59,7,1,68
BRDA:61,8,0,9
BRDA:61,8,1,31
BRDA:78,9,0,6
BRDA:78,9,1,32
BRDA:85,10,0,9
BRDA:85,10,1,32
BRDA:92,11,0,35
BRDA:92,11,1,1
BRDA:99,12,0,34
BRDA:99,12,1,1
BRDA:106,13,0,32
BRDA:106,13,1,2
BRDA:118,14,0,0
BRDA:118,14,1,0
BRDA:118,15,0,0
BRDA:118,15,1,0
BRDA:120,16,0,0
BRDA:120,16,1,0
BRDA:121,17,0,0
BRDA:121,17,1,0
BRDA:123,18,0,0
BRDA:123,18,1,0
BRDA:130,19,0,0
BRDA:130,19,1,0
BRDA:144,20,0,0
BRDA:144,20,1,0
BRDA:169,21,0,2
BRDA:169,21,1,40
BRDA:169,22,0,42
BRDA:169,22,1,2
BRDA:170,23,0,1
BRDA:170,23,1,1
BRDA:185,24,0,3
BRDA:185,24,1,38
BRDA:202,25,0,2
BRDA:202,25,1,36
BRDA:219,26,0,1
BRDA:219,26,1,35
BRDA:236,27,0,1
BRDA:236,27,1,34
BRDA:256,28,0,2
BRDA:256,28,1,32
BRF:58
BRH:44
end_of_record
TN:
SF:src/services/date-time-service/date-time-service.ts
FN:2,(anonymous_0)
FN:3,(anonymous_2)
FN:4,(anonymous_3)
FN:5,(anonymous_4)
FN:11,(anonymous_5)
FN:12,(anonymous_6)
FN:13,(anonymous_7)
FNF:7
FNH:4
FNDA:311,(anonymous_0)
FNDA:50,(anonymous_2)
FNDA:50,(anonymous_3)
FNDA:32,(anonymous_4)
FNDA:0,(anonymous_5)
FNDA:0,(anonymous_6)
FNDA:0,(anonymous_7)
DA:1,38
DA:2,38
DA:3,38
DA:4,50
DA:5,50
DA:6,32
DA:11,38
DA:12,0
DA:13,0
DA:14,0
DA:18,38
DA:19,38
LF:12
LH:9
BRF:0
BRH:0
end_of_record
TN:
SF:src/services/feature-flags-proxy-delegate/feature-flags-proxy-delegate.ts
FN:15,(anonymous_15)
FN:30,(anonymous_17)
FN:32,(anonymous_18)
FN:43,(anonymous_19)
FN:46,(anonymous_20)
FN:52,(anonymous_21)
FN:57,(anonymous_22)
FN:61,(anonymous_23)
FN:74,(anonymous_24)
FN:85,(anonymous_25)
FN:97,(anonymous_26)
FN:111,(anonymous_27)
FNF:12
FNH:11
FNDA:13,(anonymous_15)
FNDA:5,(anonymous_17)
FNDA:4,(anonymous_18)
FNDA:4,(anonymous_19)
FNDA:14,(anonymous_20)
FNDA:14,(anonymous_21)
FNDA:0,(anonymous_22)
FNDA:2,(anonymous_23)
FNDA:6,(anonymous_24)
FNDA:18,(anonymous_25)
FNDA:6,(anonymous_26)
FNDA:14,(anonymous_27)
DA:2,1
DA:3,1
DA:13,1
DA:15,13
DA:16,12
DA:17,12
DA:18,12
DA:21,12
DA:25,12
DA:26,12
DA:28,12
DA:30,12
DA:32,1
DA:33,4
DA:34,4
DA:35,4
DA:38,4
DA:39,4
DA:40,4
DA:43,4
DA:46,15
DA:47,14
DA:48,14
DA:49,14
DA:50,14
DA:52,14
DA:53,14
DA:57,1
DA:61,1
DA:62,2
DA:63,2
DA:64,2
DA:74,1
DA:75,6
DA:76,4
DA:78,6
DA:82,6
DA:85,1
DA:86,18
DA:97,1
DA:98,6
DA:99,6
DA:102,6
DA:103,6
DA:107,0
DA:111,1
DA:113,14
DA:116,14
DA:117,14
DA:118,0
DA:120,14
DA:123,14
DA:125,0
DA:126,0
DA:129,1
LF:55
LH:51
BRDA:33,0,0,4
BRDA:33,0,1,0
BRDA:33,1,0,0
BRDA:33,1,1,4
BRDA:33,2,0,4
BRDA:33,2,1,4
BRDA:35,3,0,0
BRDA:35,3,1,4
BRDA:35,4,0,4
BRDA:35,4,1,4
BRDA:75,5,0,4
BRDA:75,5,1,2
BRDA:117,6,0,0
BRDA:117,6,1,14
BRF:14
BRH:10
end_of_record
TN:
SF:src/services/feature-flags-service/feature-flags-service.ts
FN:4,(anonymous_19)
FN:21,(anonymous_21)
FN:23,(anonymous_22)
FN:31,(anonymous_23)
FN:31,(anonymous_24)
FN:33,(anonymous_26)
FN:5,(anonymous_27)
FN:9,(anonymous_28)
FN:13,(anonymous_29)
FN:35,(anonymous_30)
FN:36,(anonymous_31)
FN:40,(anonymous_32)
FN:44,(anonymous_33)
FN:48,(anonymous_34)
FN:52,(anonymous_35)
FN:56,(anonymous_36)
FN:60,(anonymous_37)
FN:64,(anonymous_38)
FN:68,(anonymous_39)
FN:72,(anonymous_40)
FN:76,(anonymous_41)
FN:80,(anonymous_42)
FN:84,(anonymous_43)
FNF:23
FNH:22
FNDA:89,(anonymous_19)
FNDA:24,(anonymous_21)
FNDA:13,(anonymous_22)
FNDA:2,(anonymous_23)
FNDA:4,(anonymous_24)
FNDA:5922,(anonymous_26)
FNDA:651,(anonymous_27)
FNDA:6013,(anonymous_28)
FNDA:33,(anonymous_29)
FNDA:580,(anonymous_30)
FNDA:6380,(anonymous_31)
FNDA:13,(anonymous_32)
FNDA:163,(anonymous_33)
FNDA:54,(anonymous_34)
FNDA:15,(anonymous_35)
FNDA:2,(anonymous_36)
FNDA:1,(anonymous_37)
FNDA:620,(anonymous_38)
FNDA:389,(anonymous_39)
FNDA:17,(anonymous_40)
FNDA:2,(anonymous_41)
FNDA:19,(anonymous_42)
FNDA:0,(anonymous_43)
DA:1,38
DA:2,38
DA:4,89
DA:5,38
DA:6,651
DA:9,38
DA:10,6013
DA:13,38
DA:14,33
DA:15,33
DA:17,0
DA:21,51
DA:23,51
DA:24,13
DA:31,51
DA:33,5922
DA:35,618
DA:36,6380
DA:37,580
DA:40,38
DA:41,13
DA:44,38
DA:45,163
DA:48,38
DA:49,54
DA:52,38
DA:53,15
DA:56,38
DA:57,2
DA:60,38
DA:61,1
DA:64,38
DA:65,620
DA:68,38
DA:69,389
DA:72,38
DA:73,17
DA:76,38
DA:77,2
DA:80,38
DA:81,19
DA:84,38
DA:85,0
DA:87,38
DA:89,38
LF:45
LH:43
BRDA:15,0,0,0
BRDA:15,0,1,33
BRDA:15,1,0,33
BRDA:15,1,1,33
BRDA:41,2,0,13
BRDA:41,2,1,8
BRF:6
BRH:5
end_of_record
TN:
SF:src/services/feature-flags-service/flag-container.ts
FN:5,(anonymous_0)
FNF:1
FNH:1
FNDA:38,(anonymous_0)
DA:3,38
DA:5,38
DA:6,38
DA:7,38
DA:8,38
DA:9,38
DA:10,38
DA:11,38
DA:12,38
DA:13,38
DA:14,38
DA:15,38
DA:16,38
DA:19,38
LF:14
LH:14
BRDA:5,0,0,38
BRDA:5,0,1,38
BRF:2
BRH:2
end_of_record
TN:
SF:src/services/logger-service/circular-log-container.ts
FN:3,(anonymous_2)
FN:8,CircularLogContainer
FN:14,(anonymous_4)
FN:22,(anonymous_5)
FN:25,(anonymous_6)
FN:35,(anonymous_7)
FNF:6
FNH:6
FNDA:7,(anonymous_2)
FNDA:35,CircularLogContainer
FNDA:66,(anonymous_4)
FNDA:2,(anonymous_5)
FNDA:103,(anonymous_6)
FNDA:327,(anonymous_7)
DA:3,7
DA:9,35
DA:10,35
DA:11,35
DA:14,7
DA:15,66
DA:16,66
DA:17,66
DA:19,66
DA:22,7
DA:23,2
DA:24,2
DA:25,2
DA:26,103
DA:27,33
DA:30,2
DA:31,2
DA:32,2
DA:35,7
DA:36,327
DA:38,7
LF:21
LH:21
BRDA:16,0,0,66
BRDA:16,0,1,0
BRDA:26,1,0,33
BRDA:26,1,1,70
BRF:4
BRH:3
end_of_record
TN:
SF:src/services/logger-service/console-logger.ts
FN:3,(anonymous_0)
FN:4,(anonymous_2)
FN:15,(anonymous_3)
FN:19,(anonymous_4)
FN:23,(anonymous_5)
FN:27,(anonymous_6)
FN:31,(anonymous_7)
FNF:7
FNH:7
FNDA:58,(anonymous_0)
FNDA:36,(anonymous_2)
FNDA:7,(anonymous_3)
FNDA:4,(anonymous_4)
FNDA:3,(anonymous_5)
FNDA:2,(anonymous_6)
FNDA:3,(anonymous_7)
DA:3,43
DA:4,43
DA:5,36
DA:6,8
DA:7,8
DA:8,7
DA:11,28
DA:15,43
DA:16,7
DA:19,43
DA:20,4
DA:23,43
DA:24,3
DA:27,43
DA:28,2
DA:31,43
DA:32,3
DA:34,43
LF:18
LH:18
BRDA:5,0,0,8
BRDA:5,0,1,28
BRDA:7,1,0,7
BRDA:7,1,1,1
BRF:4
BRH:4
end_of_record
TN:
SF:src/services/logger-service/log-time-capsule.ts
FN:1,(anonymous_0)
FN:6,LogTimeCapsule
FN:12,(anonymous_2)
FN:16,(anonymous_3)
FN:20,(anonymous_4)
FNF:5
FNH:5
FNDA:8,(anonymous_0)
FNDA:392,LogTimeCapsule
FNDA:356,(anonymous_2)
FNDA:356,(anonymous_3)
FNDA:356,(anonymous_4)
DA:1,8
DA:7,392
DA:8,392
DA:9,392
DA:12,8
DA:13,356
DA:16,8
DA:17,356
DA:20,8
DA:21,356
DA:23,8
LF:11
LH:11
BRF:0
BRH:0
end_of_record
TN:
SF:src/services/logger-service/logger-service.ts
FN:3,(anonymous_2)
FN:7,(anonymous_4)
FN:11,(anonymous_5)
FN:22,(anonymous_6)
FN:45,(anonymous_7)
FN:49,(anonymous_8)
FN:51,(anonymous_9)
FN:57,(anonymous_10)
FN:59,(anonymous_11)
FN:65,(anonymous_12)
FN:67,(anonymous_13)
FN:73,(anonymous_14)
FN:75,(anonymous_15)
FN:81,(anonymous_16)
FN:83,(anonymous_17)
FN:89,(anonymous_18)
FNF:16
FNH:15
FNDA:84,(anonymous_2)
FNDA:798,(anonymous_4)
FNDA:42,(anonymous_5)
FNDA:35,(anonymous_6)
FNDA:41,(anonymous_7)
FNDA:323,(anonymous_8)
FNDA:1,(anonymous_9)
FNDA:1426,(anonymous_10)
FNDA:238,(anonymous_11)
FNDA:784,(anonymous_12)
FNDA:110,(anonymous_13)
FNDA:8,(anonymous_14)
FNDA:5,(anonymous_15)
FNDA:150,(anonymous_16)
FNDA:33,(anonymous_17)
FNDA:0,(anonymous_18)
DA:1,42
DA:3,42
DA:5,42
DA:7,42
DA:8,798
DA:11,42
DA:13,42
DA:14,42
DA:15,75
DA:16,75
DA:17,41
DA:22,42
DA:23,35
DA:25,28
DA:27,7
DA:28,7
DA:30,2
DA:32,1
DA:34,1
DA:36,1
DA:38,1
DA:40,1
DA:45,42
DA:46,41
DA:49,42
DA:50,323
DA:51,2
DA:52,1
DA:57,42
DA:58,1426
DA:59,234
DA:60,238
DA:65,42
DA:66,784
DA:67,108
DA:68,110
DA:73,42
DA:74,8
DA:75,5
DA:76,5
DA:81,42
DA:82,150
DA:83,33
DA:84,33
DA:89,42
DA:90,0
DA:91,0
DA:94,42
DA:96,42
LF:49
LH:47
BRDA:16,0,0,41
BRDA:16,0,1,34
BRDA:23,1,0,28
BRDA:23,1,1,7
BRDA:29,2,0,2
BRDA:29,2,1,1
BRDA:29,2,2,1
BRDA:29,2,3,1
BRDA:29,2,4,1
BRDA:29,2,5,1
BRDA:50,3,0,2
BRDA:50,3,1,321
BRDA:58,4,0,234
BRDA:58,4,1,1192
BRDA:66,5,0,108
BRDA:66,5,1,676
BRDA:74,6,0,5
BRDA:74,6,1,3
BRDA:82,7,0,33
BRDA:82,7,1,117
BRDA:90,8,0,0
BRDA:90,8,1,0
BRF:22
BRH:20
end_of_record
TN:
SF:src/services/logger-service/new-relic-logger.ts
FN:18,(anonymous_19)
FN:27,NewRelicLogger
FN:35,(anonymous_21)
FN:39,(anonymous_22)
FN:44,(anonymous_23)
FN:49,(anonymous_24)
FN:55,(anonymous_25)
FN:60,(anonymous_26)
FN:65,(anonymous_27)
FN:71,(anonymous_28)
FN:76,(anonymous_29)
FN:81,(anonymous_30)
FN:87,(anonymous_31)
FN:91,(anonymous_32)
FN:96,(anonymous_33)
FN:101,(anonymous_34)
FN:108,(anonymous_35)
FN:119,(anonymous_38)
FN:126,(anonymous_39)
FN:128,(anonymous_40)
FN:133,(anonymous_41)
FN:143,(anonymous_42)
FN:168,(anonymous_43)
FNF:23
FNH:21
FNDA:6,(anonymous_19)
FNDA:34,NewRelicLogger
FNDA:386,(anonymous_21)
FNDA:221,(anonymous_22)
FNDA:178,(anonymous_23)
FNDA:42,(anonymous_24)
FNDA:31,(anonymous_25)
FNDA:22,(anonymous_26)
FNDA:8,(anonymous_27)
FNDA:134,(anonymous_28)
FNDA:115,(anonymous_29)
FNDA:18,(anonymous_30)
FNDA:1,(anonymous_31)
FNDA:4,(anonymous_32)
FNDA:3,(anonymous_33)
FNDA:0,(anonymous_34)
FNDA:386,(anonymous_35)
FNDA:1,(anonymous_38)
FNDA:30,(anonymous_39)
FNDA:30,(anonymous_40)
FNDA:0,(anonymous_41)
FNDA:355,(anonymous_42)
FNDA:355,(anonymous_43)
DA:1,6
DA:4,6
DA:5,6
DA:7,6
DA:8,6
DA:9,6
DA:10,6
DA:11,6
DA:18,6
DA:23,34
DA:28,34
DA:29,34
DA:31,34
DA:32,34
DA:35,6
DA:36,386
DA:39,6
DA:40,221
DA:41,1
DA:43,220
DA:45,178
DA:46,165
DA:50,42
DA:51,42
DA:55,6
DA:56,31
DA:57,1
DA:59,30
DA:61,22
DA:62,14
DA:66,8
DA:67,8
DA:71,6
DA:72,134
DA:73,1
DA:75,133
DA:77,115
DA:78,77
DA:82,18
DA:83,18
DA:87,6
DA:88,1
DA:91,6
DA:92,4
DA:93,1
DA:95,3
DA:97,3
DA:98,1
DA:102,0
DA:103,0
DA:108,6
DA:109,386
DA:110,325
DA:111,1
DA:113,325
DA:115,61
DA:119,6
DA:120,1
DA:121,0
DA:123,1
DA:124,1
DA:125,1
DA:126,1
DA:127,30
DA:129,30
DA:130,30
DA:134,0
DA:135,0
DA:139,1
DA:143,6
DA:144,355
DA:168,6
DA:169,355
DA:170,355
DA:171,355
DA:183,6
LF:76
LH:71
BRDA:40,0,0,1
BRDA:40,0,1,220
BRDA:40,1,0,221
BRDA:40,1,1,2
BRDA:45,2,0,165
BRDA:45,2,1,13
BRDA:45,3,0,178
BRDA:45,3,1,165
BRDA:56,4,0,1
BRDA:56,4,1,30
BRDA:56,5,0,31
BRDA:56,5,1,2
BRDA:61,6,0,14
BRDA:61,6,1,8
BRDA:61,7,0,22
BRDA:61,7,1,14
BRDA:72,8,0,1
BRDA:72,8,1,133
BRDA:72,9,0,134
BRDA:72,9,1,2
BRDA:77,10,0,77
BRDA:77,10,1,38
BRDA:77,11,0,115
BRDA:77,11,1,77
BRDA:88,12,0,1
BRDA:88,12,1,1
BRDA:92,13,0,1
BRDA:92,13,1,3
BRDA:92,14,0,4
BRDA:92,14,1,2
BRDA:97,15,0,1
BRDA:97,15,1,2
BRDA:97,16,0,3
BRDA:97,16,1,1
BRDA:109,17,0,325
BRDA:109,17,1,61
BRDA:110,18,0,1
BRDA:110,18,1,324
BRDA:120,19,0,0
BRDA:120,19,1,1
BRDA:124,20,0,1
BRDA:124,20,1,0
BRDA:129,21,0,30
BRDA:129,21,1,0
BRDA:129,22,0,30
BRDA:129,22,1,30
BRF:46
BRH:43
end_of_record
TN:
SF:src/services/logger-service/production-logger.ts
FN:4,(anonymous_0)
FN:9,ProductionLogger
FN:14,(anonymous_2)
FN:19,(anonymous_3)
FN:23,(anonymous_4)
FN:29,(anonymous_5)
FN:35,(anonymous_6)
FN:41,(anonymous_7)
FNF:8
FNH:8
FNDA:41,(anonymous_0)
FNDA:36,ProductionLogger
FNDA:28,(anonymous_2)
FNDA:8,(anonymous_3)
FNDA:236,(anonymous_4)
FNDA:112,(anonymous_5)
FNDA:7,(anonymous_6)
FNDA:34,(anonymous_7)
DA:4,41
DA:10,36
DA:11,36
DA:14,41
DA:15,28
DA:19,41
DA:23,41
DA:24,236
DA:25,220
DA:29,41
DA:30,112
DA:31,105
DA:35,41
DA:36,7
DA:37,5
DA:41,41
DA:42,34
DA:47,33
DA:50,41
LF:19
LH:19
BRDA:24,0,0,220
BRDA:24,0,1,16
BRDA:30,1,0,105
BRDA:30,1,1,7
BRDA:30,2,0,112
BRDA:30,2,1,9
BRDA:36,3,0,5
BRDA:36,3,1,2
BRDA:36,4,0,7
BRDA:36,4,1,4
BRDA:42,5,0,33
BRDA:42,5,1,1
BRDA:43,6,0,34
BRDA:43,6,1,4
BRDA:43,6,2,2
BRF:15
BRH:15
end_of_record
TN:
SF:src/services/login-service/login-service.ts
FN:30,(anonymous_21)
FN:33,(anonymous_23)
FN:37,(anonymous_24)
FN:41,(anonymous_25)
FN:45,(anonymous_26)
FN:49,(anonymous_27)
FN:53,(anonymous_28)
FN:57,(anonymous_29)
FN:61,(anonymous_30)
FN:65,(anonymous_31)
FN:69,(anonymous_32)
FN:89,(anonymous_35)
FN:145,(anonymous_38)
FN:172,(anonymous_41)
FN:217,(anonymous_44)
FN:230,(anonymous_47)
FN:234,(anonymous_48)
FN:240,(anonymous_49)
FN:247,(anonymous_50)
FN:275,(anonymous_53)
FN:280,(anonymous_54)
FN:292,(anonymous_55)
FN:296,(anonymous_56)
FN:302,(anonymous_57)
FN:337,(anonymous_60)
FN:385,(anonymous_61)
FN:408,(anonymous_62)
FN:417,(anonymous_63)
FN:426,(anonymous_64)
FN:435,(anonymous_65)
FN:448,(anonymous_66)
FN:469,(anonymous_69)
FN:470,(anonymous_70)
FN:473,(anonymous_71)
FN:475,(anonymous_72)
FN:478,(anonymous_73)
FN:482,(anonymous_74)
FN:491,(anonymous_77)
FNF:38
FNH:34
FNDA:314,(anonymous_21)
FNDA:579,(anonymous_23)
FNDA:210,(anonymous_24)
FNDA:57,(anonymous_25)
FNDA:181,(anonymous_26)
FNDA:88,(anonymous_27)
FNDA:47,(anonymous_28)
FNDA:29,(anonymous_29)
FNDA:180,(anonymous_30)
FNDA:181,(anonymous_31)
FNDA:30,(anonymous_32)
FNDA:41,(anonymous_35)
FNDA:9,(anonymous_38)
FNDA:9,(anonymous_41)
FNDA:29,(anonymous_44)
FNDA:30,(anonymous_47)
FNDA:29,(anonymous_48)
FNDA:33,(anonymous_49)
FNDA:9,(anonymous_50)
FNDA:38,(anonymous_53)
FNDA:33,(anonymous_54)
FNDA:47,(anonymous_55)
FNDA:33,(anonymous_56)
FNDA:3,(anonymous_57)
FNDA:15,(anonymous_60)
FNDA:20,(anonymous_61)
FNDA:0,(anonymous_62)
FNDA:1,(anonymous_63)
FNDA:6,(anonymous_64)
FNDA:6,(anonymous_65)
FNDA:0,(anonymous_66)
FNDA:1,(anonymous_69)
FNDA:0,(anonymous_70)
FNDA:2,(anonymous_71)
FNDA:0,(anonymous_72)
FNDA:38,(anonymous_73)
FNDA:53,(anonymous_74)
FNDA:85,(anonymous_77)
DA:1,37
DA:2,37
DA:18,37
DA:20,37
DA:21,37
DA:23,37
DA:25,37
DA:26,37
DA:30,37
DA:31,277
DA:32,277
DA:33,37
DA:34,579
DA:37,37
DA:38,210
DA:41,37
DA:42,57
DA:45,37
DA:46,181
DA:49,37
DA:50,88
DA:53,37
DA:54,47
DA:57,37
DA:58,29
DA:61,37
DA:62,180
DA:65,37
DA:66,181
DA:69,37
DA:74,30
DA:76,30
DA:77,30
DA:78,30
DA:85,25
DA:86,25
DA:89,37
DA:94,41
DA:96,41
DA:98,50
DA:100,32
DA:104,32
DA:105,26
DA:106,26
DA:107,3
DA:111,0
DA:121,38
DA:122,38
DA:123,38
DA:129,31
DA:130,29
DA:132,9
DA:135,9
DA:136,4
DA:137,0
DA:140,29
DA:141,58
DA:142,29
DA:145,37
DA:146,9
DA:147,9
DA:148,9
DA:149,9
DA:150,9
DA:155,4
DA:156,4
DA:157,4
DA:159,8
DA:169,4
DA:172,37
DA:173,9
DA:174,9
DA:175,9
DA:177,18
DA:179,6
DA:180,6
DA:191,0
DA:203,3
DA:213,3
DA:217,37
DA:218,58
DA:230,37
DA:231,30
DA:234,37
DA:235,29
DA:236,29
DA:237,26
DA:240,37
DA:241,33
DA:242,33
DA:243,33
DA:244,33
DA:247,37
DA:253,9
DA:254,9
DA:259,4
DA:260,4
DA:262,5
DA:265,5
DA:269,5
DA:270,0
DA:271,0
DA:275,37
DA:276,38
DA:277,38
DA:280,37
DA:281,33
DA:282,33
DA:283,33
DA:285,2
DA:292,37
DA:293,47
DA:296,37
DA:297,33
DA:298,10
DA:302,37
DA:306,3
DA:307,3
DA:308,3
DA:312,0
DA:315,0
DA:318,0
DA:320,3
DA:321,3
DA:322,3
DA:323,3
DA:324,3
DA:327,0
DA:328,0
DA:329,0
DA:331,0
DA:337,37
DA:338,15
DA:339,15
DA:341,1
DA:343,0
DA:347,6
DA:348,6
DA:349,6
DA:350,6
DA:351,6
DA:354,0
DA:355,0
DA:356,0
DA:357,0
DA:360,1
DA:361,1
DA:362,1
DA:363,1
DA:366,3
DA:367,3
DA:368,3
DA:369,3
DA:372,4
DA:373,4
DA:374,2
DA:376,2
DA:377,2
DA:378,2
DA:379,2
DA:385,37
DA:387,20
DA:388,8
DA:389,8
DA:390,12
DA:391,6
DA:392,6
DA:393,6
DA:394,3
DA:395,3
DA:397,3
DA:398,3
DA:401,20
DA:402,2
DA:405,20
DA:408,37
DA:409,0
DA:417,37
DA:418,1
DA:426,37
DA:427,6
DA:435,37
DA:436,6
DA:437,6
DA:438,6
DA:439,6
DA:440,6
DA:441,6
DA:445,6
DA:448,37
DA:453,0
DA:454,0
DA:455,0
DA:457,0
DA:459,0
DA:460,0
DA:461,0
DA:462,0
DA:464,0
DA:465,0
DA:469,37
DA:470,1
DA:473,37
DA:474,2
DA:475,2
DA:478,37
DA:479,38
DA:482,37
DA:484,53
DA:485,53
DA:487,4
DA:491,37
DA:492,85
DA:494,37
DA:495,37
LF:215
LH:187
BRDA:66,0,0,181
BRDA:66,0,1,139
BRDA:74,1,0,21
BRDA:74,1,1,9
BRDA:94,2,0,11
BRDA:94,2,1,30
BRDA:98,3,0,9
BRDA:98,3,1,32
BRDA:104,4,0,26
BRDA:104,4,1,6
BRDA:106,5,0,3
BRDA:106,5,1,23
BRDA:106,6,0,26
BRDA:106,6,1,3
BRDA:165,7,0,0
BRDA:165,7,1,4
BRDA:179,8,0,6
BRDA:179,8,1,0
BRDA:186,9,0,0
BRDA:186,9,1,6
BRDA:197,10,0,0
BRDA:197,10,1,0
BRDA:209,11,0,0
BRDA:209,11,1,3
BRDA:259,12,0,0
BRDA:259,12,1,4
BRDA:259,13,0,4
BRDA:259,13,1,4
BRDA:297,14,0,10
BRDA:297,14,1,23
BRDA:307,15,0,3
BRDA:307,15,1,0
BRDA:307,16,0,0
BRDA:307,16,1,3
BRDA:307,17,0,3
BRDA:307,17,1,3
BRDA:309,18,0,0
BRDA:309,18,1,0
BRDA:309,18,2,0
BRDA:309,18,3,0
BRDA:309,18,4,3
BRDA:309,18,5,0
BRDA:322,19,0,0
BRDA:322,19,1,3
BRDA:322,20,0,3
BRDA:322,20,1,3
BRDA:328,21,0,0
BRDA:328,21,1,0
BRDA:340,22,0,1
BRDA:340,22,1,0
BRDA:340,22,2,2
BRDA:340,22,3,4
BRDA:340,22,4,6
BRDA:340,22,5,0
BRDA:340,22,6,1
BRDA:340,22,7,3
BRDA:340,22,8,4
BRDA:368,23,0,0
BRDA:368,23,1,3
BRDA:368,24,0,3
BRDA:368,24,1,3
BRDA:373,25,0,2
BRDA:373,25,1,2
BRDA:387,26,0,8
BRDA:387,26,1,12
BRDA:389,27,0,2
BRDA:389,27,1,6
BRDA:389,28,0,8
BRDA:389,28,1,8
BRDA:390,29,0,6
BRDA:390,29,1,6
BRDA:390,30,0,5
BRDA:390,30,1,7
BRDA:390,31,0,12
BRDA:390,31,1,11
BRDA:391,32,0,0
BRDA:391,32,1,6
BRDA:391,33,0,6
BRDA:391,33,1,6
BRDA:392,34,0,0
BRDA:392,34,1,6
BRDA:392,35,0,6
BRDA:392,35,1,6
BRDA:393,36,0,3
BRDA:393,36,1,3
BRDA:394,37,0,0
BRDA:394,37,1,3
BRDA:394,38,0,3
BRDA:394,38,1,3
BRDA:398,39,0,2
BRDA:398,39,1,1
BRDA:398,40,0,3
BRDA:398,40,1,3
BRDA:401,41,0,2
BRDA:401,41,1,18
BRDA:402,42,0,0
BRDA:402,42,1,2
BRDA:402,43,0,2
BRDA:402,43,1,2
BRDA:436,44,0,0
BRDA:436,44,1,6
BRDA:436,45,0,6
BRDA:436,45,1,6
BRDA:436,46,0,0
BRDA:436,46,1,6
BRDA:436,47,0,6
BRDA:436,47,1,6
BRDA:454,48,0,0
BRDA:454,48,1,0
BRDA:460,49,0,0
BRDA:460,49,1,0
BRDA:460,50,0,0
BRDA:460,50,1,0
BRDA:460,51,0,0
BRDA:460,51,1,0
BRDA:460,52,0,0
BRDA:460,52,1,0
BRDA:461,53,0,0
BRDA:461,53,1,0
BRF:119
BRH:81
end_of_record
TN:
SF:src/services/report-service/report-service.ts
FN:34,(anonymous_17)
FN:51,ReportService
FN:47,(anonymous_19)
FN:55,(anonymous_20)
FN:59,(anonymous_21)
FN:82,(anonymous_22)
FN:86,(anonymous_23)
FN:94,(anonymous_24)
FN:98,(anonymous_25)
FN:102,(anonymous_26)
FN:132,(anonymous_29)
FN:137,(anonymous_32)
FN:157,(anonymous_35)
FN:161,(anonymous_38)
FN:170,(anonymous_39)
FN:200,(anonymous_40)
FN:214,(anonymous_41)
FN:221,(anonymous_44)
FN:229,(anonymous_47)
FN:252,(anonymous_50)
FN:272,(anonymous_53)
FN:276,(anonymous_54)
FN:284,(anonymous_55)
FN:288,(anonymous_56)
FN:294,(anonymous_57)
FN:297,(anonymous_58)
FN:305,(anonymous_59)
FN:316,(anonymous_60)
FN:326,(anonymous_61)
FN:365,(anonymous_62)
FN:369,(anonymous_63)
FN:395,(anonymous_64)
FN:419,(anonymous_65)
FN:430,(anonymous_66)
FN:438,(anonymous_67)
FN:456,(anonymous_68)
FN:465,(anonymous_69)
FNF:37
FNH:37
FNDA:37,(anonymous_17)
FNDA:43,ReportService
FNDA:639,(anonymous_19)
FNDA:454,(anonymous_20)
FNDA:60,(anonymous_21)
FNDA:686,(anonymous_22)
FNDA:53,(anonymous_23)
FNDA:53,(anonymous_24)
FNDA:1,(anonymous_25)
FNDA:2,(anonymous_26)
FNDA:27,(anonymous_29)
FNDA:28,(anonymous_32)
FNDA:547,(anonymous_35)
FNDA:542,(anonymous_38)
FNDA:580,(anonymous_39)
FNDA:542,(anonymous_40)
FNDA:542,(anonymous_41)
FNDA:38,(anonymous_44)
FNDA:580,(anonymous_47)
FNDA:45,(anonymous_50)
FNDA:163,(anonymous_53)
FNDA:187,(anonymous_54)
FNDA:30,(anonymous_55)
FNDA:542,(anonymous_56)
FNDA:37,(anonymous_57)
FNDA:777,(anonymous_58)
FNDA:580,(anonymous_59)
FNDA:542,(anonymous_60)
FNDA:541,(anonymous_61)
FNDA:580,(anonymous_62)
FNDA:37,(anonymous_63)
FNDA:537,(anonymous_64)
FNDA:537,(anonymous_65)
FNDA:2883,(anonymous_66)
FNDA:107,(anonymous_67)
FNDA:33,(anonymous_68)
FNDA:16,(anonymous_69)
DA:3,37
DA:4,37
DA:5,37
DA:6,37
DA:7,37
DA:24,37
DA:27,37
DA:34,37
DA:38,43
DA:39,43
DA:40,43
DA:41,43
DA:42,43
DA:47,37
DA:48,639
DA:52,43
DA:55,37
DA:56,454
DA:59,37
DA:60,60
DA:61,37
DA:62,37
DA:63,37
DA:64,37
DA:65,37
DA:66,37
DA:67,37
DA:68,0
DA:71,0
DA:73,37
DA:74,37
DA:76,23
DA:82,37
DA:83,686
DA:86,37
DA:87,53
DA:88,48
DA:90,5
DA:94,37
DA:95,53
DA:98,37
DA:99,1
DA:102,37
DA:103,2
DA:104,2
DA:105,1
DA:106,1
DA:108,1
DA:111,1
DA:113,1
DA:117,1
DA:119,0
DA:120,0
DA:121,0
DA:122,0
DA:129,0
DA:132,37
DA:133,27
DA:134,27
DA:137,37
DA:138,28
DA:139,28
DA:140,28
DA:141,28
DA:153,0
DA:157,37
DA:158,1094
DA:161,37
DA:163,542
DA:165,542
DA:166,542
DA:167,542
DA:170,37
DA:172,580
DA:174,580
DA:175,580
DA:177,580
DA:191,580
DA:192,110
DA:193,10
DA:197,580
DA:200,37
DA:204,542
DA:205,542
DA:206,542
DA:211,542
DA:214,542
DA:215,542
DA:216,542
DA:217,542
DA:218,542
DA:221,37
DA:223,38
DA:225,38
DA:226,38
DA:229,37
DA:230,608
DA:231,552
DA:233,28
DA:234,1
DA:237,27
DA:240,54
DA:242,0
DA:252,37
DA:257,45
DA:258,22
DA:260,23
DA:261,23
DA:262,23
DA:269,23
DA:272,37
DA:273,163
DA:276,37
DA:277,187
DA:278,186
DA:280,1
DA:284,37
DA:285,30
DA:288,37
DA:289,542
DA:290,49
DA:294,37
DA:295,37
DA:296,37
DA:297,37
DA:298,777
DA:302,37
DA:305,37
DA:306,580
DA:307,580
DA:316,37
DA:317,542
DA:322,78
DA:326,37
DA:327,541
DA:328,541
DA:330,27
DA:332,128
DA:333,128
DA:337,84
DA:341,9
DA:342,9
DA:344,75
DA:346,84
DA:348,302
DA:349,302
DA:351,541
DA:352,66
DA:357,475
DA:362,541
DA:365,37
DA:366,580
DA:369,37
DA:370,37
DA:395,37
DA:396,537
DA:397,512
DA:401,148
DA:403,364
DA:406,537
DA:407,537
DA:408,537
DA:409,339
DA:411,537
DA:412,2883
DA:413,2883
DA:416,537
DA:419,37
DA:420,537
DA:430,37
DA:431,2883
DA:433,890
DA:434,890
DA:438,37
DA:442,107
DA:456,37
DA:458,33
DA:459,33
DA:461,33
DA:462,33
DA:465,37
DA:466,16
DA:468,37
DA:470,37
LF:184
LH:175
BRDA:60,0,0,37
BRDA:60,0,1,23
BRDA:67,1,0,0
BRDA:67,1,1,37
BRDA:87,2,0,48
BRDA:87,2,1,5
BRDA:104,3,0,1
BRDA:104,3,1,1
BRDA:120,4,0,0
BRDA:120,4,1,0
BRDA:121,5,0,0
BRDA:121,5,1,0
BRDA:133,6,0,0
BRDA:133,6,1,27
BRDA:139,7,0,28
BRDA:139,7,1,0
BRDA:163,8,0,0
BRDA:163,8,1,542
BRDA:172,9,0,0
BRDA:172,9,1,580
BRDA:191,10,0,110
BRDA:191,10,1,470
BRDA:191,11,0,580
BRDA:191,11,1,501
BRDA:191,11,2,500
BRDA:192,12,0,10
BRDA:192,12,1,100
BRDA:214,13,0,64
BRDA:214,13,1,478
BRDA:223,14,0,0
BRDA:223,14,1,38
BRDA:230,15,0,28
BRDA:230,15,1,552
BRDA:233,16,0,1
BRDA:233,16,1,27
BRDA:257,17,0,22
BRDA:257,17,1,23
BRDA:277,18,0,186
BRDA:277,18,1,1
BRDA:289,19,0,49
BRDA:289,19,1,493
BRDA:289,20,0,542
BRDA:289,20,1,516
BRDA:299,21,0,2
BRDA:299,21,1,775
BRDA:298,22,0,777
BRDA:298,22,1,567
BRDA:317,23,0,78
BRDA:317,23,1,464
BRDA:318,24,0,542
BRDA:318,24,1,513
BRDA:318,24,2,487
BRDA:329,25,0,27
BRDA:329,25,1,128
BRDA:329,25,2,54
BRDA:329,25,3,69
BRDA:329,25,4,84
BRDA:329,25,5,302
BRDA:337,26,0,9
BRDA:337,26,1,75
BRDA:338,27,0,84
BRDA:338,27,1,82
BRDA:338,28,0,0
BRDA:338,28,1,84
BRDA:338,29,0,84
BRDA:338,29,1,84
BRDA:338,30,0,0
BRDA:338,30,1,84
BRDA:338,31,0,84
BRDA:338,31,1,84
BRDA:339,32,0,0
BRDA:339,32,1,82
BRDA:339,33,0,82
BRDA:339,33,1,82
BRDA:339,34,0,0
BRDA:339,34,1,82
BRDA:339,35,0,82
BRDA:339,35,1,82
BRDA:351,36,0,66
BRDA:351,36,1,475
BRDA:351,37,0,541
BRDA:351,37,1,498
BRDA:396,38,0,512
BRDA:396,38,1,25
BRDA:397,39,0,148
BRDA:397,39,1,364
BRDA:398,40,0,512
BRDA:398,40,1,385
BRDA:398,40,2,43
BRDA:408,41,0,339
BRDA:408,41,1,198
BRDA:431,42,0,890
BRDA:431,42,1,1993
BRDA:458,43,0,28
BRDA:458,43,1,5
BRDA:459,44,0,33
BRDA:459,44,1,0
BRF:97
BRH:82
end_of_record
TN:
SF:src/services/rest-api-service/resiliency-functions.ts
FN:14,(anonymous_19)
FN:20,(anonymous_20)
FN:28,(anonymous_21)
FN:30,(anonymous_22)
FN:31,(anonymous_23)
FN:53,_handleAuthError
FN:109,refreshTokenPromise
FN:113,(anonymous_28)
FN:118,(anonymous_29)
FN:119,(anonymous_30)
FN:129,loginPromise
FN:134,(anonymous_34)
FN:138,(anonymous_35)
FN:139,(anonymous_36)
FN:149,_retryFunctionUntilSucceeds
FN:163,(anonymous_40)
FN:169,(anonymous_43)
FNF:17
FNH:17
FNDA:11,(anonymous_19)
FNDA:11,(anonymous_20)
FNDA:25,(anonymous_21)
FNDA:7,(anonymous_22)
FNDA:17,(anonymous_23)
FNDA:12,_handleAuthError
FNDA:6,refreshTokenPromise
FNDA:6,(anonymous_28)
FNDA:2,(anonymous_29)
FNDA:4,(anonymous_30)
FNDA:9,loginPromise
FNDA:9,(anonymous_34)
FNDA:1,(anonymous_35)
FNDA:8,(anonymous_36)
FNDA:6,_retryFunctionUntilSucceeds
FNDA:3,(anonymous_40)
FNDA:2,(anonymous_43)
DA:1,37
DA:2,37
DA:3,37
DA:4,37
DA:5,37
DA:6,37
DA:8,37
DA:10,37
DA:11,37
DA:12,37
DA:14,37
DA:15,11
DA:16,11
DA:17,11
DA:18,11
DA:20,11
DA:21,11
DA:22,0
DA:24,11
DA:25,11
DA:26,11
DA:28,11
DA:29,25
DA:30,7
DA:32,17
DA:33,2
DA:34,2
DA:37,17
DA:39,17
DA:40,1
DA:41,16
DA:44,14
DA:45,14
DA:50,11
DA:53,37
DA:59,12
DA:61,12
DA:62,0
DA:63,0
DA:65,12
DA:66,12
DA:69,12
DA:70,12
DA:89,12
DA:90,12
DA:92,12
DA:96,1
DA:97,1
DA:99,11
DA:100,11
DA:101,11
DA:103,0
DA:110,6
DA:111,6
DA:113,6
DA:114,6
DA:115,6
DA:116,6
DA:118,2
DA:120,4
DA:121,4
DA:124,0
DA:130,9
DA:131,9
DA:132,9
DA:134,9
DA:135,9
DA:136,9
DA:138,1
DA:140,8
DA:141,8
DA:144,0
DA:149,37
DA:151,6
DA:159,6
DA:160,6
DA:163,37
DA:164,3
DA:167,3
DA:169,37
DA:170,2
DA:172,2
LF:82
LH:76
BRDA:15,0,0,7
BRDA:15,0,1,4
BRDA:17,1,0,5
BRDA:17,1,1,6
BRDA:18,2,0,5
BRDA:18,2,1,6
BRDA:21,3,0,0
BRDA:21,3,1,11
BRDA:32,4,0,2
BRDA:32,4,1,15
BRDA:39,5,0,1
BRDA:39,5,1,16
BRDA:39,6,0,17
BRDA:39,6,1,1
BRDA:41,7,0,14
BRDA:41,7,1,2
BRDA:44,8,0,0
BRDA:44,8,1,14
BRDA:61,9,0,0
BRDA:61,9,1,12
BRDA:65,10,0,12
BRDA:65,10,1,0
BRDA:65,11,0,0
BRDA:65,11,1,12
BRDA:65,12,0,12
BRDA:65,12,1,12
BRDA:66,13,0,12
BRDA:66,13,1,0
BRDA:66,14,0,0
BRDA:66,14,1,12
BRDA:66,15,0,12
BRDA:66,15,1,12
BRDA:93,16,0,0
BRDA:93,16,1,1
BRDA:93,16,2,1
BRDA:93,16,3,11
BRDA:100,17,0,11
BRDA:100,17,1,0
BRDA:115,18,0,6
BRDA:115,18,1,0
BRDA:135,19,0,9
BRDA:135,19,1,0
BRDA:151,20,0,0
BRDA:151,20,1,6
BRDA:159,21,0,5
BRDA:159,21,1,1
BRDA:159,22,0,6
BRDA:159,22,1,6
BRDA:164,23,0,0
BRDA:164,23,1,3
BRDA:170,24,0,0
BRDA:170,24,1,2
BRF:52
BRH:38
end_of_record
TN:
SF:src/services/rest-api-service/rest-api-service.ts
FN:20,(anonymous_15)
FN:183,(anonymous_17)
FN:192,(anonymous_18)
FN:23,(anonymous_19)
FN:27,(anonymous_20)
FN:31,(anonymous_21)
FN:35,(anonymous_22)
FN:39,(anonymous_23)
FN:43,(anonymous_24)
FN:47,(anonymous_25)
FN:64,(anonymous_28)
FN:91,(anonymous_29)
FN:106,(anonymous_32)
FN:119,(anonymous_35)
FN:128,(anonymous_38)
FN:137,(anonymous_41)
FN:145,(anonymous_44)
FN:154,(anonymous_47)
FN:163,(anonymous_48)
FN:175,(anonymous_51)
FNF:20
FNH:20
FNDA:74,(anonymous_15)
FNDA:82,(anonymous_17)
FNDA:92,(anonymous_18)
FNDA:92,(anonymous_19)
FNDA:185,(anonymous_20)
FNDA:108,(anonymous_21)
FNDA:1,(anonymous_22)
FNDA:13,(anonymous_23)
FNDA:30,(anonymous_24)
FNDA:30,(anonymous_25)
FNDA:30,(anonymous_28)
FNDA:47,(anonymous_29)
FNDA:13,(anonymous_32)
FNDA:40,(anonymous_35)
FNDA:12,(anonymous_38)
FNDA:5,(anonymous_41)
FNDA:4,(anonymous_44)
FNDA:4,(anonymous_47)
FNDA:9,(anonymous_48)
FNDA:12,(anonymous_51)
DA:1,37
DA:2,37
DA:4,37
DA:18,37
DA:20,74
DA:23,37
DA:24,92
DA:27,37
DA:28,185
DA:31,37
DA:32,108
DA:35,37
DA:36,1
DA:39,37
DA:40,13
DA:43,37
DA:44,30
DA:47,37
DA:48,30
DA:49,30
DA:50,30
DA:54,30
DA:56,12
DA:58,12
DA:61,30
DA:64,37
DA:67,30
DA:68,0
DA:74,30
DA:75,17
DA:76,13
DA:77,10
DA:78,1
DA:79,1
DA:87,0
DA:91,37
DA:95,47
DA:97,47
DA:98,47
DA:100,41
DA:102,6
DA:106,37
DA:109,13
DA:111,13
DA:113,12
DA:115,1
DA:119,37
DA:121,40
DA:123,40
DA:124,40
DA:125,40
DA:128,37
DA:130,12
DA:132,12
DA:133,12
DA:134,12
DA:137,37
DA:139,5
DA:141,5
DA:142,5
DA:145,37
DA:147,4
DA:149,4
DA:150,4
DA:151,4
DA:154,37
DA:155,4
DA:157,4
DA:158,1
DA:159,1
DA:163,37
DA:169,9
DA:170,9
DA:171,9
DA:172,9
DA:175,37
DA:176,12
DA:177,12
DA:183,37
DA:187,82
DA:192,92
DA:197,37
DA:199,37
LF:83
LH:81
BRDA:36,0,0,1
BRDA:36,0,1,1
BRDA:44,1,0,30
BRDA:44,1,1,18
BRDA:44,1,2,17
BRDA:67,2,0,0
BRDA:67,2,1,30
BRDA:74,3,0,17
BRDA:74,3,1,13
BRDA:76,4,0,10
BRDA:76,4,1,1
BRDA:78,5,0,1
BRDA:78,5,1,0
BRDA:95,6,0,11
BRDA:95,6,1,36
BRDA:99,7,0,41
BRDA:99,7,1,6
BRDA:109,8,0,6
BRDA:109,8,1,7
BRDA:112,9,0,12
BRDA:112,9,1,1
BRDA:121,10,0,10
BRDA:121,10,1,30
BRDA:130,11,0,6
BRDA:130,11,1,6
BRDA:139,12,0,1
BRDA:139,12,1,4
BRDA:147,13,0,0
BRDA:147,13,1,4
BRDA:157,14,0,1
BRDA:157,14,1,3
BRF:31
BRH:28
end_of_record
TN:
SF:src/services/token-service/token-service.ts
FN:6,(anonymous_6)
FN:11,(anonymous_7)
FN:17,(anonymous_9)
FN:21,(anonymous_10)
FN:25,(anonymous_11)
FN:29,(anonymous_12)
FN:33,(anonymous_13)
FN:37,(anonymous_14)
FN:44,(anonymous_15)
FN:49,(anonymous_16)
FN:64,(anonymous_17)
FN:68,(anonymous_18)
FNF:12
FNH:12
FNDA:38,(anonymous_6)
FNDA:310,(anonymous_7)
FNDA:76,(anonymous_9)
FNDA:37,(anonymous_10)
FNDA:37,(anonymous_11)
FNDA:1,(anonymous_12)
FNDA:1,(anonymous_13)
FNDA:29,(anonymous_14)
FNDA:38,(anonymous_15)
FNDA:53,(anonymous_16)
FNDA:36,(anonymous_17)
FNDA:36,(anonymous_18)
DA:1,38
DA:2,38
DA:3,38
DA:4,38
DA:6,38
DA:7,38
DA:8,38
DA:9,38
DA:11,38
DA:17,38
DA:18,76
DA:21,38
DA:22,37
DA:25,38
DA:26,37
DA:29,38
DA:30,1
DA:33,38
DA:34,1
DA:37,38
DA:38,29
DA:39,29
DA:40,26
DA:41,26
DA:44,38
DA:45,38
DA:46,38
DA:49,38
DA:50,53
DA:51,53
DA:52,7
DA:55,46
DA:58,46
DA:59,1
DA:61,45
DA:64,38
DA:65,36
DA:68,38
DA:69,36
DA:71,38
DA:72,38
LF:41
LH:41
BRDA:6,0,0,38
BRDA:6,0,1,38
BRDA:51,1,0,7
BRDA:51,1,1,46
BRDA:58,2,0,1
BRDA:58,2,1,45
BRF:6
BRH:6
end_of_record
TN:
SF:src/services/validator-service/validator-service.ts
FN:2,(anonymous_6)
FN:3,(anonymous_8)
FNF:2
FNH:2
FNDA:70,(anonymous_6)
FNDA:103,(anonymous_8)
DA:1,35
DA:2,35
DA:3,35
DA:4,103
DA:6,35
DA:7,35
LF:6
LH:6
BRF:0
BRH:0
end_of_record
TN:
SF:src/utils/array-helper.ts
FN:4,(anonymous_4)
FN:5,(anonymous_6)
FN:6,(anonymous_7)
FN:9,(anonymous_8)
FN:11,(anonymous_9)
FN:17,(anonymous_10)
FN:21,(anonymous_11)
FN:27,(anonymous_12)
FN:31,(anonymous_13)
FN:39,(anonymous_14)
FN:52,(anonymous_15)
FNF:11
FNH:11
FNDA:39,(anonymous_4)
FNDA:733,(anonymous_6)
FNDA:1820,(anonymous_7)
FNDA:2,(anonymous_8)
FNDA:9,(anonymous_9)
FNDA:108,(anonymous_10)
FNDA:165,(anonymous_11)
FNDA:70,(anonymous_12)
FNDA:70,(anonymous_13)
FNDA:95,(anonymous_14)
FNDA:63,(anonymous_15)
DA:2,39
DA:4,39
DA:5,39
DA:6,1820
DA:9,39
DA:10,2
DA:11,2
DA:12,9
DA:14,2
DA:17,39
DA:18,108
DA:19,4
DA:21,165
DA:22,165
DA:23,165
DA:27,39
DA:28,70
DA:31,39
DA:32,70
DA:33,68
DA:35,2
DA:39,39
DA:40,95
DA:52,39
DA:53,63
DA:54,95
DA:55,95
DA:56,95
DA:60,63
DA:62,39
LF:30
LH:30
BRDA:18,0,0,4
BRDA:18,0,1,104
BRDA:28,1,0,70
BRDA:28,1,1,70
BRDA:32,2,0,68
BRDA:32,2,1,2
BRDA:55,3,0,95
BRDA:55,3,1,0
BRF:8
BRH:7
end_of_record
TN:
SF:src/utils/date-helper.ts
FN:3,(anonymous_0)
FN:6,(anonymous_2)
FN:12,(anonymous_3)
FN:22,(anonymous_4)
FN:32,(anonymous_5)
FN:54,(anonymous_6)
FN:70,(anonymous_7)
FNF:7
FNH:7
FNDA:40,(anonymous_0)
FNDA:54,(anonymous_2)
FNDA:23,(anonymous_3)
FNDA:23,(anonymous_4)
FNDA:23,(anonymous_5)
FNDA:9,(anonymous_6)
FNDA:461,(anonymous_7)
DA:1,40
DA:3,40
DA:4,40
DA:6,40
DA:7,54
DA:8,54
DA:9,54
DA:12,40
DA:13,23
DA:22,40
DA:23,23
DA:24,23
DA:25,23
DA:26,23
DA:27,23
DA:28,23
DA:29,23
DA:32,40
DA:33,23
DA:34,23
DA:35,23
DA:50,23
DA:51,23
DA:54,40
DA:55,9
DA:56,1
DA:58,8
DA:59,1
DA:60,1
DA:70,461
DA:71,461
DA:73,40
LF:32
LH:32
BRDA:26,0,0,0
BRDA:26,0,1,23
BRDA:55,1,0,1
BRDA:55,1,1,8
BRDA:55,2,0,9
BRDA:55,2,1,8
BRDA:70,3,0,461
BRDA:70,3,1,0
BRDA:71,4,0,461
BRDA:71,4,1,243
BRF:10
BRH:8
end_of_record
TN:
SF:src/utils/uuid-generator.ts
FN:3,(anonymous_1)
FN:4,(anonymous_3)
FNF:2
FNH:2
FNDA:38,(anonymous_1)
FNDA:238,(anonymous_3)
DA:1,38
DA:3,38
DA:4,38
DA:5,238
DA:7,38
LF:5
LH:5
BRF:0
BRH:0
end_of_record
