<?xml version="1.0" encoding="UTF-8"?>
<testsuites name="jest tests" tests="653" failures="0" time="125.956">
  <testsuite name="dateTimeService" errors="0" failures="0" skipped="0" timestamp="2024-02-20T05:08:30" time="54.307" tests="1">
    <testcase classname="dateTimeService delay method, should resolve the promise after spesified delay" name="dateTimeService delay method, should resolve the promise after spesified delay" time="0.004">
    </testcase>
  </testsuite>
  <testsuite name="circular logger container" errors="0" failures="0" skipped="0" timestamp="2024-02-20T05:08:29" time="57.901" tests="1">
    <testcase classname="circular logger container Fill a logger container and empty it" name="circular logger container Fill a logger container and empty it" time="0.092">
    </testcase>
  </testsuite>
  <testsuite name="console logger functions" errors="0" failures="0" skipped="0" timestamp="2024-02-20T05:08:29" time="58.306" tests="8">
    <testcase classname="console logger functions request a console logger gets one" name="console logger functions request a console logger gets one" time="0.195">
    </testcase>
    <testcase classname="console logger functions request a console logger off gets null" name="console logger functions request a console logger off gets null" time="0.001">
    </testcase>
    <testcase classname="console logger functions request nothing console logger off gets null" name="console logger functions request nothing console logger off gets null" time="0.199">
    </testcase>
    <testcase classname="console logger functions request verbose logging calls console log only" name="console logger functions request verbose logging calls console log only" time="0.003">
    </testcase>
    <testcase classname="console logger functions request debug logging calls console debug only" name="console logger functions request debug logging calls console debug only" time="0.002">
    </testcase>
    <testcase classname="console logger functions request info logging calls console info only" name="console logger functions request info logging calls console info only" time="0.001">
    </testcase>
    <testcase classname="console logger functions request warn logging calls console warn only" name="console logger functions request warn logging calls console warn only" time="0.001">
    </testcase>
    <testcase classname="console logger functions request error logging calls console error only" name="console logger functions request error logging calls console error only" time="0.001">
    </testcase>
  </testsuite>
  <testsuite name="ArrayHelper functions" errors="0" failures="0" skipped="0" timestamp="2024-02-20T05:08:29" time="59.705" tests="6">
    <testcase classname="ArrayHelper functions convertMapToArray gets a map with a string key and a string value" name="ArrayHelper functions convertMapToArray gets a map with a string key and a string value" time="0.004">
    </testcase>
    <testcase classname="ArrayHelper functions convertMapToArray gets an empty map" name="ArrayHelper functions convertMapToArray gets an empty map" time="0.001">
    </testcase>
    <testcase classname="mapToRecord function mapToRecord functions succeeds" name="mapToRecord function mapToRecord functions succeeds" time="0.001">
    </testcase>
    <testcase classname="mapToRecord function checks mapToRecord helper function" name="mapToRecord function checks mapToRecord helper function" time="0.002">
    </testcase>
    <testcase classname=" given record validateMapObject should return map" name=" given record validateMapObject should return map" time="0">
    </testcase>
    <testcase classname=" given map validateMapObject should return map" name=" given map validateMapObject should return map" time="0.001">
    </testcase>
  </testsuite>
  <testsuite name="undefined" errors="0" failures="0" skipped="0" timestamp="2024-02-20T05:08:29" time="61.804" tests="10">
    <testcase classname=" setup console logger and call debug" name=" setup console logger and call debug" time="0.004">
    </testcase>
    <testcase classname=" setup console logger and call verbose" name=" setup console logger and call verbose" time="0.001">
    </testcase>
    <testcase classname=" setup console logger with info and call debug" name=" setup console logger with info and call debug" time="0">
    </testcase>
    <testcase classname=" setup console logger with error and call error" name=" setup console logger with error and call error" time="0.001">
    </testcase>
    <testcase classname=" setup no console logger with info and call debug" name=" setup no console logger with info and call debug" time="0.086">
    </testcase>
    <testcase classname=" setup no console logger with info and call verbose" name=" setup no console logger with info and call verbose" time="0.001">
    </testcase>
    <testcase classname=" making sure extract log level behaves" name=" making sure extract log level behaves" time="0.002">
    </testcase>
    <testcase classname=" multiple init but maintaining a single console logger call warn" name=" multiple init but maintaining a single console logger call warn" time="0.001">
    </testcase>
    <testcase classname=" multiple init but maintaining a single console logger call error" name=" multiple init but maintaining a single console logger call error" time="0.002">
    </testcase>
    <testcase classname=" specifically instantiate production and console logs console.debug once" name=" specifically instantiate production and console logs console.debug once" time="0.001">
    </testcase>
  </testsuite>
  <testsuite name="undefined" errors="0" failures="0" skipped="0" timestamp="2024-02-20T05:09:27" time="4.49" tests="1">
    <testcase classname=" instantiate log time capsule and get things" name=" instantiate log time capsule and get things" time="0.001">
    </testcase>
  </testsuite>
  <testsuite name="DateHelper functions" errors="0" failures="0" skipped="1" timestamp="2024-02-20T05:08:29" time="62.691" tests="8">
    <testcase classname="DateHelper functions getMeasurementParams with clientFormattedTimeStamp param validate 22.03.2020 14:05:38 +120 date format" name="DateHelper functions getMeasurementParams with clientFormattedTimeStamp param validate 22.03.2020 14:05:38 +120 date format" time="0.005">
    </testcase>
    <testcase classname="DateHelper functions calcDuration test" name="DateHelper functions calcDuration test" time="0.589">
    </testcase>
    <testcase classname="DateHelper functions should throw an error if no playerStartTime and no playerStopTime" name="DateHelper functions should throw an error if no playerStartTime and no playerStopTime" time="0.008">
    </testcase>
    <testcase classname="DateHelper functions castEpochToDate function gets an epoch and return a date" name="DateHelper functions castEpochToDate function gets an epoch and return a date" time="0.001">
    </testcase>
    <testcase classname="DateHelper functions castDateToEpoch function gets a date and return an epoch" name="DateHelper functions castDateToEpoch function gets a date and return an epoch" time="0">
    </testcase>
    <testcase classname="DateHelper functions between - good range" name="DateHelper functions between - good range" time="0.089">
    </testcase>
    <testcase classname="DateHelper functions between - bad ranges" name="DateHelper functions between - bad ranges" time="0.001">
    </testcase>
    <testcase classname="DateHelper functions verify Client TimeOff Set in client timestamp string" name="DateHelper functions verify Client TimeOff Set in client timestamp string" time="0">
      <skipped/>
    </testcase>
  </testsuite>
  <testsuite name="undefined" errors="0" failures="0" skipped="0" timestamp="2024-02-20T05:09:24" time="9.489" tests="1">
    <testcase classname=" uuid generator to return a value that is in format backend expects" name=" uuid generator to return a value that is in format backend expects" time="0.003">
    </testcase>
  </testsuite>
  <testsuite name="FSM states tests" errors="0" failures="0" skipped="0" timestamp="2024-02-20T05:08:29" time="67.802" tests="146">
    <testcase classname="FSM states tests STATE_CREATED tests Move to STATE_CREATED, should not change state" name="FSM states tests STATE_CREATED tests Move to STATE_CREATED, should not change state" time="0.086">
    </testcase>
    <testcase classname="FSM states tests STATE_CREATED tests Move to STATE_STARTING, should not change state" name="FSM states tests STATE_CREATED tests Move to STATE_STARTING, should not change state" time="0">
    </testcase>
    <testcase classname="FSM states tests STATE_CREATED tests Move to STATE_STARTED, should not change state" name="FSM states tests STATE_CREATED tests Move to STATE_STARTED, should not change state" time="0.001">
    </testcase>
    <testcase classname="FSM states tests STATE_CREATED tests Move to STATE_PLAYING, should not change state" name="FSM states tests STATE_CREATED tests Move to STATE_PLAYING, should not change state" time="0">
    </testcase>
    <testcase classname="FSM states tests STATE_CREATED tests Move to STATE_PAUSING, should not change state" name="FSM states tests STATE_CREATED tests Move to STATE_PAUSING, should not change state" time="0">
    </testcase>
    <testcase classname="FSM states tests STATE_CREATED tests Move to STATE_PAUSED, should not change state" name="FSM states tests STATE_CREATED tests Move to STATE_PAUSED, should not change state" time="0">
    </testcase>
    <testcase classname="FSM states tests STATE_CREATED tests Move to STATE_RESUMING, should not change state" name="FSM states tests STATE_CREATED tests Move to STATE_RESUMING, should not change state" time="0">
    </testcase>
    <testcase classname="FSM states tests STATE_CREATED tests Move to STATE_RESUMED, should not change state" name="FSM states tests STATE_CREATED tests Move to STATE_RESUMED, should not change state" time="0.001">
    </testcase>
    <testcase classname="FSM states tests STATE_CREATED tests Move to STATE_STOPPED, should not change state" name="FSM states tests STATE_CREATED tests Move to STATE_STOPPED, should not change state" time="0">
    </testcase>
    <testcase classname="FSM states tests STATE_CREATED tests Move to STATE_TERMINATED, should not change state" name="FSM states tests STATE_CREATED tests Move to STATE_TERMINATED, should not change state" time="0.001">
    </testcase>
    <testcase classname="FSM states tests STATE_INITIATING tests Move to STATE_CREATED, should not change state" name="FSM states tests STATE_INITIATING tests Move to STATE_CREATED, should not change state" time="0">
    </testcase>
    <testcase classname="FSM states tests STATE_INITIATING tests Move to STATE_STARTED, should not change state" name="FSM states tests STATE_INITIATING tests Move to STATE_STARTED, should not change state" time="0.001">
    </testcase>
    <testcase classname="FSM states tests STATE_INITIATING tests Move to STATE_PLAYING, should not change state" name="FSM states tests STATE_INITIATING tests Move to STATE_PLAYING, should not change state" time="0">
    </testcase>
    <testcase classname="FSM states tests STATE_INITIATING tests Move to STATE_PAUSING, should not change state" name="FSM states tests STATE_INITIATING tests Move to STATE_PAUSING, should not change state" time="0">
    </testcase>
    <testcase classname="FSM states tests STATE_INITIATING tests Move to STATE_PAUSED, should not change state" name="FSM states tests STATE_INITIATING tests Move to STATE_PAUSED, should not change state" time="0">
    </testcase>
    <testcase classname="FSM states tests STATE_INITIATING tests Move to STATE_RESUMING, should not change state" name="FSM states tests STATE_INITIATING tests Move to STATE_RESUMING, should not change state" time="0.001">
    </testcase>
    <testcase classname="FSM states tests STATE_INITIATING tests Move to STATE_RESUMED, should not change state" name="FSM states tests STATE_INITIATING tests Move to STATE_RESUMED, should not change state" time="0">
    </testcase>
    <testcase classname="FSM states tests STATE_INITIATING tests Move to STATE_STOPPED, should not change state" name="FSM states tests STATE_INITIATING tests Move to STATE_STOPPED, should not change state" time="0">
    </testcase>
    <testcase classname="FSM states tests STATE_INITIATING tests Move to STATE_TERMINATED, should not change state" name="FSM states tests STATE_INITIATING tests Move to STATE_TERMINATED, should not change state" time="0.001">
    </testcase>
    <testcase classname="FSM states tests STATE_LOADED tests Move to STATE_CREATED, should not change state" name="FSM states tests STATE_LOADED tests Move to STATE_CREATED, should not change state" time="0">
    </testcase>
    <testcase classname="FSM states tests STATE_LOADED tests Move to STATE_INITIATING, should not change state" name="FSM states tests STATE_LOADED tests Move to STATE_INITIATING, should not change state" time="0">
    </testcase>
    <testcase classname="FSM states tests STATE_LOADED tests Move to STATE_STARTED, should not change state" name="FSM states tests STATE_LOADED tests Move to STATE_STARTED, should not change state" time="0">
    </testcase>
    <testcase classname="FSM states tests STATE_LOADED tests Move to STATE_PLAYING, should not change state" name="FSM states tests STATE_LOADED tests Move to STATE_PLAYING, should not change state" time="0.001">
    </testcase>
    <testcase classname="FSM states tests STATE_LOADED tests Move to STATE_PAUSING, should not change state" name="FSM states tests STATE_LOADED tests Move to STATE_PAUSING, should not change state" time="0">
    </testcase>
    <testcase classname="FSM states tests STATE_LOADED tests Move to STATE_PAUSED, should not change state" name="FSM states tests STATE_LOADED tests Move to STATE_PAUSED, should not change state" time="0">
    </testcase>
    <testcase classname="FSM states tests STATE_LOADED tests Move to STATE_RESUMING, should not change state" name="FSM states tests STATE_LOADED tests Move to STATE_RESUMING, should not change state" time="0">
    </testcase>
    <testcase classname="FSM states tests STATE_LOADED tests Move to STATE_RESUMED, should not change state" name="FSM states tests STATE_LOADED tests Move to STATE_RESUMED, should not change state" time="0.001">
    </testcase>
    <testcase classname="FSM states tests STATE_LOADED tests Move to STATE_STOPPED, should not change state" name="FSM states tests STATE_LOADED tests Move to STATE_STOPPED, should not change state" time="0">
    </testcase>
    <testcase classname="FSM states tests STATE_LOADED tests Move to STATE_TERMINATED, should not change state" name="FSM states tests STATE_LOADED tests Move to STATE_TERMINATED, should not change state" time="0">
    </testcase>
    <testcase classname="FSM states tests STATE_STARTING tests Move to STATE_CREATED, should not change state" name="FSM states tests STATE_STARTING tests Move to STATE_CREATED, should not change state" time="0">
    </testcase>
    <testcase classname="FSM states tests STATE_STARTING tests Move to STATE_INITIATING, should not change state" name="FSM states tests STATE_STARTING tests Move to STATE_INITIATING, should not change state" time="0">
    </testcase>
    <testcase classname="FSM states tests STATE_STARTING tests Move to STATE_LOADED, should not change state" name="FSM states tests STATE_STARTING tests Move to STATE_LOADED, should not change state" time="0">
    </testcase>
    <testcase classname="FSM states tests STATE_STARTING tests Move to STATE_PLAYING, should not change state" name="FSM states tests STATE_STARTING tests Move to STATE_PLAYING, should not change state" time="0">
    </testcase>
    <testcase classname="FSM states tests STATE_STARTING tests Move to STATE_PAUSING, should not change state" name="FSM states tests STATE_STARTING tests Move to STATE_PAUSING, should not change state" time="0">
    </testcase>
    <testcase classname="FSM states tests STATE_STARTING tests Move to STATE_PAUSED, should not change state" name="FSM states tests STATE_STARTING tests Move to STATE_PAUSED, should not change state" time="0.001">
    </testcase>
    <testcase classname="FSM states tests STATE_STARTING tests Move to STATE_RESUMING, should not change state" name="FSM states tests STATE_STARTING tests Move to STATE_RESUMING, should not change state" time="0">
    </testcase>
    <testcase classname="FSM states tests STATE_STARTING tests Move to STATE_RESUMED, should not change state" name="FSM states tests STATE_STARTING tests Move to STATE_RESUMED, should not change state" time="0">
    </testcase>
    <testcase classname="FSM states tests STATE_STARTING tests Move to STATE_STOPPED, should not change state" name="FSM states tests STATE_STARTING tests Move to STATE_STOPPED, should not change state" time="0">
    </testcase>
    <testcase classname="FSM states tests STATE_STARTING tests Move to STATE_TERMINATED, should not change state" name="FSM states tests STATE_STARTING tests Move to STATE_TERMINATED, should not change state" time="0.001">
    </testcase>
    <testcase classname="FSM states tests STATE_STARTED tests Move to STATE_CREATED, should not change state" name="FSM states tests STATE_STARTED tests Move to STATE_CREATED, should not change state" time="0">
    </testcase>
    <testcase classname="FSM states tests STATE_STARTED tests Move to STATE_INITIATING, should not change state" name="FSM states tests STATE_STARTED tests Move to STATE_INITIATING, should not change state" time="0">
    </testcase>
    <testcase classname="FSM states tests STATE_STARTED tests Move to STATE_LOADED, should not change state" name="FSM states tests STATE_STARTED tests Move to STATE_LOADED, should not change state" time="0">
    </testcase>
    <testcase classname="FSM states tests STATE_STARTED tests Move to STATE_STARTING, should not change state" name="FSM states tests STATE_STARTED tests Move to STATE_STARTING, should not change state" time="0.001">
    </testcase>
    <testcase classname="FSM states tests STATE_STARTED tests Move to STATE_PAUSING, should not change state" name="FSM states tests STATE_STARTED tests Move to STATE_PAUSING, should not change state" time="0">
    </testcase>
    <testcase classname="FSM states tests STATE_STARTED tests Move to STATE_PAUSED, should not change state" name="FSM states tests STATE_STARTED tests Move to STATE_PAUSED, should not change state" time="0">
    </testcase>
    <testcase classname="FSM states tests STATE_STARTED tests Move to STATE_RESUMING, should not change state" name="FSM states tests STATE_STARTED tests Move to STATE_RESUMING, should not change state" time="0">
    </testcase>
    <testcase classname="FSM states tests STATE_STARTED tests Move to STATE_RESUMED, should not change state" name="FSM states tests STATE_STARTED tests Move to STATE_RESUMED, should not change state" time="0.001">
    </testcase>
    <testcase classname="FSM states tests STATE_STARTED tests Move to STATE_STOPPED, should not change state" name="FSM states tests STATE_STARTED tests Move to STATE_STOPPED, should not change state" time="0">
    </testcase>
    <testcase classname="FSM states tests STATE_STARTED tests Move to STATE_TERMINATED, should not change state" name="FSM states tests STATE_STARTED tests Move to STATE_TERMINATED, should not change state" time="0">
    </testcase>
    <testcase classname="FSM states tests STATE_PLAYING tests Move to STATE_CREATED, should not change state" name="FSM states tests STATE_PLAYING tests Move to STATE_CREATED, should not change state" time="0">
    </testcase>
    <testcase classname="FSM states tests STATE_PLAYING tests Move to STATE_INITIATING, should not change state" name="FSM states tests STATE_PLAYING tests Move to STATE_INITIATING, should not change state" time="0.001">
    </testcase>
    <testcase classname="FSM states tests STATE_PLAYING tests Move to STATE_LOADED, should not change state" name="FSM states tests STATE_PLAYING tests Move to STATE_LOADED, should not change state" time="0">
    </testcase>
    <testcase classname="FSM states tests STATE_PLAYING tests Move to STATE_STARTING, should not change state" name="FSM states tests STATE_PLAYING tests Move to STATE_STARTING, should not change state" time="0">
    </testcase>
    <testcase classname="FSM states tests STATE_PLAYING tests Move to STATE_STARTED, should not change state" name="FSM states tests STATE_PLAYING tests Move to STATE_STARTED, should not change state" time="0">
    </testcase>
    <testcase classname="FSM states tests STATE_PLAYING tests Move to STATE_PAUSED, should not change state" name="FSM states tests STATE_PLAYING tests Move to STATE_PAUSED, should not change state" time="0.001">
    </testcase>
    <testcase classname="FSM states tests STATE_PLAYING tests Move to STATE_RESUMING, should not change state" name="FSM states tests STATE_PLAYING tests Move to STATE_RESUMING, should not change state" time="0">
    </testcase>
    <testcase classname="FSM states tests STATE_PLAYING tests Move to STATE_RESUMED, should not change state" name="FSM states tests STATE_PLAYING tests Move to STATE_RESUMED, should not change state" time="0">
    </testcase>
    <testcase classname="FSM states tests STATE_PLAYING tests Move to STATE_STOPPED, should not change state" name="FSM states tests STATE_PLAYING tests Move to STATE_STOPPED, should not change state" time="0.002">
    </testcase>
    <testcase classname="FSM states tests STATE_PLAYING tests Move to STATE_TERMINATED, should not change state" name="FSM states tests STATE_PLAYING tests Move to STATE_TERMINATED, should not change state" time="0">
    </testcase>
    <testcase classname="FSM states tests STATE_PAUSING tests Move to STATE_CREATED, should not change state" name="FSM states tests STATE_PAUSING tests Move to STATE_CREATED, should not change state" time="0.001">
    </testcase>
    <testcase classname="FSM states tests STATE_PAUSING tests Move to STATE_INITIATING, should not change state" name="FSM states tests STATE_PAUSING tests Move to STATE_INITIATING, should not change state" time="0">
    </testcase>
    <testcase classname="FSM states tests STATE_PAUSING tests Move to STATE_LOADED, should not change state" name="FSM states tests STATE_PAUSING tests Move to STATE_LOADED, should not change state" time="0">
    </testcase>
    <testcase classname="FSM states tests STATE_PAUSING tests Move to STATE_STARTING, should not change state" name="FSM states tests STATE_PAUSING tests Move to STATE_STARTING, should not change state" time="0.085">
    </testcase>
    <testcase classname="FSM states tests STATE_PAUSING tests Move to STATE_STARTED, should not change state" name="FSM states tests STATE_PAUSING tests Move to STATE_STARTED, should not change state" time="0">
    </testcase>
    <testcase classname="FSM states tests STATE_PAUSING tests Move to STATE_PLAYING, should not change state" name="FSM states tests STATE_PAUSING tests Move to STATE_PLAYING, should not change state" time="0">
    </testcase>
    <testcase classname="FSM states tests STATE_PAUSING tests Move to STATE_RESUMING, should not change state" name="FSM states tests STATE_PAUSING tests Move to STATE_RESUMING, should not change state" time="0">
    </testcase>
    <testcase classname="FSM states tests STATE_PAUSING tests Move to STATE_RESUMED, should not change state" name="FSM states tests STATE_PAUSING tests Move to STATE_RESUMED, should not change state" time="0.001">
    </testcase>
    <testcase classname="FSM states tests STATE_PAUSING tests Move to STATE_STOPPED, should not change state" name="FSM states tests STATE_PAUSING tests Move to STATE_STOPPED, should not change state" time="0">
    </testcase>
    <testcase classname="FSM states tests STATE_PAUSING tests Move to STATE_TERMINATED, should not change state" name="FSM states tests STATE_PAUSING tests Move to STATE_TERMINATED, should not change state" time="0">
    </testcase>
    <testcase classname="FSM states tests STATE_PAUSED tests Move to STATE_CREATED, should not change state" name="FSM states tests STATE_PAUSED tests Move to STATE_CREATED, should not change state" time="0">
    </testcase>
    <testcase classname="FSM states tests STATE_PAUSED tests Move to STATE_INITIATING, should not change state" name="FSM states tests STATE_PAUSED tests Move to STATE_INITIATING, should not change state" time="0.001">
    </testcase>
    <testcase classname="FSM states tests STATE_PAUSED tests Move to STATE_LOADED, should not change state" name="FSM states tests STATE_PAUSED tests Move to STATE_LOADED, should not change state" time="0">
    </testcase>
    <testcase classname="FSM states tests STATE_PAUSED tests Move to STATE_STARTING, should not change state" name="FSM states tests STATE_PAUSED tests Move to STATE_STARTING, should not change state" time="0.198">
    </testcase>
    <testcase classname="FSM states tests STATE_PAUSED tests Move to STATE_STARTED, should not change state" name="FSM states tests STATE_PAUSED tests Move to STATE_STARTED, should not change state" time="0.002">
    </testcase>
    <testcase classname="FSM states tests STATE_PAUSED tests Move to STATE_PLAYING, should not change state" name="FSM states tests STATE_PAUSED tests Move to STATE_PLAYING, should not change state" time="0">
    </testcase>
    <testcase classname="FSM states tests STATE_PAUSED tests Move to STATE_PAUSING, should not change state" name="FSM states tests STATE_PAUSED tests Move to STATE_PAUSING, should not change state" time="0.098">
    </testcase>
    <testcase classname="FSM states tests STATE_PAUSED tests Move to STATE_RESUMED, should not change state" name="FSM states tests STATE_PAUSED tests Move to STATE_RESUMED, should not change state" time="0">
    </testcase>
    <testcase classname="FSM states tests STATE_PAUSED tests Move to STATE_STOPPED, should not change state" name="FSM states tests STATE_PAUSED tests Move to STATE_STOPPED, should not change state" time="0.001">
    </testcase>
    <testcase classname="FSM states tests STATE_PAUSED tests Move to STATE_TERMINATED, should not change state" name="FSM states tests STATE_PAUSED tests Move to STATE_TERMINATED, should not change state" time="0">
    </testcase>
    <testcase classname="FSM states tests STATE_RESUMING tests Move to STATE_CREATED, should not change state" name="FSM states tests STATE_RESUMING tests Move to STATE_CREATED, should not change state" time="0">
    </testcase>
    <testcase classname="FSM states tests STATE_RESUMING tests Move to STATE_INITIATING, should not change state" name="FSM states tests STATE_RESUMING tests Move to STATE_INITIATING, should not change state" time="0">
    </testcase>
    <testcase classname="FSM states tests STATE_RESUMING tests Move to STATE_LOADED, should not change state" name="FSM states tests STATE_RESUMING tests Move to STATE_LOADED, should not change state" time="0.001">
    </testcase>
    <testcase classname="FSM states tests STATE_RESUMING tests Move to STATE_STARTING, should not change state" name="FSM states tests STATE_RESUMING tests Move to STATE_STARTING, should not change state" time="0">
    </testcase>
    <testcase classname="FSM states tests STATE_RESUMING tests Move to STATE_STARTED, should not change state" name="FSM states tests STATE_RESUMING tests Move to STATE_STARTED, should not change state" time="0">
    </testcase>
    <testcase classname="FSM states tests STATE_RESUMING tests Move to STATE_PLAYING, should not change state" name="FSM states tests STATE_RESUMING tests Move to STATE_PLAYING, should not change state" time="0">
    </testcase>
    <testcase classname="FSM states tests STATE_RESUMING tests Move to STATE_PAUSING, should not change state" name="FSM states tests STATE_RESUMING tests Move to STATE_PAUSING, should not change state" time="0">
    </testcase>
    <testcase classname="FSM states tests STATE_RESUMING tests Move to STATE_PAUSED, should not change state" name="FSM states tests STATE_RESUMING tests Move to STATE_PAUSED, should not change state" time="0.001">
    </testcase>
    <testcase classname="FSM states tests STATE_RESUMING tests Move to STATE_STOPPED, should not change state" name="FSM states tests STATE_RESUMING tests Move to STATE_STOPPED, should not change state" time="0">
    </testcase>
    <testcase classname="FSM states tests STATE_RESUMING tests Move to STATE_TERMINATED, should not change state" name="FSM states tests STATE_RESUMING tests Move to STATE_TERMINATED, should not change state" time="0">
    </testcase>
    <testcase classname="FSM states tests STATE_RESUMED tests Move to STATE_CREATED, should not change state" name="FSM states tests STATE_RESUMED tests Move to STATE_CREATED, should not change state" time="0">
    </testcase>
    <testcase classname="FSM states tests STATE_RESUMED tests Move to STATE_INITIATING, should not change state" name="FSM states tests STATE_RESUMED tests Move to STATE_INITIATING, should not change state" time="0.001">
    </testcase>
    <testcase classname="FSM states tests STATE_RESUMED tests Move to STATE_LOADED, should not change state" name="FSM states tests STATE_RESUMED tests Move to STATE_LOADED, should not change state" time="0">
    </testcase>
    <testcase classname="FSM states tests STATE_RESUMED tests Move to STATE_STARTING, should not change state" name="FSM states tests STATE_RESUMED tests Move to STATE_STARTING, should not change state" time="0">
    </testcase>
    <testcase classname="FSM states tests STATE_RESUMED tests Move to STATE_STARTED, should not change state" name="FSM states tests STATE_RESUMED tests Move to STATE_STARTED, should not change state" time="0">
    </testcase>
    <testcase classname="FSM states tests STATE_RESUMED tests Move to STATE_PAUSING, should not change state" name="FSM states tests STATE_RESUMED tests Move to STATE_PAUSING, should not change state" time="0">
    </testcase>
    <testcase classname="FSM states tests STATE_RESUMED tests Move to STATE_PAUSED, should not change state" name="FSM states tests STATE_RESUMED tests Move to STATE_PAUSED, should not change state" time="0.001">
    </testcase>
    <testcase classname="FSM states tests STATE_RESUMED tests Move to STATE_RESUMING, should not change state" name="FSM states tests STATE_RESUMED tests Move to STATE_RESUMING, should not change state" time="0">
    </testcase>
    <testcase classname="FSM states tests STATE_RESUMED tests Move to STATE_STOPPED, should not change state" name="FSM states tests STATE_RESUMED tests Move to STATE_STOPPED, should not change state" time="0">
    </testcase>
    <testcase classname="FSM states tests STATE_RESUMED tests Move to STATE_TERMINATED, should not change state" name="FSM states tests STATE_RESUMED tests Move to STATE_TERMINATED, should not change state" time="0">
    </testcase>
    <testcase classname="FSM states tests STATE_STOPPING tests Move to STATE_CREATED, should not change state" name="FSM states tests STATE_STOPPING tests Move to STATE_CREATED, should not change state" time="0">
    </testcase>
    <testcase classname="FSM states tests STATE_STOPPING tests Move to STATE_INITIATING, should not change state" name="FSM states tests STATE_STOPPING tests Move to STATE_INITIATING, should not change state" time="0.001">
    </testcase>
    <testcase classname="FSM states tests STATE_STOPPING tests Move to STATE_LOADED, should not change state" name="FSM states tests STATE_STOPPING tests Move to STATE_LOADED, should not change state" time="0">
    </testcase>
    <testcase classname="FSM states tests STATE_STOPPING tests Move to STATE_STARTING, should not change state" name="FSM states tests STATE_STOPPING tests Move to STATE_STARTING, should not change state" time="0">
    </testcase>
    <testcase classname="FSM states tests STATE_STOPPING tests Move to STATE_STARTED, should not change state" name="FSM states tests STATE_STOPPING tests Move to STATE_STARTED, should not change state" time="0">
    </testcase>
    <testcase classname="FSM states tests STATE_STOPPING tests Move to STATE_PLAYING, should not change state" name="FSM states tests STATE_STOPPING tests Move to STATE_PLAYING, should not change state" time="0">
    </testcase>
    <testcase classname="FSM states tests STATE_STOPPING tests Move to STATE_PAUSING, should not change state" name="FSM states tests STATE_STOPPING tests Move to STATE_PAUSING, should not change state" time="0.001">
    </testcase>
    <testcase classname="FSM states tests STATE_STOPPING tests Move to STATE_PAUSED, should not change state" name="FSM states tests STATE_STOPPING tests Move to STATE_PAUSED, should not change state" time="0">
    </testcase>
    <testcase classname="FSM states tests STATE_STOPPING tests Move to STATE_RESUMING, should not change state" name="FSM states tests STATE_STOPPING tests Move to STATE_RESUMING, should not change state" time="0">
    </testcase>
    <testcase classname="FSM states tests STATE_STOPPING tests Move to STATE_RESUMED, should not change state" name="FSM states tests STATE_STOPPING tests Move to STATE_RESUMED, should not change state" time="0">
    </testcase>
    <testcase classname="FSM states tests STATE_STOPPING tests Move to STATE_TERMINATED, should not change state" name="FSM states tests STATE_STOPPING tests Move to STATE_TERMINATED, should not change state" time="0">
    </testcase>
    <testcase classname="FSM states tests STATE_STOPPED tests Move to STATE_CREATED, should not change state" name="FSM states tests STATE_STOPPED tests Move to STATE_CREATED, should not change state" time="0">
    </testcase>
    <testcase classname="FSM states tests STATE_STOPPED tests Move to STATE_INITIATING, should not change state" name="FSM states tests STATE_STOPPED tests Move to STATE_INITIATING, should not change state" time="0">
    </testcase>
    <testcase classname="FSM states tests STATE_STOPPED tests Move to STATE_LOADED, should not change state" name="FSM states tests STATE_STOPPED tests Move to STATE_LOADED, should not change state" time="0">
    </testcase>
    <testcase classname="FSM states tests STATE_STOPPED tests Move to STATE_STARTING, should not change state" name="FSM states tests STATE_STOPPED tests Move to STATE_STARTING, should not change state" time="0">
    </testcase>
    <testcase classname="FSM states tests STATE_STOPPED tests Move to STATE_STARTED, should not change state" name="FSM states tests STATE_STOPPED tests Move to STATE_STARTED, should not change state" time="0">
    </testcase>
    <testcase classname="FSM states tests STATE_STOPPED tests Move to STATE_PLAYING, should not change state" name="FSM states tests STATE_STOPPED tests Move to STATE_PLAYING, should not change state" time="0">
    </testcase>
    <testcase classname="FSM states tests STATE_STOPPED tests Move to STATE_PAUSING, should not change state" name="FSM states tests STATE_STOPPED tests Move to STATE_PAUSING, should not change state" time="0.001">
    </testcase>
    <testcase classname="FSM states tests STATE_STOPPED tests Move to STATE_PAUSED, should not change state" name="FSM states tests STATE_STOPPED tests Move to STATE_PAUSED, should not change state" time="0">
    </testcase>
    <testcase classname="FSM states tests STATE_STOPPED tests Move to STATE_RESUMING, should not change state" name="FSM states tests STATE_STOPPED tests Move to STATE_RESUMING, should not change state" time="0">
    </testcase>
    <testcase classname="FSM states tests STATE_STOPPED tests Move to STATE_RESUMED, should not change state" name="FSM states tests STATE_STOPPED tests Move to STATE_RESUMED, should not change state" time="0">
    </testcase>
    <testcase classname="FSM states tests STATE_STOPPED tests Move to STATE_STOPPING, should not change state" name="FSM states tests STATE_STOPPED tests Move to STATE_STOPPING, should not change state" time="0">
    </testcase>
    <testcase classname="FSM states tests STATE_ERROR tests Move to STATE_CREATED, should not change state" name="FSM states tests STATE_ERROR tests Move to STATE_CREATED, should not change state" time="0">
    </testcase>
    <testcase classname="FSM states tests STATE_ERROR tests Move to STATE_INITIATING, should not change state" name="FSM states tests STATE_ERROR tests Move to STATE_INITIATING, should not change state" time="0.001">
    </testcase>
    <testcase classname="FSM states tests STATE_ERROR tests Move to STATE_LOADED, should not change state" name="FSM states tests STATE_ERROR tests Move to STATE_LOADED, should not change state" time="0">
    </testcase>
    <testcase classname="FSM states tests STATE_ERROR tests Move to STATE_STARTING, should not change state" name="FSM states tests STATE_ERROR tests Move to STATE_STARTING, should not change state" time="0">
    </testcase>
    <testcase classname="FSM states tests STATE_ERROR tests Move to STATE_STARTED, should not change state" name="FSM states tests STATE_ERROR tests Move to STATE_STARTED, should not change state" time="0">
    </testcase>
    <testcase classname="FSM states tests STATE_ERROR tests Move to STATE_PLAYING, should not change state" name="FSM states tests STATE_ERROR tests Move to STATE_PLAYING, should not change state" time="0">
    </testcase>
    <testcase classname="FSM states tests STATE_ERROR tests Move to STATE_PAUSING, should not change state" name="FSM states tests STATE_ERROR tests Move to STATE_PAUSING, should not change state" time="0.001">
    </testcase>
    <testcase classname="FSM states tests STATE_ERROR tests Move to STATE_PAUSED, should not change state" name="FSM states tests STATE_ERROR tests Move to STATE_PAUSED, should not change state" time="0">
    </testcase>
    <testcase classname="FSM states tests STATE_ERROR tests Move to STATE_RESUMING, should not change state" name="FSM states tests STATE_ERROR tests Move to STATE_RESUMING, should not change state" time="0">
    </testcase>
    <testcase classname="FSM states tests STATE_ERROR tests Move to STATE_RESUMED, should not change state" name="FSM states tests STATE_ERROR tests Move to STATE_RESUMED, should not change state" time="0">
    </testcase>
    <testcase classname="FSM states tests STATE_ERROR tests Move to STATE_STOPPING, should not change state" name="FSM states tests STATE_ERROR tests Move to STATE_STOPPING, should not change state" time="0">
    </testcase>
    <testcase classname="FSM states tests STATE_ERROR tests Move to STATE_STOPPED, should not change state" name="FSM states tests STATE_ERROR tests Move to STATE_STOPPED, should not change state" time="0">
    </testcase>
    <testcase classname="FSM states tests STATE_TERMINATED tests Move to STATE_CREATED, should not change state" name="FSM states tests STATE_TERMINATED tests Move to STATE_CREATED, should not change state" time="0.089">
    </testcase>
    <testcase classname="FSM states tests STATE_TERMINATED tests Move to STATE_INITIATING, should not change state" name="FSM states tests STATE_TERMINATED tests Move to STATE_INITIATING, should not change state" time="0">
    </testcase>
    <testcase classname="FSM states tests STATE_TERMINATED tests Move to STATE_LOADED, should not change state" name="FSM states tests STATE_TERMINATED tests Move to STATE_LOADED, should not change state" time="0">
    </testcase>
    <testcase classname="FSM states tests STATE_TERMINATED tests Move to STATE_STARTING, should not change state" name="FSM states tests STATE_TERMINATED tests Move to STATE_STARTING, should not change state" time="0">
    </testcase>
    <testcase classname="FSM states tests STATE_TERMINATED tests Move to STATE_STARTED, should not change state" name="FSM states tests STATE_TERMINATED tests Move to STATE_STARTED, should not change state" time="0.009">
    </testcase>
    <testcase classname="FSM states tests STATE_TERMINATED tests Move to STATE_PLAYING, should not change state" name="FSM states tests STATE_TERMINATED tests Move to STATE_PLAYING, should not change state" time="0">
    </testcase>
    <testcase classname="FSM states tests STATE_TERMINATED tests Move to STATE_PAUSING, should not change state" name="FSM states tests STATE_TERMINATED tests Move to STATE_PAUSING, should not change state" time="0">
    </testcase>
    <testcase classname="FSM states tests STATE_TERMINATED tests Move to STATE_PAUSED, should not change state" name="FSM states tests STATE_TERMINATED tests Move to STATE_PAUSED, should not change state" time="0.001">
    </testcase>
    <testcase classname="FSM states tests STATE_TERMINATED tests Move to STATE_RESUMING, should not change state" name="FSM states tests STATE_TERMINATED tests Move to STATE_RESUMING, should not change state" time="0">
    </testcase>
    <testcase classname="FSM states tests STATE_TERMINATED tests Move to STATE_RESUMED, should not change state" name="FSM states tests STATE_TERMINATED tests Move to STATE_RESUMED, should not change state" time="0">
    </testcase>
    <testcase classname="FSM states tests STATE_TERMINATED tests Move to STATE_STOPPING, should not change state" name="FSM states tests STATE_TERMINATED tests Move to STATE_STOPPING, should not change state" time="0">
    </testcase>
    <testcase classname="FSM states tests STATE_TERMINATED tests Move to STATE_STOPPED, should not change state" name="FSM states tests STATE_TERMINATED tests Move to STATE_STOPPED, should not change state" time="0.001">
    </testcase>
    <testcase classname="FSM states tests STATE_TERMINATED tests Move to STATE_ERROR, should not change state" name="FSM states tests STATE_TERMINATED tests Move to STATE_ERROR, should not change state" time="0">
    </testcase>
  </testsuite>
  <testsuite name="ContentToggleListService functions" errors="0" failures="0" skipped="0" timestamp="2024-02-20T05:08:29" time="70.403" tests="16">
    <testcase classname="ContentToggleListService functions validate content toggle list exists. Expected value = true" name="ContentToggleListService functions validate content toggle list exists. Expected value = true" time="0.299">
    </testcase>
    <testcase classname="ContentToggleListService functions validate content toggle list is empty. Expected value = true" name="ContentToggleListService functions validate content toggle list is empty. Expected value = true" time="0.001">
    </testcase>
    <testcase classname="ContentToggleListService functions validate blacklist mode exist is content toggle list, while nothing else exist. Expected value = true" name="ContentToggleListService functions validate blacklist mode exist is content toggle list, while nothing else exist. Expected value = true" time="0.001">
    </testcase>
    <testcase classname="ContentToggleListService functions validate contentType value: contentToggleList = initAdInfo. Expected value = false" name="ContentToggleListService functions validate contentType value: contentToggleList = initAdInfo. Expected value = false" time="0.001">
    </testcase>
    <testcase classname="ContentToggleListService functions validate contentType value: contentToggleList &lt;&gt; initAdInfo. Expected value = false" name="ContentToggleListService functions validate contentType value: contentToggleList &lt;&gt; initAdInfo. Expected value = false" time="0.001">
    </testcase>
    <testcase classname="ContentToggleListService functions validate channelName value: contentToggleList = initAdInfo. Expected value = false" name="ContentToggleListService functions validate channelName value: contentToggleList = initAdInfo. Expected value = false" time="0">
    </testcase>
    <testcase classname="ContentToggleListService functions validate channelName value: contentToggleList &lt;&gt; initAdInfo. Expected value = true" name="ContentToggleListService functions validate channelName value: contentToggleList &lt;&gt; initAdInfo. Expected value = true" time="0.001">
    </testcase>
    <testcase classname="ContentToggleListService functions validate isDuringAd value: contentToggleList = initAdInfo. Expected value = false" name="ContentToggleListService functions validate isDuringAd value: contentToggleList = initAdInfo. Expected value = false" time="0">
    </testcase>
    <testcase classname="ContentToggleListService functions validate isDuringAd value: contentToggleList &lt;&gt; initAdInfo. Expected value = true" name="ContentToggleListService functions validate isDuringAd value: contentToggleList &lt;&gt; initAdInfo. Expected value = true" time="0.001">
    </testcase>
    <testcase classname="ContentToggleListService functions validate contentToggleList include 1 item with blacklist mode. By programName -  Expected value = false" name="ContentToggleListService functions validate contentToggleList include 1 item with blacklist mode. By programName -  Expected value = false" time="0.001">
    </testcase>
    <testcase classname="ContentToggleListService functions blacklist , validate by programmerName. Expected value = false" name="ContentToggleListService functions blacklist , validate by programmerName. Expected value = false" time="0">
    </testcase>
    <testcase classname="ContentToggleListService functions blacklist , validate by networkName. Expected value = false" name="ContentToggleListService functions blacklist , validate by networkName. Expected value = false" time="0">
    </testcase>
    <testcase classname="ContentToggleListService functions validate contentToggleList include 1 item with whitelist mode. By channelName -  Expected value = true" name="ContentToggleListService functions validate contentToggleList include 1 item with whitelist mode. By channelName -  Expected value = true" time="0">
    </testcase>
    <testcase classname="ContentToggleListService functions validate by programName. Expected value = true" name="ContentToggleListService functions validate by programName. Expected value = true" time="0">
    </testcase>
    <testcase classname="ContentToggleListService functions neutral mode. Expected value = true" name="ContentToggleListService functions neutral mode. Expected value = true" time="0">
    </testcase>
    <testcase classname="ContentToggleListService functions ConfigService content toggle list update - should return valid content pre-update and invalid post-update" name="ContentToggleListService functions ConfigService content toggle list update - should return valid content pre-update and invalid post-update" time="0">
    </testcase>
  </testsuite>
  <testsuite name="feature flag proxy delegate integration tests" errors="0" failures="0" skipped="0" timestamp="2024-02-20T05:08:29" time="73.298" tests="12">
    <testcase classname="feature flag proxy delegate integration tests should check storage adapter mock resolution" name="feature flag proxy delegate integration tests should check storage adapter mock resolution" time="0.004">
    </testcase>
    <testcase classname="feature flag proxy delegate integration tests setup should set keys in persistent storage" name="feature flag proxy delegate integration tests setup should set keys in persistent storage" time="0.186">
    </testcase>
    <testcase classname="feature flag proxy delegate integration tests register should read from persistent storage" name="feature flag proxy delegate integration tests register should read from persistent storage" time="0.101">
    </testcase>
    <testcase classname="feature flag proxy delegate integration tests register should combine with keys from storage" name="feature flag proxy delegate integration tests register should combine with keys from storage" time="0.098">
    </testcase>
    <testcase classname="feature flag proxy delegate integration tests flagNames should return string array" name="feature flag proxy delegate integration tests flagNames should return string array" time="0.001">
    </testcase>
    <testcase classname="feature flag proxy delegate integration tests isFlagEnabled should return value of flag" name="feature flag proxy delegate integration tests isFlagEnabled should return value of flag" time="0.002">
    </testcase>
    <testcase classname="feature flag proxy delegate integration tests given certain flag values, when calling setup, updates FlagContainer" name="feature flag proxy delegate integration tests given certain flag values, when calling setup, updates FlagContainer" time="0.002">
    </testcase>
    <testcase classname="feature flag proxy delegate integration tests given default setup, when calling getter, retrieve correct object" name="feature flag proxy delegate integration tests given default setup, when calling getter, retrieve correct object" time="0.001">
    </testcase>
    <testcase classname="feature flag proxy delegate integration tests given update when freeze is true, should update only store " name="feature flag proxy delegate integration tests given update when freeze is true, should update only store " time="0.002">
    </testcase>
    <testcase classname="feature flag proxy delegate integration tests given update when freeze is false, should update only store " name="feature flag proxy delegate integration tests given update when freeze is false, should update only store " time="0.002">
    </testcase>
    <testcase classname="feature flag proxy delegate integration tests given setup when freeze is true, should update only store " name="feature flag proxy delegate integration tests given setup when freeze is true, should update only store " time="0.09">
    </testcase>
    <testcase classname="feature flag proxy delegate integration tests given setup when freeze is false, should update only store " name="feature flag proxy delegate integration tests given setup when freeze is false, should update only store " time="0.002">
    </testcase>
  </testsuite>
  <testsuite name="undefined" errors="0" failures="0" skipped="0" timestamp="2024-02-20T05:08:29" time="76.196" tests="5">
    <testcase classname=" isTokenExpiredOrAboutToExpire function returns VALID if it gets a valid date" name=" isTokenExpiredOrAboutToExpire function returns VALID if it gets a valid date" time="0.004">
    </testcase>
    <testcase classname=" isTokenExpiredOrAboutToExpire function returns ABOUT_TO_EXPIRE if it gets a date that is about to expire" name=" isTokenExpiredOrAboutToExpire function returns ABOUT_TO_EXPIRE if it gets a date that is about to expire" time="0">
    </testcase>
    <testcase classname=" isTokenExpiredOrAboutToExpire function returns EXPIRED if it gets a date that is already expired" name=" isTokenExpiredOrAboutToExpire function returns EXPIRED if it gets a date that is already expired" time="0.089">
    </testcase>
    <testcase classname=" exp tokens are retrieved ok after decoding tokens in decodeTokens function" name=" exp tokens are retrieved ok after decoding tokens in decodeTokens function" time="0.002">
    </testcase>
    <testcase classname=" exp tokens are retrieved ok after updating tokens in setTokensExpirationDates function" name=" exp tokens are retrieved ok after updating tokens in setTokensExpirationDates function" time="0.001">
    </testcase>
  </testsuite>
  <testsuite name="ad-script command tests" errors="0" failures="0" skipped="0" timestamp="2024-02-20T05:08:29" time="87.398" tests="12">
    <testcase classname="ad-script command tests ad-script command should be defined" name="ad-script command tests ad-script command should be defined" time="0.088">
    </testcase>
    <testcase classname="ad-script command tests ad-script execute calls should call runner init function" name="ad-script command tests ad-script execute calls should call runner init function" time="0.006">
    </testcase>
    <testcase classname="ad-script command tests ad-script execute should call the buildMethod on event Loaded" name="ad-script command tests ad-script execute should call the buildMethod on event Loaded" time="0.003">
    </testcase>
    <testcase classname="ad-script command tests ad-script execute should call onLoad when it has Loaded event" name="ad-script command tests ad-script execute should call onLoad when it has Loaded event" time="0.001">
    </testcase>
    <testcase classname="ad-script command tests ad-script execute should call _notifyCompleted when it has Loaded event" name="ad-script command tests ad-script execute should call _notifyCompleted when it has Loaded event" time="0">
    </testcase>
    <testcase classname="ad-script command tests ad-script execute should call _report when it has Loaded event" name="ad-script command tests ad-script execute should call _report when it has Loaded event" time="0.001">
    </testcase>
    <testcase classname="ad-script command tests ad-script execute should set template into context" name="ad-script command tests ad-script execute should set template into context" time="0.001">
    </testcase>
    <testcase classname="ad-script command tests ad-script execute should set runner buildMethods" name="ad-script command tests ad-script execute should set runner buildMethods" time="0">
    </testcase>
    <testcase classname="ad-script command tests ad-script execute to call $set with args" name="ad-script command tests ad-script execute to call $set with args" time="0.086">
    </testcase>
    <testcase classname="ad-script command tests ad-script execute should set runner buildMethods" name="ad-script command tests ad-script execute should set runner buildMethods" time="0.001">
    </testcase>
    <testcase classname="ad-script command tests ad-script execute should initialize allMethods" name="ad-script command tests ad-script execute should initialize allMethods" time="0.002">
    </testcase>
    <testcase classname="ad-script command tests ad-script execute should call print with args" name="ad-script command tests ad-script execute should call print with args" time="0.001">
    </testcase>
  </testsuite>
  <testsuite name="StopExperienceCommand functions" errors="0" failures="0" skipped="0" timestamp="2024-02-20T05:08:29" time="103.503" tests="1">
    <testcase classname="StopExperienceCommand functions test StopExperienceCommand execution function" name="StopExperienceCommand functions test StopExperienceCommand execution function" time="0.009">
    </testcase>
  </testsuite>
  <testsuite name="Renderer functions" errors="0" failures="0" skipped="0" timestamp="2024-02-20T05:08:29" time="104.103" tests="4">
    <testcase classname="Renderer functions request create command SHOW_VIDEO gets show video command" name="Renderer functions request create command SHOW_VIDEO gets show video command" time="0.004">
    </testcase>
    <testcase classname="Renderer functions request create command SHOW_IMAGE gets show image command" name="Renderer functions request create command SHOW_IMAGE gets show image command" time="0.001">
    </testcase>
    <testcase classname="Renderer functions request create command REPORT_COMMAND gets report command" name="Renderer functions request create command REPORT_COMMAND gets report command" time="0.003">
    </testcase>
    <testcase classname="Renderer functions request create command with something else gets an empty command that is alive" name="Renderer functions request create command with something else gets an empty command that is alive" time="0.096">
    </testcase>
  </testsuite>
  <testsuite name="HostRequestCommand functions" errors="0" failures="0" skipped="0" timestamp="2024-02-20T05:08:29" time="103.903" tests="1">
    <testcase classname="HostRequestCommand functions test HostRequestCommand execution function" name="HostRequestCommand functions test HostRequestCommand execution function" time="0.089">
    </testcase>
  </testsuite>
  <testsuite name="ShowImageCommand tests" errors="0" failures="0" skipped="0" timestamp="2024-02-20T05:08:29" time="104.094" tests="17">
    <testcase classname="ShowImageCommand tests init() without XaafAdContainer - error thrown - should notify command event listener with CommandEventType Error" name="ShowImageCommand tests init() without XaafAdContainer - error thrown - should notify command event listener with CommandEventType Error" time="0.005">
    </testcase>
    <testcase classname="ShowImageCommand tests init() with xaafAdContainer - should set XaafElementType.IMAGE element type on XaafAdContainer" name="ShowImageCommand tests init() with xaafAdContainer - should set XaafElementType.IMAGE element type on XaafAdContainer" time="0.002">
    </testcase>
    <testcase classname="ShowImageCommand tests init() with xaafAdContainer - error thrown when XaafImageElement is ready - should notify command event listener with CommandEventType Error" name="ShowImageCommand tests init() with xaafAdContainer - error thrown when XaafImageElement is ready - should notify command event listener with CommandEventType Error" time="0.002">
    </testcase>
    <testcase classname="ShowImageCommand tests init() with xaafAdContainer - XaafImageElement is ready - should set its data" name="ShowImageCommand tests init() with xaafAdContainer - XaafImageElement is ready - should set its data" time="0.001">
    </testcase>
    <testcase classname="ShowImageCommand tests init() with xaafAdContainer - error thrown when XaafImageElement failed to load - should notify command event listener with CommandEventType Error" name="ShowImageCommand tests init() with xaafAdContainer - error thrown when XaafImageElement failed to load - should notify command event listener with CommandEventType Error" time="0.001">
    </testcase>
    <testcase classname="ShowImageCommand tests init() with xaafAdContainer - XaafImageElement failed to load - should notify command event listener with CommandEventType Error" name="ShowImageCommand tests init() with xaafAdContainer - XaafImageElement failed to load - should notify command event listener with CommandEventType Error" time="0.001">
    </testcase>
    <testcase classname="ShowImageCommand tests init() with xaafAdContainer - error thrown when XaafImageElement is loaded - should notify command event listener with CommandEventType Error" name="ShowImageCommand tests init() with xaafAdContainer - error thrown when XaafImageElement is loaded - should notify command event listener with CommandEventType Error" time="0">
    </testcase>
    <testcase classname="ShowImageCommand tests init() with xaafAdContainer - XaafImageElement is ready &amp; loaded but not shown - should not notify command event listener with CommandEventType Handled" name="ShowImageCommand tests init() with xaafAdContainer - XaafImageElement is ready &amp; loaded but not shown - should not notify command event listener with CommandEventType Handled" time="0.001">
    </testcase>
    <testcase classname="ShowImageCommand tests execute() - error thrown - should notify command event listener with CommandEventType Error" name="ShowImageCommand tests execute() - error thrown - should notify command event listener with CommandEventType Error" time="0.001">
    </testcase>
    <testcase classname="ShowImageCommand tests execute() - XaafImageElement is not ready - should notify command event listener with CommandEventType Error" name="ShowImageCommand tests execute() - XaafImageElement is not ready - should notify command event listener with CommandEventType Error" time="0.081">
    </testcase>
    <testcase classname="ShowImageCommand tests execute() - XaafImageElement is ready - should show XaafImageElement and notify listener with CommandEventType Executed" name="ShowImageCommand tests execute() - XaafImageElement is ready - should show XaafImageElement and notify listener with CommandEventType Executed" time="0.001">
    </testcase>
    <testcase classname="ShowImageCommand tests execute() - error thrown when XaafImageElement is shown - should notify listener with CommandEventType Error" name="ShowImageCommand tests execute() - error thrown when XaafImageElement is shown - should notify listener with CommandEventType Error" time="0.001">
    </testcase>
    <testcase classname="ShowImageCommand tests execute() - XaafImageElement is ready &amp; shown but not loaded - should notify listener with CommandEventType Executed only" name="ShowImageCommand tests execute() - XaafImageElement is ready &amp; shown but not loaded - should notify listener with CommandEventType Executed only" time="0.002">
    </testcase>
    <testcase classname="ShowImageCommand tests execute() - XaafImageElement is ready shown and then loaded - should notify listener with CommandEventType Handled" name="ShowImageCommand tests execute() - XaafImageElement is ready shown and then loaded - should notify listener with CommandEventType Handled" time="0.002">
    </testcase>
    <testcase classname="ShowImageCommand tests execute() - XaafImageElement is ready loaded and then shown - should notify listener with CommandEventType Handled" name="ShowImageCommand tests execute() - XaafImageElement is ready loaded and then shown - should notify listener with CommandEventType Handled" time="0.095">
    </testcase>
    <testcase classname="ShowImageCommand tests stop() - error thrown - should notify listener with CommandEventType Error" name="ShowImageCommand tests stop() - error thrown - should notify listener with CommandEventType Error" time="0">
    </testcase>
    <testcase classname="ShowImageCommand tests stop() - XaafImageElement is ready - should hide XaafImageElement, clear element type on XaafAdContainer and notify listener with CommandEventType Stopped" name="ShowImageCommand tests stop() - XaafImageElement is ready - should hide XaafImageElement, clear element type on XaafAdContainer and notify listener with CommandEventType Stopped" time="0.002">
    </testcase>
  </testsuite>
  <testsuite name="CommandEventCreator tests" errors="0" failures="0" skipped="0" timestamp="2024-02-20T05:08:29" time="104.299" tests="8">
    <testcase classname="CommandEventCreator tests createLoadedEvent() - should return CommandEvent with Loaded type and no command" name="CommandEventCreator tests createLoadedEvent() - should return CommandEvent with Loaded type and no command" time="0.003">
    </testcase>
    <testcase classname="CommandEventCreator tests createExecutedEvent() - should return CommandEvent with Executed type and no command" name="CommandEventCreator tests createExecutedEvent() - should return CommandEvent with Executed type and no command" time="0.001">
    </testcase>
    <testcase classname="CommandEventCreator tests createHandledEvent() - should return CommandEvent with Handled type and correct command" name="CommandEventCreator tests createHandledEvent() - should return CommandEvent with Handled type and correct command" time="0.001">
    </testcase>
    <testcase classname="CommandEventCreator tests createCompletedEvent() - should return CommandEvent with Completed type and correct command" name="CommandEventCreator tests createCompletedEvent() - should return CommandEvent with Completed type and correct command" time="0.001">
    </testcase>
    <testcase classname="CommandEventCreator tests createErrorEvent() - should return ErrorCommandEvent with Error type, correct error and no command" name="CommandEventCreator tests createErrorEvent() - should return ErrorCommandEvent with Error type, correct error and no command" time="0.001">
    </testcase>
    <testcase classname="CommandEventCreator tests createStoppedEvent() - should return StoppedCommandEvent with Stopped type, correct StoppedCommandEventReason and no command" name="CommandEventCreator tests createStoppedEvent() - should return StoppedCommandEvent with Stopped type, correct StoppedCommandEventReason and no command" time="0">
    </testcase>
    <testcase classname="CommandEventCreator tests createStopExperienceEvent() - should return StopExperienceCommandEvent with StopExperience type, correct reason and isNotifyHost and no command" name="CommandEventCreator tests createStopExperienceEvent() - should return StopExperienceCommandEvent with StopExperience type, correct reason and isNotifyHost and no command" time="0.001">
    </testcase>
    <testcase classname="CommandEventCreator tests createHostRequestEvent() - should return CommandEvent with HostRequest type and correct command" name="CommandEventCreator tests createHostRequestEvent() - should return CommandEvent with HostRequest type and correct command" time="0.089">
    </testcase>
  </testsuite>
  <testsuite name="ReportCommand functions" errors="0" failures="0" skipped="0" timestamp="2024-02-20T05:08:29" time="105.492" tests="4">
    <testcase classname="ReportCommand functions test command with conditions - conditions met - command is performed" name="ReportCommand functions test command with conditions - conditions met - command is performed" time="0.787">
    </testcase>
    <testcase classname="ReportCommand functions test command with conditions - conditions do not meet - command is not performed" name="ReportCommand functions test command with conditions - conditions do not meet - command is not performed" time="0.001">
    </testcase>
    <testcase classname="ReportCommand functions test command without conditions - condition met - command is performed" name="ReportCommand functions test command without conditions - condition met - command is performed" time="0.003">
    </testcase>
    <testcase classname="ReportCommand functions should report the duration measurements" name="ReportCommand functions should report the duration measurements" time="0.002">
    </testcase>
  </testsuite>
  <testsuite name="ShowDynamicViewCommand tests" errors="0" failures="0" skipped="2" timestamp="2024-02-20T05:08:29" time="104.2" tests="12">
    <testcase classname="ShowDynamicViewCommand tests init() without XaafAdContainer - error thrown - should notify command event listener with CommandEventType Error" name="ShowDynamicViewCommand tests init() without XaafAdContainer - error thrown - should notify command event listener with CommandEventType Error" time="0.006">
    </testcase>
    <testcase classname="ShowDynamicViewCommand tests init() with xaafAdContainer - should set XaafElementType.DYNAMIC element type on XaafAdContainer" name="ShowDynamicViewCommand tests init() with xaafAdContainer - should set XaafElementType.DYNAMIC element type on XaafAdContainer" time="0.001">
    </testcase>
    <testcase classname="ShowDynamicViewCommand tests init() with xaafAdContainer - error thrown when XaafDynamicViewElement is ready - should notify command event listener with CommandEventType Error" name="ShowDynamicViewCommand tests init() with xaafAdContainer - error thrown when XaafDynamicViewElement is ready - should notify command event listener with CommandEventType Error" time="0.002">
    </testcase>
    <testcase classname="ShowDynamicViewCommand tests init() with xaafAdContainer - XaafDynamicElement is ready - should set its data" name="ShowDynamicViewCommand tests init() with xaafAdContainer - XaafDynamicElement is ready - should set its data" time="0.001">
    </testcase>
    <testcase classname="ShowDynamicViewCommand tests execute() - error thrown - should notify command event listener with CommandEventType Error" name="ShowDynamicViewCommand tests execute() - error thrown - should notify command event listener with CommandEventType Error" time="0.001">
    </testcase>
    <testcase classname="ShowDynamicViewCommand tests execute() - XaafDynamicElement is not ready - should notify command event listener with CommandEventType Error" name="ShowDynamicViewCommand tests execute() - XaafDynamicElement is not ready - should notify command event listener with CommandEventType Error" time="0">
      <skipped/>
    </testcase>
    <testcase classname="ShowDynamicViewCommand tests execute() - XaafDynamicElement is ready - should show XaafDynamicElement and notify listener with CommandEventType Executed" name="ShowDynamicViewCommand tests execute() - XaafDynamicElement is ready - should show XaafDynamicElement and notify listener with CommandEventType Executed" time="0.001">
    </testcase>
    <testcase classname="ShowDynamicViewCommand tests should test the onLoad function" name="ShowDynamicViewCommand tests should test the onLoad function" time="0.092">
    </testcase>
    <testcase classname="ShowDynamicViewCommand tests should test the onError function with error" name="ShowDynamicViewCommand tests should test the onError function with error" time="0.001">
    </testcase>
    <testcase classname="ShowDynamicViewCommand tests stop() - error thrown - should notify listener with CommandEventType Error" name="ShowDynamicViewCommand tests stop() - error thrown - should notify listener with CommandEventType Error" time="0">
      <skipped/>
    </testcase>
    <testcase classname="ShowDynamicViewCommand tests stop() - XaafDynamicElement is ready - should hide XaafDynamicElement, clear element type on XaafAdContainer and notify listener with CommandEventType Stopped" name="ShowDynamicViewCommand tests stop() - XaafDynamicElement is ready - should hide XaafDynamicElement, clear element type on XaafAdContainer and notify listener with CommandEventType Stopped" time="0.002">
    </testcase>
    <testcase classname="ShowDynamicViewCommand tests complete() - XaafDynamicElement is ready - should hide XaafDynamicElement, clear element type on XaafAdContainer and notify listener with CommandEventTypes Stopped and Completed" name="ShowDynamicViewCommand tests complete() - XaafDynamicElement is ready - should hide XaafDynamicElement, clear element type on XaafAdContainer and notify listener with CommandEventTypes Stopped and Completed" time="0.001">
    </testcase>
  </testsuite>
  <testsuite name="adLifeCycleParameters " errors="0" failures="0" skipped="0" timestamp="2024-02-20T05:08:29" time="104.201" tests="7">
    <testcase classname="adLifeCycleParameters  adLifeCycleParameters map is retrieved with right values after ad_loaded" name="adLifeCycleParameters  adLifeCycleParameters map is retrieved with right values after ad_loaded" time="0.283">
    </testcase>
    <testcase classname="adLifeCycleParameters  Reasons from AD_STOPPED event check no reason" name="adLifeCycleParameters  Reasons from AD_STOPPED event check no reason" time="0.002">
    </testcase>
    <testcase classname="adLifeCycleParameters  Reasons from AD_STOPPED event check reason AD_ACTION_BLACKLIST" name="adLifeCycleParameters  Reasons from AD_STOPPED event check reason AD_ACTION_BLACKLIST" time="0.006">
    </testcase>
    <testcase classname="adLifeCycleParameters  Reasons from AD_STOPPED event check reason NOT_LOGGED_IN" name="adLifeCycleParameters  Reasons from AD_STOPPED event check reason NOT_LOGGED_IN" time="0.006">
    </testcase>
    <testcase classname="adLifeCycleParameters  Reasons from AD_STOPPED event check reason AD_STOPPED" name="adLifeCycleParameters  Reasons from AD_STOPPED event check reason AD_STOPPED" time="0.086">
    </testcase>
    <testcase classname="adLifeCycleParameters  Reasons from AD_STOPPED event check hostStoppingReason when filled in AD_STOPPED" name="adLifeCycleParameters  Reasons from AD_STOPPED event check hostStoppingReason when filled in AD_STOPPED" time="0.002">
    </testcase>
    <testcase classname="adLifeCycleParameters  Reasons from AD_STOPPED event check hostStoppingReason when nothing filled in AD_STOPPED" name="adLifeCycleParameters  Reasons from AD_STOPPED event check hostStoppingReason when nothing filled in AD_STOPPED" time="0.001">
    </testcase>
  </testsuite>
  <testsuite name="SqueezeCommand test" errors="0" failures="0" skipped="0" timestamp="2024-02-20T05:08:29" time="105.21" tests="3">
    <testcase classname="SqueezeCommand test execute() without HostContainer - notify on error" name="SqueezeCommand test execute() without HostContainer - notify on error" time="0.006">
    </testcase>
    <testcase classname="SqueezeCommand test execute() with HostContainer - expect onSqueezeStarted and onSqueezeEnded" name="SqueezeCommand test execute() with HostContainer - expect onSqueezeStarted and onSqueezeEnded" time="0.603">
    </testcase>
    <testcase classname="SqueezeCommand test execute() with error in animation" name="SqueezeCommand test execute() with error in animation" time="0.002">
    </testcase>
  </testsuite>
  <testsuite name="config service functions" errors="0" failures="0" skipped="0" timestamp="2024-02-20T05:08:29" time="105.794" tests="47">
    <testcase classname="config service functions get instance is not null" name="config service functions get instance is not null" time="0.091">
    </testcase>
    <testcase classname="config service functions config service getMeasurementParams getMeasurementParams with platformAdvId param should return platformAdvId" name="config service functions config service getMeasurementParams getMeasurementParams with platformAdvId param should return platformAdvId" time="0.002">
    </testcase>
    <testcase classname="config service functions config service getMeasurementParams getMeasurementParams with Invalid key param should return null" name="config service functions config service getMeasurementParams getMeasurementParams with Invalid key param should return null" time="0.001">
    </testcase>
    <testcase classname="config service functions config service getMeasurementParams getMeasurementParams with clientFormattedTimeStamp param validate 22.03.2020 14:05:38 +120 date format" name="config service functions config service getMeasurementParams getMeasurementParams with clientFormattedTimeStamp param validate 22.03.2020 14:05:38 +120 date format" time="0.002">
    </testcase>
    <testcase classname="config service functions config service getMeasurementParams getMeasurementParams with deviceId param should return deviceId" name="config service functions config service getMeasurementParams getMeasurementParams with deviceId param should return deviceId" time="0">
    </testcase>
    <testcase classname="config service functions config service getMeasurementParams getMeasurementParams get parameter from sdk config without getter" name="config service functions config service getMeasurementParams getMeasurementParams get parameter from sdk config without getter" time="0.001">
    </testcase>
    <testcase classname="config service functions config service getMeasurementParams get new relic url parameter" name="config service functions config service getMeasurementParams get new relic url parameter" time="0.001">
    </testcase>
    <testcase classname="config service functions config service getMeasurementParams get new relic api key parameter" name="config service functions config service getMeasurementParams get new relic api key parameter" time="0">
    </testcase>
    <testcase classname="config service functions config service getMeasurementParams get userAdvrId parameter" name="config service functions config service getMeasurementParams get userAdvrId parameter" time="0.001">
    </testcase>
    <testcase classname="config service functions config service getMeasurementParams get fwSUSSId parameter" name="config service functions config service getMeasurementParams get fwSUSSId parameter" time="0">
    </testcase>
    <testcase classname="config service functions config service getMeasurementParams get householdId parameter" name="config service functions config service getMeasurementParams get householdId parameter" time="0">
    </testcase>
    <testcase classname="config service functions config service getMeasurementParams get deviceAdvrId parameter" name="config service functions config service getMeasurementParams get deviceAdvrId parameter" time="0.001">
    </testcase>
    <testcase classname="config service functions config service getMeasurementParams get deviceFWAdId parameter" name="config service functions config service getMeasurementParams get deviceFWAdId parameter" time="0">
    </testcase>
    <testcase classname="config service functions config service getMeasurementParams get DeviceID parameter" name="config service functions config service getMeasurementParams get DeviceID parameter" time="0">
    </testcase>
    <testcase classname="config service functions config service getMeasurementParams get isLoggedIn parameter" name="config service functions config service getMeasurementParams get isLoggedIn parameter" time="0.001">
    </testcase>
    <testcase classname="config service functions config service getMeasurementParams get playerConfiguration parameter" name="config service functions config service getMeasurementParams get playerConfiguration parameter" time="0">
    </testcase>
    <testcase classname="config service functions config service getMeasurementParams get refreshToken parameter" name="config service functions config service getMeasurementParams get refreshToken parameter" time="0.001">
    </testcase>
    <testcase classname="config service functions config service getMeasurementParams get tokenExpiration parameter" name="config service functions config service getMeasurementParams get tokenExpiration parameter" time="0">
    </testcase>
    <testcase classname="config service functions config service getMeasurementParams get refreshToken expiration parameter" name="config service functions config service getMeasurementParams get refreshToken expiration parameter" time="0.001">
    </testcase>
    <testcase classname="config service functions config service getMeasurementParams get deviceManufacturer parameter" name="config service functions config service getMeasurementParams get deviceManufacturer parameter" time="0">
    </testcase>
    <testcase classname="config service functions config service getMeasurementParams get deviceModel parameter" name="config service functions config service getMeasurementParams get deviceModel parameter" time="0">
    </testcase>
    <testcase classname="config service functions config service getMeasurementParams get deviceType parameter" name="config service functions config service getMeasurementParams get deviceType parameter" time="0.001">
    </testcase>
    <testcase classname="config service functions config service getMeasurementParams get device parameter" name="config service functions config service getMeasurementParams get device parameter" time="0">
    </testcase>
    <testcase classname="config service functions config service getMeasurementParams get OsName" name="config service functions config service getMeasurementParams get OsName" time="0.001">
    </testcase>
    <testcase classname="config service functions config service getMeasurementParams get osVersion" name="config service functions config service getMeasurementParams get osVersion" time="0">
    </testcase>
    <testcase classname="config service functions config service getMeasurementParams get userType" name="config service functions config service getMeasurementParams get userType" time="0">
    </testcase>
    <testcase classname="config service functions config service getMeasurementParams get tenantName" name="config service functions config service getMeasurementParams get tenantName" time="0.001">
    </testcase>
    <testcase classname="config service functions config service getMeasurementParams get appName" name="config service functions config service getMeasurementParams get appName" time="0.001">
    </testcase>
    <testcase classname="config service functions config service getMeasurementParams get appVersion" name="config service functions config service getMeasurementParams get appVersion" time="0">
    </testcase>
    <testcase classname="config service functions config service getMeasurementParams get sdkName" name="config service functions config service getMeasurementParams get sdkName" time="0.001">
    </testcase>
    <testcase classname="config service functions config service getMeasurementParams get sdkVersion" name="config service functions config service getMeasurementParams get sdkVersion" time="0">
    </testcase>
[...]
    </testcase>
    <testcase classname="xaaf-js-sdk tests xaaf sdk - kill switch tests login failed with kill switch error, should return dummy executable ad" name="xaaf-js-sdk tests xaaf sdk - kill switch tests login failed with kill switch error, should return dummy executable ad" time="0.047">
    </testcase>
    <testcase classname="xaaf-js-sdk tests xaaf sdk - kill switch tests kill switch defined in persistent storage, should skip login and return dummy executable ad" name="xaaf-js-sdk tests xaaf sdk - kill switch tests kill switch defined in persistent storage, should skip login and return dummy executable ad" time="0.04">
    </testcase>
    <testcase classname="xaaf-js-sdk tests xaaf sdk - kill switch tests login failed with kill switch error, should return dummy executable ad and then after kill switch expired real executable ad" name="xaaf-js-sdk tests xaaf sdk - kill switch tests login failed with kill switch error, should return dummy executable ad and then after kill switch expired real executable ad" time="3.046">
    </testcase>
    <testcase classname="xaaf-js-sdk tests xaaf sdk - kill switch tests refresh token failed with kill switch error, when get ad return dummy executable ad" name="xaaf-js-sdk tests xaaf sdk - kill switch tests refresh token failed with kill switch error, when get ad return dummy executable ad" time="0.048">
    </testcase>
    <testcase classname="xaaf-js-sdk tests xaaf sdk - kill switch tests refresh token failed with kill switch error, when get ad after kill switch expired return real executable ad" name="xaaf-js-sdk tests xaaf sdk - kill switch tests refresh token failed with kill switch error, when get ad after kill switch expired return real executable ad" time="1.05">
    </testcase>
    <testcase classname="xaaf-js-sdk tests xaaf sdk - isXaafAvailable tests init successful login, isXaafAvailable = true" name="xaaf-js-sdk tests xaaf sdk - isXaafAvailable tests init successful login, isXaafAvailable = true" time="0.04">
    </testcase>
    <testcase classname="xaaf-js-sdk tests xaaf sdk - isXaafAvailable tests test xaaf js sdk - init - login succeed, rollout isXaafEnabled false, isXaafAvailable = false" name="xaaf-js-sdk tests xaaf sdk - isXaafAvailable tests test xaaf js sdk - init - login succeed, rollout isXaafEnabled false, isXaafAvailable = false" time="0.038">
    </testcase>
    <testcase classname="xaaf-js-sdk tests xaaf sdk - isXaafAvailable tests rollout isXaafEnabled = true, isXaafAvailable = false" name="xaaf-js-sdk tests xaaf sdk - isXaafAvailable tests rollout isXaafEnabled = true, isXaafAvailable = false" time="0.068">
    </testcase>
    <testcase classname="xaaf-js-sdk tests xaaf sdk - isXaafAvailable tests init sdk with wrong api key alg (HS256)" name="xaaf-js-sdk tests xaaf sdk - isXaafAvailable tests init sdk with wrong api key alg (HS256)" time="0.003">
    </testcase>
    <testcase classname="xaaf-js-sdk tests xaaf sdk - isXaafAvailable tests init sdk with invalid api key" name="xaaf-js-sdk tests xaaf sdk - isXaafAvailable tests init sdk with invalid api key" time="0.001">
    </testcase>
    <testcase classname="xaaf-js-sdk tests xaaf sdk - isXaafAvailable tests init sdk with invalid api key - report" name="xaaf-js-sdk tests xaaf sdk - isXaafAvailable tests init sdk with invalid api key - report" time="0.002">
    </testcase>
    <testcase classname="xaaf-js-sdk tests xaaf sdk - isXaafAvailable tests test xaaf js sdk - init - login succeed, call to reportServiceDelegate.init twice: first with default values and second with configuration we got from login response" name="xaaf-js-sdk tests xaaf sdk - isXaafAvailable tests test xaaf js sdk - init - login succeed, call to reportServiceDelegate.init twice: first with default values and second with configuration we got from login response" time="0.038">
    </testcase>
    <testcase classname="xaaf-js-sdk tests xaaf sdk - isXaafAvailable tests init sdk with invalid api key and then succeed on login - report" name="xaaf-js-sdk tests xaaf sdk - isXaafAvailable tests init sdk with invalid api key and then succeed on login - report" time="0.042">
    </testcase>
    <testcase classname="xaaf-js-sdk tests xaaf sdk - isXaafAvailable tests init sdk with empty api key" name="xaaf-js-sdk tests xaaf sdk - isXaafAvailable tests init sdk with empty api key" time="0.026">
    </testcase>
    <testcase classname="xaaf-js-sdk tests xaaf sdk - isXaafAvailable tests init sdk with unknown environment" name="xaaf-js-sdk tests xaaf sdk - isXaafAvailable tests init sdk with unknown environment" time="0.001">
    </testcase>
  </testsuite>
  <testsuite name="Time based triggers" errors="0" failures="0" skipped="0" timestamp="2024-02-20T05:08:29" time="114.316" tests="10">
    <testcase classname="Time based triggers 2 commands on one trigger: use executeTriggeredCommands function with TIME_BASED_TRIGGERS_WITH_MULTIPLE_TIMERS.json to validate timers set size when more then one command on same trigger with different timeouts test" name="Time based triggers 2 commands on one trigger: use executeTriggeredCommands function with TIME_BASED_TRIGGERS_WITH_MULTIPLE_TIMERS.json to validate timers set size when more then one command on same trigger with different timeouts test" time="10.189">
    </testcase>
    <testcase classname="Time based triggers parseCommands should parse commands with executionTrigger data section" name="Time based triggers parseCommands should parse commands with executionTrigger data section" time="0.002">
    </testcase>
    <testcase classname="Time based triggers SHOW_VIDEO: Get command delay execution value for state STATE_STARTING test" name="Time based triggers SHOW_VIDEO: Get command delay execution value for state STATE_STARTING test" time="0.002">
    </testcase>
    <testcase classname="Time based triggers validate that there are no available commands of no trigger states test" name="Time based triggers validate that there are no available commands of no trigger states test" time="0.001">
    </testcase>
    <testcase classname="Time based triggers STOP_EXPERIENCE: Get command delay execution value for state STATE_PLAYING test" name="Time based triggers STOP_EXPERIENCE: Get command delay execution value for state STATE_PLAYING test" time="0.001">
    </testcase>
    <testcase classname="Time based triggers SHOW_VIDEO: Get delay execution value return value 0 when delay value is not a number" name="Time based triggers SHOW_VIDEO: Get delay execution value return value 0 when delay value is not a number" time="0.001">
    </testcase>
    <testcase classname="Time based triggers REPORT_COMMAND: Get delay execution value return value 0 when trigger data is undefined" name="Time based triggers REPORT_COMMAND: Get delay execution value return value 0 when trigger data is undefined" time="0.001">
    </testcase>
    <testcase classname="Time based triggers execute() on SHOW_VIDEO: executeTriggeredCommand function call to command.execute() function test" name="Time based triggers execute() on SHOW_VIDEO: executeTriggeredCommand function call to command.execute() function test" time="0.002">
    </testcase>
    <testcase classname="Time based triggers execute() on REPORT_COMMAND: executeTriggeredCommand function call to command.execute() function test" name="Time based triggers execute() on REPORT_COMMAND: executeTriggeredCommand function call to command.execute() function test" time="0.004">
    </testcase>
    <testcase classname="Time based triggers execute() on STOP_EXPERIENCE: executeTriggeredCommand function call to command.execute() function test" name="Time based triggers execute() on STOP_EXPERIENCE: executeTriggeredCommand function call to command.execute() function test" time="0.004">
    </testcase>
  </testsuite>
  <testsuite name="ShowVideoCommand functions" errors="0" failures="0" skipped="0" timestamp="2024-02-20T05:10:08" time="19.341" tests="41">
    <testcase classname="ShowVideoCommand functions ShowVideoCommand should be defined" name="ShowVideoCommand functions ShowVideoCommand should be defined" time="0.003">
    </testcase>
    <testcase classname="ShowVideoCommand functions init() without XaafAdContainer - error thrown - should notify command event listener with ErrorCommandEvent upon error" name="ShowVideoCommand functions init() without XaafAdContainer - error thrown - should notify command event listener with ErrorCommandEvent upon error" time="0.002">
    </testcase>
    <testcase classname="ShowVideoCommand functions init(xaafAdContainerMock) - should set XaafElementType.VIDEO element type on XaafAdContainer and set XaafVideoElement data when it is ready" name="ShowVideoCommand functions init(xaafAdContainerMock) - should set XaafElementType.VIDEO element type on XaafAdContainer and set XaafVideoElement data when it is ready" time="0.002">
    </testcase>
    <testcase classname="ShowVideoCommand functions init(xaafAdContainerMock) - showvideoCommand should contain videoRepeatCount property" name="ShowVideoCommand functions init(xaafAdContainerMock) - showvideoCommand should contain videoRepeatCount property" time="0.001">
    </testcase>
    <testcase classname="ShowVideoCommand functions init(xaafAdContainerMock) - error thrown when XaafVideoElement is ready - should set XaafElementType.VIDEO element type on XaafAdContainer, set XaafVideoElement data when it is ready and notify command event listener with ErrorCommandEvent upon error" name="ShowVideoCommand functions init(xaafAdContainerMock) - error thrown when XaafVideoElement is ready - should set XaafElementType.VIDEO element type on XaafAdContainer, set XaafVideoElement data when it is ready and notify command event listener with ErrorCommandEvent upon error" time="0.002">
    </testcase>
    <testcase classname="ShowVideoCommand functions execute() - no video element exists - should notify command event listener with ErrorCommandEvent" name="ShowVideoCommand functions execute() - no video element exists - should notify command event listener with ErrorCommandEvent" time="0">
    </testcase>
    <testcase classname="ShowVideoCommand functions stop() when XaafAdContainer and XaafVideoElement exist - should stop XaafVideoElement and clear element type on XaafAdContainer" name="ShowVideoCommand functions stop() when XaafAdContainer and XaafVideoElement exist - should stop XaafVideoElement and clear element type on XaafAdContainer" time="0.001">
    </testcase>
    <testcase classname="ShowVideoCommand functions given showVideoCommand, on playing to completed events, should report command first frame, measurements, and quartiles" name="ShowVideoCommand functions given showVideoCommand, on playing to completed events, should report command first frame, measurements, and quartiles" time="10.005">
    </testcase>
    <testcase classname="ShowVideoCommand functions should test the onBufferingStarted function" name="ShowVideoCommand functions should test the onBufferingStarted function" time="0.002">
    </testcase>
    <testcase classname="ShowVideoCommand functions should test the onBufferingEnded function" name="ShowVideoCommand functions should test the onBufferingEnded function" time="0.001">
    </testcase>
    <testcase classname="ShowVideoCommand functions should test the onFinalized function" name="ShowVideoCommand functions should test the onFinalized function" time="0.001">
    </testcase>
    <testcase classname="ShowVideoCommand functions should test the onPlayerError function" name="ShowVideoCommand functions should test the onPlayerError function" time="0">
    </testcase>
    <testcase classname="ShowVideoCommand functions should test the onPlayerError function with error" name="ShowVideoCommand functions should test the onPlayerError function with error" time="0.001">
    </testcase>
    <testcase classname="ShowVideoCommand functions should test the onPlaybackComplete function with error" name="ShowVideoCommand functions should test the onPlaybackComplete function with error" time="0">
    </testcase>
    <testcase classname="ShowVideoCommand functions should test the onBufferingStarted function" name="ShowVideoCommand functions should test the onBufferingStarted function" time="0.001">
    </testcase>
    <testcase classname="ShowVideoCommand functions should test isOnPlayingReported" name="ShowVideoCommand functions should test isOnPlayingReported" time="0.004">
    </testcase>
    <testcase classname="ShowVideoCommand functions onPlaybackComplete() - should notify listener with completed event" name="ShowVideoCommand functions onPlaybackComplete() - should notify listener with completed event" time="0">
    </testcase>
    <testcase classname="ShowVideoCommand functions given currentTime 0, when duration 30, videoRepeatCount 3 remainingRepeatCount 3, should result in 0" name="ShowVideoCommand functions given currentTime 0, when duration 30, videoRepeatCount 3 remainingRepeatCount 3, should result in 0" time="0.001">
    </testcase>
    <testcase classname="ShowVideoCommand functions given currentTime 1, when duration 30, videoRepeatCount 3 remainingRepeatCount 3, should result in 1" name="ShowVideoCommand functions given currentTime 1, when duration 30, videoRepeatCount 3 remainingRepeatCount 3, should result in 1" time="0">
    </testcase>
    <testcase classname="ShowVideoCommand functions given currentTime 2, when duration 30, videoRepeatCount 3 remainingRepeatCount 3, should result in 2" name="ShowVideoCommand functions given currentTime 2, when duration 30, videoRepeatCount 3 remainingRepeatCount 3, should result in 2" time="0">
    </testcase>
    <testcase classname="ShowVideoCommand functions given currentTime 3, when duration 30, videoRepeatCount 3 remainingRepeatCount 3, should result in 3" name="ShowVideoCommand functions given currentTime 3, when duration 30, videoRepeatCount 3 remainingRepeatCount 3, should result in 3" time="0.001">
    </testcase>
    <testcase classname="ShowVideoCommand functions given currentTime 4, when duration 30, videoRepeatCount 3 remainingRepeatCount 3, should result in 4" name="ShowVideoCommand functions given currentTime 4, when duration 30, videoRepeatCount 3 remainingRepeatCount 3, should result in 4" time="0">
    </testcase>
    <testcase classname="ShowVideoCommand functions given currentTime 5, when duration 30, videoRepeatCount 3 remainingRepeatCount 3, should result in 5" name="ShowVideoCommand functions given currentTime 5, when duration 30, videoRepeatCount 3 remainingRepeatCount 3, should result in 5" time="0.001">
    </testcase>
    <testcase classname="ShowVideoCommand functions given currentTime 0, when duration 30, videoRepeatCount 3 remainingRepeatCount 2, should result in 30" name="ShowVideoCommand functions given currentTime 0, when duration 30, videoRepeatCount 3 remainingRepeatCount 2, should result in 30" time="0">
    </testcase>
    <testcase classname="ShowVideoCommand functions given currentTime 1, when duration 30, videoRepeatCount 3 remainingRepeatCount 2, should result in 31" name="ShowVideoCommand functions given currentTime 1, when duration 30, videoRepeatCount 3 remainingRepeatCount 2, should result in 31" time="0">
    </testcase>
    <testcase classname="ShowVideoCommand functions given currentTime 2, when duration 30, videoRepeatCount 3 remainingRepeatCount 2, should result in 32" name="ShowVideoCommand functions given currentTime 2, when duration 30, videoRepeatCount 3 remainingRepeatCount 2, should result in 32" time="0.001">
    </testcase>
    <testcase classname="ShowVideoCommand functions given currentTime 3, when duration 30, videoRepeatCount 3 remainingRepeatCount 2, should result in 33" name="ShowVideoCommand functions given currentTime 3, when duration 30, videoRepeatCount 3 remainingRepeatCount 2, should result in 33" time="0">
    </testcase>
    <testcase classname="ShowVideoCommand functions given currentTime 4, when duration 30, videoRepeatCount 3 remainingRepeatCount 2, should result in 34" name="ShowVideoCommand functions given currentTime 4, when duration 30, videoRepeatCount 3 remainingRepeatCount 2, should result in 34" time="0">
    </testcase>
    <testcase classname="ShowVideoCommand functions given currentTime 0, when duration 30, videoRepeatCount 3 remainingRepeatCount 1, should result in 60" name="ShowVideoCommand functions given currentTime 0, when duration 30, videoRepeatCount 3 remainingRepeatCount 1, should result in 60" time="0.001">
    </testcase>
    <testcase classname="ShowVideoCommand functions given currentTime 1, when duration 30, videoRepeatCount 3 remainingRepeatCount 1, should result in 61" name="ShowVideoCommand functions given currentTime 1, when duration 30, videoRepeatCount 3 remainingRepeatCount 1, should result in 61" time="0">
    </testcase>
    <testcase classname="ShowVideoCommand functions given currentTime 2, when duration 30, videoRepeatCount 3 remainingRepeatCount 1, should result in 62" name="ShowVideoCommand functions given currentTime 2, when duration 30, videoRepeatCount 3 remainingRepeatCount 1, should result in 62" time="0">
    </testcase>
    <testcase classname="ShowVideoCommand functions given currentTime 3, when duration 30, videoRepeatCount 3 remainingRepeatCount 1, should result in 63" name="ShowVideoCommand functions given currentTime 3, when duration 30, videoRepeatCount 3 remainingRepeatCount 1, should result in 63" time="0">
    </testcase>
    <testcase classname="ShowVideoCommand functions given currentTime 4, when duration 30, videoRepeatCount 3 remainingRepeatCount 1, should result in 64" name="ShowVideoCommand functions given currentTime 4, when duration 30, videoRepeatCount 3 remainingRepeatCount 1, should result in 64" time="0.001">
    </testcase>
    <testcase classname="ShowVideoCommand functions given a XiP above version 5.0.0, should correctly parse boolean video options 0" name="ShowVideoCommand functions given a XiP above version 5.0.0, should correctly parse boolean video options 0" time="0.001">
    </testcase>
    <testcase classname="ShowVideoCommand functions given a XiP above version 5.0.0, should correctly parse boolean video options 1" name="ShowVideoCommand functions given a XiP above version 5.0.0, should correctly parse boolean video options 1" time="0">
    </testcase>
    <testcase classname="ShowVideoCommand functions given a XiP above version 5.0.0, should correctly parse boolean video options 2" name="ShowVideoCommand functions given a XiP above version 5.0.0, should correctly parse boolean video options 2" time="0.001">
    </testcase>
    <testcase classname="ShowVideoCommand functions given a XiP above version 5.0.0, should correctly parse boolean video options 3" name="ShowVideoCommand functions given a XiP above version 5.0.0, should correctly parse boolean video options 3" time="0.001">
    </testcase>
    <testcase classname="ShowVideoCommand functions given a XiP above version 5.0.0, should correctly parse boolean video options 4" name="ShowVideoCommand functions given a XiP above version 5.0.0, should correctly parse boolean video options 4" time="0.001">
    </testcase>
    <testcase classname="ShowVideoCommand functions given a XiP above version 5.0.0, should correctly parse boolean video options 5" name="ShowVideoCommand functions given a XiP above version 5.0.0, should correctly parse boolean video options 5" time="0.001">
    </testcase>
    <testcase classname="ShowVideoCommand functions given a XiP above version 5.0.0, should correctly parse boolean video options 6" name="ShowVideoCommand functions given a XiP above version 5.0.0, should correctly parse boolean video options 6" time="0.001">
    </testcase>
    <testcase classname="ShowVideoCommand functions given a XiP above version 5.0.0, should correctly parse boolean video options 7" name="ShowVideoCommand functions given a XiP above version 5.0.0, should correctly parse boolean video options 7" time="0.001">
    </testcase>
  </testsuite>
</testsuites>