TN:
SF:src/http-service/http-service.ts
FN:11,(anonymous_19)
FN:20,HttpService
FN:35,(anonymous_21)
FN:38,(anonymous_22)
FN:41,(anonymous_23)
FN:44,(anonymous_24)
FN:16,(anonymous_25)
FN:47,(anonymous_26)
FN:63,(anonymous_29)
FNF:9
FNH:7
FNDA:1,(anonymous_19)
FNDA:1,HttpService
FNDA:9,(anonymous_21)
FNDA:1,(anonymous_22)
FNDA:1,(anonymous_23)
FNDA:0,(anonymous_24)
FNDA:0,(anonymous_25)
FNDA:11,(anonymous_26)
FNDA:3,(anonymous_29)
DA:1,1
DA:2,1
DA:4,1
DA:11,1
DA:14,1
DA:16,1
DA:17,0
DA:20,1
DA:21,1
DA:22,1
DA:23,1
DA:26,1
DA:35,1
DA:36,9
DA:38,1
DA:39,1
DA:41,1
DA:42,1
DA:44,1
DA:45,0
DA:47,1
DA:48,11
DA:49,11
DA:50,11
DA:51,11
DA:54,11
DA:55,8
DA:56,8
DA:57,8
DA:59,3
DA:63,1
DA:64,3
DA:65,3
DA:66,1
DA:67,1
DA:68,1
DA:69,1
DA:71,2
DA:72,2
DA:75,1
DA:82,1
DA:91,1
LF:42
LH:40
BRDA:22,0,0,0
BRDA:22,0,1,1
BRDA:22,1,0,1
BRDA:22,1,1,1
BRDA:49,2,0,11
BRDA:49,2,1,10
BRDA:49,3,0,3
BRDA:49,3,1,7
BRDA:49,4,0,10
BRDA:49,4,1,10
BRDA:50,5,0,3
BRDA:50,5,1,8
BRDA:50,6,0,11
BRDA:50,6,1,11
BRDA:50,7,0,3
BRDA:50,7,1,8
BRDA:50,8,0,11
BRDA:50,8,1,11
BRDA:51,9,0,10
BRDA:51,9,1,1
BRDA:65,10,0,1
BRDA:65,10,1,2
BRDA:73,11,0,0
BRDA:73,11,1,1
BRDA:73,11,2,1
BRF:25
BRH:23
end_of_record
