<?xml version="1.0" encoding="UTF-8"?>
<coverage generated="1708405706283" clover="3.2.0">
  <project timestamp="1708405706283" name="All files">
    <metrics statements="170" coveredstatements="153" conditionals="76" coveredconditionals="59" methods="29" coveredmethods="26" elements="275" coveredelements="238" complexity="0" loc="170" ncloc="170" packages="2" files="11" classes="11"/>
    <package name="src">
      <metrics statements="33" coveredstatements="30" conditionals="8" coveredconditionals="5" methods="11" coveredmethods="10"/>
      <file name="runner.ts" path="/users/jenkins/workspace/AAF_aaf-js-sdk_master/packages/xaaf-script/ad-script/src/runner.ts">
        <metrics statements="33" coveredstatements="30" conditionals="8" coveredconditionals="5" methods="11" coveredmethods="10"/>
        <line num="11" count="5" type="stmt"/>
        <line num="12" count="5" type="stmt"/>
        <line num="23" count="22" type="cond" truecount="2" falsecount="0"/>
        <line num="48" count="10" type="stmt"/>
        <line num="52" count="10" type="stmt"/>
        <line num="53" count="10" type="stmt"/>
        <line num="57" count="10" type="stmt"/>
        <line num="61" count="10" type="stmt"/>
        <line num="63" count="10" type="stmt"/>
        <line num="64" count="10" type="stmt"/>
        <line num="65" count="10" type="stmt"/>
        <line num="66" count="10" type="stmt"/>
        <line num="67" count="10" type="stmt"/>
        <line num="69" count="10" type="cond" truecount="1" falsecount="1"/>
        <line num="70" count="10" type="stmt"/>
        <line num="72" count="10" type="stmt"/>
        <line num="74" count="10" type="stmt"/>
        <line num="76" count="16" type="stmt"/>
        <line num="77" count="17" type="stmt"/>
        <line num="79" count="17" type="stmt"/>
        <line num="86" count="10" type="stmt"/>
        <line num="87" count="10" type="stmt"/>
        <line num="88" count="10" type="stmt"/>
        <line num="89" count="10" type="stmt"/>
        <line num="92" count="10" type="stmt"/>
        <line num="93" count="17" type="stmt"/>
        <line num="94" count="17" type="cond" truecount="2" falsecount="0"/>
        <line num="95" count="12" type="stmt"/>
        <line num="97" count="5" type="stmt"/>
        <line num="103" count="17" type="stmt"/>
        <line num="114" count="0" type="cond" truecount="0" falsecount="2"/>
        <line num="115" count="0" type="stmt"/>
        <line num="119" count="0" type="stmt"/>
      </file>
    </package>
    <package name="src.functions">
      <metrics statements="137" coveredstatements="123" conditionals="68" coveredconditionals="54" methods="18" coveredmethods="16"/>
      <file name="common.functions.ts" path="/users/jenkins/workspace/AAF_aaf-js-sdk_master/packages/xaaf-script/ad-script/src/functions/common.functions.ts">
        <metrics statements="20" coveredstatements="17" conditionals="7" coveredconditionals="6" methods="6" coveredmethods="5"/>
        <line num="1" count="5" type="stmt"/>
        <line num="2" count="5" type="stmt"/>
        <line num="4" count="5" type="stmt"/>
        <line num="7" count="2" type="cond" truecount="1" falsecount="1"/>
        <line num="8" count="2" type="stmt"/>
        <line num="10" count="0" type="stmt"/>
        <line num="15" count="51" type="stmt"/>
        <line num="16" count="51" type="stmt"/>
        <line num="19" count="0" type="stmt"/>
        <line num="23" count="35" type="cond" truecount="5" falsecount="0"/>
        <line num="24" count="19" type="stmt"/>
        <line num="25" count="19" type="stmt"/>
        <line num="29" count="19" type="stmt"/>
        <line num="31" count="16" type="stmt"/>
        <line num="35" count="4" type="stmt"/>
        <line num="36" count="4" type="stmt"/>
        <line num="40" count="4" type="stmt"/>
        <line num="45" count="4" type="stmt"/>
        <line num="46" count="4" type="stmt"/>
        <line num="48" count="0" type="stmt"/>
      </file>
      <file name="function.choose.ts" path="/users/jenkins/workspace/AAF_aaf-js-sdk_master/packages/xaaf-script/ad-script/src/functions/function.choose.ts">
        <metrics statements="5" coveredstatements="5" conditionals="2" coveredconditionals="2" methods="1" coveredmethods="1"/>
        <line num="1" count="5" type="stmt"/>
        <line num="5" count="2" type="stmt"/>
        <line num="6" count="2" type="stmt"/>
        <line num="7" count="4" type="cond" truecount="2" falsecount="0"/>
        <line num="8" count="2" type="stmt"/>
      </file>
      <file name="function.condition.ts" path="/users/jenkins/workspace/AAF_aaf-js-sdk_master/packages/xaaf-script/ad-script/src/functions/function.condition.ts">
        <metrics statements="23" coveredstatements="17" conditionals="14" coveredconditionals="6" methods="2" coveredmethods="2"/>
        <line num="1" count="5" type="stmt"/>
        <line num="16" count="2" type="stmt"/>
        <line num="17" count="2" type="stmt"/>
        <line num="18" count="2" type="stmt"/>
        <line num="19" count="2" type="stmt"/>
        <line num="20" count="2" type="stmt"/>
        <line num="21" count="2" type="cond" truecount="2" falsecount="0"/>
        <line num="23" count="2" type="cond" truecount="1" falsecount="1"/>
        <line num="24" count="2" type="stmt"/>
        <line num="29" count="2" type="stmt"/>
        <line num="30" count="2" type="stmt"/>
        <line num="32" count="2" type="cond" truecount="1" falsecount="1"/>
        <line num="33" count="2" type="stmt"/>
        <line num="35" count="2" type="cond" truecount="1" falsecount="1"/>
        <line num="36" count="2" type="stmt"/>
        <line num="39" count="2" type="stmt"/>
        <line num="41" count="0" type="stmt"/>
        <line num="43" count="0" type="stmt"/>
        <line num="45" count="2" type="stmt"/>
        <line num="47" count="0" type="stmt"/>
        <line num="49" count="0" type="stmt"/>
        <line num="51" count="0" type="stmt"/>
        <line num="53" count="0" type="stmt"/>
      </file>
      <file name="function.databind.ts" path="/users/jenkins/workspace/AAF_aaf-js-sdk_master/packages/xaaf-script/ad-script/src/functions/function.databind.ts">
        <metrics statements="50" coveredstatements="49" conditionals="29" coveredconditionals="28" methods="2" coveredmethods="2"/>
        <line num="1" count="5" type="stmt"/>
        <line num="2" count="5" type="stmt"/>
        <line num="10" count="90" type="cond" truecount="2" falsecount="0"/>
        <line num="11" count="43" type="stmt"/>
        <line num="13" count="47" type="stmt"/>
        <line num="14" count="47" type="cond" truecount="2" falsecount="0"/>
        <line num="15" count="8" type="stmt"/>
        <line num="16" count="8" type="stmt"/>
        <line num="17" count="8" type="stmt"/>
        <line num="19" count="8" type="stmt"/>
        <line num="20" count="39" type="cond" truecount="1" falsecount="1"/>
        <line num="21" count="39" type="stmt"/>
        <line num="22" count="96" type="stmt"/>
        <line num="23" count="96" type="cond" truecount="2" falsecount="0"/>
        <line num="24" count="2" type="stmt"/>
        <line num="25" count="2" type="stmt"/>
        <line num="27" count="94" type="cond" truecount="4" falsecount="0"/>
        <line num="28" count="18" type="stmt"/>
        <line num="30" count="18" type="stmt"/>
        <line num="31" count="18" type="cond" truecount="2" falsecount="0"/>
        <line num="32" count="6" type="stmt"/>
        <line num="33" count="6" type="stmt"/>
        <line num="34" count="6" type="stmt"/>
        <line num="37" count="18" type="cond" truecount="2" falsecount="0"/>
        <line num="38" count="2" type="stmt"/>
        <line num="40" count="16" type="stmt"/>
        <line num="42" count="76" type="cond" truecount="2" falsecount="0"/>
        <line num="47" count="1" type="stmt"/>
        <line num="49" count="75" type="stmt"/>
        <line num="57" count="0" type="stmt"/>
        <line num="59" count="37" type="stmt"/>
        <line num="63" count="4" type="stmt"/>
        <line num="64" count="4" type="stmt"/>
        <line num="66" count="4" type="stmt"/>
        <line num="67" count="4" type="cond" truecount="2" falsecount="0"/>
        <line num="68" count="2" type="stmt"/>
        <line num="69" count="2" type="stmt"/>
        <line num="70" count="14" type="cond" truecount="4" falsecount="0"/>
        <line num="71" count="2" type="stmt"/>
        <line num="73" count="14" type="cond" truecount="2" falsecount="0"/>
        <line num="74" count="14" type="stmt"/>
        <line num="77" count="2" type="stmt"/>
        <line num="80" count="4" type="stmt"/>
        <line num="81" count="7" type="stmt"/>
        <line num="82" count="7" type="stmt"/>
        <line num="83" count="7" type="stmt"/>
        <line num="84" count="7" type="stmt"/>
        <line num="85" count="7" type="stmt"/>
        <line num="87" count="4" type="stmt"/>
        <line num="88" count="4" type="stmt"/>
      </file>
      <file name="function.fire-trigger.ts" path="/users/jenkins/workspace/AAF_aaf-js-sdk_master/packages/xaaf-script/ad-script/src/functions/function.fire-trigger.ts">
        <metrics statements="2" coveredstatements="2" conditionals="0" coveredconditionals="0" methods="1" coveredmethods="1"/>
        <line num="1" count="5" type="stmt"/>
        <line num="5" count="1" type="stmt"/>
      </file>
      <file name="function.get-data.ts" path="/users/jenkins/workspace/AAF_aaf-js-sdk_master/packages/xaaf-script/ad-script/src/functions/function.get-data.ts">
        <metrics statements="10" coveredstatements="9" conditionals="2" coveredconditionals="1" methods="2" coveredmethods="2"/>
        <line num="1" count="5" type="stmt"/>
        <line num="2" count="5" type="stmt"/>
        <line num="6" count="2" type="stmt"/>
        <line num="7" count="2" type="stmt"/>
        <line num="8" count="2" type="cond" truecount="1" falsecount="1"/>
        <line num="9" count="2" type="stmt"/>
        <line num="14" count="2" type="stmt"/>
        <line num="15" count="2" type="stmt"/>
        <line num="16" count="2" type="stmt"/>
        <line num="18" count="0" type="stmt"/>
      </file>
      <file name="function.get.ts" path="/users/jenkins/workspace/AAF_aaf-js-sdk_master/packages/xaaf-script/ad-script/src/functions/function.get.ts">
        <metrics statements="14" coveredstatements="13" conditionals="10" coveredconditionals="8" methods="1" coveredmethods="1"/>
        <line num="1" count="5" type="stmt"/>
        <line num="2" count="5" type="stmt"/>
        <line num="6" count="11" type="cond" truecount="3" falsecount="1"/>
        <line num="7" count="11" type="stmt"/>
        <line num="8" count="11" type="cond" truecount="4" falsecount="0"/>
        <line num="9" count="1" type="stmt"/>
        <line num="10" count="1" type="stmt"/>
        <line num="11" count="1" type="cond" truecount="1" falsecount="1"/>
        <line num="12" count="1" type="stmt"/>
        <line num="13" count="1" type="stmt"/>
        <line num="14" count="1" type="stmt"/>
        <line num="15" count="1" type="stmt"/>
        <line num="17" count="0" type="stmt"/>
        <line num="20" count="10" type="stmt"/>
      </file>
      <file name="function.print.ts" path="/users/jenkins/workspace/AAF_aaf-js-sdk_master/packages/xaaf-script/ad-script/src/functions/function.print.ts">
        <metrics statements="3" coveredstatements="1" conditionals="0" coveredconditionals="0" methods="1" coveredmethods="0"/>
        <line num="1" count="5" type="stmt"/>
        <line num="5" count="0" type="stmt"/>
        <line num="6" count="0" type="stmt"/>
      </file>
      <file name="function.replace.ts" path="/users/jenkins/workspace/AAF_aaf-js-sdk_master/packages/xaaf-script/ad-script/src/functions/function.replace.ts">
        <metrics statements="6" coveredstatements="6" conditionals="0" coveredconditionals="0" methods="1" coveredmethods="1"/>
        <line num="1" count="5" type="stmt"/>
        <line num="5" count="2" type="stmt"/>
        <line num="6" count="2" type="stmt"/>
        <line num="7" count="2" type="stmt"/>
        <line num="8" count="2" type="stmt"/>
        <line num="9" count="2" type="stmt"/>
      </file>
      <file name="function.set.ts" path="/users/jenkins/workspace/AAF_aaf-js-sdk_master/packages/xaaf-script/ad-script/src/functions/function.set.ts">
        <metrics statements="4" coveredstatements="4" conditionals="4" coveredconditionals="3" methods="1" coveredmethods="1"/>
        <line num="1" count="5" type="stmt"/>
        <line num="5" count="16" type="cond" truecount="3" falsecount="1"/>
        <line num="6" count="16" type="stmt"/>
        <line num="7" count="16" type="stmt"/>
      </file>
    </package>
  </project>
</coverage>
