TN:
SF:src/runner.ts
FN:22,isAdScriptFunctionName
FN:56,(anonymous_8)
FN:60,(anonymous_9)
FN:70,(anonymous_10)
FN:74,(anonymous_11)
FN:76,(anonymous_12)
FN:86,(anonymous_13)
FN:86,(anonymous_14)
FN:87,(anonymous_15)
FN:93,(anonymous_16)
FN:113,(anonymous_17)
FNF:11
FNH:10
FNDA:22,isAdScriptFunctionName
FNDA:10,(anonymous_8)
FNDA:10,(anonymous_9)
FNDA:10,(anonymous_10)
FNDA:16,(anonymous_11)
FNDA:17,(anonymous_12)
FNDA:10,(anonymous_13)
FNDA:10,(anonymous_14)
FNDA:10,(anonymous_15)
FNDA:17,(anonymous_16)
FNDA:0,(anonymous_17)
DA:11,5
DA:12,5
DA:23,22
DA:48,10
DA:52,10
DA:53,10
DA:57,10
DA:61,10
DA:63,10
DA:64,10
DA:65,10
DA:66,10
DA:67,10
DA:69,10
DA:70,10
DA:72,10
DA:74,10
DA:76,16
DA:77,17
DA:79,17
DA:86,10
DA:87,10
DA:88,10
DA:89,10
DA:92,10
DA:93,17
DA:94,17
DA:95,12
DA:97,5
DA:103,17
DA:114,0
DA:115,0
DA:119,0
LF:33
LH:30
BRDA:23,0,0,22
BRDA:23,0,1,22
BRDA:69,1,0,10
BRDA:69,1,1,0
BRDA:94,2,0,12
BRDA:94,2,1,5
BRDA:114,3,0,0
BRDA:114,3,1,0
BRF:8
BRH:5
end_of_record
TN:
SF:src/functions/common.functions.ts
FN:6,resolveVariable
FN:14,logStatement
FN:18,storeVariable
FN:22,activateIfMethodPrefix
FN:34,executeInstructionSet
FN:44,extractJSON
FNF:6
FNH:5
FNDA:2,resolveVariable
FNDA:51,logStatement
FNDA:0,storeVariable
FNDA:35,activateIfMethodPrefix
FNDA:4,executeInstructionSet
FNDA:4,extractJSON
DA:1,5
DA:2,5
DA:4,5
DA:7,2
DA:8,2
DA:10,0
DA:15,51
DA:16,51
DA:19,0
DA:23,35
DA:24,19
DA:25,19
DA:29,19
DA:31,16
DA:35,4
DA:36,4
DA:40,4
DA:45,4
DA:46,4
DA:48,0
LF:20
LH:17
BRDA:7,0,0,2
BRDA:7,0,1,0
BRDA:23,1,0,19
BRDA:23,1,1,16
BRDA:23,2,0,35
BRDA:23,2,1,22
BRDA:23,2,2,22
BRF:7
BRH:6
end_of_record
TN:
SF:src/functions/function.choose.ts
FN:4,choose
FNF:1
FNH:1
FNDA:2,choose
DA:1,5
DA:5,2
DA:6,2
DA:7,4
DA:8,2
LF:5
LH:5
BRDA:7,0,0,2
BRDA:7,0,1,2
BRF:2
BRH:2
end_of_record
TN:
SF:src/functions/function.condition.ts
FN:15,condition
FN:27,testCondition
FNF:2
FNH:2
FNDA:2,condition
FNDA:2,testCondition
DA:1,5
DA:16,2
DA:17,2
DA:18,2
DA:19,2
DA:20,2
DA:21,2
DA:23,2
DA:24,2
DA:29,2
DA:30,2
DA:32,2
DA:33,2
DA:35,2
DA:36,2
DA:39,2
DA:41,0
DA:43,0
DA:45,2
DA:47,0
DA:49,0
DA:51,0
DA:53,0
LF:23
LH:17
BRDA:21,0,0,2
BRDA:21,0,1,2
BRDA:23,1,0,2
BRDA:23,1,1,0
BRDA:32,2,0,2
BRDA:32,2,1,0
BRDA:35,3,0,2
BRDA:35,3,1,0
BRDA:40,4,0,0
BRDA:40,4,1,0
BRDA:40,4,2,2
BRDA:40,4,3,0
BRDA:40,4,4,0
BRDA:40,4,5,0
BRF:14
BRH:6
end_of_record
TN:
SF:src/functions/function.databind.ts
FN:5,findKeyToReplace
FN:62,databind
FNF:2
FNH:2
FNDA:90,findKeyToReplace
FNDA:4,databind
DA:1,5
DA:2,5
DA:10,90
DA:11,43
DA:13,47
DA:14,47
DA:15,8
DA:16,8
DA:17,8
DA:19,8
DA:20,39
DA:21,39
DA:22,96
DA:23,96
DA:24,2
DA:25,2
DA:27,94
DA:28,18
DA:30,18
DA:31,18
DA:32,6
DA:33,6
DA:34,6
DA:37,18
DA:38,2
DA:40,16
DA:42,76
DA:47,1
DA:49,75
DA:57,0
DA:59,37
DA:63,4
DA:64,4
DA:66,4
DA:67,4
DA:68,2
DA:69,2
DA:70,14
DA:71,2
DA:73,14
DA:74,14
DA:77,2
DA:80,4
DA:81,7
DA:82,7
DA:83,7
DA:84,7
DA:85,7
DA:87,4
DA:88,4
LF:50
LH:49
BRDA:10,0,0,43
BRDA:10,0,1,47
BRDA:14,1,0,8
BRDA:14,1,1,39
BRDA:20,2,0,39
BRDA:20,2,1,0
BRDA:23,3,0,2
BRDA:23,3,1,94
BRDA:27,4,0,18
BRDA:27,4,1,76
BRDA:27,5,0,94
BRDA:27,5,1,61
BRDA:31,6,0,6
BRDA:31,6,1,12
BRDA:37,7,0,2
BRDA:37,7,1,16
BRDA:42,8,0,1
BRDA:42,8,1,75
BRDA:43,9,0,76
BRDA:43,9,1,33
BRDA:43,9,2,33
BRDA:67,10,0,2
BRDA:67,10,1,2
BRDA:70,11,0,2
BRDA:70,11,1,12
BRDA:70,12,0,14
BRDA:70,12,1,12
BRDA:73,13,0,14
BRDA:73,13,1,4
BRF:29
BRH:28
end_of_record
TN:
SF:src/functions/function.fire-trigger.ts
FN:4,fireTrigger
FNF:1
FNH:1
FNDA:1,fireTrigger
DA:1,5
DA:5,1
LF:2
LH:2
BRF:0
BRH:0
end_of_record
TN:
SF:src/functions/function.get-data.ts
FN:5,getData
FN:13,fetch
FNF:2
FNH:2
FNDA:2,getData
FNDA:2,fetch
DA:1,5
DA:2,5
DA:6,2
DA:7,2
DA:8,2
DA:9,2
DA:14,2
DA:15,2
DA:16,2
DA:18,0
LF:10
LH:9
BRDA:8,0,0,2
BRDA:8,0,1,0
BRF:2
BRH:1
end_of_record
TN:
SF:src/functions/function.get.ts
FN:5,get
FNF:1
FNH:1
FNDA:11,get
DA:1,5
DA:2,5
DA:6,11
DA:7,11
DA:8,11
DA:9,1
DA:10,1
DA:11,1
DA:12,1
DA:13,1
DA:14,1
DA:15,1
DA:17,0
DA:20,10
LF:14
LH:13
BRDA:6,0,0,11
BRDA:6,0,1,0
BRDA:6,1,0,11
BRDA:6,1,1,11
BRDA:8,2,0,1
BRDA:8,2,1,10
BRDA:8,3,0,11
BRDA:8,3,1,11
BRDA:11,4,0,1
BRDA:11,4,1,0
BRF:10
BRH:8
end_of_record
TN:
SF:src/functions/function.print.ts
FN:4,print
FNF:1
FNH:0
FNDA:0,print
DA:1,5
DA:5,0
DA:6,0
LF:3
LH:1
BRF:0
BRH:0
end_of_record
TN:
SF:src/functions/function.replace.ts
FN:4,replace
FNF:1
FNH:1
FNDA:2,replace
DA:1,5
DA:5,2
DA:6,2
DA:7,2
DA:8,2
DA:9,2
LF:6
LH:6
BRF:0
BRH:0
end_of_record
TN:
SF:src/functions/function.set.ts
FN:4,set
FNF:1
FNH:1
FNDA:16,set
DA:1,5
DA:5,16
DA:6,16
DA:7,16
LF:4
LH:4
BRDA:5,0,0,16
BRDA:5,0,1,0
BRDA:5,1,0,16
BRDA:5,1,1,16
BRF:4
BRH:3
end_of_record
