{"/users/jenkins/workspace/AAF_aaf-js-sdk_master/packages/core/common/src/command/command.ts": {"path":"/users/jenkins/workspace/AAF_aaf-js-sdk_master/packages/core/common/src/command/command.ts","statementMap":{"0":{"start":{"line":15,"column":39},"end":{"line":15,"column":null}}},"fnMap":{},"branchMap":{},"s":{"0":0},"f":{},"b":{}}
,"/users/jenkins/workspace/AAF_aaf-js-sdk_master/packages/core/common/src/command/xip/xip.ts": {"path":"/users/jenkins/workspace/AAF_aaf-js-sdk_master/packages/core/common/src/command/xip/xip.ts","statementMap":{"0":{"start":{"line":40,"column":0},"end":{"line":40,"column":12}},"1":{"start":{"line":41,"column":4},"end":{"line":41,"column":null}},"2":{"start":{"line":42,"column":4},"end":{"line":42,"column":null}},"3":{"start":{"line":43,"column":4},"end":{"line":43,"column":null}},"4":{"start":{"line":44,"column":4},"end":{"line":44,"column":null}},"5":{"start":{"line":45,"column":4},"end":{"line":45,"column":null}},"6":{"start":{"line":46,"column":4},"end":{"line":46,"column":null}},"7":{"start":{"line":47,"column":4},"end":{"line":47,"column":null}},"8":{"start":{"line":48,"column":4},"end":{"line":48,"column":null}}},"fnMap":{"0":{"name":"(anonymous_0)","decl":{"start":{"line":40,"column":0},"end":{"line":40,"column":12}},"loc":{"start":{"line":40,"column":23},"end":{"line":49,"column":null}}}},"branchMap":{"0":{"loc":{"start":{"line":40,"column":12},"end":{"line":40,"column":23}},"type":"binary-expr","locations":[{"start":{"line":40,"column":12},"end":{"line":40,"column":23}},{"start":{"line":40,"column":23},"end":{"line":40,"column":null}}]}},"s":{"0":0,"1":0,"2":0,"3":0,"4":0,"5":0,"6":0,"7":0,"8":0},"f":{"0":0},"b":{"0":[0,0]}}
,"/users/jenkins/workspace/AAF_aaf-js-sdk_master/packages/core/common/src/dependecy-injection/di-service.ts": {"path":"/users/jenkins/workspace/AAF_aaf-js-sdk_master/packages/core/common/src/dependecy-injection/di-service.ts","statementMap":{"0":{"start":{"line":2,"column":23},"end":{"line":2,"column":null}},"1":{"start":{"line":4,"column":0},"end":{"line":4,"column":12}},"2":{"start":{"line":5,"column":4},"end":{"line":5,"column":null}},"3":{"start":{"line":6,"column":4},"end":{"line":6,"column":null}},"4":{"start":{"line":7,"column":4},"end":{"line":7,"column":null}},"5":{"start":{"line":8,"column":4},"end":{"line":8,"column":null}},"6":{"start":{"line":9,"column":4},"end":{"line":9,"column":null}},"7":{"start":{"line":10,"column":4},"end":{"line":10,"column":null}},"8":{"start":{"line":11,"column":4},"end":{"line":11,"column":null}},"9":{"start":{"line":12,"column":4},"end":{"line":12,"column":null}},"10":{"start":{"line":13,"column":4},"end":{"line":13,"column":null}},"11":{"start":{"line":14,"column":4},"end":{"line":14,"column":null}},"12":{"start":{"line":15,"column":4},"end":{"line":15,"column":null}},"13":{"start":{"line":16,"column":4},"end":{"line":16,"column":null}},"14":{"start":{"line":17,"column":4},"end":{"line":17,"column":null}},"15":{"start":{"line":18,"column":4},"end":{"line":18,"column":null}},"16":{"start":{"line":19,"column":4},"end":{"line":19,"column":null}},"17":{"start":{"line":20,"column":4},"end":{"line":20,"column":null}},"18":{"start":{"line":21,"column":4},"end":{"line":21,"column":null}},"19":{"start":{"line":24,"column":68},"end":{"line":24,"column":null}},"20":{"start":{"line":26,"column":23},"end":{"line":26,"column":null}},"21":{"start":{"line":28,"column":0},"end":{"line":28,"column":null}},"22":{"start":{"line":30,"column":32},"end":{"line":30,"column":44}},"23":{"start":{"line":35,"column":8},"end":{"line":39,"column":null}},"24":{"start":{"line":36,"column":12},"end":{"line":36,"column":26}},"25":{"start":{"line":38,"column":12},"end":{"line":38,"column":35}},"26":{"start":{"line":41,"column":8},"end":{"line":43,"column":null}},"27":{"start":{"line":42,"column":12},"end":{"line":42,"column":35}},"28":{"start":{"line":44,"column":8},"end":{"line":44,"column":13}},"29":{"start":{"line":47,"column":4},"end":{"line":47,"column":22}},"30":{"start":{"line":48,"column":8},"end":{"line":48,"column":13}},"31":{"start":{"line":51,"column":4},"end":{"line":51,"column":21}},"32":{"start":{"line":52,"column":8},"end":{"line":52,"column":13}},"33":{"start":{"line":55,"column":4},"end":{"line":55,"column":15}},"34":{"start":{"line":56,"column":33},"end":{"line":56,"column":38}},"35":{"start":{"line":57,"column":8},"end":{"line":62,"column":null}},"36":{"start":{"line":58,"column":12},"end":{"line":58,"column":18}},"37":{"start":{"line":63,"column":8},"end":{"line":63,"column":15}},"38":{"start":{"line":66,"column":12},"end":{"line":66,"column":29}},"39":{"start":{"line":67,"column":8},"end":{"line":71,"column":null}},"40":{"start":{"line":68,"column":12},"end":{"line":68,"column":18}},"41":{"start":{"line":70,"column":12},"end":{"line":70,"column":17}},"42":{"start":{"line":73,"column":0},"end":{"line":73,"column":1}},"43":{"start":{"line":75,"column":25},"end":{"line":75,"column":29}}},"fnMap":{"0":{"name":"(anonymous_0)","decl":{"start":{"line":4,"column":0},"end":{"line":4,"column":12}},"loc":{"start":{"line":4,"column":24},"end":{"line":22,"column":null}}},"1":{"name":"(anonymous_1)","decl":{"start":{"line":28,"column":0},"end":{"line":28,"column":null}},"loc":{"start":{"line":28,"column":0},"end":{"line":73,"column":null}}},"2":{"name":"DependencyContainer","decl":{"start":{"line":30,"column":4},"end":{"line":30,"column":32}},"loc":{"start":{"line":30,"column":44},"end":{"line":45,"column":null}}},"3":{"name":"(anonymous_3)","decl":{"start":{"line":47,"column":4},"end":{"line":47,"column":22}},"loc":{"start":{"line":47,"column":91},"end":{"line":49,"column":null}}},"4":{"name":"(anonymous_4)","decl":{"start":{"line":51,"column":4},"end":{"line":51,"column":21}},"loc":{"start":{"line":51,"column":75},"end":{"line":53,"column":null}}},"5":{"name":"(anonymous_5)","decl":{"start":{"line":55,"column":4},"end":{"line":55,"column":15}},"loc":{"start":{"line":55,"column":43},"end":{"line":64,"column":null}}},"6":{"name":"(anonymous_6)","decl":{"start":{"line":66,"column":4},"end":{"line":66,"column":12}},"loc":{"start":{"line":66,"column":83},"end":{"line":72,"column":null}}}},"branchMap":{"0":{"loc":{"start":{"line":4,"column":12},"end":{"line":4,"column":24}},"type":"binary-expr","locations":[{"start":{"line":4,"column":12},"end":{"line":4,"column":24}},{"start":{"line":4,"column":24},"end":{"line":4,"column":null}}]},"1":{"loc":{"start":{"line":26,"column":55},"end":{"line":26,"column":64}},"type":"cond-expr","locations":[{"start":{"line":26,"column":55},"end":{"line":26,"column":64}},{"start":{"line":26,"column":64},"end":{"line":26,"column":null}}]},"2":{"loc":{"start":{"line":26,"column":96},"end":{"line":26,"column":105}},"type":"cond-expr","locations":[{"start":{"line":26,"column":96},"end":{"line":26,"column":105}},{"start":{"line":26,"column":105},"end":{"line":26,"column":null}}]},"3":{"loc":{"start":{"line":35,"column":8},"end":{"line":39,"column":null}},"type":"if","locations":[{"start":{"line":35,"column":8},"end":{"line":39,"column":null}},{"start":{"line":35,"column":8},"end":{"line":39,"column":null}}]},"4":{"loc":{"start":{"line":41,"column":8},"end":{"line":43,"column":null}},"type":"if","locations":[{"start":{"line":41,"column":8},"end":{"line":43,"column":null}},{"start":{"line":41,"column":8},"end":{"line":43,"column":null}}]},"5":{"loc":{"start":{"line":57,"column":8},"end":{"line":62,"column":null}},"type":"if","locations":[{"start":{"line":57,"column":8},"end":{"line":62,"column":null}},{"start":{"line":57,"column":8},"end":{"line":62,"column":null}}]},"6":{"loc":{"start":{"line":67,"column":8},"end":{"line":71,"column":null}},"type":"if","locations":[{"start":{"line":67,"column":8},"end":{"line":71,"column":null}},{"start":{"line":67,"column":8},"end":{"line":71,"column":null}}]}},"s":{"0":1,"1":1,"2":1,"3":1,"4":1,"5":1,"6":1,"7":1,"8":1,"9":1,"10":1,"11":1,"12":1,"13":1,"14":1,"15":1,"16":1,"17":1,"18":1,"19":1,"20":1,"21":1,"22":7,"23":7,"24":1,"25":6,"26":7,"27":3,"28":7,"29":1,"30":2,"31":1,"32":1,"33":1,"34":3,"35":3,"36":1,"37":2,"38":1,"39":3,"40":1,"41":2,"42":1,"43":1},"f":{"0":1,"1":1,"2":7,"3":2,"4":1,"5":3,"6":3},"b":{"0":[1,1],"1":[0,1],"2":[1,0],"3":[1,6],"4":[3,4],"5":[1,2],"6":[1,2]}}
,"/users/jenkins/workspace/AAF_aaf-js-sdk_master/packages/core/common/src/events/xaaf-events.ts": {"path":"/users/jenkins/workspace/AAF_aaf-js-sdk_master/packages/core/common/src/events/xaaf-events.ts","statementMap":{"0":{"start":{"line":3,"column":0},"end":{"line":3,"column":12}},"1":{"start":{"line":4,"column":4},"end":{"line":4,"column":null}},"2":{"start":{"line":5,"column":4},"end":{"line":5,"column":null}},"3":{"start":{"line":6,"column":4},"end":{"line":6,"column":null}}},"fnMap":{"0":{"name":"(anonymous_0)","decl":{"start":{"line":3,"column":0},"end":{"line":3,"column":12}},"loc":{"start":{"line":3,"column":25},"end":{"line":7,"column":null}}}},"branchMap":{"0":{"loc":{"start":{"line":3,"column":12},"end":{"line":3,"column":25}},"type":"binary-expr","locations":[{"start":{"line":3,"column":12},"end":{"line":3,"column":25}},{"start":{"line":3,"column":25},"end":{"line":3,"column":null}}]}},"s":{"0":0,"1":0,"2":0,"3":0},"f":{"0":0},"b":{"0":[0,0]}}
,"/users/jenkins/workspace/AAF_aaf-js-sdk_master/packages/core/common/src/events/ad-events/ad-event-creator.ts": {"path":"/users/jenkins/workspace/AAF_aaf-js-sdk_master/packages/core/common/src/events/ad-events/ad-event-creator.ts","statementMap":{"0":{"start":{"line":1,"column":0},"end":{"line":1,"column":null}},"1":{"start":{"line":14,"column":0},"end":{"line":14,"column":null}},"2":{"start":{"line":15,"column":4},"end":{"line":15,"column":null}},"3":{"start":{"line":16,"column":8},"end":{"line":16,"column":15}},"4":{"start":{"line":19,"column":4},"end":{"line":19,"column":null}},"5":{"start":{"line":20,"column":8},"end":{"line":20,"column":15}},"6":{"start":{"line":23,"column":4},"end":{"line":23,"column":null}},"7":{"start":{"line":24,"column":8},"end":{"line":24,"column":15}},"8":{"start":{"line":27,"column":4},"end":{"line":27,"column":null}},"9":{"start":{"line":28,"column":8},"end":{"line":28,"column":15}},"10":{"start":{"line":31,"column":4},"end":{"line":31,"column":23}},"11":{"start":{"line":32,"column":8},"end":{"line":32,"column":15}},"12":{"start":{"line":38,"column":4},"end":{"line":38,"column":30}},"13":{"start":{"line":39,"column":23},"end":{"line":39,"column":null}},"14":{"start":{"line":40,"column":8},"end":{"line":40,"column":15}},"15":{"start":{"line":47,"column":4},"end":{"line":47,"column":23}},"16":{"start":{"line":48,"column":8},"end":{"line":48,"column":15}},"17":{"start":{"line":54,"column":4},"end":{"line":54,"column":21}},"18":{"start":{"line":55,"column":8},"end":{"line":55,"column":15}},"19":{"start":{"line":61,"column":12},"end":{"line":61,"column":20}},"20":{"start":{"line":62,"column":8},"end":{"line":62,"column":15}},"21":{"start":{"line":64,"column":0},"end":{"line":64,"column":1}}},"fnMap":{"0":{"name":"(anonymous_0)","decl":{"start":{"line":14,"column":0},"end":{"line":14,"column":null}},"loc":{"start":{"line":14,"column":0},"end":{"line":64,"column":null}}},"1":{"name":"(anonymous_2)","decl":{"start":{"line":15,"column":4},"end":{"line":15,"column":null}},"loc":{"start":{"line":15,"column":4},"end":{"line":17,"column":null}}},"2":{"name":"(anonymous_3)","decl":{"start":{"line":19,"column":4},"end":{"line":19,"column":null}},"loc":{"start":{"line":19,"column":4},"end":{"line":21,"column":null}}},"3":{"name":"(anonymous_4)","decl":{"start":{"line":23,"column":4},"end":{"line":23,"column":null}},"loc":{"start":{"line":23,"column":4},"end":{"line":25,"column":null}}},"4":{"name":"(anonymous_5)","decl":{"start":{"line":27,"column":4},"end":{"line":27,"column":null}},"loc":{"start":{"line":27,"column":4},"end":{"line":29,"column":null}}},"5":{"name":"(anonymous_6)","decl":{"start":{"line":31,"column":4},"end":{"line":31,"column":23}},"loc":{"start":{"line":31,"column":44},"end":{"line":36,"column":null}}},"6":{"name":"(anonymous_7)","decl":{"start":{"line":38,"column":4},"end":{"line":38,"column":30}},"loc":{"start":{"line":38,"column":44},"end":{"line":45,"column":null}}},"7":{"name":"(anonymous_8)","decl":{"start":{"line":47,"column":4},"end":{"line":47,"column":23}},"loc":{"start":{"line":47,"column":37},"end":{"line":52,"column":null}}},"8":{"name":"(anonymous_9)","decl":{"start":{"line":54,"column":4},"end":{"line":54,"column":21}},"loc":{"start":{"line":54,"column":35},"end":{"line":59,"column":null}}},"9":{"name":"(anonymous_10)","decl":{"start":{"line":61,"column":4},"end":{"line":61,"column":12}},"loc":{"start":{"line":61,"column":37},"end":{"line":63,"column":null}}}},"branchMap":{},"s":{"0":2,"1":2,"2":2,"3":1,"4":2,"5":1,"6":2,"7":1,"8":2,"9":1,"10":2,"11":1,"12":2,"13":0,"14":0,"15":2,"16":1,"17":2,"18":1,"19":2,"20":4,"21":2},"f":{"0":10,"1":1,"2":1,"3":1,"4":1,"5":1,"6":0,"7":1,"8":1,"9":4},"b":{}}
,"/users/jenkins/workspace/AAF_aaf-js-sdk_master/packages/core/common/src/events/ad-events/ad-events.ts": {"path":"/users/jenkins/workspace/AAF_aaf-js-sdk_master/packages/core/common/src/events/ad-events/ad-events.ts","statementMap":{"0":{"start":{"line":3,"column":0},"end":{"line":3,"column":12}},"1":{"start":{"line":4,"column":4},"end":{"line":4,"column":null}},"2":{"start":{"line":5,"column":4},"end":{"line":5,"column":null}},"3":{"start":{"line":6,"column":4},"end":{"line":6,"column":null}},"4":{"start":{"line":7,"column":4},"end":{"line":7,"column":null}},"5":{"start":{"line":8,"column":4},"end":{"line":8,"column":null}},"6":{"start":{"line":9,"column":4},"end":{"line":9,"column":null}},"7":{"start":{"line":10,"column":4},"end":{"line":10,"column":null}},"8":{"start":{"line":11,"column":4},"end":{"line":11,"column":null}},"9":{"start":{"line":20,"column":0},"end":{"line":20,"column":12}},"10":{"start":{"line":21,"column":4},"end":{"line":21,"column":null}},"11":{"start":{"line":22,"column":4},"end":{"line":22,"column":null}},"12":{"start":{"line":23,"column":4},"end":{"line":23,"column":null}},"13":{"start":{"line":24,"column":4},"end":{"line":24,"column":null}},"14":{"start":{"line":25,"column":4},"end":{"line":25,"column":null}},"15":{"start":{"line":26,"column":4},"end":{"line":26,"column":null}},"16":{"start":{"line":27,"column":4},"end":{"line":27,"column":null}}},"fnMap":{"0":{"name":"(anonymous_0)","decl":{"start":{"line":3,"column":0},"end":{"line":3,"column":12}},"loc":{"start":{"line":3,"column":23},"end":{"line":12,"column":null}}},"1":{"name":"(anonymous_1)","decl":{"start":{"line":20,"column":0},"end":{"line":20,"column":12}},"loc":{"start":{"line":20,"column":25},"end":{"line":28,"column":null}}}},"branchMap":{"0":{"loc":{"start":{"line":3,"column":12},"end":{"line":3,"column":23}},"type":"binary-expr","locations":[{"start":{"line":3,"column":12},"end":{"line":3,"column":23}},{"start":{"line":3,"column":23},"end":{"line":3,"column":null}}]},"1":{"loc":{"start":{"line":20,"column":12},"end":{"line":20,"column":25}},"type":"binary-expr","locations":[{"start":{"line":20,"column":12},"end":{"line":20,"column":25}},{"start":{"line":20,"column":25},"end":{"line":20,"column":null}}]}},"s":{"0":2,"1":2,"2":2,"3":2,"4":2,"5":2,"6":2,"7":2,"8":2,"9":2,"10":2,"11":2,"12":2,"13":2,"14":2,"15":2,"16":2},"f":{"0":2,"1":2},"b":{"0":[2,2],"1":[2,2]}}
,"/users/jenkins/workspace/AAF_aaf-js-sdk_master/packages/core/common/src/events/command-events/command-events.ts": {"path":"/users/jenkins/workspace/AAF_aaf-js-sdk_master/packages/core/common/src/events/command-events/command-events.ts","statementMap":{"0":{"start":{"line":1,"column":0},"end":{"line":1,"column":12}},"1":{"start":{"line":2,"column":4},"end":{"line":2,"column":null}},"2":{"start":{"line":3,"column":4},"end":{"line":3,"column":null}},"3":{"start":{"line":4,"column":4},"end":{"line":4,"column":null}},"4":{"start":{"line":5,"column":4},"end":{"line":5,"column":null}},"5":{"start":{"line":6,"column":4},"end":{"line":6,"column":null}},"6":{"start":{"line":7,"column":4},"end":{"line":7,"column":null}},"7":{"start":{"line":8,"column":4},"end":{"line":8,"column":null}},"8":{"start":{"line":9,"column":4},"end":{"line":9,"column":null}},"9":{"start":{"line":10,"column":4},"end":{"line":10,"column":null}},"10":{"start":{"line":11,"column":4},"end":{"line":11,"column":null}},"11":{"start":{"line":12,"column":4},"end":{"line":12,"column":null}},"12":{"start":{"line":13,"column":4},"end":{"line":13,"column":null}},"13":{"start":{"line":16,"column":0},"end":{"line":16,"column":12}},"14":{"start":{"line":17,"column":4},"end":{"line":17,"column":null}},"15":{"start":{"line":18,"column":4},"end":{"line":18,"column":null}},"16":{"start":{"line":19,"column":4},"end":{"line":19,"column":null}},"17":{"start":{"line":20,"column":4},"end":{"line":20,"column":null}}},"fnMap":{"0":{"name":"(anonymous_0)","decl":{"start":{"line":1,"column":0},"end":{"line":1,"column":12}},"loc":{"start":{"line":1,"column":28},"end":{"line":14,"column":null}}},"1":{"name":"(anonymous_1)","decl":{"start":{"line":16,"column":0},"end":{"line":16,"column":12}},"loc":{"start":{"line":16,"column":37},"end":{"line":21,"column":null}}}},"branchMap":{"0":{"loc":{"start":{"line":1,"column":12},"end":{"line":1,"column":28}},"type":"binary-expr","locations":[{"start":{"line":1,"column":12},"end":{"line":1,"column":28}},{"start":{"line":1,"column":28},"end":{"line":1,"column":null}}]},"1":{"loc":{"start":{"line":16,"column":12},"end":{"line":16,"column":37}},"type":"binary-expr","locations":[{"start":{"line":16,"column":12},"end":{"line":16,"column":37}},{"start":{"line":16,"column":37},"end":{"line":16,"column":null}}]}},"s":{"0":1,"1":1,"2":1,"3":1,"4":1,"5":1,"6":1,"7":1,"8":1,"9":1,"10":1,"11":1,"12":1,"13":1,"14":1,"15":1,"16":1,"17":1},"f":{"0":1,"1":1},"b":{"0":[1,1],"1":[1,1]}}
,"/users/jenkins/workspace/AAF_aaf-js-sdk_master/packages/core/common/src/fsm/state.ts": {"path":"/users/jenkins/workspace/AAF_aaf-js-sdk_master/packages/core/common/src/fsm/state.ts","statementMap":{"0":{"start":{"line":1,"column":21},"end":{"line":1,"column":null}}},"fnMap":{},"branchMap":{},"s":{"0":0},"f":{},"b":{}}
,"/users/jenkins/workspace/AAF_aaf-js-sdk_master/packages/core/common/src/fsm/trigger.ts": {"path":"/users/jenkins/workspace/AAF_aaf-js-sdk_master/packages/core/common/src/fsm/trigger.ts","statementMap":{"0":{"start":{"line":1,"column":0},"end":{"line":1,"column":null}},"1":{"start":{"line":3,"column":20},"end":{"line":3,"column":null}},"2":{"start":{"line":10,"column":0},"end":{"line":10,"column":12}},"3":{"start":{"line":11,"column":4},"end":{"line":11,"column":null}},"4":{"start":{"line":12,"column":4},"end":{"line":12,"column":null}},"5":{"start":{"line":13,"column":4},"end":{"line":13,"column":null}}},"fnMap":{"0":{"name":"(anonymous_2)","decl":{"start":{"line":10,"column":0},"end":{"line":10,"column":12}},"loc":{"start":{"line":10,"column":27},"end":{"line":14,"column":null}}}},"branchMap":{"0":{"loc":{"start":{"line":10,"column":12},"end":{"line":10,"column":27}},"type":"binary-expr","locations":[{"start":{"line":10,"column":12},"end":{"line":10,"column":27}},{"start":{"line":10,"column":27},"end":{"line":10,"column":null}}]}},"s":{"0":0,"1":0,"2":0,"3":0,"4":0,"5":0},"f":{"0":0},"b":{"0":[0,0]}}
,"/users/jenkins/workspace/AAF_aaf-js-sdk_master/packages/core/common/src/models/dynamic-view-data.ts": {"path":"/users/jenkins/workspace/AAF_aaf-js-sdk_master/packages/core/common/src/models/dynamic-view-data.ts","statementMap":{"0":{"start":{"line":12,"column":0},"end":{"line":12,"column":12}},"1":{"start":{"line":13,"column":4},"end":{"line":13,"column":null}},"2":{"start":{"line":14,"column":4},"end":{"line":14,"column":null}},"3":{"start":{"line":15,"column":4},"end":{"line":15,"column":null}},"4":{"start":{"line":16,"column":4},"end":{"line":16,"column":null}},"5":{"start":{"line":17,"column":4},"end":{"line":17,"column":null}},"6":{"start":{"line":18,"column":4},"end":{"line":18,"column":null}}},"fnMap":{"0":{"name":"(anonymous_0)","decl":{"start":{"line":12,"column":0},"end":{"line":12,"column":12}},"loc":{"start":{"line":12,"column":25},"end":{"line":19,"column":null}}}},"branchMap":{"0":{"loc":{"start":{"line":12,"column":12},"end":{"line":12,"column":25}},"type":"binary-expr","locations":[{"start":{"line":12,"column":12},"end":{"line":12,"column":25}},{"start":{"line":12,"column":25},"end":{"line":12,"column":null}}]}},"s":{"0":1,"1":1,"2":1,"3":1,"4":1,"5":1,"6":1},"f":{"0":1},"b":{"0":[1,1]}}
,"/users/jenkins/workspace/AAF_aaf-js-sdk_master/packages/core/common/src/models/error.ts": {"path":"/users/jenkins/workspace/AAF_aaf-js-sdk_master/packages/core/common/src/models/error.ts","statementMap":{"0":{"start":{"line":36,"column":0},"end":{"line":36,"column":12}},"1":{"start":{"line":37,"column":4},"end":{"line":37,"column":null}},"2":{"start":{"line":38,"column":4},"end":{"line":38,"column":null}},"3":{"start":{"line":39,"column":4},"end":{"line":39,"column":null}},"4":{"start":{"line":42,"column":0},"end":{"line":42,"column":12}},"5":{"start":{"line":43,"column":4},"end":{"line":43,"column":null}},"6":{"start":{"line":44,"column":4},"end":{"line":44,"column":null}},"7":{"start":{"line":45,"column":4},"end":{"line":45,"column":null}},"8":{"start":{"line":46,"column":4},"end":{"line":46,"column":null}},"9":{"start":{"line":47,"column":4},"end":{"line":47,"column":null}},"10":{"start":{"line":48,"column":4},"end":{"line":48,"column":null}},"11":{"start":{"line":49,"column":4},"end":{"line":49,"column":null}},"12":{"start":{"line":50,"column":4},"end":{"line":50,"column":null}},"13":{"start":{"line":53,"column":0},"end":{"line":53,"column":12}},"14":{"start":{"line":54,"column":4},"end":{"line":54,"column":null}},"15":{"start":{"line":55,"column":4},"end":{"line":55,"column":null}},"16":{"start":{"line":56,"column":4},"end":{"line":56,"column":null}},"17":{"start":{"line":57,"column":4},"end":{"line":57,"column":null}},"18":{"start":{"line":58,"column":4},"end":{"line":58,"column":null}},"19":{"start":{"line":61,"column":0},"end":{"line":61,"column":12}},"20":{"start":{"line":62,"column":4},"end":{"line":62,"column":null}},"21":{"start":{"line":63,"column":4},"end":{"line":63,"column":null}},"22":{"start":{"line":64,"column":4},"end":{"line":64,"column":null}},"23":{"start":{"line":65,"column":4},"end":{"line":65,"column":null}},"24":{"start":{"line":66,"column":4},"end":{"line":66,"column":null}},"25":{"start":{"line":67,"column":4},"end":{"line":67,"column":null}},"26":{"start":{"line":68,"column":4},"end":{"line":68,"column":null}},"27":{"start":{"line":69,"column":4},"end":{"line":69,"column":null}},"28":{"start":{"line":70,"column":4},"end":{"line":70,"column":null}},"29":{"start":{"line":71,"column":4},"end":{"line":71,"column":null}},"30":{"start":{"line":72,"column":4},"end":{"line":72,"column":null}},"31":{"start":{"line":73,"column":4},"end":{"line":73,"column":null}},"32":{"start":{"line":74,"column":4},"end":{"line":74,"column":null}},"33":{"start":{"line":75,"column":4},"end":{"line":75,"column":null}},"34":{"start":{"line":76,"column":4},"end":{"line":76,"column":null}},"35":{"start":{"line":77,"column":4},"end":{"line":77,"column":null}},"36":{"start":{"line":78,"column":4},"end":{"line":78,"column":null}},"37":{"start":{"line":79,"column":4},"end":{"line":79,"column":null}},"38":{"start":{"line":80,"column":4},"end":{"line":80,"column":null}},"39":{"start":{"line":81,"column":4},"end":{"line":81,"column":null}},"40":{"start":{"line":82,"column":4},"end":{"line":82,"column":null}},"41":{"start":{"line":83,"column":4},"end":{"line":83,"column":null}},"42":{"start":{"line":84,"column":4},"end":{"line":84,"column":null}},"43":{"start":{"line":85,"column":4},"end":{"line":85,"column":null}},"44":{"start":{"line":86,"column":4},"end":{"line":86,"column":null}},"45":{"start":{"line":87,"column":4},"end":{"line":87,"column":null}},"46":{"start":{"line":88,"column":4},"end":{"line":88,"column":null}},"47":{"start":{"line":89,"column":4},"end":{"line":89,"column":null}},"48":{"start":{"line":90,"column":4},"end":{"line":90,"column":null}},"49":{"start":{"line":91,"column":4},"end":{"line":91,"column":null}},"50":{"start":{"line":92,"column":4},"end":{"line":92,"column":null}},"51":{"start":{"line":93,"column":4},"end":{"line":93,"column":null}},"52":{"start":{"line":94,"column":4},"end":{"line":94,"column":null}},"53":{"start":{"line":95,"column":4},"end":{"line":95,"column":null}},"54":{"start":{"line":108,"column":59},"end":{"line":108,"column":63}},"55":{"start":{"line":183,"column":34},"end":{"line":184,"column":null}},"56":{"start":{"line":184,"column":4},"end":{"line":184,"column":10}}},"fnMap":{"0":{"name":"(anonymous_0)","decl":{"start":{"line":36,"column":0},"end":{"line":36,"column":12}},"loc":{"start":{"line":36,"column":23},"end":{"line":40,"column":null}}},"1":{"name":"(anonymous_1)","decl":{"start":{"line":42,"column":0},"end":{"line":42,"column":12}},"loc":{"start":{"line":42,"column":26},"end":{"line":51,"column":null}}},"2":{"name":"(anonymous_2)","decl":{"start":{"line":53,"column":0},"end":{"line":53,"column":12}},"loc":{"start":{"line":53,"column":26},"end":{"line":59,"column":null}}},"3":{"name":"(anonymous_3)","decl":{"start":{"line":61,"column":0},"end":{"line":61,"column":12}},"loc":{"start":{"line":61,"column":21},"end":{"line":96,"column":null}}},"4":{"name":"(anonymous_4)","decl":{"start":{"line":183,"column":34},"end":{"line":183,"column":35}},"loc":{"start":{"line":183,"column":52},"end":{"line":184,"column":null}}}},"branchMap":{"0":{"loc":{"start":{"line":36,"column":12},"end":{"line":36,"column":23}},"type":"binary-expr","locations":[{"start":{"line":36,"column":12},"end":{"line":36,"column":23}},{"start":{"line":36,"column":23},"end":{"line":36,"column":null}}]},"1":{"loc":{"start":{"line":42,"column":12},"end":{"line":42,"column":26}},"type":"binary-expr","locations":[{"start":{"line":42,"column":12},"end":{"line":42,"column":26}},{"start":{"line":42,"column":26},"end":{"line":42,"column":null}}]},"2":{"loc":{"start":{"line":53,"column":12},"end":{"line":53,"column":26}},"type":"binary-expr","locations":[{"start":{"line":53,"column":12},"end":{"line":53,"column":26}},{"start":{"line":53,"column":26},"end":{"line":53,"column":null}}]},"3":{"loc":{"start":{"line":61,"column":12},"end":{"line":61,"column":21}},"type":"binary-expr","locations":[{"start":{"line":61,"column":12},"end":{"line":61,"column":21}},{"start":{"line":61,"column":21},"end":{"line":61,"column":null}}]},"4":{"loc":{"start":{"line":184,"column":4},"end":{"line":184,"column":32}},"type":"binary-expr","locations":[{"start":{"line":184,"column":4},"end":{"line":184,"column":32}},{"start":{"line":184,"column":32},"end":{"line":184,"column":83}},{"start":{"line":184,"column":83},"end":{"line":184,"column":119}}]}},"s":{"0":1,"1":1,"2":1,"3":1,"4":1,"5":1,"6":1,"7":1,"8":1,"9":1,"10":1,"11":1,"12":1,"13":1,"14":1,"15":1,"16":1,"17":1,"18":1,"19":1,"20":1,"21":1,"22":1,"23":1,"24":1,"25":1,"26":1,"27":1,"28":1,"29":1,"30":1,"31":1,"32":1,"33":1,"34":1,"35":1,"36":1,"37":1,"38":1,"39":1,"40":1,"41":1,"42":1,"43":1,"44":1,"45":1,"46":1,"47":1,"48":1,"49":1,"50":1,"51":1,"52":1,"53":1,"54":1,"55":1,"56":0},"f":{"0":1,"1":1,"2":1,"3":1,"4":0},"b":{"0":[1,1],"1":[1,1],"2":[1,1],"3":[1,1],"4":[0,0,0]}}
,"/users/jenkins/workspace/AAF_aaf-js-sdk_master/packages/core/common/src/models/logger-interface.ts": {"path":"/users/jenkins/workspace/AAF_aaf-js-sdk_master/packages/core/common/src/models/logger-interface.ts","statementMap":{"0":{"start":{"line":13,"column":0},"end":{"line":13,"column":12}},"1":{"start":{"line":14,"column":4},"end":{"line":14,"column":null}},"2":{"start":{"line":15,"column":4},"end":{"line":15,"column":null}},"3":{"start":{"line":16,"column":4},"end":{"line":16,"column":null}},"4":{"start":{"line":17,"column":4},"end":{"line":17,"column":null}},"5":{"start":{"line":18,"column":4},"end":{"line":18,"column":null}}},"fnMap":{"0":{"name":"(anonymous_0)","decl":{"start":{"line":13,"column":0},"end":{"line":13,"column":12}},"loc":{"start":{"line":13,"column":20},"end":{"line":19,"column":null}}}},"branchMap":{"0":{"loc":{"start":{"line":13,"column":12},"end":{"line":13,"column":20}},"type":"binary-expr","locations":[{"start":{"line":13,"column":12},"end":{"line":13,"column":20}},{"start":{"line":13,"column":20},"end":{"line":13,"column":null}}]}},"s":{"0":1,"1":1,"2":1,"3":1,"4":1,"5":1},"f":{"0":1},"b":{"0":[1,1]}}
,"/users/jenkins/workspace/AAF_aaf-js-sdk_master/packages/core/common/src/models/login.ts": {"path":"/users/jenkins/workspace/AAF_aaf-js-sdk_master/packages/core/common/src/models/login.ts","statementMap":{"0":{"start":{"line":24,"column":44},"end":{"line":24,"column":null}},"1":{"start":{"line":25,"column":50},"end":{"line":25,"column":null}},"2":{"start":{"line":59,"column":0},"end":{"line":59,"column":12}},"3":{"start":{"line":60,"column":4},"end":{"line":60,"column":null}},"4":{"start":{"line":61,"column":4},"end":{"line":61,"column":null}},"5":{"start":{"line":62,"column":4},"end":{"line":62,"column":null}},"6":{"start":{"line":63,"column":4},"end":{"line":63,"column":null}},"7":{"start":{"line":64,"column":4},"end":{"line":64,"column":null}},"8":{"start":{"line":65,"column":4},"end":{"line":65,"column":null}},"9":{"start":{"line":66,"column":4},"end":{"line":66,"column":null}},"10":{"start":{"line":67,"column":4},"end":{"line":67,"column":null}},"11":{"start":{"line":68,"column":4},"end":{"line":68,"column":null}},"12":{"start":{"line":69,"column":4},"end":{"line":69,"column":null}},"13":{"start":{"line":70,"column":4},"end":{"line":70,"column":null}},"14":{"start":{"line":71,"column":4},"end":{"line":71,"column":null}},"15":{"start":{"line":72,"column":4},"end":{"line":72,"column":null}},"16":{"start":{"line":73,"column":4},"end":{"line":73,"column":null}},"17":{"start":{"line":74,"column":4},"end":{"line":74,"column":null}},"18":{"start":{"line":75,"column":4},"end":{"line":75,"column":null}},"19":{"start":{"line":76,"column":4},"end":{"line":76,"column":null}},"20":{"start":{"line":77,"column":4},"end":{"line":77,"column":null}},"21":{"start":{"line":78,"column":4},"end":{"line":78,"column":null}},"22":{"start":{"line":79,"column":4},"end":{"line":79,"column":null}},"23":{"start":{"line":80,"column":4},"end":{"line":80,"column":null}},"24":{"start":{"line":81,"column":4},"end":{"line":81,"column":null}},"25":{"start":{"line":82,"column":4},"end":{"line":82,"column":null}},"26":{"start":{"line":83,"column":4},"end":{"line":83,"column":null}},"27":{"start":{"line":84,"column":4},"end":{"line":84,"column":null}},"28":{"start":{"line":85,"column":4},"end":{"line":85,"column":null}},"29":{"start":{"line":86,"column":4},"end":{"line":86,"column":null}},"30":{"start":{"line":87,"column":4},"end":{"line":87,"column":null}},"31":{"start":{"line":88,"column":4},"end":{"line":88,"column":null}},"32":{"start":{"line":89,"column":4},"end":{"line":89,"column":null}},"33":{"start":{"line":90,"column":4},"end":{"line":90,"column":null}},"34":{"start":{"line":91,"column":4},"end":{"line":91,"column":null}},"35":{"start":{"line":92,"column":4},"end":{"line":92,"column":null}},"36":{"start":{"line":93,"column":4},"end":{"line":93,"column":null}},"37":{"start":{"line":94,"column":4},"end":{"line":94,"column":null}},"38":{"start":{"line":95,"column":4},"end":{"line":95,"column":null}}},"fnMap":{"0":{"name":"(anonymous_0)","decl":{"start":{"line":59,"column":0},"end":{"line":59,"column":12}},"loc":{"start":{"line":59,"column":22},"end":{"line":96,"column":null}}}},"branchMap":{"0":{"loc":{"start":{"line":59,"column":12},"end":{"line":59,"column":22}},"type":"binary-expr","locations":[{"start":{"line":59,"column":12},"end":{"line":59,"column":22}},{"start":{"line":59,"column":22},"end":{"line":59,"column":null}}]}},"s":{"0":1,"1":1,"2":1,"3":1,"4":1,"5":1,"6":1,"7":1,"8":1,"9":1,"10":1,"11":1,"12":1,"13":1,"14":1,"15":1,"16":1,"17":1,"18":1,"19":1,"20":1,"21":1,"22":1,"23":1,"24":1,"25":1,"26":1,"27":1,"28":1,"29":1,"30":1,"31":1,"32":1,"33":1,"34":1,"35":1,"36":1,"37":1,"38":1},"f":{"0":1},"b":{"0":[1,1]}}
,"/users/jenkins/workspace/AAF_aaf-js-sdk_master/packages/core/common/src/models/report.ts": {"path":"/users/jenkins/workspace/AAF_aaf-js-sdk_master/packages/core/common/src/models/report.ts","statementMap":{"0":{"start":{"line":31,"column":0},"end":{"line":31,"column":12}},"1":{"start":{"line":32,"column":4},"end":{"line":32,"column":null}},"2":{"start":{"line":33,"column":4},"end":{"line":33,"column":null}},"3":{"start":{"line":34,"column":4},"end":{"line":34,"column":null}},"4":{"start":{"line":35,"column":4},"end":{"line":35,"column":null}},"5":{"start":{"line":36,"column":4},"end":{"line":36,"column":null}},"6":{"start":{"line":37,"column":4},"end":{"line":37,"column":null}},"7":{"start":{"line":38,"column":4},"end":{"line":38,"column":null}},"8":{"start":{"line":39,"column":4},"end":{"line":39,"column":null}},"9":{"start":{"line":40,"column":4},"end":{"line":40,"column":null}},"10":{"start":{"line":41,"column":4},"end":{"line":41,"column":null}},"11":{"start":{"line":42,"column":4},"end":{"line":42,"column":null}},"12":{"start":{"line":43,"column":4},"end":{"line":43,"column":null}},"13":{"start":{"line":44,"column":4},"end":{"line":44,"column":null}},"14":{"start":{"line":45,"column":4},"end":{"line":45,"column":null}},"15":{"start":{"line":46,"column":4},"end":{"line":46,"column":null}},"16":{"start":{"line":47,"column":4},"end":{"line":47,"column":null}},"17":{"start":{"line":48,"column":4},"end":{"line":48,"column":null}},"18":{"start":{"line":49,"column":4},"end":{"line":49,"column":null}},"19":{"start":{"line":50,"column":4},"end":{"line":50,"column":null}},"20":{"start":{"line":51,"column":4},"end":{"line":51,"column":null}},"21":{"start":{"line":52,"column":4},"end":{"line":52,"column":null}},"22":{"start":{"line":53,"column":4},"end":{"line":53,"column":null}},"23":{"start":{"line":54,"column":4},"end":{"line":54,"column":40}},"24":{"start":{"line":70,"column":0},"end":{"line":70,"column":12}},"25":{"start":{"line":71,"column":4},"end":{"line":71,"column":null}},"26":{"start":{"line":72,"column":4},"end":{"line":72,"column":null}},"27":{"start":{"line":73,"column":4},"end":{"line":73,"column":null}},"28":{"start":{"line":74,"column":4},"end":{"line":74,"column":null}},"29":{"start":{"line":75,"column":4},"end":{"line":75,"column":null}},"30":{"start":{"line":76,"column":4},"end":{"line":76,"column":null}},"31":{"start":{"line":77,"column":4},"end":{"line":77,"column":null}},"32":{"start":{"line":78,"column":4},"end":{"line":78,"column":null}},"33":{"start":{"line":79,"column":4},"end":{"line":79,"column":null}},"34":{"start":{"line":80,"column":4},"end":{"line":80,"column":null}},"35":{"start":{"line":81,"column":4},"end":{"line":81,"column":null}},"36":{"start":{"line":82,"column":4},"end":{"line":82,"column":null}},"37":{"start":{"line":83,"column":4},"end":{"line":83,"column":null}},"38":{"start":{"line":84,"column":4},"end":{"line":84,"column":null}},"39":{"start":{"line":85,"column":4},"end":{"line":85,"column":null}},"40":{"start":{"line":86,"column":4},"end":{"line":86,"column":null}},"41":{"start":{"line":87,"column":4},"end":{"line":87,"column":null}},"42":{"start":{"line":88,"column":4},"end":{"line":88,"column":null}},"43":{"start":{"line":89,"column":4},"end":{"line":89,"column":null}},"44":{"start":{"line":90,"column":4},"end":{"line":90,"column":null}},"45":{"start":{"line":91,"column":4},"end":{"line":91,"column":null}},"46":{"start":{"line":92,"column":4},"end":{"line":92,"column":null}},"47":{"start":{"line":95,"column":0},"end":{"line":95,"column":12}},"48":{"start":{"line":96,"column":4},"end":{"line":96,"column":null}},"49":{"start":{"line":97,"column":4},"end":{"line":97,"column":null}},"50":{"start":{"line":98,"column":4},"end":{"line":98,"column":null}},"51":{"start":{"line":99,"column":4},"end":{"line":99,"column":null}},"52":{"start":{"line":100,"column":4},"end":{"line":100,"column":null}},"53":{"start":{"line":101,"column":4},"end":{"line":101,"column":null}},"54":{"start":{"line":102,"column":4},"end":{"line":102,"column":null}},"55":{"start":{"line":103,"column":4},"end":{"line":103,"column":null}},"56":{"start":{"line":106,"column":0},"end":{"line":106,"column":12}},"57":{"start":{"line":107,"column":4},"end":{"line":107,"column":null}},"58":{"start":{"line":108,"column":4},"end":{"line":108,"column":33}},"59":{"start":{"line":111,"column":0},"end":{"line":111,"column":12}},"60":{"start":{"line":112,"column":4},"end":{"line":112,"column":null}},"61":{"start":{"line":113,"column":4},"end":{"line":113,"column":null}},"62":{"start":{"line":114,"column":4},"end":{"line":114,"column":null}},"63":{"start":{"line":126,"column":0},"end":{"line":126,"column":12}},"64":{"start":{"line":127,"column":4},"end":{"line":127,"column":null}}},"fnMap":{"0":{"name":"(anonymous_0)","decl":{"start":{"line":31,"column":0},"end":{"line":31,"column":12}},"loc":{"start":{"line":31,"column":24},"end":{"line":55,"column":null}}},"1":{"name":"(anonymous_1)","decl":{"start":{"line":70,"column":0},"end":{"line":70,"column":12}},"loc":{"start":{"line":70,"column":22},"end":{"line":93,"column":null}}},"2":{"name":"(anonymous_2)","decl":{"start":{"line":95,"column":0},"end":{"line":95,"column":12}},"loc":{"start":{"line":95,"column":26},"end":{"line":104,"column":null}}},"3":{"name":"(anonymous_3)","decl":{"start":{"line":106,"column":0},"end":{"line":106,"column":12}},"loc":{"start":{"line":106,"column":27},"end":{"line":109,"column":null}}},"4":{"name":"(anonymous_4)","decl":{"start":{"line":111,"column":0},"end":{"line":111,"column":12}},"loc":{"start":{"line":111,"column":30},"end":{"line":115,"column":null}}},"5":{"name":"(anonymous_5)","decl":{"start":{"line":126,"column":0},"end":{"line":126,"column":12}},"loc":{"start":{"line":126,"column":22},"end":{"line":128,"column":null}}}},"branchMap":{"0":{"loc":{"start":{"line":31,"column":12},"end":{"line":31,"column":24}},"type":"binary-expr","locations":[{"start":{"line":31,"column":12},"end":{"line":31,"column":24}},{"start":{"line":31,"column":24},"end":{"line":31,"column":null}}]},"1":{"loc":{"start":{"line":70,"column":12},"end":{"line":70,"column":22}},"type":"binary-expr","locations":[{"start":{"line":70,"column":12},"end":{"line":70,"column":22}},{"start":{"line":70,"column":22},"end":{"line":70,"column":null}}]},"2":{"loc":{"start":{"line":95,"column":12},"end":{"line":95,"column":26}},"type":"binary-expr","locations":[{"start":{"line":95,"column":12},"end":{"line":95,"column":26}},{"start":{"line":95,"column":26},"end":{"line":95,"column":null}}]},"3":{"loc":{"start":{"line":106,"column":12},"end":{"line":106,"column":27}},"type":"binary-expr","locations":[{"start":{"line":106,"column":12},"end":{"line":106,"column":27}},{"start":{"line":106,"column":27},"end":{"line":106,"column":null}}]},"4":{"loc":{"start":{"line":111,"column":12},"end":{"line":111,"column":30}},"type":"binary-expr","locations":[{"start":{"line":111,"column":12},"end":{"line":111,"column":30}},{"start":{"line":111,"column":30},"end":{"line":111,"column":null}}]},"5":{"loc":{"start":{"line":126,"column":12},"end":{"line":126,"column":22}},"type":"binary-expr","locations":[{"start":{"line":126,"column":12},"end":{"line":126,"column":22}},{"start":{"line":126,"column":22},"end":{"line":126,"column":null}}]}},"s":{"0":1,"1":1,"2":1,"3":1,"4":1,"5":1,"6":1,"7":1,"8":1,"9":1,"10":1,"11":1,"12":1,"13":1,"14":1,"15":1,"16":1,"17":1,"18":1,"19":1,"20":1,"21":1,"22":1,"23":1,"24":1,"25":1,"26":1,"27":1,"28":1,"29":1,"30":1,"31":1,"32":1,"33":1,"34":1,"35":1,"36":1,"37":1,"38":1,"39":1,"40":1,"41":1,"42":1,"43":1,"44":1,"45":1,"46":1,"47":1,"48":1,"49":1,"50":1,"51":1,"52":1,"53":1,"54":1,"55":1,"56":1,"57":1,"58":1,"59":1,"60":1,"61":1,"62":1,"63":1,"64":1},"f":{"0":1,"1":1,"2":1,"3":1,"4":1,"5":1},"b":{"0":[1,1],"1":[1,1],"2":[1,1],"3":[1,1],"4":[1,1],"5":[1,1]}}
,"/users/jenkins/workspace/AAF_aaf-js-sdk_master/packages/core/common/src/utils/assert-utils.ts": {"path":"/users/jenkins/workspace/AAF_aaf-js-sdk_master/packages/core/common/src/utils/assert-utils.ts","statementMap":{"0":{"start":{"line":1,"column":0},"end":{"line":1,"column":null}},"1":{"start":{"line":2,"column":11},"end":{"line":2,"column":35}},"2":{"start":{"line":3,"column":8},"end":{"line":5,"column":null}},"3":{"start":{"line":4,"column":12},"end":{"line":4,"column":18}},"4":{"start":{"line":8,"column":11},"end":{"line":8,"column":18}},"5":{"start":{"line":9,"column":8},"end":{"line":11,"column":null}},"6":{"start":{"line":10,"column":12},"end":{"line":10,"column":18}},"7":{"start":{"line":14,"column":11},"end":{"line":14,"column":26}},"8":{"start":{"line":15,"column":8},"end":{"line":17,"column":null}},"9":{"start":{"line":16,"column":12},"end":{"line":16,"column":18}},"10":{"start":{"line":20,"column":11},"end":{"line":20,"column":26}},"11":{"start":{"line":21,"column":8},"end":{"line":23,"column":null}},"12":{"start":{"line":22,"column":12},"end":{"line":22,"column":18}},"13":{"start":{"line":25,"column":0},"end":{"line":25,"column":1}}},"fnMap":{"0":{"name":"(anonymous_0)","decl":{"start":{"line":1,"column":0},"end":{"line":1,"column":null}},"loc":{"start":{"line":1,"column":0},"end":{"line":25,"column":null}}},"1":{"name":"(anonymous_2)","decl":{"start":{"line":2,"column":4},"end":{"line":2,"column":11}},"loc":{"start":{"line":2,"column":55},"end":{"line":6,"column":null}}},"2":{"name":"(anonymous_3)","decl":{"start":{"line":8,"column":4},"end":{"line":8,"column":11}},"loc":{"start":{"line":8,"column":50},"end":{"line":12,"column":null}}},"3":{"name":"(anonymous_4)","decl":{"start":{"line":14,"column":4},"end":{"line":14,"column":11}},"loc":{"start":{"line":14,"column":38},"end":{"line":18,"column":null}}},"4":{"name":"(anonymous_5)","decl":{"start":{"line":20,"column":4},"end":{"line":20,"column":11}},"loc":{"start":{"line":20,"column":38},"end":{"line":24,"column":null}}}},"branchMap":{"0":{"loc":{"start":{"line":3,"column":8},"end":{"line":5,"column":null}},"type":"if","locations":[{"start":{"line":3,"column":8},"end":{"line":5,"column":null}},{"start":{"line":3,"column":8},"end":{"line":5,"column":null}}]},"1":{"loc":{"start":{"line":3,"column":12},"end":{"line":3,"column":33}},"type":"binary-expr","locations":[{"start":{"line":3,"column":12},"end":{"line":3,"column":33}},{"start":{"line":3,"column":33},"end":{"line":3,"column":47}}]},"2":{"loc":{"start":{"line":4,"column":28},"end":{"line":4,"column":31}},"type":"binary-expr","locations":[{"start":{"line":4,"column":28},"end":{"line":4,"column":31}},{"start":{"line":4,"column":35},"end":{"line":4,"column":null}}]},"3":{"loc":{"start":{"line":9,"column":8},"end":{"line":11,"column":null}},"type":"if","locations":[{"start":{"line":9,"column":8},"end":{"line":11,"column":null}},{"start":{"line":9,"column":8},"end":{"line":11,"column":null}}]},"4":{"loc":{"start":{"line":15,"column":8},"end":{"line":17,"column":null}},"type":"if","locations":[{"start":{"line":15,"column":8},"end":{"line":17,"column":null}},{"start":{"line":15,"column":8},"end":{"line":17,"column":null}}]},"5":{"loc":{"start":{"line":21,"column":8},"end":{"line":23,"column":null}},"type":"if","locations":[{"start":{"line":21,"column":8},"end":{"line":23,"column":null}},{"start":{"line":21,"column":8},"end":{"line":23,"column":null}}]}},"s":{"0":0,"1":0,"2":0,"3":0,"4":0,"5":0,"6":0,"7":0,"8":0,"9":0,"10":0,"11":0,"12":0,"13":0},"f":{"0":0,"1":0,"2":0,"3":0,"4":0},"b":{"0":[0,0],"1":[0,0],"2":[0,0],"3":[0,0],"4":[0,0],"5":[0,0]}}
,"/users/jenkins/workspace/AAF_aaf-js-sdk_master/packages/core/common/src/utils/error-utils.ts": {"path":"/users/jenkins/workspace/AAF_aaf-js-sdk_master/packages/core/common/src/utils/error-utils.ts","statementMap":{"0":{"start":{"line":1,"column":0},"end":{"line":1,"column":null}},"1":{"start":{"line":14,"column":0},"end":{"line":14,"column":null}},"2":{"start":{"line":15,"column":11},"end":{"line":15,"column":null}},"3":{"start":{"line":23,"column":86},"end":{"line":23,"column":96}},"4":{"start":{"line":23,"column":30},"end":{"line":23,"column":32}},"5":{"start":{"line":23,"column":45},"end":{"line":23,"column":47}},"6":{"start":{"line":23,"column":66},"end":{"line":23,"column":68}},"7":{"start":{"line":23,"column":81},"end":{"line":23,"column":86}},"8":{"start":{"line":29,"column":24},"end":{"line":29,"column":null}},"9":{"start":{"line":30,"column":21},"end":{"line":30,"column":27}},"10":{"start":{"line":31,"column":30},"end":{"line":31,"column":40}},"11":{"start":{"line":33,"column":8},"end":{"line":33,"column":null}},"12":{"start":{"line":89,"column":11},"end":{"line":89,"column":38}},"13":{"start":{"line":91,"column":8},"end":{"line":91,"column":13}},"14":{"start":{"line":92,"column":8},"end":{"line":92,"column":13}},"15":{"start":{"line":93,"column":8},"end":{"line":93,"column":13}},"16":{"start":{"line":49,"column":11},"end":{"line":49,"column":23}},"17":{"start":{"line":56,"column":20},"end":{"line":56,"column":null}},"18":{"start":{"line":62,"column":11},"end":{"line":62,"column":22}},"19":{"start":{"line":69,"column":20},"end":{"line":69,"column":null}},"20":{"start":{"line":74,"column":11},"end":{"line":74,"column":23}},"21":{"start":{"line":81,"column":20},"end":{"line":81,"column":null}},"22":{"start":{"line":86,"column":11},"end":{"line":86,"column":32}},"23":{"start":{"line":87,"column":8},"end":{"line":87,"column":18}},"24":{"start":{"line":96,"column":11},"end":{"line":96,"column":32}},"25":{"start":{"line":97,"column":8},"end":{"line":97,"column":15}},"26":{"start":{"line":100,"column":11},"end":{"line":100,"column":28}},"27":{"start":{"line":105,"column":38},"end":{"line":105,"column":null}},"28":{"start":{"line":106,"column":45},"end":{"line":106,"column":81}},"29":{"start":{"line":109,"column":12},"end":{"line":109,"column":null}},"30":{"start":{"line":111,"column":39},"end":{"line":111,"column":null}},"31":{"start":{"line":113,"column":29},"end":{"line":113,"column":null}},"32":{"start":{"line":114,"column":8},"end":{"line":117,"column":null}},"33":{"start":{"line":115,"column":12},"end":{"line":115,"column":31}},"34":{"start":{"line":116,"column":12},"end":{"line":116,"column":26}},"35":{"start":{"line":119,"column":8},"end":{"line":125,"column":null}},"36":{"start":{"line":124,"column":12},"end":{"line":124,"column":26}},"37":{"start":{"line":127,"column":8},"end":{"line":127,"column":15}},"38":{"start":{"line":134,"column":0},"end":{"line":134,"column":1}}},"fnMap":{"0":{"name":"(anonymous_2)","decl":{"start":{"line":14,"column":0},"end":{"line":14,"column":null}},"loc":{"start":{"line":14,"column":0},"end":{"line":134,"column":null}}},"1":{"name":"(anonymous_4)","decl":{"start":{"line":15,"column":4},"end":{"line":15,"column":11}},"loc":{"start":{"line":21,"column":36},"end":{"line":47,"column":null}}},"2":{"name":"(anonymous_5)","decl":{"start":{"line":89,"column":4},"end":{"line":89,"column":11}},"loc":{"start":{"line":89,"column":54},"end":{"line":94,"column":null}}},"3":{"name":"(anonymous_6)","decl":{"start":{"line":49,"column":23},"end":{"line":49,"column":null}},"loc":{"start":{"line":55,"column":31},"end":{"line":60,"column":null}}},"4":{"name":"(anonymous_7)","decl":{"start":{"line":62,"column":22},"end":{"line":62,"column":null}},"loc":{"start":{"line":68,"column":31},"end":{"line":72,"column":null}}},"5":{"name":"(anonymous_8)","decl":{"start":{"line":74,"column":23},"end":{"line":74,"column":null}},"loc":{"start":{"line":80,"column":31},"end":{"line":84,"column":null}}},"6":{"name":"(anonymous_9)","decl":{"start":{"line":86,"column":32},"end":{"line":86,"column":33}},"loc":{"start":{"line":86,"column":54},"end":{"line":87,"column":null}}},"7":{"name":"(anonymous_10)","decl":{"start":{"line":96,"column":32},"end":{"line":96,"column":33}},"loc":{"start":{"line":96,"column":45},"end":{"line":98,"column":null}}},"8":{"name":"(anonymous_11)","decl":{"start":{"line":100,"column":28},"end":{"line":100,"column":null}},"loc":{"start":{"line":103,"column":36},"end":{"line":133,"column":null}}}},"branchMap":{"0":{"loc":{"start":{"line":29,"column":45},"end":{"line":29,"column":49}},"type":"cond-expr","locations":[{"start":{"line":29,"column":45},"end":{"line":29,"column":49}},{"start":{"line":29,"column":49},"end":{"line":29,"column":null}}]},"1":{"loc":{"start":{"line":29,"column":24},"end":{"line":29,"column":49}},"type":"binary-expr","locations":[{"start":{"line":29,"column":24},"end":{"line":29,"column":49}},{"start":{"line":29,"column":45},"end":{"line":29,"column":49}}]},"2":{"loc":{"start":{"line":35,"column":65},"end":{"line":35,"column":70}},"type":"cond-expr","locations":[{"start":{"line":35,"column":65},"end":{"line":35,"column":70}},{"start":{"line":35,"column":70},"end":{"line":35,"column":72}}]},"3":{"loc":{"start":{"line":97,"column":42},"end":{"line":97,"column":46}},"type":"cond-expr","locations":[{"start":{"line":97,"column":42},"end":{"line":97,"column":46}},{"start":{"line":97,"column":60},"end":{"line":97,"column":null}}]},"4":{"loc":{"start":{"line":97,"column":15},"end":{"line":97,"column":29}},"type":"binary-expr","locations":[{"start":{"line":97,"column":15},"end":{"line":97,"column":29}},{"start":{"line":97,"column":29},"end":{"line":97,"column":42}}]},"5":{"loc":{"start":{"line":106,"column":45},"end":{"line":106,"column":61}},"type":"binary-expr","locations":[{"start":{"line":106,"column":45},"end":{"line":106,"column":61}},{"start":{"line":106,"column":79},"end":{"line":106,"column":81}}]},"6":{"loc":{"start":{"line":109,"column":63},"end":{"line":109,"column":67}},"type":"cond-expr","locations":[{"start":{"line":109,"column":63},"end":{"line":109,"column":67}},{"start":{"line":109,"column":67},"end":{"line":109,"column":null}}]},"7":{"loc":{"start":{"line":109,"column":12},"end":{"line":109,"column":67}},"type":"binary-expr","locations":[{"start":{"line":109,"column":12},"end":{"line":109,"column":67}},{"start":{"line":109,"column":63},"end":{"line":109,"column":67}}]},"8":{"loc":{"start":{"line":109,"column":12},"end":{"line":109,"column":26}},"type":"cond-expr","locations":[{"start":{"line":109,"column":12},"end":{"line":109,"column":26}},{"start":{"line":109,"column":30},"end":{"line":109,"column":63}}]},"9":{"loc":{"start":{"line":109,"column":12},"end":{"line":109,"column":30}},"type":"binary-expr","locations":[{"start":{"line":109,"column":12},"end":{"line":109,"column":30}},{"start":{"line":109,"column":12},"end":{"line":109,"column":30}}]},"10":{"loc":{"start":{"line":111,"column":39},"end":{"line":111,"column":57}},"type":"cond-expr","locations":[{"start":{"line":111,"column":39},"end":{"line":111,"column":57}},{"start":{"line":111,"column":61},"end":{"line":111,"column":null}}]},"11":{"loc":{"start":{"line":111,"column":39},"end":{"line":111,"column":61}},"type":"binary-expr","locations":[{"start":{"line":111,"column":39},"end":{"line":111,"column":61}},{"start":{"line":111,"column":39},"end":{"line":111,"column":61}}]},"12":{"loc":{"start":{"line":114,"column":8},"end":{"line":117,"column":null}},"type":"if","locations":[{"start":{"line":114,"column":8},"end":{"line":117,"column":null}},{"start":{"line":114,"column":8},"end":{"line":117,"column":null}}]},"13":{"loc":{"start":{"line":119,"column":8},"end":{"line":125,"column":null}},"type":"if","locations":[{"start":{"line":119,"column":8},"end":{"line":125,"column":null}},{"start":{"line":119,"column":8},"end":{"line":125,"column":null}}]},"14":{"loc":{"start":{"line":120,"column":12},"end":{"line":120,"column":null}},"type":"binary-expr","locations":[{"start":{"line":120,"column":12},"end":{"line":120,"column":null}},{"start":{"line":121,"column":12},"end":{"line":121,"column":null}},{"start":{"line":122,"column":12},"end":{"line":122,"column":null}}]}},"s":{"0":1,"1":1,"2":1,"3":7,"4":7,"5":7,"6":7,"7":7,"8":7,"9":7,"10":7,"11":7,"12":1,"13":1,"14":1,"15":1,"16":1,"17":5,"18":1,"19":0,"20":1,"21":0,"22":1,"23":1,"24":1,"25":7,"26":1,"27":7,"28":7,"29":7,"30":7,"31":7,"32":7,"33":4,"34":4,"35":7,"36":0,"37":7,"38":1},"f":{"0":1,"1":7,"2":1,"3":5,"4":0,"5":0,"6":1,"7":7,"8":7},"b":{"0":[7,0],"1":[7,7],"2":[4,3],"3":[5,2],"4":[7,7],"5":[7,2],"6":[5,2],"7":[7,7],"8":[0,7],"9":[7,7],"10":[0,7],"11":[7,7],"12":[4,3],"13":[0,7],"14":[7,5,1]}}
}
