TN:
SF:src/command/command.ts
FNF:0
FNH:0
DA:15,0
LF:1
LH:0
BRF:0
BRH:0
end_of_record
TN:
SF:src/command/xip/xip.ts
FN:40,(anonymous_0)
FNF:1
FNH:0
FNDA:0,(anonymous_0)
DA:40,0
DA:41,0
DA:42,0
DA:43,0
DA:44,0
DA:45,0
DA:46,0
DA:47,0
DA:48,0
LF:9
LH:0
BRDA:40,0,0,0
BRDA:40,0,1,0
BRF:2
BRH:0
end_of_record
TN:
SF:src/dependecy-injection/di-service.ts
FN:4,(anonymous_0)
FN:28,(anonymous_1)
FN:30,DependencyContainer
FN:47,(anonymous_3)
FN:51,(anonymous_4)
FN:55,(anonymous_5)
FN:66,(anonymous_6)
FNF:7
FNH:7
FNDA:1,(anonymous_0)
FNDA:1,(anonymous_1)
FNDA:7,DependencyContainer
FNDA:2,(anonymous_3)
FNDA:1,(anonymous_4)
FNDA:3,(anonymous_5)
FNDA:3,(anonymous_6)
DA:2,1
DA:4,1
DA:5,1
DA:6,1
DA:7,1
DA:8,1
DA:9,1
DA:10,1
DA:11,1
DA:12,1
DA:13,1
DA:14,1
DA:15,1
DA:16,1
DA:17,1
DA:18,1
DA:19,1
DA:20,1
DA:21,1
DA:24,1
DA:26,1
DA:28,1
DA:30,7
DA:35,7
DA:36,1
DA:38,6
DA:41,7
DA:42,3
DA:44,7
DA:47,1
DA:48,2
DA:51,1
DA:52,1
DA:55,1
DA:56,3
DA:57,3
DA:58,1
DA:63,2
DA:66,1
DA:67,3
DA:68,1
DA:70,2
DA:73,1
DA:75,1
LF:44
LH:44
BRDA:4,0,0,1
BRDA:4,0,1,1
BRDA:26,1,0,0
BRDA:26,1,1,1
BRDA:26,2,0,1
BRDA:26,2,1,0
BRDA:35,3,0,1
BRDA:35,3,1,6
BRDA:41,4,0,3
BRDA:41,4,1,4
BRDA:57,5,0,1
BRDA:57,5,1,2
BRDA:67,6,0,1
BRDA:67,6,1,2
BRF:14
BRH:12
end_of_record
TN:
SF:src/events/xaaf-events.ts
FN:3,(anonymous_0)
FNF:1
FNH:0
FNDA:0,(anonymous_0)
DA:3,0
DA:4,0
DA:5,0
DA:6,0
LF:4
LH:0
BRDA:3,0,0,0
BRDA:3,0,1,0
BRF:2
BRH:0
end_of_record
TN:
SF:src/events/ad-events/ad-event-creator.ts
FN:14,(anonymous_0)
FN:15,(anonymous_2)
FN:19,(anonymous_3)
FN:23,(anonymous_4)
FN:27,(anonymous_5)
FN:31,(anonymous_6)
FN:38,(anonymous_7)
FN:47,(anonymous_8)
FN:54,(anonymous_9)
FN:61,(anonymous_10)
FNF:10
FNH:9
FNDA:10,(anonymous_0)
FNDA:1,(anonymous_2)
FNDA:1,(anonymous_3)
FNDA:1,(anonymous_4)
FNDA:1,(anonymous_5)
FNDA:1,(anonymous_6)
FNDA:0,(anonymous_7)
FNDA:1,(anonymous_8)
FNDA:1,(anonymous_9)
FNDA:4,(anonymous_10)
DA:1,2
DA:14,2
DA:15,2
DA:16,1
DA:19,2
DA:20,1
DA:23,2
DA:24,1
DA:27,2
DA:28,1
DA:31,2
DA:32,1
DA:38,2
DA:39,0
DA:40,0
DA:47,2
DA:48,1
DA:54,2
DA:55,1
DA:61,2
DA:62,4
DA:64,2
LF:22
LH:20
BRF:0
BRH:0
end_of_record
TN:
SF:src/events/ad-events/ad-events.ts
FN:3,(anonymous_0)
FN:20,(anonymous_1)
FNF:2
FNH:2
FNDA:2,(anonymous_0)
FNDA:2,(anonymous_1)
DA:3,2
DA:4,2
DA:5,2
DA:6,2
DA:7,2
DA:8,2
DA:9,2
DA:10,2
DA:11,2
DA:20,2
DA:21,2
DA:22,2
DA:23,2
DA:24,2
DA:25,2
DA:26,2
DA:27,2
LF:17
LH:17
BRDA:3,0,0,2
BRDA:3,0,1,2
BRDA:20,1,0,2
BRDA:20,1,1,2
BRF:4
BRH:4
end_of_record
TN:
SF:src/events/command-events/command-events.ts
FN:1,(anonymous_0)
FN:16,(anonymous_1)
FNF:2
FNH:2
FNDA:1,(anonymous_0)
FNDA:1,(anonymous_1)
DA:1,1
DA:2,1
DA:3,1
DA:4,1
DA:5,1
DA:6,1
DA:7,1
DA:8,1
DA:9,1
DA:10,1
DA:11,1
DA:12,1
DA:13,1
DA:16,1
DA:17,1
DA:18,1
DA:19,1
DA:20,1
LF:18
LH:18
BRDA:1,0,0,1
BRDA:1,0,1,1
BRDA:16,1,0,1
BRDA:16,1,1,1
BRF:4
BRH:4
end_of_record
TN:
SF:src/fsm/state.ts
FNF:0
FNH:0
DA:1,0
LF:1
LH:0
BRF:0
BRH:0
end_of_record
TN:
SF:src/fsm/trigger.ts
FN:10,(anonymous_2)
FNF:1
FNH:0
FNDA:0,(anonymous_2)
DA:1,0
DA:3,0
DA:10,0
DA:11,0
DA:12,0
DA:13,0
LF:6
LH:0
BRDA:10,0,0,0
BRDA:10,0,1,0
BRF:2
BRH:0
end_of_record
TN:
SF:src/models/dynamic-view-data.ts
FN:12,(anonymous_0)
FNF:1
FNH:1
FNDA:1,(anonymous_0)
DA:12,1
DA:13,1
DA:14,1
DA:15,1
DA:16,1
DA:17,1
DA:18,1
LF:7
LH:7
BRDA:12,0,0,1
BRDA:12,0,1,1
BRF:2
BRH:2
end_of_record
TN:
SF:src/models/error.ts
FN:36,(anonymous_0)
FN:42,(anonymous_1)
FN:53,(anonymous_2)
FN:61,(anonymous_3)
FN:183,(anonymous_4)
FNF:5
FNH:4
FNDA:1,(anonymous_0)
FNDA:1,(anonymous_1)
FNDA:1,(anonymous_2)
FNDA:1,(anonymous_3)
FNDA:0,(anonymous_4)
DA:36,1
DA:37,1
DA:38,1
DA:39,1
DA:42,1
DA:43,1
DA:44,1
DA:45,1
DA:46,1
DA:47,1
DA:48,1
DA:49,1
DA:50,1
DA:53,1
DA:54,1
DA:55,1
DA:56,1
DA:57,1
DA:58,1
DA:61,1
DA:62,1
DA:63,1
DA:64,1
DA:65,1
DA:66,1
DA:67,1
DA:68,1
DA:69,1
DA:70,1
DA:71,1
DA:72,1
DA:73,1
DA:74,1
DA:75,1
DA:76,1
DA:77,1
DA:78,1
DA:79,1
DA:80,1
DA:81,1
DA:82,1
DA:83,1
DA:84,1
DA:85,1
DA:86,1
DA:87,1
DA:88,1
DA:89,1
DA:90,1
DA:91,1
DA:92,1
DA:93,1
DA:94,1
DA:95,1
DA:108,1
DA:183,1
DA:184,0
LF:57
LH:56
BRDA:36,0,0,1
BRDA:36,0,1,1
BRDA:42,1,0,1
BRDA:42,1,1,1
BRDA:53,2,0,1
BRDA:53,2,1,1
BRDA:61,3,0,1
BRDA:61,3,1,1
BRDA:184,4,0,0
BRDA:184,4,1,0
BRDA:184,4,2,0
BRF:11
BRH:8
end_of_record
TN:
SF:src/models/logger-interface.ts
FN:13,(anonymous_0)
FNF:1
FNH:1
FNDA:1,(anonymous_0)
DA:13,1
DA:14,1
DA:15,1
DA:16,1
DA:17,1
DA:18,1
LF:6
LH:6
BRDA:13,0,0,1
BRDA:13,0,1,1
BRF:2
BRH:2
end_of_record
TN:
SF:src/models/login.ts
FN:59,(anonymous_0)
FNF:1
FNH:1
FNDA:1,(anonymous_0)
DA:24,1
DA:25,1
DA:59,1
DA:60,1
DA:61,1
DA:62,1
DA:63,1
DA:64,1
DA:65,1
DA:66,1
DA:67,1
DA:68,1
DA:69,1
DA:70,1
DA:71,1
DA:72,1
DA:73,1
DA:74,1
DA:75,1
DA:76,1
DA:77,1
DA:78,1
DA:79,1
DA:80,1
DA:81,1
DA:82,1
DA:83,1
DA:84,1
DA:85,1
DA:86,1
DA:87,1
DA:88,1
DA:89,1
DA:90,1
DA:91,1
DA:92,1
DA:93,1
DA:94,1
DA:95,1
LF:39
LH:39
BRDA:59,0,0,1
BRDA:59,0,1,1
BRF:2
BRH:2
end_of_record
TN:
SF:src/models/report.ts
FN:31,(anonymous_0)
FN:70,(anonymous_1)
FN:95,(anonymous_2)
FN:106,(anonymous_3)
FN:111,(anonymous_4)
FN:126,(anonymous_5)
FNF:6
FNH:6
FNDA:1,(anonymous_0)
FNDA:1,(anonymous_1)
FNDA:1,(anonymous_2)
FNDA:1,(anonymous_3)
FNDA:1,(anonymous_4)
FNDA:1,(anonymous_5)
DA:31,1
DA:32,1
DA:33,1
DA:34,1
DA:35,1
DA:36,1
DA:37,1
DA:38,1
DA:39,1
DA:40,1
DA:41,1
DA:42,1
DA:43,1
DA:44,1
DA:45,1
DA:46,1
DA:47,1
DA:48,1
DA:49,1
DA:50,1
DA:51,1
DA:52,1
DA:53,1
DA:54,1
DA:70,1
DA:71,1
DA:72,1
DA:73,1
DA:74,1
DA:75,1
DA:76,1
DA:77,1
DA:78,1
DA:79,1
DA:80,1
DA:81,1
DA:82,1
DA:83,1
DA:84,1
DA:85,1
DA:86,1
DA:87,1
DA:88,1
DA:89,1
DA:90,1
DA:91,1
DA:92,1
DA:95,1
DA:96,1
DA:97,1
DA:98,1
DA:99,1
DA:100,1
DA:101,1
DA:102,1
DA:103,1
DA:106,1
DA:107,1
DA:108,1
DA:111,1
DA:112,1
DA:113,1
DA:114,1
DA:126,1
DA:127,1
LF:65
LH:65
BRDA:31,0,0,1
BRDA:31,0,1,1
BRDA:70,1,0,1
BRDA:70,1,1,1
BRDA:95,2,0,1
BRDA:95,2,1,1
BRDA:106,3,0,1
BRDA:106,3,1,1
BRDA:111,4,0,1
BRDA:111,4,1,1
BRDA:126,5,0,1
BRDA:126,5,1,1
BRF:12
BRH:12
end_of_record
TN:
SF:src/utils/assert-utils.ts
FN:1,(anonymous_0)
FN:2,(anonymous_2)
FN:8,(anonymous_3)
FN:14,(anonymous_4)
FN:20,(anonymous_5)
FNF:5
FNH:0
FNDA:0,(anonymous_0)
FNDA:0,(anonymous_2)
FNDA:0,(anonymous_3)
FNDA:0,(anonymous_4)
FNDA:0,(anonymous_5)
DA:1,0
DA:2,0
DA:3,0
DA:4,0
DA:8,0
DA:9,0
DA:10,0
DA:14,0
DA:15,0
DA:16,0
DA:20,0
DA:21,0
DA:22,0
DA:25,0
LF:14
LH:0
BRDA:3,0,0,0
BRDA:3,0,1,0
BRDA:3,1,0,0
BRDA:3,1,1,0
BRDA:4,2,0,0
BRDA:4,2,1,0
BRDA:9,3,0,0
BRDA:9,3,1,0
BRDA:15,4,0,0
BRDA:15,4,1,0
BRDA:21,5,0,0
BRDA:21,5,1,0
BRF:12
BRH:0
end_of_record
TN:
SF:src/utils/error-utils.ts
FN:14,(anonymous_2)
FN:15,(anonymous_4)
FN:89,(anonymous_5)
FN:49,(anonymous_6)
FN:62,(anonymous_7)
FN:74,(anonymous_8)
FN:86,(anonymous_9)
FN:96,(anonymous_10)
FN:100,(anonymous_11)
FNF:9
FNH:7
FNDA:1,(anonymous_2)
FNDA:7,(anonymous_4)
FNDA:1,(anonymous_5)
FNDA:5,(anonymous_6)
FNDA:0,(anonymous_7)
FNDA:0,(anonymous_8)
FNDA:1,(anonymous_9)
FNDA:7,(anonymous_10)
FNDA:7,(anonymous_11)
DA:1,1
DA:14,1
DA:15,1
DA:23,7
DA:29,7
DA:30,7
DA:31,7
DA:33,7
DA:49,1
DA:56,5
DA:62,1
DA:69,0
DA:74,1
DA:81,0
DA:86,1
DA:87,1
DA:89,1
DA:91,1
DA:92,1
DA:93,1
DA:96,1
DA:97,7
DA:100,1
DA:105,7
DA:106,7
DA:109,7
DA:111,7
DA:113,7
DA:114,7
DA:115,4
DA:116,4
DA:119,7
DA:124,0
DA:127,7
DA:134,1
LF:35
LH:32
BRDA:29,0,0,7
BRDA:29,0,1,0
BRDA:29,1,0,7
BRDA:29,1,1,7
BRDA:35,2,0,4
BRDA:35,2,1,3
BRDA:97,3,0,5
BRDA:97,3,1,2
BRDA:97,4,0,7
BRDA:97,4,1,7
BRDA:106,5,0,7
BRDA:106,5,1,2
BRDA:109,6,0,5
BRDA:109,6,1,2
BRDA:109,7,0,7
BRDA:109,7,1,7
BRDA:109,8,0,0
BRDA:109,8,1,7
BRDA:109,9,0,7
BRDA:109,9,1,7
BRDA:111,10,0,0
BRDA:111,10,1,7
BRDA:111,11,0,7
BRDA:111,11,1,7
BRDA:114,12,0,4
BRDA:114,12,1,3
BRDA:119,13,0,0
BRDA:119,13,1,7
BRDA:120,14,0,7
BRDA:120,14,1,5
BRDA:120,14,2,1
BRF:31
BRH:27
end_of_record
